ARM GAS  C:\Temp\cc9H6VJ1.s 			page 1


   1              		.cpu cortex-m4
   2              		.arch armv7e-m
   3              		.fpu fpv4-sp-d16
   4              		.eabi_attribute 27, 1
   5              		.eabi_attribute 28, 1
   6              		.eabi_attribute 20, 1
   7              		.eabi_attribute 21, 1
   8              		.eabi_attribute 23, 3
   9              		.eabi_attribute 24, 1
  10              		.eabi_attribute 25, 1
  11              		.eabi_attribute 26, 1
  12              		.eabi_attribute 30, 1
  13              		.eabi_attribute 34, 1
  14              		.eabi_attribute 18, 4
  15              		.file	"53l1a2.c"
  16              		.text
  17              	.Ltext0:
  18              		.cfi_sections	.debug_frame
  19              		.file 1 "Drivers/BSP/53L1A2/53l1a2.c"
  20              		.section	.text._I2cFailRecover,"ax",%progbits
  21              		.align	1
  22              		.syntax unified
  23              		.thumb
  24              		.thumb_func
  26              	_I2cFailRecover:
  27              	.LFB137:
   1:Drivers/BSP/53L1A2/53l1a2.c **** /**
   2:Drivers/BSP/53L1A2/53l1a2.c ****   ******************************************************************************
   3:Drivers/BSP/53L1A2/53l1a2.c ****   * @file    53l1a2.c
   4:Drivers/BSP/53L1A2/53l1a2.c ****   * @author  IMG SW Application Team
   5:Drivers/BSP/53L1A2/53l1a2.c ****   * @brief   This file contains the X-NUCLEO-53L1A2 BSP implementation.
   6:Drivers/BSP/53L1A2/53l1a2.c ****   ******************************************************************************
   7:Drivers/BSP/53L1A2/53l1a2.c ****   * @attention
   8:Drivers/BSP/53L1A2/53l1a2.c ****   *
   9:Drivers/BSP/53L1A2/53l1a2.c ****   * Copyright (c) 2022 STMicroelectronics.
  10:Drivers/BSP/53L1A2/53l1a2.c ****   * All rights reserved.
  11:Drivers/BSP/53L1A2/53l1a2.c ****   *
  12:Drivers/BSP/53L1A2/53l1a2.c ****   * This software is licensed under terms that can be found in the LICENSE file
  13:Drivers/BSP/53L1A2/53l1a2.c ****   * in the root directory of this software component.
  14:Drivers/BSP/53L1A2/53l1a2.c ****   * If no LICENSE file comes with this software, it is provided AS-IS.
  15:Drivers/BSP/53L1A2/53l1a2.c ****   *
  16:Drivers/BSP/53L1A2/53l1a2.c ****   ******************************************************************************
  17:Drivers/BSP/53L1A2/53l1a2.c ****   */
  18:Drivers/BSP/53L1A2/53l1a2.c **** 
  19:Drivers/BSP/53L1A2/53l1a2.c ****  /* Includes ------------------------------------------------------------------ */
  20:Drivers/BSP/53L1A2/53l1a2.c **** #include <string.h>
  21:Drivers/BSP/53L1A2/53l1a2.c **** #include "53l1a2.h"
  22:Drivers/BSP/53L1A2/53l1a2.c **** 
  23:Drivers/BSP/53L1A2/53l1a2.c **** /** @addtogroup BSP
  24:Drivers/BSP/53L1A2/53l1a2.c ****   * @{
  25:Drivers/BSP/53L1A2/53l1a2.c ****   */
  26:Drivers/BSP/53L1A2/53l1a2.c **** 
  27:Drivers/BSP/53L1A2/53l1a2.c **** /** @addtogroup XNUCLEO_53L1A2
  28:Drivers/BSP/53L1A2/53l1a2.c ****   * @{
  29:Drivers/BSP/53L1A2/53l1a2.c ****   */
  30:Drivers/BSP/53L1A2/53l1a2.c **** 
  31:Drivers/BSP/53L1A2/53l1a2.c **** /** @addtogroup XNUCLEO_53L1A2_COMMON
ARM GAS  C:\Temp\cc9H6VJ1.s 			page 2


  32:Drivers/BSP/53L1A2/53l1a2.c ****   * @{
  33:Drivers/BSP/53L1A2/53l1a2.c ****   */
  34:Drivers/BSP/53L1A2/53l1a2.c **** 
  35:Drivers/BSP/53L1A2/53l1a2.c **** /* This macro can be overloaded by the user to report error log messages with printf format */
  36:Drivers/BSP/53L1A2/53l1a2.c **** #define VL53L1A2_ErrLog(...) (void)0
  37:Drivers/BSP/53L1A2/53l1a2.c **** 
  38:Drivers/BSP/53L1A2/53l1a2.c **** /* These macros can be overloaded by the user to enforce i2c sharing in RTOS context */
  39:Drivers/BSP/53L1A2/53l1a2.c **** #define VL53L1A2_GetI2cBus(...) (void)0
  40:Drivers/BSP/53L1A2/53l1a2.c **** #define VL53L1A2_PutI2cBus(...) (void)0
  41:Drivers/BSP/53L1A2/53l1a2.c **** 
  42:Drivers/BSP/53L1A2/53l1a2.c **** #define I2C_EXPANDER_ADDR0 ((int)(0x43*2))   /*!< Expander 0 i2c address[7..0] format */
  43:Drivers/BSP/53L1A2/53l1a2.c **** #define I2C_EXPANDER_ADDR1 ((int)(0x42*2))   /*!< Expander 1 i2c address[7..0] format */
  44:Drivers/BSP/53L1A2/53l1a2.c **** 
  45:Drivers/BSP/53L1A2/53l1a2.c **** /**
  46:Drivers/BSP/53L1A2/53l1a2.c ****   * GPIO monitor pin state register
  47:Drivers/BSP/53L1A2/53l1a2.c ****   * 16 bit register LSB at lowest offset (little endian)
  48:Drivers/BSP/53L1A2/53l1a2.c ****   */
  49:Drivers/BSP/53L1A2/53l1a2.c **** #define GPMR    (0x10)
  50:Drivers/BSP/53L1A2/53l1a2.c **** /**
  51:Drivers/BSP/53L1A2/53l1a2.c ****   * STMPE1600 GPIO set pin state register
  52:Drivers/BSP/53L1A2/53l1a2.c ****   * 16 bit register LSB at lowest offset (little endian)
  53:Drivers/BSP/53L1A2/53l1a2.c ****   */
  54:Drivers/BSP/53L1A2/53l1a2.c **** #define GPSR    (0x12)
  55:Drivers/BSP/53L1A2/53l1a2.c **** /**
  56:Drivers/BSP/53L1A2/53l1a2.c ****   * STMPE1600 GPIO set pin direction register
  57:Drivers/BSP/53L1A2/53l1a2.c ****   * 16 bit register LSB at lowest offset
  58:Drivers/BSP/53L1A2/53l1a2.c ****   */
  59:Drivers/BSP/53L1A2/53l1a2.c **** #define GPDR    (0x14)
  60:Drivers/BSP/53L1A2/53l1a2.c **** 
  61:Drivers/BSP/53L1A2/53l1a2.c **** /**
  62:Drivers/BSP/53L1A2/53l1a2.c ****   * @}
  63:Drivers/BSP/53L1A2/53l1a2.c ****   */
  64:Drivers/BSP/53L1A2/53l1a2.c **** 
  65:Drivers/BSP/53L1A2/53l1a2.c **** /** @defgroup XNUCLEO_53L1A2_COMMON_Private_Variables Private Variables
  66:Drivers/BSP/53L1A2/53l1a2.c ****   * @{
  67:Drivers/BSP/53L1A2/53l1a2.c ****   */
  68:Drivers/BSP/53L1A2/53l1a2.c **** static uint32_t InitCounter = 0;
  69:Drivers/BSP/53L1A2/53l1a2.c **** 
  70:Drivers/BSP/53L1A2/53l1a2.c **** /* cache the full set of expanded GPIO values to avoid i2c reading */
  71:Drivers/BSP/53L1A2/53l1a2.c **** static union CurIOVal_u
  72:Drivers/BSP/53L1A2/53l1a2.c **** {
  73:Drivers/BSP/53L1A2/53l1a2.c ****   uint8_t bytes[4];   /*!<  4 bytes array i/o view */
  74:Drivers/BSP/53L1A2/53l1a2.c ****   uint32_t u32;       /*!<  single dword i/o view */
  75:Drivers/BSP/53L1A2/53l1a2.c **** } CurIOVal; /* cache the extended IO values */
  76:Drivers/BSP/53L1A2/53l1a2.c **** /**
  77:Drivers/BSP/53L1A2/53l1a2.c ****   * @}
  78:Drivers/BSP/53L1A2/53l1a2.c ****   */
  79:Drivers/BSP/53L1A2/53l1a2.c **** 
  80:Drivers/BSP/53L1A2/53l1a2.c **** /** @defgroup XNUCLEO_53L1A2_COMMON_Private_Functions_Prototypes Private Functions Prototypes
  81:Drivers/BSP/53L1A2/53l1a2.c ****   * @{
  82:Drivers/BSP/53L1A2/53l1a2.c ****   */
  83:Drivers/BSP/53L1A2/53l1a2.c **** static int32_t _I2cFailRecover(void);
  84:Drivers/BSP/53L1A2/53l1a2.c **** static int32_t _ExpanderRd(uint32_t I2cExpAddr, uint32_t index, uint8_t *data, uint32_t n_data);
  85:Drivers/BSP/53L1A2/53l1a2.c **** static int32_t _ExpanderWR(uint32_t I2cExpAddr, uint32_t index, uint8_t *data, uint32_t n_data);
  86:Drivers/BSP/53L1A2/53l1a2.c **** static int32_t _ExpandersSetAllIO(void);
  87:Drivers/BSP/53L1A2/53l1a2.c **** /**
  88:Drivers/BSP/53L1A2/53l1a2.c ****   * @}
ARM GAS  C:\Temp\cc9H6VJ1.s 			page 3


  89:Drivers/BSP/53L1A2/53l1a2.c ****   */
  90:Drivers/BSP/53L1A2/53l1a2.c **** 
  91:Drivers/BSP/53L1A2/53l1a2.c **** /**
  92:Drivers/BSP/53L1A2/53l1a2.c ****   * @brief Initialize X-NUCLEO-53L1A2 STM32 expansion board
  93:Drivers/BSP/53L1A2/53l1a2.c ****   * @note All devices XSDN are asserted and display is turned off
  94:Drivers/BSP/53L1A2/53l1a2.c ****   * @return 0 on success
  95:Drivers/BSP/53L1A2/53l1a2.c ****   */
  96:Drivers/BSP/53L1A2/53l1a2.c **** int32_t VL53L1A2_Init(void)
  97:Drivers/BSP/53L1A2/53l1a2.c **** {
  98:Drivers/BSP/53L1A2/53l1a2.c ****   int32_t status = 0;
  99:Drivers/BSP/53L1A2/53l1a2.c ****   uint8_t ExpanderData[2];
 100:Drivers/BSP/53L1A2/53l1a2.c **** 
 101:Drivers/BSP/53L1A2/53l1a2.c ****   if (InitCounter++ == 0U)
 102:Drivers/BSP/53L1A2/53l1a2.c ****   {
 103:Drivers/BSP/53L1A2/53l1a2.c ****     status |= _I2cFailRecover();
 104:Drivers/BSP/53L1A2/53l1a2.c ****     status |= VL53L1A2_I2C_INIT();
 105:Drivers/BSP/53L1A2/53l1a2.c **** 
 106:Drivers/BSP/53L1A2/53l1a2.c ****     if (status != BSP_ERROR_NONE)
 107:Drivers/BSP/53L1A2/53l1a2.c ****     {
 108:Drivers/BSP/53L1A2/53l1a2.c ****       goto done_err;
 109:Drivers/BSP/53L1A2/53l1a2.c ****     }
 110:Drivers/BSP/53L1A2/53l1a2.c **** 
 111:Drivers/BSP/53L1A2/53l1a2.c **** 	  status = _ExpanderRd(I2C_EXPANDER_ADDR0, 0, ExpanderData, 2);
 112:Drivers/BSP/53L1A2/53l1a2.c **** 
 113:Drivers/BSP/53L1A2/53l1a2.c **** 	  if ((status != 0) || (ExpanderData[0] != 0x00U) || (ExpanderData[1] != 0x16U))
 114:Drivers/BSP/53L1A2/53l1a2.c **** 	  {
 115:Drivers/BSP/53L1A2/53l1a2.c ****       VL53L1A2_ErrLog("I2C Expander @0x%02X not detected", (int)I2C_EXPANDER_ADDR0);
 116:Drivers/BSP/53L1A2/53l1a2.c ****       goto done_err;
 117:Drivers/BSP/53L1A2/53l1a2.c **** 	  }
 118:Drivers/BSP/53L1A2/53l1a2.c **** 
 119:Drivers/BSP/53L1A2/53l1a2.c **** 	  status = _ExpanderRd(I2C_EXPANDER_ADDR1, 0, ExpanderData, 2);
 120:Drivers/BSP/53L1A2/53l1a2.c **** 
 121:Drivers/BSP/53L1A2/53l1a2.c **** 	  if ((status != 0) || (ExpanderData[0] != 0x00U) || (ExpanderData[1] != 0x16U))
 122:Drivers/BSP/53L1A2/53l1a2.c **** 	  {
 123:Drivers/BSP/53L1A2/53l1a2.c **** 		  VL53L1A2_ErrLog("I2C Expander @0x%02X not detected", (int)I2C_EXPANDER_ADDR1);
 124:Drivers/BSP/53L1A2/53l1a2.c **** 		  goto done_err;
 125:Drivers/BSP/53L1A2/53l1a2.c **** 	  }
 126:Drivers/BSP/53L1A2/53l1a2.c **** 
 127:Drivers/BSP/53L1A2/53l1a2.c **** 	  CurIOVal.u32 = 0x0U;
 128:Drivers/BSP/53L1A2/53l1a2.c **** 
 129:Drivers/BSP/53L1A2/53l1a2.c **** 	  /* setup expander   i/o direction  all output but exp1 bit 14*/
 130:Drivers/BSP/53L1A2/53l1a2.c **** 	  ExpanderData[0] = 0xFFU;
 131:Drivers/BSP/53L1A2/53l1a2.c **** 	  ExpanderData[1] = 0xFFU;
 132:Drivers/BSP/53L1A2/53l1a2.c **** 
 133:Drivers/BSP/53L1A2/53l1a2.c **** 	  status = _ExpanderWR(I2C_EXPANDER_ADDR0, GPDR, ExpanderData, 2);
 134:Drivers/BSP/53L1A2/53l1a2.c **** 
 135:Drivers/BSP/53L1A2/53l1a2.c **** 	  if (status)
 136:Drivers/BSP/53L1A2/53l1a2.c **** 	  {
 137:Drivers/BSP/53L1A2/53l1a2.c **** 		VL53L1A2_ErrLog("Set Expander @0x%02X DR", I2C_EXPANDER_ADDR0);
 138:Drivers/BSP/53L1A2/53l1a2.c **** 		goto done_err;
 139:Drivers/BSP/53L1A2/53l1a2.c **** 	  }
 140:Drivers/BSP/53L1A2/53l1a2.c **** 
 141:Drivers/BSP/53L1A2/53l1a2.c **** 	  ExpanderData[0] = 0xFFU;
 142:Drivers/BSP/53L1A2/53l1a2.c **** 	  ExpanderData[1] = 0xBFU; /* all but bit 14-15 that is pb1 and xhurt */
 143:Drivers/BSP/53L1A2/53l1a2.c **** 
 144:Drivers/BSP/53L1A2/53l1a2.c **** 	  status = _ExpanderWR(I2C_EXPANDER_ADDR1, GPDR, ExpanderData, 2);
 145:Drivers/BSP/53L1A2/53l1a2.c **** 
ARM GAS  C:\Temp\cc9H6VJ1.s 			page 4


 146:Drivers/BSP/53L1A2/53l1a2.c **** 	  if (status)
 147:Drivers/BSP/53L1A2/53l1a2.c **** 	  {
 148:Drivers/BSP/53L1A2/53l1a2.c **** 		VL53L1A2_ErrLog("Set Expander @0x%02X DR", I2C_EXPANDER_ADDR1);
 149:Drivers/BSP/53L1A2/53l1a2.c **** 		goto done_err;
 150:Drivers/BSP/53L1A2/53l1a2.c **** 	  }
 151:Drivers/BSP/53L1A2/53l1a2.c **** 
 152:Drivers/BSP/53L1A2/53l1a2.c **** 	  /* shut down all segment and all device */
 153:Drivers/BSP/53L1A2/53l1a2.c **** 	  CurIOVal.u32 = 0x7FU + (0x7FU << 7) + (0x7FU << 16) + (0x7FU << (16 + 7));
 154:Drivers/BSP/53L1A2/53l1a2.c **** 
 155:Drivers/BSP/53L1A2/53l1a2.c **** 	  status = _ExpandersSetAllIO();
 156:Drivers/BSP/53L1A2/53l1a2.c **** 
 157:Drivers/BSP/53L1A2/53l1a2.c **** 	  if (status)
 158:Drivers/BSP/53L1A2/53l1a2.c **** 	  {
 159:Drivers/BSP/53L1A2/53l1a2.c **** 		VL53L1A2_ErrLog("Set initial i/o ");
 160:Drivers/BSP/53L1A2/53l1a2.c **** 	  }
 161:Drivers/BSP/53L1A2/53l1a2.c ****   }
 162:Drivers/BSP/53L1A2/53l1a2.c **** 
 163:Drivers/BSP/53L1A2/53l1a2.c **** done_err:
 164:Drivers/BSP/53L1A2/53l1a2.c ****   return status;
 165:Drivers/BSP/53L1A2/53l1a2.c **** }
 166:Drivers/BSP/53L1A2/53l1a2.c **** 
 167:Drivers/BSP/53L1A2/53l1a2.c **** /**
 168:Drivers/BSP/53L1A2/53l1a2.c ****   * @brief De-initialize X-NUCLEO-53L1A2 STM32 expansion board
 169:Drivers/BSP/53L1A2/53l1a2.c ****   * @return 0 on success
 170:Drivers/BSP/53L1A2/53l1a2.c ****   */
 171:Drivers/BSP/53L1A2/53l1a2.c **** int32_t VL53L1A2_DeInit(void)
 172:Drivers/BSP/53L1A2/53l1a2.c **** {
 173:Drivers/BSP/53L1A2/53l1a2.c ****   int32_t status = 0;
 174:Drivers/BSP/53L1A2/53l1a2.c **** 
 175:Drivers/BSP/53L1A2/53l1a2.c ****   if (InitCounter > 0U)
 176:Drivers/BSP/53L1A2/53l1a2.c ****   {
 177:Drivers/BSP/53L1A2/53l1a2.c **** 	if (--InitCounter == 0U)
 178:Drivers/BSP/53L1A2/53l1a2.c **** 	{
 179:Drivers/BSP/53L1A2/53l1a2.c ****       status = VL53L1A2_I2C_DEINIT();
 180:Drivers/BSP/53L1A2/53l1a2.c **** 	}
 181:Drivers/BSP/53L1A2/53l1a2.c ****   }
 182:Drivers/BSP/53L1A2/53l1a2.c **** 
 183:Drivers/BSP/53L1A2/53l1a2.c ****   return status;
 184:Drivers/BSP/53L1A2/53l1a2.c **** }
 185:Drivers/BSP/53L1A2/53l1a2.c **** 
 186:Drivers/BSP/53L1A2/53l1a2.c **** /**
 187:Drivers/BSP/53L1A2/53l1a2.c ****   * @brief Set Reset (XSDN) state of a given "id" device
 188:Drivers/BSP/53L1A2/53l1a2.c ****   * @param  DevNo The device number, use @ref VL53L1A2_dev_e.
 189:Drivers/BSP/53L1A2/53l1a2.c ****   * @param  state  State of the device reset (xsdn) pin @warning reset pin is active low
 190:Drivers/BSP/53L1A2/53l1a2.c ****   * @return 0 on success
 191:Drivers/BSP/53L1A2/53l1a2.c ****   */
 192:Drivers/BSP/53L1A2/53l1a2.c **** int32_t VL53L1A2_ResetId(uint8_t DevNo, uint8_t state)
 193:Drivers/BSP/53L1A2/53l1a2.c **** {
 194:Drivers/BSP/53L1A2/53l1a2.c ****   int32_t status;
 195:Drivers/BSP/53L1A2/53l1a2.c **** 
 196:Drivers/BSP/53L1A2/53l1a2.c ****   switch (DevNo)
 197:Drivers/BSP/53L1A2/53l1a2.c ****   {
 198:Drivers/BSP/53L1A2/53l1a2.c ****     case VL53L1A2_DEV_CENTER :
 199:Drivers/BSP/53L1A2/53l1a2.c ****       CurIOVal.bytes[3] &= ~0x80U; /* bit 15 expander 1  => byte #3 */
 200:Drivers/BSP/53L1A2/53l1a2.c **** 
 201:Drivers/BSP/53L1A2/53l1a2.c ****       if (state)
 202:Drivers/BSP/53L1A2/53l1a2.c ****       {
ARM GAS  C:\Temp\cc9H6VJ1.s 			page 5


 203:Drivers/BSP/53L1A2/53l1a2.c ****         CurIOVal.bytes[3] |= 0x80U;  /* bit 15 expander 1  => byte #3 */
 204:Drivers/BSP/53L1A2/53l1a2.c ****       }
 205:Drivers/BSP/53L1A2/53l1a2.c **** 
 206:Drivers/BSP/53L1A2/53l1a2.c ****       status = _ExpanderWR(I2C_EXPANDER_ADDR1, GPSR + 1, &CurIOVal.bytes[3], 1);
 207:Drivers/BSP/53L1A2/53l1a2.c ****       break;
 208:Drivers/BSP/53L1A2/53l1a2.c **** 
 209:Drivers/BSP/53L1A2/53l1a2.c ****     case VL53L1A2_DEV_LEFT :
 210:Drivers/BSP/53L1A2/53l1a2.c ****       CurIOVal.bytes[1] &= ~0x40U; /* bit 14 expander 0 => byte #1*/
 211:Drivers/BSP/53L1A2/53l1a2.c **** 
 212:Drivers/BSP/53L1A2/53l1a2.c ****       if (state)
 213:Drivers/BSP/53L1A2/53l1a2.c ****       {
 214:Drivers/BSP/53L1A2/53l1a2.c ****         CurIOVal.bytes[1] |= 0x40U;  /* bit 14 expander 0 => byte #1*/
 215:Drivers/BSP/53L1A2/53l1a2.c ****       }
 216:Drivers/BSP/53L1A2/53l1a2.c **** 
 217:Drivers/BSP/53L1A2/53l1a2.c ****       status = _ExpanderWR(I2C_EXPANDER_ADDR0, GPSR + 1, &CurIOVal.bytes[1], 1);
 218:Drivers/BSP/53L1A2/53l1a2.c ****       break;
 219:Drivers/BSP/53L1A2/53l1a2.c **** 
 220:Drivers/BSP/53L1A2/53l1a2.c ****     case VL53L1A2_DEV_RIGHT :
 221:Drivers/BSP/53L1A2/53l1a2.c ****       CurIOVal.bytes[1] &= ~0x80U; /* bit 15 expander 0  => byte #1 */
 222:Drivers/BSP/53L1A2/53l1a2.c **** 
 223:Drivers/BSP/53L1A2/53l1a2.c ****       if (state)
 224:Drivers/BSP/53L1A2/53l1a2.c ****       {
 225:Drivers/BSP/53L1A2/53l1a2.c ****         CurIOVal.bytes[1] |= 0x80U;  /* bit 15 expander 0 => byte #1*/
 226:Drivers/BSP/53L1A2/53l1a2.c ****       }
 227:Drivers/BSP/53L1A2/53l1a2.c **** 
 228:Drivers/BSP/53L1A2/53l1a2.c ****       status = _ExpanderWR(I2C_EXPANDER_ADDR0, GPSR + 1, &CurIOVal.bytes[1], 1);
 229:Drivers/BSP/53L1A2/53l1a2.c ****       break;
 230:Drivers/BSP/53L1A2/53l1a2.c **** 
 231:Drivers/BSP/53L1A2/53l1a2.c ****     default:
 232:Drivers/BSP/53L1A2/53l1a2.c ****       VL53L1A2_ErrLog("Invalid DevNo %d", DevNo);
 233:Drivers/BSP/53L1A2/53l1a2.c ****       status = -1;
 234:Drivers/BSP/53L1A2/53l1a2.c ****       goto done;
 235:Drivers/BSP/53L1A2/53l1a2.c ****   }
 236:Drivers/BSP/53L1A2/53l1a2.c **** 
 237:Drivers/BSP/53L1A2/53l1a2.c ****   /* error with valid id */
 238:Drivers/BSP/53L1A2/53l1a2.c ****   if (status)
 239:Drivers/BSP/53L1A2/53l1a2.c ****   {
 240:Drivers/BSP/53L1A2/53l1a2.c ****     VL53L1A2_ErrLog("expander i/o error for DevNo %d state %d ", DevNo, state);
 241:Drivers/BSP/53L1A2/53l1a2.c ****   }
 242:Drivers/BSP/53L1A2/53l1a2.c **** 
 243:Drivers/BSP/53L1A2/53l1a2.c **** done:
 244:Drivers/BSP/53L1A2/53l1a2.c ****   return status;
 245:Drivers/BSP/53L1A2/53l1a2.c **** }
 246:Drivers/BSP/53L1A2/53l1a2.c **** 
 247:Drivers/BSP/53L1A2/53l1a2.c **** /** @defgroup XNUCLEO_53L1A2_COMMON_Private_Functions Private Functions
 248:Drivers/BSP/53L1A2/53l1a2.c ****   * @{
 249:Drivers/BSP/53L1A2/53l1a2.c ****   */
 250:Drivers/BSP/53L1A2/53l1a2.c **** 
 251:Drivers/BSP/53L1A2/53l1a2.c **** /**
 252:Drivers/BSP/53L1A2/53l1a2.c ****   * @brief Expansion board i2c bus recovery
 253:Drivers/BSP/53L1A2/53l1a2.c ****   * We may get reset in middle of an i2c access (h/w reset button, debug or f/w load)
 254:Drivers/BSP/53L1A2/53l1a2.c ****   * hence some agent on bus may be in middle of a transaction and can create issue or even prevent 
 255:Drivers/BSP/53L1A2/53l1a2.c ****   * this routine does use gpio to manipulate and recover i2c bus line in all cases.
 256:Drivers/BSP/53L1A2/53l1a2.c ****   */
 257:Drivers/BSP/53L1A2/53l1a2.c **** static int32_t _I2cFailRecover(void)
 258:Drivers/BSP/53L1A2/53l1a2.c **** {
  28              		.loc 1 258 1 view -0
ARM GAS  C:\Temp\cc9H6VJ1.s 			page 6


  29              		.cfi_startproc
  30              		@ args = 0, pretend = 0, frame = 24
  31              		@ frame_needed = 0, uses_anonymous_args = 0
 259:Drivers/BSP/53L1A2/53l1a2.c ****   /* We can't assume bus state based on SDA and SCL state (we may be in a data or NAK bit so SCL=SD
 260:Drivers/BSP/53L1A2/53l1a2.c ****   * by setting SDA high and toggling SCL at least 10 time we ensure whatever agent and state
 261:Drivers/BSP/53L1A2/53l1a2.c ****   * all agent should end up seeing a "stop" and bus get back to an known idle i2c  bus state */
 262:Drivers/BSP/53L1A2/53l1a2.c **** 
 263:Drivers/BSP/53L1A2/53l1a2.c ****   uint8_t i;
  32              		.loc 1 263 3 view .LVU1
 264:Drivers/BSP/53L1A2/53l1a2.c ****   uint8_t retry_cnt = 0;
  33              		.loc 1 264 3 view .LVU2
  34              	.LVL0:
 265:Drivers/BSP/53L1A2/53l1a2.c ****   static uint8_t is_already_init = 0U;
  35              		.loc 1 265 3 view .LVU3
 266:Drivers/BSP/53L1A2/53l1a2.c ****   GPIO_InitTypeDef GPIO_InitStruct;
  36              		.loc 1 266 3 view .LVU4
 267:Drivers/BSP/53L1A2/53l1a2.c **** 
 268:Drivers/BSP/53L1A2/53l1a2.c ****   if (is_already_init == 1U)
  37              		.loc 1 268 3 view .LVU5
  38              		.loc 1 268 23 is_stmt 0 view .LVU6
  39 0000 354B     		ldr	r3, .L13
  40 0002 1B78     		ldrb	r3, [r3]	@ zero_extendqisi2
  41              		.loc 1 268 6 view .LVU7
  42 0004 012B     		cmp	r3, #1
  43 0006 62D0     		beq	.L7
 258:Drivers/BSP/53L1A2/53l1a2.c ****   /* We can't assume bus state based on SDA and SCL state (we may be in a data or NAK bit so SCL=SD
  44              		.loc 1 258 1 view .LVU8
  45 0008 2DE9F043 		push	{r4, r5, r6, r7, r8, r9, lr}
  46              		.cfi_def_cfa_offset 28
  47              		.cfi_offset 4, -28
  48              		.cfi_offset 5, -24
  49              		.cfi_offset 6, -20
  50              		.cfi_offset 7, -16
  51              		.cfi_offset 8, -12
  52              		.cfi_offset 9, -8
  53              		.cfi_offset 14, -4
  54 000c 87B0     		sub	sp, sp, #28
  55              		.cfi_def_cfa_offset 56
 269:Drivers/BSP/53L1A2/53l1a2.c ****   {
 270:Drivers/BSP/53L1A2/53l1a2.c ****     return BSP_ERROR_NONE;
 271:Drivers/BSP/53L1A2/53l1a2.c ****   }
 272:Drivers/BSP/53L1A2/53l1a2.c **** 
 273:Drivers/BSP/53L1A2/53l1a2.c ****   /* Enable I/O */
 274:Drivers/BSP/53L1A2/53l1a2.c ****   __HAL_RCC_GPIOB_CLK_ENABLE();
  56              		.loc 1 274 3 is_stmt 1 view .LVU9
  57              	.LBB2:
  58              		.loc 1 274 3 view .LVU10
  59 000e 0026     		movs	r6, #0
  60 0010 0096     		str	r6, [sp]
  61              		.loc 1 274 3 view .LVU11
  62 0012 324B     		ldr	r3, .L13+4
  63 0014 1A6B     		ldr	r2, [r3, #48]
  64 0016 42F00202 		orr	r2, r2, #2
  65 001a 1A63     		str	r2, [r3, #48]
  66              		.loc 1 274 3 view .LVU12
  67 001c 1B6B     		ldr	r3, [r3, #48]
  68 001e 03F00203 		and	r3, r3, #2
ARM GAS  C:\Temp\cc9H6VJ1.s 			page 7


  69 0022 0093     		str	r3, [sp]
  70              		.loc 1 274 3 view .LVU13
  71 0024 009B     		ldr	r3, [sp]
  72              	.LBE2:
  73              		.loc 1 274 3 view .LVU14
 275:Drivers/BSP/53L1A2/53l1a2.c **** 
 276:Drivers/BSP/53L1A2/53l1a2.c ****   GPIO_InitStruct.Pin = VL53L1A2_I2C_SCL_GPIO_PIN;
  74              		.loc 1 276 3 view .LVU15
  75              		.loc 1 276 23 is_stmt 0 view .LVU16
  76 0026 4FF48078 		mov	r8, #256
  77 002a CDF80480 		str	r8, [sp, #4]
 277:Drivers/BSP/53L1A2/53l1a2.c ****   GPIO_InitStruct.Mode = GPIO_MODE_OUTPUT_OD;
  78              		.loc 1 277 3 is_stmt 1 view .LVU17
  79              		.loc 1 277 24 is_stmt 0 view .LVU18
  80 002e 4FF01109 		mov	r9, #17
  81 0032 CDF80890 		str	r9, [sp, #8]
 278:Drivers/BSP/53L1A2/53l1a2.c ****   GPIO_InitStruct.Pull = GPIO_PULLUP;
  82              		.loc 1 278 3 is_stmt 1 view .LVU19
  83              		.loc 1 278 24 is_stmt 0 view .LVU20
  84 0036 0125     		movs	r5, #1
  85 0038 0395     		str	r5, [sp, #12]
 279:Drivers/BSP/53L1A2/53l1a2.c ****   HAL_GPIO_Init(VL53L1A2_I2C_SCL_GPIO_PORT, &GPIO_InitStruct);
  86              		.loc 1 279 3 is_stmt 1 view .LVU21
  87 003a 294C     		ldr	r4, .L13+8
  88 003c 01A9     		add	r1, sp, #4
  89 003e 2046     		mov	r0, r4
  90 0040 FFF7FEFF 		bl	HAL_GPIO_Init
  91              	.LVL1:
 280:Drivers/BSP/53L1A2/53l1a2.c **** 
 281:Drivers/BSP/53L1A2/53l1a2.c ****   GPIO_InitStruct.Pin = VL53L1A2_I2C_SDA_GPIO_PIN;
  92              		.loc 1 281 3 view .LVU22
  93              		.loc 1 281 23 is_stmt 0 view .LVU23
  94 0044 4FF40077 		mov	r7, #512
  95 0048 0197     		str	r7, [sp, #4]
 282:Drivers/BSP/53L1A2/53l1a2.c ****   GPIO_InitStruct.Mode = GPIO_MODE_OUTPUT_OD;
  96              		.loc 1 282 3 is_stmt 1 view .LVU24
  97              		.loc 1 282 24 is_stmt 0 view .LVU25
  98 004a CDF80890 		str	r9, [sp, #8]
 283:Drivers/BSP/53L1A2/53l1a2.c ****   GPIO_InitStruct.Pull = GPIO_PULLUP;
  99              		.loc 1 283 3 is_stmt 1 view .LVU26
 100              		.loc 1 283 24 is_stmt 0 view .LVU27
 101 004e 0395     		str	r5, [sp, #12]
 284:Drivers/BSP/53L1A2/53l1a2.c ****   HAL_GPIO_Init(VL53L1A2_I2C_SDA_GPIO_PORT, &GPIO_InitStruct);
 102              		.loc 1 284 3 is_stmt 1 view .LVU28
 103 0050 01A9     		add	r1, sp, #4
 104 0052 2046     		mov	r0, r4
 105 0054 FFF7FEFF 		bl	HAL_GPIO_Init
 106              	.LVL2:
 285:Drivers/BSP/53L1A2/53l1a2.c **** 
 286:Drivers/BSP/53L1A2/53l1a2.c ****   HAL_GPIO_WritePin(VL53L1A2_I2C_SCL_GPIO_PORT, VL53L1A2_I2C_SCL_GPIO_PIN, GPIO_PIN_SET);
 107              		.loc 1 286 3 view .LVU29
 108 0058 2A46     		mov	r2, r5
 109 005a 4146     		mov	r1, r8
 110 005c 2046     		mov	r0, r4
 111 005e FFF7FEFF 		bl	HAL_GPIO_WritePin
 112              	.LVL3:
 287:Drivers/BSP/53L1A2/53l1a2.c ****   HAL_GPIO_WritePin(VL53L1A2_I2C_SDA_GPIO_PORT, VL53L1A2_I2C_SDA_GPIO_PIN, GPIO_PIN_SET);
ARM GAS  C:\Temp\cc9H6VJ1.s 			page 8


 113              		.loc 1 287 3 view .LVU30
 114 0062 2A46     		mov	r2, r5
 115 0064 3946     		mov	r1, r7
 116 0066 2046     		mov	r0, r4
 117 0068 FFF7FEFF 		bl	HAL_GPIO_WritePin
 118              	.LVL4:
 119 006c 20E0     		b	.L6
 120              	.LVL5:
 121              	.L4:
 288:Drivers/BSP/53L1A2/53l1a2.c **** 
 289:Drivers/BSP/53L1A2/53l1a2.c ****   do
 290:Drivers/BSP/53L1A2/53l1a2.c ****   {
 291:Drivers/BSP/53L1A2/53l1a2.c ****     for (i = 0; i < 10U; i++)
 292:Drivers/BSP/53L1A2/53l1a2.c ****     {
 293:Drivers/BSP/53L1A2/53l1a2.c ****       HAL_GPIO_WritePin(VL53L1A2_I2C_SCL_GPIO_PORT, VL53L1A2_I2C_SCL_GPIO_PIN, GPIO_PIN_RESET);
 122              		.loc 1 293 7 discriminator 3 view .LVU31
 123 006e 1C4D     		ldr	r5, .L13+8
 124 0070 0022     		movs	r2, #0
 125 0072 4FF48071 		mov	r1, #256
 126 0076 2846     		mov	r0, r5
 127 0078 FFF7FEFF 		bl	HAL_GPIO_WritePin
 128              	.LVL6:
 294:Drivers/BSP/53L1A2/53l1a2.c ****       HAL_Delay(1);
 129              		.loc 1 294 7 discriminator 3 view .LVU32
 130 007c 0120     		movs	r0, #1
 131 007e FFF7FEFF 		bl	HAL_Delay
 132              	.LVL7:
 295:Drivers/BSP/53L1A2/53l1a2.c ****       HAL_GPIO_WritePin(VL53L1A2_I2C_SCL_GPIO_PORT, VL53L1A2_I2C_SCL_GPIO_PIN, GPIO_PIN_SET);
 133              		.loc 1 295 7 discriminator 3 view .LVU33
 134 0082 0122     		movs	r2, #1
 135 0084 4FF48071 		mov	r1, #256
 136 0088 2846     		mov	r0, r5
 137 008a FFF7FEFF 		bl	HAL_GPIO_WritePin
 138              	.LVL8:
 296:Drivers/BSP/53L1A2/53l1a2.c ****       HAL_Delay(1);
 139              		.loc 1 296 7 discriminator 3 view .LVU34
 140 008e 0120     		movs	r0, #1
 141 0090 FFF7FEFF 		bl	HAL_Delay
 142              	.LVL9:
 291:Drivers/BSP/53L1A2/53l1a2.c ****     {
 143              		.loc 1 291 27 discriminator 3 view .LVU35
 144 0094 0134     		adds	r4, r4, #1
 145              	.LVL10:
 291:Drivers/BSP/53L1A2/53l1a2.c ****     {
 146              		.loc 1 291 27 is_stmt 0 discriminator 3 view .LVU36
 147 0096 E4B2     		uxtb	r4, r4
 148              	.LVL11:
 149              	.L3:
 291:Drivers/BSP/53L1A2/53l1a2.c ****     {
 150              		.loc 1 291 19 is_stmt 1 discriminator 1 view .LVU37
 151 0098 092C     		cmp	r4, #9
 152 009a E8D9     		bls	.L4
 297:Drivers/BSP/53L1A2/53l1a2.c ****     }
 298:Drivers/BSP/53L1A2/53l1a2.c ****     retry_cnt++;
 153              		.loc 1 298 5 view .LVU38
 154              		.loc 1 298 14 is_stmt 0 view .LVU39
 155 009c 0136     		adds	r6, r6, #1
ARM GAS  C:\Temp\cc9H6VJ1.s 			page 9


 156              	.LVL12:
 157              		.loc 1 298 14 view .LVU40
 158 009e F6B2     		uxtb	r6, r6
 159              	.LVL13:
 299:Drivers/BSP/53L1A2/53l1a2.c ****   } while ((HAL_GPIO_ReadPin(VL53L1A2_I2C_SDA_GPIO_PORT, VL53L1A2_I2C_SDA_GPIO_PIN) == GPIO_PIN_RES
 160              		.loc 1 299 104 is_stmt 1 view .LVU41
 161              		.loc 1 299 13 is_stmt 0 view .LVU42
 162 00a0 4FF40071 		mov	r1, #512
 163 00a4 0E48     		ldr	r0, .L13+8
 164 00a6 FFF7FEFF 		bl	HAL_GPIO_ReadPin
 165              	.LVL14:
 166              		.loc 1 299 104 view .LVU43
 167 00aa 18B9     		cbnz	r0, .L5
 168              		.loc 1 299 104 discriminator 1 view .LVU44
 169 00ac 062E     		cmp	r6, #6
 170 00ae 01D8     		bhi	.L5
 171              	.LVL15:
 172              	.L6:
 289:Drivers/BSP/53L1A2/53l1a2.c ****   {
 173              		.loc 1 289 3 is_stmt 1 view .LVU45
 291:Drivers/BSP/53L1A2/53l1a2.c ****     {
 174              		.loc 1 291 5 view .LVU46
 291:Drivers/BSP/53L1A2/53l1a2.c ****     {
 175              		.loc 1 291 12 is_stmt 0 view .LVU47
 176 00b0 0024     		movs	r4, #0
 291:Drivers/BSP/53L1A2/53l1a2.c ****     {
 177              		.loc 1 291 5 view .LVU48
 178 00b2 F1E7     		b	.L3
 179              	.LVL16:
 180              	.L5:
 300:Drivers/BSP/53L1A2/53l1a2.c **** 
 301:Drivers/BSP/53L1A2/53l1a2.c ****   if (HAL_GPIO_ReadPin(VL53L1A2_I2C_SCL_GPIO_PORT, VL53L1A2_I2C_SDA_GPIO_PIN) == GPIO_PIN_RESET)
 181              		.loc 1 301 3 is_stmt 1 view .LVU49
 182              		.loc 1 301 7 is_stmt 0 view .LVU50
 183 00b4 4FF40071 		mov	r1, #512
 184 00b8 0948     		ldr	r0, .L13+8
 185 00ba FFF7FEFF 		bl	HAL_GPIO_ReadPin
 186              	.LVL17:
 187              		.loc 1 301 6 view .LVU51
 188 00be 40B1     		cbz	r0, .L8
 302:Drivers/BSP/53L1A2/53l1a2.c ****   {
 303:Drivers/BSP/53L1A2/53l1a2.c ****     /* We are still in a bad i2c state, return error */
 304:Drivers/BSP/53L1A2/53l1a2.c ****     return BSP_ERROR_COMPONENT_FAILURE;
 305:Drivers/BSP/53L1A2/53l1a2.c ****   }
 306:Drivers/BSP/53L1A2/53l1a2.c **** 
 307:Drivers/BSP/53L1A2/53l1a2.c ****   is_already_init = 1U;
 189              		.loc 1 307 3 is_stmt 1 view .LVU52
 190              		.loc 1 307 19 is_stmt 0 view .LVU53
 191 00c0 054B     		ldr	r3, .L13
 192 00c2 0122     		movs	r2, #1
 193 00c4 1A70     		strb	r2, [r3]
 308:Drivers/BSP/53L1A2/53l1a2.c **** 
 309:Drivers/BSP/53L1A2/53l1a2.c ****   return BSP_ERROR_NONE;
 194              		.loc 1 309 3 is_stmt 1 view .LVU54
 195              		.loc 1 309 10 is_stmt 0 view .LVU55
 196 00c6 0020     		movs	r0, #0
 197              	.L1:
ARM GAS  C:\Temp\cc9H6VJ1.s 			page 10


 310:Drivers/BSP/53L1A2/53l1a2.c **** }
 198              		.loc 1 310 1 view .LVU56
 199 00c8 07B0     		add	sp, sp, #28
 200              		.cfi_def_cfa_offset 28
 201              		@ sp needed
 202 00ca BDE8F083 		pop	{r4, r5, r6, r7, r8, r9, pc}
 203              	.LVL18:
 204              	.L7:
 205              		.cfi_def_cfa_offset 0
 206              		.cfi_restore 4
 207              		.cfi_restore 5
 208              		.cfi_restore 6
 209              		.cfi_restore 7
 210              		.cfi_restore 8
 211              		.cfi_restore 9
 212              		.cfi_restore 14
 270:Drivers/BSP/53L1A2/53l1a2.c ****   }
 213              		.loc 1 270 12 view .LVU57
 214 00ce 0020     		movs	r0, #0
 215              		.loc 1 310 1 view .LVU58
 216 00d0 7047     		bx	lr
 217              	.LVL19:
 218              	.L8:
 219              		.cfi_def_cfa_offset 56
 220              		.cfi_offset 4, -28
 221              		.cfi_offset 5, -24
 222              		.cfi_offset 6, -20
 223              		.cfi_offset 7, -16
 224              		.cfi_offset 8, -12
 225              		.cfi_offset 9, -8
 226              		.cfi_offset 14, -4
 304:Drivers/BSP/53L1A2/53l1a2.c ****   }
 227              		.loc 1 304 12 view .LVU59
 228 00d2 6FF00400 		mvn	r0, #4
 229 00d6 F7E7     		b	.L1
 230              	.L14:
 231              		.align	2
 232              	.L13:
 233 00d8 00000000 		.word	is_already_init.0
 234 00dc 00380240 		.word	1073887232
 235 00e0 00040240 		.word	1073873920
 236              		.cfi_endproc
 237              	.LFE137:
 239              		.section	.text._ExpanderRd,"ax",%progbits
 240              		.align	1
 241              		.syntax unified
 242              		.thumb
 243              		.thumb_func
 245              	_ExpanderRd:
 246              	.LVL20:
 247              	.LFB139:
 311:Drivers/BSP/53L1A2/53l1a2.c **** 
 312:Drivers/BSP/53L1A2/53l1a2.c **** /**
 313:Drivers/BSP/53L1A2/53l1a2.c ****   * @brief Set all i2c expended gpio in one go
 314:Drivers/BSP/53L1A2/53l1a2.c ****   * @return i/o operation status
 315:Drivers/BSP/53L1A2/53l1a2.c ****   */
 316:Drivers/BSP/53L1A2/53l1a2.c **** static int32_t _ExpandersSetAllIO(void)
ARM GAS  C:\Temp\cc9H6VJ1.s 			page 11


 317:Drivers/BSP/53L1A2/53l1a2.c **** {
 318:Drivers/BSP/53L1A2/53l1a2.c ****   int32_t status;
 319:Drivers/BSP/53L1A2/53l1a2.c **** 
 320:Drivers/BSP/53L1A2/53l1a2.c ****   status = _ExpanderWR(I2C_EXPANDER_ADDR0, GPSR, &CurIOVal.bytes[0], 2);
 321:Drivers/BSP/53L1A2/53l1a2.c **** 
 322:Drivers/BSP/53L1A2/53l1a2.c ****   if (status)
 323:Drivers/BSP/53L1A2/53l1a2.c ****   {
 324:Drivers/BSP/53L1A2/53l1a2.c ****     goto done_err;
 325:Drivers/BSP/53L1A2/53l1a2.c ****   }
 326:Drivers/BSP/53L1A2/53l1a2.c **** 
 327:Drivers/BSP/53L1A2/53l1a2.c ****   status = _ExpanderWR(I2C_EXPANDER_ADDR1, GPSR, &CurIOVal.bytes[2], 2);
 328:Drivers/BSP/53L1A2/53l1a2.c **** 
 329:Drivers/BSP/53L1A2/53l1a2.c **** done_err:
 330:Drivers/BSP/53L1A2/53l1a2.c ****   return status;
 331:Drivers/BSP/53L1A2/53l1a2.c **** }
 332:Drivers/BSP/53L1A2/53l1a2.c **** 
 333:Drivers/BSP/53L1A2/53l1a2.c **** /**
 334:Drivers/BSP/53L1A2/53l1a2.c ****   * @brief STMPE1600 i2c Expander register read
 335:Drivers/BSP/53L1A2/53l1a2.c ****   * @param I2cExpAddr Expander address
 336:Drivers/BSP/53L1A2/53l1a2.c ****   * @param index      register index
 337:Drivers/BSP/53L1A2/53l1a2.c ****   * @param data       read data buffer
 338:Drivers/BSP/53L1A2/53l1a2.c ****   * @param n_data     number of byte to read
 339:Drivers/BSP/53L1A2/53l1a2.c ****   * @return           of if ok else i2c I/O operation status
 340:Drivers/BSP/53L1A2/53l1a2.c ****   */
 341:Drivers/BSP/53L1A2/53l1a2.c **** static int32_t _ExpanderRd(uint32_t I2cExpAddr, uint32_t index, uint8_t *data, uint32_t n_data)
 342:Drivers/BSP/53L1A2/53l1a2.c **** {
 248              		.loc 1 342 1 is_stmt 1 view -0
 249              		.cfi_startproc
 250              		@ args = 0, pretend = 0, frame = 8
 251              		@ frame_needed = 0, uses_anonymous_args = 0
 252              		.loc 1 342 1 is_stmt 0 view .LVU61
 253 0000 70B5     		push	{r4, r5, r6, lr}
 254              		.cfi_def_cfa_offset 16
 255              		.cfi_offset 4, -16
 256              		.cfi_offset 5, -12
 257              		.cfi_offset 6, -8
 258              		.cfi_offset 14, -4
 259 0002 84B0     		sub	sp, sp, #16
 260              		.cfi_def_cfa_offset 32
 261 0004 1646     		mov	r6, r2
 262 0006 1D46     		mov	r5, r3
 343:Drivers/BSP/53L1A2/53l1a2.c ****   int32_t status;
 263              		.loc 1 343 3 is_stmt 1 view .LVU62
 344:Drivers/BSP/53L1A2/53l1a2.c ****   uint8_t RegAddr;
 264              		.loc 1 344 3 view .LVU63
 345:Drivers/BSP/53L1A2/53l1a2.c **** 
 346:Drivers/BSP/53L1A2/53l1a2.c ****   RegAddr = index;
 265              		.loc 1 346 3 view .LVU64
 266              		.loc 1 346 11 is_stmt 0 view .LVU65
 267 0008 8DF80F10 		strb	r1, [sp, #15]
 347:Drivers/BSP/53L1A2/53l1a2.c ****   VL53L1A2_GetI2cBus();
 268              		.loc 1 347 3 is_stmt 1 view .LVU66
 348:Drivers/BSP/53L1A2/53l1a2.c **** 
 349:Drivers/BSP/53L1A2/53l1a2.c ****   do
 269              		.loc 1 349 3 view .LVU67
 350:Drivers/BSP/53L1A2/53l1a2.c ****   {
 351:Drivers/BSP/53L1A2/53l1a2.c ****     status = HAL_I2C_Master_Transmit(&VL53L1A2_HI2C, I2cExpAddr, &RegAddr, 1, 100);
ARM GAS  C:\Temp\cc9H6VJ1.s 			page 12


 270              		.loc 1 351 5 view .LVU68
 271              		.loc 1 351 14 is_stmt 0 view .LVU69
 272 000c 84B2     		uxth	r4, r0
 273 000e 6421     		movs	r1, #100
 274              	.LVL21:
 275              		.loc 1 351 14 view .LVU70
 276 0010 0091     		str	r1, [sp]
 277 0012 0123     		movs	r3, #1
 278              	.LVL22:
 279              		.loc 1 351 14 view .LVU71
 280 0014 0DF10F02 		add	r2, sp, #15
 281              	.LVL23:
 282              		.loc 1 351 14 view .LVU72
 283 0018 2146     		mov	r1, r4
 284 001a 0848     		ldr	r0, .L19
 285              	.LVL24:
 286              		.loc 1 351 14 view .LVU73
 287 001c FFF7FEFF 		bl	HAL_I2C_Master_Transmit
 288              	.LVL25:
 352:Drivers/BSP/53L1A2/53l1a2.c **** 
 353:Drivers/BSP/53L1A2/53l1a2.c ****     if (status)
 289              		.loc 1 353 5 is_stmt 1 view .LVU74
 290              		.loc 1 353 8 is_stmt 0 view .LVU75
 291 0020 08B1     		cbz	r0, .L18
 292              	.LVL26:
 293              	.L15:
 354:Drivers/BSP/53L1A2/53l1a2.c ****     {
 355:Drivers/BSP/53L1A2/53l1a2.c ****       break;
 356:Drivers/BSP/53L1A2/53l1a2.c ****     }
 357:Drivers/BSP/53L1A2/53l1a2.c **** 
 358:Drivers/BSP/53L1A2/53l1a2.c ****     status = HAL_I2C_Master_Receive(&VL53L1A2_HI2C, I2cExpAddr, data, n_data, n_data * 100);
 359:Drivers/BSP/53L1A2/53l1a2.c ****   } while (0);
 360:Drivers/BSP/53L1A2/53l1a2.c **** 
 361:Drivers/BSP/53L1A2/53l1a2.c ****   VL53L1A2_PutI2cBus();
 362:Drivers/BSP/53L1A2/53l1a2.c **** 
 363:Drivers/BSP/53L1A2/53l1a2.c ****   return status;
 364:Drivers/BSP/53L1A2/53l1a2.c **** }
 294              		.loc 1 364 1 view .LVU76
 295 0022 04B0     		add	sp, sp, #16
 296              		.cfi_remember_state
 297              		.cfi_def_cfa_offset 16
 298              		@ sp needed
 299 0024 70BD     		pop	{r4, r5, r6, pc}
 300              	.LVL27:
 301              	.L18:
 302              		.cfi_restore_state
 358:Drivers/BSP/53L1A2/53l1a2.c ****   } while (0);
 303              		.loc 1 358 5 is_stmt 1 view .LVU77
 358:Drivers/BSP/53L1A2/53l1a2.c ****   } while (0);
 304              		.loc 1 358 14 is_stmt 0 view .LVU78
 305 0026 6423     		movs	r3, #100
 306 0028 05FB03F3 		mul	r3, r5, r3
 307 002c 0093     		str	r3, [sp]
 308 002e ABB2     		uxth	r3, r5
 309 0030 3246     		mov	r2, r6
 310 0032 2146     		mov	r1, r4
 311 0034 0148     		ldr	r0, .L19
ARM GAS  C:\Temp\cc9H6VJ1.s 			page 13


 312 0036 FFF7FEFF 		bl	HAL_I2C_Master_Receive
 313              	.LVL28:
 350:Drivers/BSP/53L1A2/53l1a2.c ****     status = HAL_I2C_Master_Transmit(&VL53L1A2_HI2C, I2cExpAddr, &RegAddr, 1, 100);
 314              		.loc 1 350 3 is_stmt 1 view .LVU79
 361:Drivers/BSP/53L1A2/53l1a2.c **** 
 315              		.loc 1 361 3 view .LVU80
 363:Drivers/BSP/53L1A2/53l1a2.c **** }
 316              		.loc 1 363 3 view .LVU81
 363:Drivers/BSP/53L1A2/53l1a2.c **** }
 317              		.loc 1 363 10 is_stmt 0 view .LVU82
 318 003a F2E7     		b	.L15
 319              	.L20:
 320              		.align	2
 321              	.L19:
 322 003c 00000000 		.word	hi2c1
 323              		.cfi_endproc
 324              	.LFE139:
 326              		.section	.text._ExpanderWR,"ax",%progbits
 327              		.align	1
 328              		.syntax unified
 329              		.thumb
 330              		.thumb_func
 332              	_ExpanderWR:
 333              	.LVL29:
 334              	.LFB140:
 365:Drivers/BSP/53L1A2/53l1a2.c **** 
 366:Drivers/BSP/53L1A2/53l1a2.c **** /**
 367:Drivers/BSP/53L1A2/53l1a2.c ****   * @brief STMPE1600 i2c Expander register write
 368:Drivers/BSP/53L1A2/53l1a2.c ****   * @param I2cExpAddr Expander address
 369:Drivers/BSP/53L1A2/53l1a2.c ****   * @param index      register index
 370:Drivers/BSP/53L1A2/53l1a2.c ****   * @param data       data buffer
 371:Drivers/BSP/53L1A2/53l1a2.c ****   * @param n_data     number of byte to write
 372:Drivers/BSP/53L1A2/53l1a2.c ****   * @return           of if ok else i2c I/O operation status
 373:Drivers/BSP/53L1A2/53l1a2.c ****   */
 374:Drivers/BSP/53L1A2/53l1a2.c **** static int32_t _ExpanderWR(uint32_t I2cExpAddr, uint32_t index, uint8_t *data, uint32_t n_data)
 375:Drivers/BSP/53L1A2/53l1a2.c **** {
 335              		.loc 1 375 1 is_stmt 1 view -0
 336              		.cfi_startproc
 337              		@ args = 0, pretend = 0, frame = 16
 338              		@ frame_needed = 0, uses_anonymous_args = 0
 339              		.loc 1 375 1 is_stmt 0 view .LVU84
 340 0000 30B5     		push	{r4, r5, lr}
 341              		.cfi_def_cfa_offset 12
 342              		.cfi_offset 4, -12
 343              		.cfi_offset 5, -8
 344              		.cfi_offset 14, -4
 345 0002 87B0     		sub	sp, sp, #28
 346              		.cfi_def_cfa_offset 40
 347 0004 0546     		mov	r5, r0
 348 0006 0846     		mov	r0, r1
 349              	.LVL30:
 350              		.loc 1 375 1 view .LVU85
 351 0008 1146     		mov	r1, r2
 352              	.LVL31:
 353              		.loc 1 375 1 view .LVU86
 354 000a 1C46     		mov	r4, r3
 376:Drivers/BSP/53L1A2/53l1a2.c ****   int32_t status;
ARM GAS  C:\Temp\cc9H6VJ1.s 			page 14


 355              		.loc 1 376 3 is_stmt 1 view .LVU87
 377:Drivers/BSP/53L1A2/53l1a2.c ****   uint8_t RegAddr[0x10];
 356              		.loc 1 377 3 view .LVU88
 378:Drivers/BSP/53L1A2/53l1a2.c **** 
 379:Drivers/BSP/53L1A2/53l1a2.c ****   RegAddr[0] = index;
 357              		.loc 1 379 3 view .LVU89
 358              		.loc 1 379 14 is_stmt 0 view .LVU90
 359 000c 8DF80800 		strb	r0, [sp, #8]
 380:Drivers/BSP/53L1A2/53l1a2.c ****   memcpy(RegAddr + 1, data, n_data);
 360              		.loc 1 380 3 is_stmt 1 view .LVU91
 361 0010 1A46     		mov	r2, r3
 362              	.LVL32:
 363              		.loc 1 380 3 is_stmt 0 view .LVU92
 364 0012 0DF10900 		add	r0, sp, #9
 365              	.LVL33:
 366              		.loc 1 380 3 view .LVU93
 367 0016 FFF7FEFF 		bl	memcpy
 368              	.LVL34:
 381:Drivers/BSP/53L1A2/53l1a2.c **** 
 382:Drivers/BSP/53L1A2/53l1a2.c ****   VL53L1A2_GetI2cBus();
 369              		.loc 1 382 3 is_stmt 1 view .LVU94
 383:Drivers/BSP/53L1A2/53l1a2.c ****   status = HAL_I2C_Master_Transmit(&VL53L1A2_HI2C, I2cExpAddr, RegAddr, n_data + 1, 100);
 370              		.loc 1 383 3 view .LVU95
 371              		.loc 1 383 12 is_stmt 0 view .LVU96
 372 001a 631C     		adds	r3, r4, #1
 373 001c 6422     		movs	r2, #100
 374 001e 0092     		str	r2, [sp]
 375 0020 9BB2     		uxth	r3, r3
 376 0022 02AA     		add	r2, sp, #8
 377 0024 A9B2     		uxth	r1, r5
 378 0026 0248     		ldr	r0, .L23
 379 0028 FFF7FEFF 		bl	HAL_I2C_Master_Transmit
 380              	.LVL35:
 384:Drivers/BSP/53L1A2/53l1a2.c ****   VL53L1A2_PutI2cBus();
 381              		.loc 1 384 3 is_stmt 1 view .LVU97
 385:Drivers/BSP/53L1A2/53l1a2.c **** 
 386:Drivers/BSP/53L1A2/53l1a2.c ****   return status;
 382              		.loc 1 386 3 view .LVU98
 387:Drivers/BSP/53L1A2/53l1a2.c **** }
 383              		.loc 1 387 1 is_stmt 0 view .LVU99
 384 002c 07B0     		add	sp, sp, #28
 385              		.cfi_def_cfa_offset 12
 386              		@ sp needed
 387 002e 30BD     		pop	{r4, r5, pc}
 388              	.LVL36:
 389              	.L24:
 390              		.loc 1 387 1 view .LVU100
 391              		.align	2
 392              	.L23:
 393 0030 00000000 		.word	hi2c1
 394              		.cfi_endproc
 395              	.LFE140:
 397              		.section	.text._ExpandersSetAllIO,"ax",%progbits
 398              		.align	1
 399              		.syntax unified
 400              		.thumb
 401              		.thumb_func
ARM GAS  C:\Temp\cc9H6VJ1.s 			page 15


 403              	_ExpandersSetAllIO:
 404              	.LFB138:
 317:Drivers/BSP/53L1A2/53l1a2.c ****   int32_t status;
 405              		.loc 1 317 1 is_stmt 1 view -0
 406              		.cfi_startproc
 407              		@ args = 0, pretend = 0, frame = 0
 408              		@ frame_needed = 0, uses_anonymous_args = 0
 409 0000 08B5     		push	{r3, lr}
 410              		.cfi_def_cfa_offset 8
 411              		.cfi_offset 3, -8
 412              		.cfi_offset 14, -4
 318:Drivers/BSP/53L1A2/53l1a2.c **** 
 413              		.loc 1 318 3 view .LVU102
 320:Drivers/BSP/53L1A2/53l1a2.c **** 
 414              		.loc 1 320 3 view .LVU103
 320:Drivers/BSP/53L1A2/53l1a2.c **** 
 415              		.loc 1 320 12 is_stmt 0 view .LVU104
 416 0002 0223     		movs	r3, #2
 417 0004 064A     		ldr	r2, .L29
 418 0006 1221     		movs	r1, #18
 419 0008 8620     		movs	r0, #134
 420 000a FFF7FEFF 		bl	_ExpanderWR
 421              	.LVL37:
 322:Drivers/BSP/53L1A2/53l1a2.c ****   {
 422              		.loc 1 322 3 is_stmt 1 view .LVU105
 322:Drivers/BSP/53L1A2/53l1a2.c ****   {
 423              		.loc 1 322 6 is_stmt 0 view .LVU106
 424 000e 00B1     		cbz	r0, .L28
 425              	.LVL38:
 426              	.L25:
 331:Drivers/BSP/53L1A2/53l1a2.c **** 
 427              		.loc 1 331 1 view .LVU107
 428 0010 08BD     		pop	{r3, pc}
 429              	.LVL39:
 430              	.L28:
 327:Drivers/BSP/53L1A2/53l1a2.c **** 
 431              		.loc 1 327 3 is_stmt 1 view .LVU108
 327:Drivers/BSP/53L1A2/53l1a2.c **** 
 432              		.loc 1 327 12 is_stmt 0 view .LVU109
 433 0012 0223     		movs	r3, #2
 434              	.LVL40:
 327:Drivers/BSP/53L1A2/53l1a2.c **** 
 435              		.loc 1 327 12 view .LVU110
 436 0014 034A     		ldr	r2, .L29+4
 437 0016 1221     		movs	r1, #18
 438 0018 8420     		movs	r0, #132
 439 001a FFF7FEFF 		bl	_ExpanderWR
 440              	.LVL41:
 441              	.L26:
 330:Drivers/BSP/53L1A2/53l1a2.c **** }
 442              		.loc 1 330 3 is_stmt 1 view .LVU111
 330:Drivers/BSP/53L1A2/53l1a2.c **** }
 443              		.loc 1 330 10 is_stmt 0 view .LVU112
 444 001e F7E7     		b	.L25
 445              	.L30:
 446              		.align	2
 447              	.L29:
ARM GAS  C:\Temp\cc9H6VJ1.s 			page 16


 448 0020 00000000 		.word	CurIOVal
 449 0024 02000000 		.word	CurIOVal+2
 450              		.cfi_endproc
 451              	.LFE138:
 453              		.section	.text.VL53L1A2_Init,"ax",%progbits
 454              		.align	1
 455              		.global	VL53L1A2_Init
 456              		.syntax unified
 457              		.thumb
 458              		.thumb_func
 460              	VL53L1A2_Init:
 461              	.LFB134:
  97:Drivers/BSP/53L1A2/53l1a2.c ****   int32_t status = 0;
 462              		.loc 1 97 1 is_stmt 1 view -0
 463              		.cfi_startproc
 464              		@ args = 0, pretend = 0, frame = 8
 465              		@ frame_needed = 0, uses_anonymous_args = 0
  98:Drivers/BSP/53L1A2/53l1a2.c ****   uint8_t ExpanderData[2];
 466              		.loc 1 98 3 view .LVU114
 467              	.LVL42:
  99:Drivers/BSP/53L1A2/53l1a2.c **** 
 468              		.loc 1 99 3 view .LVU115
 101:Drivers/BSP/53L1A2/53l1a2.c ****   {
 469              		.loc 1 101 3 view .LVU116
 101:Drivers/BSP/53L1A2/53l1a2.c ****   {
 470              		.loc 1 101 18 is_stmt 0 view .LVU117
 471 0000 2B4A     		ldr	r2, .L40
 472 0002 1368     		ldr	r3, [r2]
 473 0004 591C     		adds	r1, r3, #1
 474 0006 1160     		str	r1, [r2]
 101:Drivers/BSP/53L1A2/53l1a2.c ****   {
 475              		.loc 1 101 6 view .LVU118
 476 0008 0BB1     		cbz	r3, .L38
  98:Drivers/BSP/53L1A2/53l1a2.c ****   uint8_t ExpanderData[2];
 477              		.loc 1 98 11 view .LVU119
 478 000a 0020     		movs	r0, #0
 479              	.L32:
 159:Drivers/BSP/53L1A2/53l1a2.c **** 	  }
 480              		.loc 1 159 3 is_stmt 1 view .LVU120
 164:Drivers/BSP/53L1A2/53l1a2.c **** }
 481              		.loc 1 164 3 view .LVU121
 165:Drivers/BSP/53L1A2/53l1a2.c **** 
 482              		.loc 1 165 1 is_stmt 0 view .LVU122
 483 000c 7047     		bx	lr
 484              	.L38:
  97:Drivers/BSP/53L1A2/53l1a2.c ****   int32_t status = 0;
 485              		.loc 1 97 1 view .LVU123
 486 000e 10B5     		push	{r4, lr}
 487              		.cfi_def_cfa_offset 8
 488              		.cfi_offset 4, -8
 489              		.cfi_offset 14, -4
 490 0010 82B0     		sub	sp, sp, #8
 491              		.cfi_def_cfa_offset 16
 103:Drivers/BSP/53L1A2/53l1a2.c ****     status |= VL53L1A2_I2C_INIT();
 492              		.loc 1 103 5 is_stmt 1 view .LVU124
 103:Drivers/BSP/53L1A2/53l1a2.c ****     status |= VL53L1A2_I2C_INIT();
 493              		.loc 1 103 15 is_stmt 0 view .LVU125
ARM GAS  C:\Temp\cc9H6VJ1.s 			page 17


 494 0012 FFF7FEFF 		bl	_I2cFailRecover
 495              	.LVL43:
 496 0016 0446     		mov	r4, r0
 497              	.LVL44:
 104:Drivers/BSP/53L1A2/53l1a2.c **** 
 498              		.loc 1 104 5 is_stmt 1 view .LVU126
 104:Drivers/BSP/53L1A2/53l1a2.c **** 
 499              		.loc 1 104 15 is_stmt 0 view .LVU127
 500 0018 FFF7FEFF 		bl	BSP_I2C1_Init
 501              	.LVL45:
 106:Drivers/BSP/53L1A2/53l1a2.c ****     {
 502              		.loc 1 106 5 is_stmt 1 view .LVU128
 106:Drivers/BSP/53L1A2/53l1a2.c ****     {
 503              		.loc 1 106 8 is_stmt 0 view .LVU129
 504 001c 2043     		orrs	r0, r0, r4
 505              	.LVL46:
 106:Drivers/BSP/53L1A2/53l1a2.c ****     {
 506              		.loc 1 106 8 view .LVU130
 507 001e 01D0     		beq	.L39
 508              	.LVL47:
 509              	.L31:
 165:Drivers/BSP/53L1A2/53l1a2.c **** 
 510              		.loc 1 165 1 view .LVU131
 511 0020 02B0     		add	sp, sp, #8
 512              		.cfi_remember_state
 513              		.cfi_def_cfa_offset 8
 514              		@ sp needed
 515 0022 10BD     		pop	{r4, pc}
 516              	.LVL48:
 517              	.L39:
 518              		.cfi_restore_state
 111:Drivers/BSP/53L1A2/53l1a2.c **** 
 519              		.loc 1 111 4 is_stmt 1 view .LVU132
 111:Drivers/BSP/53L1A2/53l1a2.c **** 
 520              		.loc 1 111 13 is_stmt 0 view .LVU133
 521 0024 0223     		movs	r3, #2
 522 0026 01AA     		add	r2, sp, #4
 523 0028 0021     		movs	r1, #0
 524 002a 8620     		movs	r0, #134
 525              	.LVL49:
 111:Drivers/BSP/53L1A2/53l1a2.c **** 
 526              		.loc 1 111 13 view .LVU134
 527 002c FFF7FEFF 		bl	_ExpanderRd
 528              	.LVL50:
 113:Drivers/BSP/53L1A2/53l1a2.c **** 	  {
 529              		.loc 1 113 4 is_stmt 1 view .LVU135
 113:Drivers/BSP/53L1A2/53l1a2.c **** 	  {
 530              		.loc 1 113 7 is_stmt 0 view .LVU136
 531 0030 0028     		cmp	r0, #0
 532 0032 F5D1     		bne	.L31
 113:Drivers/BSP/53L1A2/53l1a2.c **** 	  {
 533              		.loc 1 113 38 discriminator 1 view .LVU137
 534 0034 9DF80430 		ldrb	r3, [sp, #4]	@ zero_extendqisi2
 113:Drivers/BSP/53L1A2/53l1a2.c **** 	  {
 535              		.loc 1 113 22 discriminator 1 view .LVU138
 536 0038 002B     		cmp	r3, #0
 537 003a F1D1     		bne	.L31
ARM GAS  C:\Temp\cc9H6VJ1.s 			page 18


 113:Drivers/BSP/53L1A2/53l1a2.c **** 	  {
 538              		.loc 1 113 68 discriminator 2 view .LVU139
 539 003c 9DF80530 		ldrb	r3, [sp, #5]	@ zero_extendqisi2
 113:Drivers/BSP/53L1A2/53l1a2.c **** 	  {
 540              		.loc 1 113 52 discriminator 2 view .LVU140
 541 0040 162B     		cmp	r3, #22
 542 0042 EDD1     		bne	.L31
 119:Drivers/BSP/53L1A2/53l1a2.c **** 
 543              		.loc 1 119 4 is_stmt 1 view .LVU141
 119:Drivers/BSP/53L1A2/53l1a2.c **** 
 544              		.loc 1 119 13 is_stmt 0 view .LVU142
 545 0044 0223     		movs	r3, #2
 546 0046 01AA     		add	r2, sp, #4
 547 0048 0021     		movs	r1, #0
 548 004a 8420     		movs	r0, #132
 549              	.LVL51:
 119:Drivers/BSP/53L1A2/53l1a2.c **** 
 550              		.loc 1 119 13 view .LVU143
 551 004c FFF7FEFF 		bl	_ExpanderRd
 552              	.LVL52:
 121:Drivers/BSP/53L1A2/53l1a2.c **** 	  {
 553              		.loc 1 121 4 is_stmt 1 view .LVU144
 121:Drivers/BSP/53L1A2/53l1a2.c **** 	  {
 554              		.loc 1 121 7 is_stmt 0 view .LVU145
 555 0050 0028     		cmp	r0, #0
 556 0052 E5D1     		bne	.L31
 121:Drivers/BSP/53L1A2/53l1a2.c **** 	  {
 557              		.loc 1 121 38 discriminator 1 view .LVU146
 558 0054 9DF80430 		ldrb	r3, [sp, #4]	@ zero_extendqisi2
 121:Drivers/BSP/53L1A2/53l1a2.c **** 	  {
 559              		.loc 1 121 22 discriminator 1 view .LVU147
 560 0058 002B     		cmp	r3, #0
 561 005a E1D1     		bne	.L31
 121:Drivers/BSP/53L1A2/53l1a2.c **** 	  {
 562              		.loc 1 121 68 discriminator 2 view .LVU148
 563 005c 9DF80530 		ldrb	r3, [sp, #5]	@ zero_extendqisi2
 121:Drivers/BSP/53L1A2/53l1a2.c **** 	  {
 564              		.loc 1 121 52 discriminator 2 view .LVU149
 565 0060 162B     		cmp	r3, #22
 566 0062 DDD1     		bne	.L31
 127:Drivers/BSP/53L1A2/53l1a2.c **** 
 567              		.loc 1 127 4 is_stmt 1 view .LVU150
 127:Drivers/BSP/53L1A2/53l1a2.c **** 
 568              		.loc 1 127 17 is_stmt 0 view .LVU151
 569 0064 134B     		ldr	r3, .L40+4
 570 0066 0022     		movs	r2, #0
 571 0068 1A60     		str	r2, [r3]
 130:Drivers/BSP/53L1A2/53l1a2.c **** 	  ExpanderData[1] = 0xFFU;
 572              		.loc 1 130 4 is_stmt 1 view .LVU152
 130:Drivers/BSP/53L1A2/53l1a2.c **** 	  ExpanderData[1] = 0xFFU;
 573              		.loc 1 130 20 is_stmt 0 view .LVU153
 574 006a FF23     		movs	r3, #255
 575 006c 8DF80430 		strb	r3, [sp, #4]
 131:Drivers/BSP/53L1A2/53l1a2.c **** 
 576              		.loc 1 131 4 is_stmt 1 view .LVU154
 131:Drivers/BSP/53L1A2/53l1a2.c **** 
 577              		.loc 1 131 20 is_stmt 0 view .LVU155
ARM GAS  C:\Temp\cc9H6VJ1.s 			page 19


 578 0070 8DF80530 		strb	r3, [sp, #5]
 133:Drivers/BSP/53L1A2/53l1a2.c **** 
 579              		.loc 1 133 4 is_stmt 1 view .LVU156
 133:Drivers/BSP/53L1A2/53l1a2.c **** 
 580              		.loc 1 133 13 is_stmt 0 view .LVU157
 581 0074 0223     		movs	r3, #2
 582 0076 01AA     		add	r2, sp, #4
 583 0078 1421     		movs	r1, #20
 584 007a 8620     		movs	r0, #134
 585              	.LVL53:
 133:Drivers/BSP/53L1A2/53l1a2.c **** 
 586              		.loc 1 133 13 view .LVU158
 587 007c FFF7FEFF 		bl	_ExpanderWR
 588              	.LVL54:
 135:Drivers/BSP/53L1A2/53l1a2.c **** 	  {
 589              		.loc 1 135 4 is_stmt 1 view .LVU159
 135:Drivers/BSP/53L1A2/53l1a2.c **** 	  {
 590              		.loc 1 135 7 is_stmt 0 view .LVU160
 591 0080 0028     		cmp	r0, #0
 592 0082 CDD1     		bne	.L31
 141:Drivers/BSP/53L1A2/53l1a2.c **** 	  ExpanderData[1] = 0xBFU; /* all but bit 14-15 that is pb1 and xhurt */
 593              		.loc 1 141 4 is_stmt 1 view .LVU161
 141:Drivers/BSP/53L1A2/53l1a2.c **** 	  ExpanderData[1] = 0xBFU; /* all but bit 14-15 that is pb1 and xhurt */
 594              		.loc 1 141 20 is_stmt 0 view .LVU162
 595 0084 FF23     		movs	r3, #255
 596 0086 8DF80430 		strb	r3, [sp, #4]
 142:Drivers/BSP/53L1A2/53l1a2.c **** 
 597              		.loc 1 142 4 is_stmt 1 view .LVU163
 142:Drivers/BSP/53L1A2/53l1a2.c **** 
 598              		.loc 1 142 20 is_stmt 0 view .LVU164
 599 008a BF23     		movs	r3, #191
 600 008c 8DF80530 		strb	r3, [sp, #5]
 144:Drivers/BSP/53L1A2/53l1a2.c **** 
 601              		.loc 1 144 4 is_stmt 1 view .LVU165
 144:Drivers/BSP/53L1A2/53l1a2.c **** 
 602              		.loc 1 144 13 is_stmt 0 view .LVU166
 603 0090 0223     		movs	r3, #2
 604 0092 01AA     		add	r2, sp, #4
 605 0094 1421     		movs	r1, #20
 606 0096 8420     		movs	r0, #132
 607              	.LVL55:
 144:Drivers/BSP/53L1A2/53l1a2.c **** 
 608              		.loc 1 144 13 view .LVU167
 609 0098 FFF7FEFF 		bl	_ExpanderWR
 610              	.LVL56:
 146:Drivers/BSP/53L1A2/53l1a2.c **** 	  {
 611              		.loc 1 146 4 is_stmt 1 view .LVU168
 146:Drivers/BSP/53L1A2/53l1a2.c **** 	  {
 612              		.loc 1 146 7 is_stmt 0 view .LVU169
 613 009c 0028     		cmp	r0, #0
 614 009e BFD1     		bne	.L31
 153:Drivers/BSP/53L1A2/53l1a2.c **** 
 615              		.loc 1 153 4 is_stmt 1 view .LVU170
 153:Drivers/BSP/53L1A2/53l1a2.c **** 
 616              		.loc 1 153 17 is_stmt 0 view .LVU171
 617 00a0 044B     		ldr	r3, .L40+4
 618 00a2 6FF0C022 		mvn	r2, #-1073692672
ARM GAS  C:\Temp\cc9H6VJ1.s 			page 20


 619 00a6 1A60     		str	r2, [r3]
 155:Drivers/BSP/53L1A2/53l1a2.c **** 
 620              		.loc 1 155 4 is_stmt 1 view .LVU172
 155:Drivers/BSP/53L1A2/53l1a2.c **** 
 621              		.loc 1 155 13 is_stmt 0 view .LVU173
 622 00a8 FFF7FEFF 		bl	_ExpandersSetAllIO
 623              	.LVL57:
 157:Drivers/BSP/53L1A2/53l1a2.c **** 	  {
 624              		.loc 1 157 4 is_stmt 1 view .LVU174
 163:Drivers/BSP/53L1A2/53l1a2.c ****   return status;
 625              		.loc 1 163 1 is_stmt 0 view .LVU175
 626 00ac B8E7     		b	.L31
 627              	.L41:
 628 00ae 00BF     		.align	2
 629              	.L40:
 630 00b0 00000000 		.word	InitCounter
 631 00b4 00000000 		.word	CurIOVal
 632              		.cfi_endproc
 633              	.LFE134:
 635              		.section	.text.VL53L1A2_DeInit,"ax",%progbits
 636              		.align	1
 637              		.global	VL53L1A2_DeInit
 638              		.syntax unified
 639              		.thumb
 640              		.thumb_func
 642              	VL53L1A2_DeInit:
 643              	.LFB135:
 172:Drivers/BSP/53L1A2/53l1a2.c ****   int32_t status = 0;
 644              		.loc 1 172 1 is_stmt 1 view -0
 645              		.cfi_startproc
 646              		@ args = 0, pretend = 0, frame = 0
 647              		@ frame_needed = 0, uses_anonymous_args = 0
 648 0000 08B5     		push	{r3, lr}
 649              		.cfi_def_cfa_offset 8
 650              		.cfi_offset 3, -8
 651              		.cfi_offset 14, -4
 173:Drivers/BSP/53L1A2/53l1a2.c **** 
 652              		.loc 1 173 3 view .LVU177
 653              	.LVL58:
 175:Drivers/BSP/53L1A2/53l1a2.c ****   {
 654              		.loc 1 175 3 view .LVU178
 175:Drivers/BSP/53L1A2/53l1a2.c ****   {
 655              		.loc 1 175 19 is_stmt 0 view .LVU179
 656 0002 074B     		ldr	r3, .L48
 657 0004 1B68     		ldr	r3, [r3]
 175:Drivers/BSP/53L1A2/53l1a2.c ****   {
 658              		.loc 1 175 6 view .LVU180
 659 0006 43B1     		cbz	r3, .L44
 177:Drivers/BSP/53L1A2/53l1a2.c **** 	{
 660              		.loc 1 177 2 is_stmt 1 view .LVU181
 177:Drivers/BSP/53L1A2/53l1a2.c **** 	{
 661              		.loc 1 177 6 is_stmt 0 view .LVU182
 662 0008 013B     		subs	r3, r3, #1
 177:Drivers/BSP/53L1A2/53l1a2.c **** 	{
 663              		.loc 1 177 5 view .LVU183
 664 000a 054A     		ldr	r2, .L48
 665 000c 1360     		str	r3, [r2]
ARM GAS  C:\Temp\cc9H6VJ1.s 			page 21


 666 000e 0BB1     		cbz	r3, .L47
 173:Drivers/BSP/53L1A2/53l1a2.c **** 
 667              		.loc 1 173 11 view .LVU184
 668 0010 0020     		movs	r0, #0
 183:Drivers/BSP/53L1A2/53l1a2.c **** }
 669              		.loc 1 183 3 is_stmt 1 view .LVU185
 183:Drivers/BSP/53L1A2/53l1a2.c **** }
 670              		.loc 1 183 10 is_stmt 0 view .LVU186
 671 0012 03E0     		b	.L42
 672              	.L47:
 179:Drivers/BSP/53L1A2/53l1a2.c **** 	}
 673              		.loc 1 179 7 is_stmt 1 view .LVU187
 179:Drivers/BSP/53L1A2/53l1a2.c **** 	}
 674              		.loc 1 179 16 is_stmt 0 view .LVU188
 675 0014 FFF7FEFF 		bl	BSP_I2C1_DeInit
 676              	.LVL59:
 179:Drivers/BSP/53L1A2/53l1a2.c **** 	}
 677              		.loc 1 179 16 view .LVU189
 678 0018 00E0     		b	.L42
 679              	.LVL60:
 680              	.L44:
 173:Drivers/BSP/53L1A2/53l1a2.c **** 
 681              		.loc 1 173 11 view .LVU190
 682 001a 0020     		movs	r0, #0
 683              	.LVL61:
 684              	.L42:
 184:Drivers/BSP/53L1A2/53l1a2.c **** 
 685              		.loc 1 184 1 view .LVU191
 686 001c 08BD     		pop	{r3, pc}
 687              	.L49:
 688 001e 00BF     		.align	2
 689              	.L48:
 690 0020 00000000 		.word	InitCounter
 691              		.cfi_endproc
 692              	.LFE135:
 694              		.section	.text.VL53L1A2_ResetId,"ax",%progbits
 695              		.align	1
 696              		.global	VL53L1A2_ResetId
 697              		.syntax unified
 698              		.thumb
 699              		.thumb_func
 701              	VL53L1A2_ResetId:
 702              	.LVL62:
 703              	.LFB136:
 193:Drivers/BSP/53L1A2/53l1a2.c ****   int32_t status;
 704              		.loc 1 193 1 is_stmt 1 view -0
 705              		.cfi_startproc
 706              		@ args = 0, pretend = 0, frame = 0
 707              		@ frame_needed = 0, uses_anonymous_args = 0
 193:Drivers/BSP/53L1A2/53l1a2.c ****   int32_t status;
 708              		.loc 1 193 1 is_stmt 0 view .LVU193
 709 0000 08B5     		push	{r3, lr}
 710              		.cfi_def_cfa_offset 8
 711              		.cfi_offset 3, -8
 712              		.cfi_offset 14, -4
 194:Drivers/BSP/53L1A2/53l1a2.c **** 
 713              		.loc 1 194 3 is_stmt 1 view .LVU194
ARM GAS  C:\Temp\cc9H6VJ1.s 			page 22


 196:Drivers/BSP/53L1A2/53l1a2.c ****   {
 714              		.loc 1 196 3 view .LVU195
 715 0002 0128     		cmp	r0, #1
 716 0004 05D0     		beq	.L51
 717 0006 0228     		cmp	r0, #2
 718 0008 23D0     		beq	.L52
 719 000a 90B1     		cbz	r0, .L53
 720 000c 4FF0FF30 		mov	r0, #-1
 721              	.LVL63:
 722              	.L50:
 245:Drivers/BSP/53L1A2/53l1a2.c **** 
 723              		.loc 1 245 1 is_stmt 0 view .LVU196
 724 0010 08BD     		pop	{r3, pc}
 725              	.LVL64:
 726              	.L51:
 199:Drivers/BSP/53L1A2/53l1a2.c **** 
 727              		.loc 1 199 7 is_stmt 1 view .LVU197
 199:Drivers/BSP/53L1A2/53l1a2.c **** 
 728              		.loc 1 199 21 is_stmt 0 view .LVU198
 729 0012 184A     		ldr	r2, .L59
 730 0014 D378     		ldrb	r3, [r2, #3]	@ zero_extendqisi2
 199:Drivers/BSP/53L1A2/53l1a2.c **** 
 731              		.loc 1 199 25 view .LVU199
 732 0016 03F07F03 		and	r3, r3, #127
 733 001a D370     		strb	r3, [r2, #3]
 201:Drivers/BSP/53L1A2/53l1a2.c ****       {
 734              		.loc 1 201 7 is_stmt 1 view .LVU200
 201:Drivers/BSP/53L1A2/53l1a2.c ****       {
 735              		.loc 1 201 10 is_stmt 0 view .LVU201
 736 001c 11B1     		cbz	r1, .L55
 203:Drivers/BSP/53L1A2/53l1a2.c ****       }
 737              		.loc 1 203 9 is_stmt 1 view .LVU202
 203:Drivers/BSP/53L1A2/53l1a2.c ****       }
 738              		.loc 1 203 27 is_stmt 0 view .LVU203
 739 001e 63F07F03 		orn	r3, r3, #127
 740 0022 D370     		strb	r3, [r2, #3]
 741              	.L55:
 206:Drivers/BSP/53L1A2/53l1a2.c ****       break;
 742              		.loc 1 206 7 is_stmt 1 view .LVU204
 206:Drivers/BSP/53L1A2/53l1a2.c ****       break;
 743              		.loc 1 206 16 is_stmt 0 view .LVU205
 744 0024 0123     		movs	r3, #1
 745 0026 144A     		ldr	r2, .L59+4
 746 0028 1321     		movs	r1, #19
 747              	.LVL65:
 206:Drivers/BSP/53L1A2/53l1a2.c ****       break;
 748              		.loc 1 206 16 view .LVU206
 749 002a 8420     		movs	r0, #132
 750              	.LVL66:
 206:Drivers/BSP/53L1A2/53l1a2.c ****       break;
 751              		.loc 1 206 16 view .LVU207
 752 002c FFF7FEFF 		bl	_ExpanderWR
 753              	.LVL67:
 207:Drivers/BSP/53L1A2/53l1a2.c **** 
 754              		.loc 1 207 7 is_stmt 1 view .LVU208
 755 0030 EEE7     		b	.L50
 756              	.LVL68:
ARM GAS  C:\Temp\cc9H6VJ1.s 			page 23


 757              	.L53:
 210:Drivers/BSP/53L1A2/53l1a2.c **** 
 758              		.loc 1 210 7 view .LVU209
 210:Drivers/BSP/53L1A2/53l1a2.c **** 
 759              		.loc 1 210 21 is_stmt 0 view .LVU210
 760 0032 104A     		ldr	r2, .L59
 761 0034 5378     		ldrb	r3, [r2, #1]	@ zero_extendqisi2
 210:Drivers/BSP/53L1A2/53l1a2.c **** 
 762              		.loc 1 210 25 view .LVU211
 763 0036 03F0BF03 		and	r3, r3, #191
 764 003a 5370     		strb	r3, [r2, #1]
 212:Drivers/BSP/53L1A2/53l1a2.c ****       {
 765              		.loc 1 212 7 is_stmt 1 view .LVU212
 212:Drivers/BSP/53L1A2/53l1a2.c ****       {
 766              		.loc 1 212 10 is_stmt 0 view .LVU213
 767 003c 11B1     		cbz	r1, .L56
 214:Drivers/BSP/53L1A2/53l1a2.c ****       }
 768              		.loc 1 214 9 is_stmt 1 view .LVU214
 214:Drivers/BSP/53L1A2/53l1a2.c ****       }
 769              		.loc 1 214 27 is_stmt 0 view .LVU215
 770 003e 43F04003 		orr	r3, r3, #64
 771 0042 5370     		strb	r3, [r2, #1]
 772              	.L56:
 217:Drivers/BSP/53L1A2/53l1a2.c ****       break;
 773              		.loc 1 217 7 is_stmt 1 view .LVU216
 217:Drivers/BSP/53L1A2/53l1a2.c ****       break;
 774              		.loc 1 217 16 is_stmt 0 view .LVU217
 775 0044 0123     		movs	r3, #1
 776 0046 0D4A     		ldr	r2, .L59+8
 777 0048 1321     		movs	r1, #19
 778              	.LVL69:
 217:Drivers/BSP/53L1A2/53l1a2.c ****       break;
 779              		.loc 1 217 16 view .LVU218
 780 004a 8620     		movs	r0, #134
 781              	.LVL70:
 217:Drivers/BSP/53L1A2/53l1a2.c ****       break;
 782              		.loc 1 217 16 view .LVU219
 783 004c FFF7FEFF 		bl	_ExpanderWR
 784              	.LVL71:
 218:Drivers/BSP/53L1A2/53l1a2.c **** 
 785              		.loc 1 218 7 is_stmt 1 view .LVU220
 786 0050 DEE7     		b	.L50
 787              	.LVL72:
 788              	.L52:
 221:Drivers/BSP/53L1A2/53l1a2.c **** 
 789              		.loc 1 221 7 view .LVU221
 221:Drivers/BSP/53L1A2/53l1a2.c **** 
 790              		.loc 1 221 21 is_stmt 0 view .LVU222
 791 0052 084A     		ldr	r2, .L59
 792 0054 5378     		ldrb	r3, [r2, #1]	@ zero_extendqisi2
 221:Drivers/BSP/53L1A2/53l1a2.c **** 
 793              		.loc 1 221 25 view .LVU223
 794 0056 03F07F03 		and	r3, r3, #127
 795 005a 5370     		strb	r3, [r2, #1]
 223:Drivers/BSP/53L1A2/53l1a2.c ****       {
 796              		.loc 1 223 7 is_stmt 1 view .LVU224
 223:Drivers/BSP/53L1A2/53l1a2.c ****       {
ARM GAS  C:\Temp\cc9H6VJ1.s 			page 24


 797              		.loc 1 223 10 is_stmt 0 view .LVU225
 798 005c 11B1     		cbz	r1, .L57
 225:Drivers/BSP/53L1A2/53l1a2.c ****       }
 799              		.loc 1 225 9 is_stmt 1 view .LVU226
 225:Drivers/BSP/53L1A2/53l1a2.c ****       }
 800              		.loc 1 225 27 is_stmt 0 view .LVU227
 801 005e 63F07F03 		orn	r3, r3, #127
 802 0062 5370     		strb	r3, [r2, #1]
 803              	.L57:
 228:Drivers/BSP/53L1A2/53l1a2.c ****       break;
 804              		.loc 1 228 7 is_stmt 1 view .LVU228
 228:Drivers/BSP/53L1A2/53l1a2.c ****       break;
 805              		.loc 1 228 16 is_stmt 0 view .LVU229
 806 0064 0123     		movs	r3, #1
 807 0066 054A     		ldr	r2, .L59+8
 808 0068 1321     		movs	r1, #19
 809              	.LVL73:
 228:Drivers/BSP/53L1A2/53l1a2.c ****       break;
 810              		.loc 1 228 16 view .LVU230
 811 006a 8620     		movs	r0, #134
 812              	.LVL74:
 228:Drivers/BSP/53L1A2/53l1a2.c ****       break;
 813              		.loc 1 228 16 view .LVU231
 814 006c FFF7FEFF 		bl	_ExpanderWR
 815              	.LVL75:
 229:Drivers/BSP/53L1A2/53l1a2.c **** 
 816              		.loc 1 229 7 is_stmt 1 view .LVU232
 817              	.L54:
 240:Drivers/BSP/53L1A2/53l1a2.c ****   }
 818              		.loc 1 240 5 view .LVU233
 244:Drivers/BSP/53L1A2/53l1a2.c **** }
 819              		.loc 1 244 3 view .LVU234
 244:Drivers/BSP/53L1A2/53l1a2.c **** }
 820              		.loc 1 244 10 is_stmt 0 view .LVU235
 821 0070 CEE7     		b	.L50
 822              	.L60:
 823 0072 00BF     		.align	2
 824              	.L59:
 825 0074 00000000 		.word	CurIOVal
 826 0078 03000000 		.word	CurIOVal+3
 827 007c 01000000 		.word	CurIOVal+1
 828              		.cfi_endproc
 829              	.LFE136:
 831              		.section	.bss.is_already_init.0,"aw",%nobits
 834              	is_already_init.0:
 835 0000 00       		.space	1
 836              		.section	.bss.CurIOVal,"aw",%nobits
 837              		.align	2
 840              	CurIOVal:
 841 0000 00000000 		.space	4
 842              		.section	.bss.InitCounter,"aw",%nobits
 843              		.align	2
 846              	InitCounter:
 847 0000 00000000 		.space	4
 848              		.text
 849              	.Letext0:
 850              		.file 2 "c:\\users\\jessejabezarendse\\appdata\\roaming\\code\\user\\globalstorage\\bmd.stm32-for-
ARM GAS  C:\Temp\cc9H6VJ1.s 			page 25


 851              		.file 3 "c:\\users\\jessejabezarendse\\appdata\\roaming\\code\\user\\globalstorage\\bmd.stm32-for-
 852              		.file 4 "c:\\users\\jessejabezarendse\\appdata\\roaming\\code\\user\\globalstorage\\bmd.stm32-for-
 853              		.file 5 "Drivers/CMSIS/Device/ST/STM32F4xx/Include/stm32f411xe.h"
 854              		.file 6 "Drivers/STM32F4xx_HAL_Driver/Inc/stm32f4xx_hal_def.h"
 855              		.file 7 "Drivers/STM32F4xx_HAL_Driver/Inc/stm32f4xx_hal_gpio.h"
 856              		.file 8 "Drivers/STM32F4xx_HAL_Driver/Inc/stm32f4xx_hal_dma.h"
 857              		.file 9 "Drivers/STM32F4xx_HAL_Driver/Inc/stm32f4xx_hal_i2c.h"
 858              		.file 10 "c:\\users\\jessejabezarendse\\appdata\\roaming\\code\\user\\globalstorage\\bmd.stm32-for
 859              		.file 11 "Drivers/STM32F4xx_HAL_Driver/Inc/stm32f4xx_hal.h"
 860              		.file 12 "Core/Inc/stm32f4xx_nucleo_bus.h"
 861              		.file 13 "Drivers/BSP/53L1A2/53l1a2.h"
 862              		.file 14 "<built-in>"
ARM GAS  C:\Temp\cc9H6VJ1.s 			page 26


DEFINED SYMBOLS
                            *ABS*:00000000 53l1a2.c
  C:\Temp\cc9H6VJ1.s:21     .text._I2cFailRecover:00000000 $t
  C:\Temp\cc9H6VJ1.s:26     .text._I2cFailRecover:00000000 _I2cFailRecover
  C:\Temp\cc9H6VJ1.s:233    .text._I2cFailRecover:000000d8 $d
  C:\Temp\cc9H6VJ1.s:834    .bss.is_already_init.0:00000000 is_already_init.0
  C:\Temp\cc9H6VJ1.s:240    .text._ExpanderRd:00000000 $t
  C:\Temp\cc9H6VJ1.s:245    .text._ExpanderRd:00000000 _ExpanderRd
  C:\Temp\cc9H6VJ1.s:322    .text._ExpanderRd:0000003c $d
  C:\Temp\cc9H6VJ1.s:327    .text._ExpanderWR:00000000 $t
  C:\Temp\cc9H6VJ1.s:332    .text._ExpanderWR:00000000 _ExpanderWR
  C:\Temp\cc9H6VJ1.s:393    .text._ExpanderWR:00000030 $d
  C:\Temp\cc9H6VJ1.s:398    .text._ExpandersSetAllIO:00000000 $t
  C:\Temp\cc9H6VJ1.s:403    .text._ExpandersSetAllIO:00000000 _ExpandersSetAllIO
  C:\Temp\cc9H6VJ1.s:448    .text._ExpandersSetAllIO:00000020 $d
  C:\Temp\cc9H6VJ1.s:840    .bss.CurIOVal:00000000 CurIOVal
  C:\Temp\cc9H6VJ1.s:454    .text.VL53L1A2_Init:00000000 $t
  C:\Temp\cc9H6VJ1.s:460    .text.VL53L1A2_Init:00000000 VL53L1A2_Init
  C:\Temp\cc9H6VJ1.s:630    .text.VL53L1A2_Init:000000b0 $d
  C:\Temp\cc9H6VJ1.s:846    .bss.InitCounter:00000000 InitCounter
  C:\Temp\cc9H6VJ1.s:636    .text.VL53L1A2_DeInit:00000000 $t
  C:\Temp\cc9H6VJ1.s:642    .text.VL53L1A2_DeInit:00000000 VL53L1A2_DeInit
  C:\Temp\cc9H6VJ1.s:690    .text.VL53L1A2_DeInit:00000020 $d
  C:\Temp\cc9H6VJ1.s:695    .text.VL53L1A2_ResetId:00000000 $t
  C:\Temp\cc9H6VJ1.s:701    .text.VL53L1A2_ResetId:00000000 VL53L1A2_ResetId
  C:\Temp\cc9H6VJ1.s:825    .text.VL53L1A2_ResetId:00000074 $d
  C:\Temp\cc9H6VJ1.s:835    .bss.is_already_init.0:00000000 $d
  C:\Temp\cc9H6VJ1.s:837    .bss.CurIOVal:00000000 $d
  C:\Temp\cc9H6VJ1.s:843    .bss.InitCounter:00000000 $d

UNDEFINED SYMBOLS
HAL_GPIO_Init
HAL_GPIO_WritePin
HAL_Delay
HAL_GPIO_ReadPin
HAL_I2C_Master_Transmit
HAL_I2C_Master_Receive
hi2c1
memcpy
BSP_I2C1_Init
BSP_I2C1_DeInit
