ARM GAS  C:\Temp\ccFTRQ2m.s 			page 1


   1              		.cpu cortex-m4
   2              		.arch armv7e-m
   3              		.fpu fpv4-sp-d16
   4              		.eabi_attribute 27, 1
   5              		.eabi_attribute 28, 1
   6              		.eabi_attribute 20, 1
   7              		.eabi_attribute 21, 1
   8              		.eabi_attribute 23, 3
   9              		.eabi_attribute 24, 1
  10              		.eabi_attribute 25, 1
  11              		.eabi_attribute 26, 1
  12              		.eabi_attribute 30, 1
  13              		.eabi_attribute 34, 1
  14              		.eabi_attribute 18, 4
  15              		.file	"vl53l1_hist_char.c"
  16              		.text
  17              	.Ltext0:
  18              		.cfi_sections	.debug_frame
  19              		.file 1 "Drivers/BSP/Components/vl53l1cb/modules/vl53l1_hist_char.c"
  20              		.section	.text.VL53L1_set_calib_config,"ax",%progbits
  21              		.align	1
  22              		.global	VL53L1_set_calib_config
  23              		.syntax unified
  24              		.thumb
  25              		.thumb_func
  27              	VL53L1_set_calib_config:
  28              	.LVL0:
  29              	.LFB3:
   1:Drivers/BSP/Components/vl53l1cb/modules/vl53l1_hist_char.c **** /**
   2:Drivers/BSP/Components/vl53l1cb/modules/vl53l1_hist_char.c ****  ******************************************************************************
   3:Drivers/BSP/Components/vl53l1cb/modules/vl53l1_hist_char.c ****  * Copyright (c) 2020, STMicroelectronics - All Rights Reserved
   4:Drivers/BSP/Components/vl53l1cb/modules/vl53l1_hist_char.c ****  *
   5:Drivers/BSP/Components/vl53l1cb/modules/vl53l1_hist_char.c ****  * This software is licensed under terms that can be found in the LICENSE file
   6:Drivers/BSP/Components/vl53l1cb/modules/vl53l1_hist_char.c ****  * in the root directory of this software component.
   7:Drivers/BSP/Components/vl53l1cb/modules/vl53l1_hist_char.c ****  * If no LICENSE file comes with this software, it is provided AS-IS.
   8:Drivers/BSP/Components/vl53l1cb/modules/vl53l1_hist_char.c ****  *
   9:Drivers/BSP/Components/vl53l1cb/modules/vl53l1_hist_char.c ****  ******************************************************************************
  10:Drivers/BSP/Components/vl53l1cb/modules/vl53l1_hist_char.c ****  */
  11:Drivers/BSP/Components/vl53l1cb/modules/vl53l1_hist_char.c **** 
  12:Drivers/BSP/Components/vl53l1cb/modules/vl53l1_hist_char.c **** 
  13:Drivers/BSP/Components/vl53l1cb/modules/vl53l1_hist_char.c **** 
  14:Drivers/BSP/Components/vl53l1cb/modules/vl53l1_hist_char.c **** 
  15:Drivers/BSP/Components/vl53l1cb/modules/vl53l1_hist_char.c **** 
  16:Drivers/BSP/Components/vl53l1cb/modules/vl53l1_hist_char.c **** #include <stdio.h>
  17:Drivers/BSP/Components/vl53l1cb/modules/vl53l1_hist_char.c **** #include <stdlib.h>
  18:Drivers/BSP/Components/vl53l1cb/modules/vl53l1_hist_char.c **** 
  19:Drivers/BSP/Components/vl53l1cb/modules/vl53l1_hist_char.c **** 
  20:Drivers/BSP/Components/vl53l1cb/modules/vl53l1_hist_char.c **** 
  21:Drivers/BSP/Components/vl53l1cb/modules/vl53l1_hist_char.c **** #include "vl53l1_core.h"
  22:Drivers/BSP/Components/vl53l1cb/modules/vl53l1_hist_char.c **** #include "vl53l1_register_settings.h"
  23:Drivers/BSP/Components/vl53l1cb/modules/vl53l1_hist_char.c **** #include "vl53l1_hist_char.h"
  24:Drivers/BSP/Components/vl53l1cb/modules/vl53l1_hist_char.c **** 
  25:Drivers/BSP/Components/vl53l1cb/modules/vl53l1_hist_char.c **** #define LOG_FUNCTION_START(fmt, ...) \
  26:Drivers/BSP/Components/vl53l1cb/modules/vl53l1_hist_char.c **** 	_LOG_FUNCTION_START(VL53L1_TRACE_MODULE_HISTOGRAM, fmt, ##__VA_ARGS__)
  27:Drivers/BSP/Components/vl53l1cb/modules/vl53l1_hist_char.c **** #define LOG_FUNCTION_END(status, ...) \
  28:Drivers/BSP/Components/vl53l1cb/modules/vl53l1_hist_char.c **** 	_LOG_FUNCTION_END(VL53L1_TRACE_MODULE_HISTOGRAM, status, ##__VA_ARGS__)
  29:Drivers/BSP/Components/vl53l1cb/modules/vl53l1_hist_char.c **** #define LOG_FUNCTION_END_FMT(status, fmt, ...) \
ARM GAS  C:\Temp\ccFTRQ2m.s 			page 2


  30:Drivers/BSP/Components/vl53l1cb/modules/vl53l1_hist_char.c **** 	_LOG_FUNCTION_END_FMT(VL53L1_TRACE_MODULE_HISTOGRAM,\
  31:Drivers/BSP/Components/vl53l1cb/modules/vl53l1_hist_char.c **** 		status, fmt, ##__VA_ARGS__)
  32:Drivers/BSP/Components/vl53l1cb/modules/vl53l1_hist_char.c **** 
  33:Drivers/BSP/Components/vl53l1cb/modules/vl53l1_hist_char.c **** 
  34:Drivers/BSP/Components/vl53l1cb/modules/vl53l1_hist_char.c **** VL53L1_Error VL53L1_set_calib_config(
  35:Drivers/BSP/Components/vl53l1cb/modules/vl53l1_hist_char.c **** 	VL53L1_DEV      Dev,
  36:Drivers/BSP/Components/vl53l1cb/modules/vl53l1_hist_char.c **** 	uint8_t         vcsel_delay__a0,
  37:Drivers/BSP/Components/vl53l1cb/modules/vl53l1_hist_char.c **** 	uint8_t         calib_1,
  38:Drivers/BSP/Components/vl53l1cb/modules/vl53l1_hist_char.c **** 	uint8_t         calib_2,
  39:Drivers/BSP/Components/vl53l1cb/modules/vl53l1_hist_char.c **** 	uint8_t         calib_3,
  40:Drivers/BSP/Components/vl53l1cb/modules/vl53l1_hist_char.c **** 	uint8_t         calib_2__a0,
  41:Drivers/BSP/Components/vl53l1cb/modules/vl53l1_hist_char.c **** 	uint8_t         spad_readout)
  42:Drivers/BSP/Components/vl53l1cb/modules/vl53l1_hist_char.c **** {
  30              		.loc 1 42 1 view -0
  31              		.cfi_startproc
  32              		@ args = 12, pretend = 0, frame = 8
  33              		@ frame_needed = 0, uses_anonymous_args = 0
  34              		.loc 1 42 1 is_stmt 0 view .LVU1
  35 0000 2DE9F041 		push	{r4, r5, r6, r7, r8, lr}
  36              		.cfi_def_cfa_offset 24
  37              		.cfi_offset 4, -24
  38              		.cfi_offset 5, -20
  39              		.cfi_offset 6, -16
  40              		.cfi_offset 7, -12
  41              		.cfi_offset 8, -8
  42              		.cfi_offset 14, -4
  43 0004 82B0     		sub	sp, sp, #8
  44              		.cfi_def_cfa_offset 32
  45 0006 0546     		mov	r5, r0
  46 0008 8846     		mov	r8, r1
  47 000a 1746     		mov	r7, r2
  48 000c 1E46     		mov	r6, r3
  43:Drivers/BSP/Components/vl53l1cb/modules/vl53l1_hist_char.c **** 
  44:Drivers/BSP/Components/vl53l1cb/modules/vl53l1_hist_char.c **** 
  45:Drivers/BSP/Components/vl53l1cb/modules/vl53l1_hist_char.c **** 	VL53L1_Error status       = VL53L1_ERROR_NONE;
  49              		.loc 1 45 2 is_stmt 1 view .LVU2
  50              	.LVL1:
  46:Drivers/BSP/Components/vl53l1cb/modules/vl53l1_hist_char.c **** 	uint8_t      comms_buffer[3];
  51              		.loc 1 46 2 view .LVU3
  47:Drivers/BSP/Components/vl53l1cb/modules/vl53l1_hist_char.c **** 
  48:Drivers/BSP/Components/vl53l1cb/modules/vl53l1_hist_char.c **** 	LOG_FUNCTION_START("");
  52              		.loc 1 48 24 view .LVU4
  49:Drivers/BSP/Components/vl53l1cb/modules/vl53l1_hist_char.c **** 
  50:Drivers/BSP/Components/vl53l1cb/modules/vl53l1_hist_char.c **** 
  51:Drivers/BSP/Components/vl53l1cb/modules/vl53l1_hist_char.c **** 
  52:Drivers/BSP/Components/vl53l1cb/modules/vl53l1_hist_char.c **** 	status = VL53L1_enable_powerforce(Dev);
  53              		.loc 1 52 2 view .LVU5
  54              		.loc 1 52 11 is_stmt 0 view .LVU6
  55 000e FFF7FEFF 		bl	VL53L1_enable_powerforce
  56              	.LVL2:
  53:Drivers/BSP/Components/vl53l1cb/modules/vl53l1_hist_char.c **** 
  54:Drivers/BSP/Components/vl53l1cb/modules/vl53l1_hist_char.c **** 
  55:Drivers/BSP/Components/vl53l1cb/modules/vl53l1_hist_char.c **** 	if (status == VL53L1_ERROR_NONE)
  57              		.loc 1 55 2 is_stmt 1 view .LVU7
  58              		.loc 1 55 5 is_stmt 0 view .LVU8
  59 0012 0446     		mov	r4, r0
  60 0014 20B1     		cbz	r0, .L5
ARM GAS  C:\Temp\ccFTRQ2m.s 			page 3


  61              	.LVL3:
  62              	.L2:
  56:Drivers/BSP/Components/vl53l1cb/modules/vl53l1_hist_char.c **** 		status = VL53L1_disable_firmware(Dev);
  57:Drivers/BSP/Components/vl53l1cb/modules/vl53l1_hist_char.c **** 
  58:Drivers/BSP/Components/vl53l1cb/modules/vl53l1_hist_char.c **** 
  59:Drivers/BSP/Components/vl53l1cb/modules/vl53l1_hist_char.c **** 
  60:Drivers/BSP/Components/vl53l1cb/modules/vl53l1_hist_char.c **** 
  61:Drivers/BSP/Components/vl53l1cb/modules/vl53l1_hist_char.c **** 	if (status == VL53L1_ERROR_NONE) {
  62:Drivers/BSP/Components/vl53l1cb/modules/vl53l1_hist_char.c **** 		status = VL53L1_WrByte(
  63:Drivers/BSP/Components/vl53l1cb/modules/vl53l1_hist_char.c **** 					Dev,
  64:Drivers/BSP/Components/vl53l1cb/modules/vl53l1_hist_char.c **** 					VL53L1_RANGING_CORE__VCSEL_DELAY__A0,
  65:Drivers/BSP/Components/vl53l1cb/modules/vl53l1_hist_char.c **** 					vcsel_delay__a0);
  66:Drivers/BSP/Components/vl53l1cb/modules/vl53l1_hist_char.c **** 	}
  67:Drivers/BSP/Components/vl53l1cb/modules/vl53l1_hist_char.c **** 
  68:Drivers/BSP/Components/vl53l1cb/modules/vl53l1_hist_char.c **** 
  69:Drivers/BSP/Components/vl53l1cb/modules/vl53l1_hist_char.c **** 
  70:Drivers/BSP/Components/vl53l1cb/modules/vl53l1_hist_char.c **** 	if (status == VL53L1_ERROR_NONE) {
  63              		.loc 1 70 2 is_stmt 1 view .LVU9
  64              		.loc 1 70 5 is_stmt 0 view .LVU10
  65 0016 8CB1     		cbz	r4, .L6
  66              	.LVL4:
  67              	.L3:
  71:Drivers/BSP/Components/vl53l1cb/modules/vl53l1_hist_char.c **** 
  72:Drivers/BSP/Components/vl53l1cb/modules/vl53l1_hist_char.c **** 
  73:Drivers/BSP/Components/vl53l1cb/modules/vl53l1_hist_char.c **** 		comms_buffer[0] = calib_1;
  74:Drivers/BSP/Components/vl53l1cb/modules/vl53l1_hist_char.c **** 		comms_buffer[1] = calib_2;
  75:Drivers/BSP/Components/vl53l1cb/modules/vl53l1_hist_char.c **** 		comms_buffer[2] = calib_3;
  76:Drivers/BSP/Components/vl53l1cb/modules/vl53l1_hist_char.c **** 
  77:Drivers/BSP/Components/vl53l1cb/modules/vl53l1_hist_char.c **** 		status = VL53L1_WriteMulti(
  78:Drivers/BSP/Components/vl53l1cb/modules/vl53l1_hist_char.c **** 					Dev,
  79:Drivers/BSP/Components/vl53l1cb/modules/vl53l1_hist_char.c **** 					VL53L1_RANGING_CORE__CALIB_1,
  80:Drivers/BSP/Components/vl53l1cb/modules/vl53l1_hist_char.c **** 					comms_buffer,
  81:Drivers/BSP/Components/vl53l1cb/modules/vl53l1_hist_char.c **** 					3);
  82:Drivers/BSP/Components/vl53l1cb/modules/vl53l1_hist_char.c **** 	}
  83:Drivers/BSP/Components/vl53l1cb/modules/vl53l1_hist_char.c **** 
  84:Drivers/BSP/Components/vl53l1cb/modules/vl53l1_hist_char.c **** 
  85:Drivers/BSP/Components/vl53l1cb/modules/vl53l1_hist_char.c **** 
  86:Drivers/BSP/Components/vl53l1cb/modules/vl53l1_hist_char.c **** 	if (status == VL53L1_ERROR_NONE)
  87:Drivers/BSP/Components/vl53l1cb/modules/vl53l1_hist_char.c **** 		status = VL53L1_WrByte(
  88:Drivers/BSP/Components/vl53l1cb/modules/vl53l1_hist_char.c **** 					Dev,
  89:Drivers/BSP/Components/vl53l1cb/modules/vl53l1_hist_char.c **** 					VL53L1_RANGING_CORE__CALIB_2__A0,
  90:Drivers/BSP/Components/vl53l1cb/modules/vl53l1_hist_char.c **** 					calib_2__a0);
  91:Drivers/BSP/Components/vl53l1cb/modules/vl53l1_hist_char.c **** 
  92:Drivers/BSP/Components/vl53l1cb/modules/vl53l1_hist_char.c **** 
  93:Drivers/BSP/Components/vl53l1cb/modules/vl53l1_hist_char.c **** 
  94:Drivers/BSP/Components/vl53l1cb/modules/vl53l1_hist_char.c **** 	if (status == VL53L1_ERROR_NONE)
  95:Drivers/BSP/Components/vl53l1cb/modules/vl53l1_hist_char.c **** 		status = VL53L1_WrByte(
  96:Drivers/BSP/Components/vl53l1cb/modules/vl53l1_hist_char.c **** 					Dev,
  97:Drivers/BSP/Components/vl53l1cb/modules/vl53l1_hist_char.c **** 					VL53L1_RANGING_CORE__SPAD_READOUT,
  98:Drivers/BSP/Components/vl53l1cb/modules/vl53l1_hist_char.c **** 					spad_readout);
  99:Drivers/BSP/Components/vl53l1cb/modules/vl53l1_hist_char.c **** 
 100:Drivers/BSP/Components/vl53l1cb/modules/vl53l1_hist_char.c **** 
 101:Drivers/BSP/Components/vl53l1cb/modules/vl53l1_hist_char.c **** 
 102:Drivers/BSP/Components/vl53l1cb/modules/vl53l1_hist_char.c **** 	if (status == VL53L1_ERROR_NONE)
 103:Drivers/BSP/Components/vl53l1cb/modules/vl53l1_hist_char.c **** 		status = VL53L1_enable_firmware(Dev);
 104:Drivers/BSP/Components/vl53l1cb/modules/vl53l1_hist_char.c **** 
 105:Drivers/BSP/Components/vl53l1cb/modules/vl53l1_hist_char.c **** 	LOG_FUNCTION_END(status);
ARM GAS  C:\Temp\ccFTRQ2m.s 			page 4


  68              		.loc 1 105 26 is_stmt 1 view .LVU11
 106:Drivers/BSP/Components/vl53l1cb/modules/vl53l1_hist_char.c **** 
 107:Drivers/BSP/Components/vl53l1cb/modules/vl53l1_hist_char.c **** 	return status;
  69              		.loc 1 107 2 view .LVU12
 108:Drivers/BSP/Components/vl53l1cb/modules/vl53l1_hist_char.c **** }
  70              		.loc 1 108 1 is_stmt 0 view .LVU13
  71 0018 2046     		mov	r0, r4
  72 001a 02B0     		add	sp, sp, #8
  73              		.cfi_remember_state
  74              		.cfi_def_cfa_offset 24
  75              		@ sp needed
  76 001c BDE8F081 		pop	{r4, r5, r6, r7, r8, pc}
  77              	.LVL5:
  78              	.L5:
  79              		.cfi_restore_state
  56:Drivers/BSP/Components/vl53l1cb/modules/vl53l1_hist_char.c **** 
  80              		.loc 1 56 3 is_stmt 1 view .LVU14
  56:Drivers/BSP/Components/vl53l1cb/modules/vl53l1_hist_char.c **** 
  81              		.loc 1 56 12 is_stmt 0 view .LVU15
  82 0020 2846     		mov	r0, r5
  83              	.LVL6:
  56:Drivers/BSP/Components/vl53l1cb/modules/vl53l1_hist_char.c **** 
  84              		.loc 1 56 12 view .LVU16
  85 0022 FFF7FEFF 		bl	VL53L1_disable_firmware
  86              	.LVL7:
  61:Drivers/BSP/Components/vl53l1cb/modules/vl53l1_hist_char.c **** 		status = VL53L1_WrByte(
  87              		.loc 1 61 2 is_stmt 1 view .LVU17
  61:Drivers/BSP/Components/vl53l1cb/modules/vl53l1_hist_char.c **** 		status = VL53L1_WrByte(
  88              		.loc 1 61 5 is_stmt 0 view .LVU18
  89 0026 0446     		mov	r4, r0
  90 0028 0028     		cmp	r0, #0
  91 002a F5D1     		bne	.L3
  62:Drivers/BSP/Components/vl53l1cb/modules/vl53l1_hist_char.c **** 					Dev,
  92              		.loc 1 62 3 is_stmt 1 view .LVU19
  62:Drivers/BSP/Components/vl53l1cb/modules/vl53l1_hist_char.c **** 					Dev,
  93              		.loc 1 62 12 is_stmt 0 view .LVU20
  94 002c 4246     		mov	r2, r8
  95 002e 40F61A21 		movw	r1, #2586
  96 0032 2846     		mov	r0, r5
  97              	.LVL8:
  62:Drivers/BSP/Components/vl53l1cb/modules/vl53l1_hist_char.c **** 					Dev,
  98              		.loc 1 62 12 view .LVU21
  99 0034 FFF7FEFF 		bl	VL53L1_WrByte
 100              	.LVL9:
 101 0038 0446     		mov	r4, r0
 102              	.LVL10:
  62:Drivers/BSP/Components/vl53l1cb/modules/vl53l1_hist_char.c **** 					Dev,
 103              		.loc 1 62 12 view .LVU22
 104 003a ECE7     		b	.L2
 105              	.L6:
  73:Drivers/BSP/Components/vl53l1cb/modules/vl53l1_hist_char.c **** 		comms_buffer[1] = calib_2;
 106              		.loc 1 73 3 is_stmt 1 view .LVU23
  73:Drivers/BSP/Components/vl53l1cb/modules/vl53l1_hist_char.c **** 		comms_buffer[1] = calib_2;
 107              		.loc 1 73 19 is_stmt 0 view .LVU24
 108 003c 8DF80470 		strb	r7, [sp, #4]
  74:Drivers/BSP/Components/vl53l1cb/modules/vl53l1_hist_char.c **** 		comms_buffer[2] = calib_3;
 109              		.loc 1 74 3 is_stmt 1 view .LVU25
ARM GAS  C:\Temp\ccFTRQ2m.s 			page 5


  74:Drivers/BSP/Components/vl53l1cb/modules/vl53l1_hist_char.c **** 		comms_buffer[2] = calib_3;
 110              		.loc 1 74 19 is_stmt 0 view .LVU26
 111 0040 8DF80560 		strb	r6, [sp, #5]
  75:Drivers/BSP/Components/vl53l1cb/modules/vl53l1_hist_char.c **** 
 112              		.loc 1 75 3 is_stmt 1 view .LVU27
  75:Drivers/BSP/Components/vl53l1cb/modules/vl53l1_hist_char.c **** 
 113              		.loc 1 75 19 is_stmt 0 view .LVU28
 114 0044 9DF82030 		ldrb	r3, [sp, #32]	@ zero_extendqisi2
 115 0048 8DF80630 		strb	r3, [sp, #6]
  77:Drivers/BSP/Components/vl53l1cb/modules/vl53l1_hist_char.c **** 					Dev,
 116              		.loc 1 77 3 is_stmt 1 view .LVU29
  77:Drivers/BSP/Components/vl53l1cb/modules/vl53l1_hist_char.c **** 					Dev,
 117              		.loc 1 77 12 is_stmt 0 view .LVU30
 118 004c 0323     		movs	r3, #3
 119 004e 01AA     		add	r2, sp, #4
 120 0050 40F2C461 		movw	r1, #1732
 121 0054 2846     		mov	r0, r5
 122 0056 FFF7FEFF 		bl	VL53L1_WriteMulti
 123              	.LVL11:
  86:Drivers/BSP/Components/vl53l1cb/modules/vl53l1_hist_char.c **** 		status = VL53L1_WrByte(
 124              		.loc 1 86 2 is_stmt 1 view .LVU31
  86:Drivers/BSP/Components/vl53l1cb/modules/vl53l1_hist_char.c **** 		status = VL53L1_WrByte(
 125              		.loc 1 86 5 is_stmt 0 view .LVU32
 126 005a 0446     		mov	r4, r0
 127 005c 0028     		cmp	r0, #0
 128 005e DBD1     		bne	.L3
  87:Drivers/BSP/Components/vl53l1cb/modules/vl53l1_hist_char.c **** 					Dev,
 129              		.loc 1 87 3 is_stmt 1 view .LVU33
  87:Drivers/BSP/Components/vl53l1cb/modules/vl53l1_hist_char.c **** 					Dev,
 130              		.loc 1 87 12 is_stmt 0 view .LVU34
 131 0060 9DF82420 		ldrb	r2, [sp, #36]	@ zero_extendqisi2
 132 0064 40F60A21 		movw	r1, #2570
 133 0068 2846     		mov	r0, r5
 134              	.LVL12:
  87:Drivers/BSP/Components/vl53l1cb/modules/vl53l1_hist_char.c **** 					Dev,
 135              		.loc 1 87 12 view .LVU35
 136 006a FFF7FEFF 		bl	VL53L1_WrByte
 137              	.LVL13:
  94:Drivers/BSP/Components/vl53l1cb/modules/vl53l1_hist_char.c **** 		status = VL53L1_WrByte(
 138              		.loc 1 94 2 is_stmt 1 view .LVU36
  94:Drivers/BSP/Components/vl53l1cb/modules/vl53l1_hist_char.c **** 		status = VL53L1_WrByte(
 139              		.loc 1 94 5 is_stmt 0 view .LVU37
 140 006e 0446     		mov	r4, r0
 141 0070 0028     		cmp	r0, #0
 142 0072 D1D1     		bne	.L3
  95:Drivers/BSP/Components/vl53l1cb/modules/vl53l1_hist_char.c **** 					Dev,
 143              		.loc 1 95 3 is_stmt 1 view .LVU38
  95:Drivers/BSP/Components/vl53l1cb/modules/vl53l1_hist_char.c **** 					Dev,
 144              		.loc 1 95 12 is_stmt 0 view .LVU39
 145 0074 9DF82820 		ldrb	r2, [sp, #40]	@ zero_extendqisi2
 146 0078 40F2CF61 		movw	r1, #1743
 147 007c 2846     		mov	r0, r5
 148              	.LVL14:
  95:Drivers/BSP/Components/vl53l1cb/modules/vl53l1_hist_char.c **** 					Dev,
 149              		.loc 1 95 12 view .LVU40
 150 007e FFF7FEFF 		bl	VL53L1_WrByte
 151              	.LVL15:
ARM GAS  C:\Temp\ccFTRQ2m.s 			page 6


 102:Drivers/BSP/Components/vl53l1cb/modules/vl53l1_hist_char.c **** 		status = VL53L1_enable_firmware(Dev);
 152              		.loc 1 102 2 is_stmt 1 view .LVU41
 102:Drivers/BSP/Components/vl53l1cb/modules/vl53l1_hist_char.c **** 		status = VL53L1_enable_firmware(Dev);
 153              		.loc 1 102 5 is_stmt 0 view .LVU42
 154 0082 0446     		mov	r4, r0
 155 0084 0028     		cmp	r0, #0
 156 0086 C7D1     		bne	.L3
 103:Drivers/BSP/Components/vl53l1cb/modules/vl53l1_hist_char.c **** 
 157              		.loc 1 103 3 is_stmt 1 view .LVU43
 103:Drivers/BSP/Components/vl53l1cb/modules/vl53l1_hist_char.c **** 
 158              		.loc 1 103 12 is_stmt 0 view .LVU44
 159 0088 2846     		mov	r0, r5
 160              	.LVL16:
 103:Drivers/BSP/Components/vl53l1cb/modules/vl53l1_hist_char.c **** 
 161              		.loc 1 103 12 view .LVU45
 162 008a FFF7FEFF 		bl	VL53L1_enable_firmware
 163              	.LVL17:
 164 008e 0446     		mov	r4, r0
 165              	.LVL18:
 103:Drivers/BSP/Components/vl53l1cb/modules/vl53l1_hist_char.c **** 
 166              		.loc 1 103 12 view .LVU46
 167 0090 C2E7     		b	.L3
 168              		.cfi_endproc
 169              	.LFE3:
 171              		.section	.text.VL53L1_set_hist_calib_pulse_delay,"ax",%progbits
 172              		.align	1
 173              		.global	VL53L1_set_hist_calib_pulse_delay
 174              		.syntax unified
 175              		.thumb
 176              		.thumb_func
 178              	VL53L1_set_hist_calib_pulse_delay:
 179              	.LVL19:
 180              	.LFB4:
 109:Drivers/BSP/Components/vl53l1cb/modules/vl53l1_hist_char.c **** 
 110:Drivers/BSP/Components/vl53l1cb/modules/vl53l1_hist_char.c **** 
 111:Drivers/BSP/Components/vl53l1cb/modules/vl53l1_hist_char.c **** 
 112:Drivers/BSP/Components/vl53l1cb/modules/vl53l1_hist_char.c **** VL53L1_Error VL53L1_set_hist_calib_pulse_delay(
 113:Drivers/BSP/Components/vl53l1cb/modules/vl53l1_hist_char.c **** 	VL53L1_DEV      Dev,
 114:Drivers/BSP/Components/vl53l1cb/modules/vl53l1_hist_char.c **** 	uint8_t         calib_delay)
 115:Drivers/BSP/Components/vl53l1cb/modules/vl53l1_hist_char.c **** {
 181              		.loc 1 115 1 is_stmt 1 view -0
 182              		.cfi_startproc
 183              		@ args = 0, pretend = 0, frame = 0
 184              		@ frame_needed = 0, uses_anonymous_args = 0
 185              		.loc 1 115 1 is_stmt 0 view .LVU48
 186 0000 00B5     		push	{lr}
 187              		.cfi_def_cfa_offset 4
 188              		.cfi_offset 14, -4
 189 0002 85B0     		sub	sp, sp, #20
 190              		.cfi_def_cfa_offset 24
 191 0004 0A46     		mov	r2, r1
 116:Drivers/BSP/Components/vl53l1cb/modules/vl53l1_hist_char.c **** 
 117:Drivers/BSP/Components/vl53l1cb/modules/vl53l1_hist_char.c **** 
 118:Drivers/BSP/Components/vl53l1cb/modules/vl53l1_hist_char.c **** 	VL53L1_Error status       = VL53L1_ERROR_NONE;
 192              		.loc 1 118 2 is_stmt 1 view .LVU49
 193              	.LVL20:
 119:Drivers/BSP/Components/vl53l1cb/modules/vl53l1_hist_char.c **** 
ARM GAS  C:\Temp\ccFTRQ2m.s 			page 7


 120:Drivers/BSP/Components/vl53l1cb/modules/vl53l1_hist_char.c **** 	LOG_FUNCTION_START("");
 194              		.loc 1 120 24 view .LVU50
 121:Drivers/BSP/Components/vl53l1cb/modules/vl53l1_hist_char.c **** 
 122:Drivers/BSP/Components/vl53l1cb/modules/vl53l1_hist_char.c **** 	status =
 195              		.loc 1 122 2 view .LVU51
 123:Drivers/BSP/Components/vl53l1cb/modules/vl53l1_hist_char.c **** 		VL53L1_set_calib_config(
 196              		.loc 1 123 3 is_stmt 0 view .LVU52
 197 0006 F523     		movs	r3, #245
 198 0008 0293     		str	r3, [sp, #8]
 199 000a 1423     		movs	r3, #20
 200 000c 0193     		str	r3, [sp, #4]
 201 000e 0823     		movs	r3, #8
 202 0010 0093     		str	r3, [sp]
 203 0012 0423     		movs	r3, #4
 204 0014 0121     		movs	r1, #1
 205              	.LVL21:
 206              		.loc 1 123 3 view .LVU53
 207 0016 FFF7FEFF 		bl	VL53L1_set_calib_config
 208              	.LVL22:
 124:Drivers/BSP/Components/vl53l1cb/modules/vl53l1_hist_char.c **** 			Dev,
 125:Drivers/BSP/Components/vl53l1cb/modules/vl53l1_hist_char.c **** 			0x01,
 126:Drivers/BSP/Components/vl53l1cb/modules/vl53l1_hist_char.c **** 			calib_delay,
 127:Drivers/BSP/Components/vl53l1cb/modules/vl53l1_hist_char.c **** 			0x04,
 128:Drivers/BSP/Components/vl53l1cb/modules/vl53l1_hist_char.c **** 			0x08,
 129:Drivers/BSP/Components/vl53l1cb/modules/vl53l1_hist_char.c **** 			0x14,
 130:Drivers/BSP/Components/vl53l1cb/modules/vl53l1_hist_char.c **** 			VL53L1_RANGING_CORE__SPAD_READOUT__CALIB_PULSES);
 131:Drivers/BSP/Components/vl53l1cb/modules/vl53l1_hist_char.c **** 
 132:Drivers/BSP/Components/vl53l1cb/modules/vl53l1_hist_char.c **** 	LOG_FUNCTION_END(status);
 209              		.loc 1 132 26 is_stmt 1 view .LVU54
 133:Drivers/BSP/Components/vl53l1cb/modules/vl53l1_hist_char.c **** 
 134:Drivers/BSP/Components/vl53l1cb/modules/vl53l1_hist_char.c **** 	return status;
 210              		.loc 1 134 2 view .LVU55
 135:Drivers/BSP/Components/vl53l1cb/modules/vl53l1_hist_char.c **** }
 211              		.loc 1 135 1 is_stmt 0 view .LVU56
 212 001a 05B0     		add	sp, sp, #20
 213              		.cfi_def_cfa_offset 4
 214              		@ sp needed
 215 001c 5DF804FB 		ldr	pc, [sp], #4
 216              		.cfi_endproc
 217              	.LFE4:
 219              		.section	.text.VL53L1_disable_calib_pulse_delay,"ax",%progbits
 220              		.align	1
 221              		.global	VL53L1_disable_calib_pulse_delay
 222              		.syntax unified
 223              		.thumb
 224              		.thumb_func
 226              	VL53L1_disable_calib_pulse_delay:
 227              	.LVL23:
 228              	.LFB5:
 136:Drivers/BSP/Components/vl53l1cb/modules/vl53l1_hist_char.c **** 
 137:Drivers/BSP/Components/vl53l1cb/modules/vl53l1_hist_char.c **** 
 138:Drivers/BSP/Components/vl53l1cb/modules/vl53l1_hist_char.c **** VL53L1_Error VL53L1_disable_calib_pulse_delay(
 139:Drivers/BSP/Components/vl53l1cb/modules/vl53l1_hist_char.c **** 	VL53L1_DEV      Dev)
 140:Drivers/BSP/Components/vl53l1cb/modules/vl53l1_hist_char.c **** {
 229              		.loc 1 140 1 is_stmt 1 view -0
 230              		.cfi_startproc
 231              		@ args = 0, pretend = 0, frame = 0
ARM GAS  C:\Temp\ccFTRQ2m.s 			page 8


 232              		@ frame_needed = 0, uses_anonymous_args = 0
 233              		.loc 1 140 1 is_stmt 0 view .LVU58
 234 0000 00B5     		push	{lr}
 235              		.cfi_def_cfa_offset 4
 236              		.cfi_offset 14, -4
 237 0002 85B0     		sub	sp, sp, #20
 238              		.cfi_def_cfa_offset 24
 141:Drivers/BSP/Components/vl53l1cb/modules/vl53l1_hist_char.c **** 
 142:Drivers/BSP/Components/vl53l1cb/modules/vl53l1_hist_char.c **** 
 143:Drivers/BSP/Components/vl53l1cb/modules/vl53l1_hist_char.c **** 	VL53L1_Error status       = VL53L1_ERROR_NONE;
 239              		.loc 1 143 2 is_stmt 1 view .LVU59
 240              	.LVL24:
 144:Drivers/BSP/Components/vl53l1cb/modules/vl53l1_hist_char.c **** 
 145:Drivers/BSP/Components/vl53l1cb/modules/vl53l1_hist_char.c **** 	LOG_FUNCTION_START("");
 241              		.loc 1 145 24 view .LVU60
 146:Drivers/BSP/Components/vl53l1cb/modules/vl53l1_hist_char.c **** 
 147:Drivers/BSP/Components/vl53l1cb/modules/vl53l1_hist_char.c **** 	status =
 242              		.loc 1 147 2 view .LVU61
 148:Drivers/BSP/Components/vl53l1cb/modules/vl53l1_hist_char.c **** 		VL53L1_set_calib_config(
 243              		.loc 1 148 3 is_stmt 0 view .LVU62
 244 0004 4523     		movs	r3, #69
 245 0006 0293     		str	r3, [sp, #8]
 246 0008 0021     		movs	r1, #0
 247 000a 0191     		str	r1, [sp, #4]
 248 000c 0091     		str	r1, [sp]
 249 000e 0B46     		mov	r3, r1
 250 0010 0A46     		mov	r2, r1
 251 0012 FFF7FEFF 		bl	VL53L1_set_calib_config
 252              	.LVL25:
 149:Drivers/BSP/Components/vl53l1cb/modules/vl53l1_hist_char.c **** 			Dev,
 150:Drivers/BSP/Components/vl53l1cb/modules/vl53l1_hist_char.c **** 			0x00,
 151:Drivers/BSP/Components/vl53l1cb/modules/vl53l1_hist_char.c **** 			0x00,
 152:Drivers/BSP/Components/vl53l1cb/modules/vl53l1_hist_char.c **** 			0x00,
 153:Drivers/BSP/Components/vl53l1cb/modules/vl53l1_hist_char.c **** 			0x00,
 154:Drivers/BSP/Components/vl53l1cb/modules/vl53l1_hist_char.c **** 			0x00,
 155:Drivers/BSP/Components/vl53l1cb/modules/vl53l1_hist_char.c **** 			VL53L1_RANGING_CORE__SPAD_READOUT__STANDARD);
 156:Drivers/BSP/Components/vl53l1cb/modules/vl53l1_hist_char.c **** 
 157:Drivers/BSP/Components/vl53l1cb/modules/vl53l1_hist_char.c **** 	LOG_FUNCTION_END(status);
 253              		.loc 1 157 26 is_stmt 1 view .LVU63
 158:Drivers/BSP/Components/vl53l1cb/modules/vl53l1_hist_char.c **** 
 159:Drivers/BSP/Components/vl53l1cb/modules/vl53l1_hist_char.c **** 	return status;
 254              		.loc 1 159 2 view .LVU64
 160:Drivers/BSP/Components/vl53l1cb/modules/vl53l1_hist_char.c **** }
 255              		.loc 1 160 1 is_stmt 0 view .LVU65
 256 0016 05B0     		add	sp, sp, #20
 257              		.cfi_def_cfa_offset 4
 258              		@ sp needed
 259 0018 5DF804FB 		ldr	pc, [sp], #4
 260              		.cfi_endproc
 261              	.LFE5:
 263              		.text
 264              	.Letext0:
 265              		.file 2 "c:\\users\\jessejabezarendse\\appdata\\roaming\\code\\user\\globalstorage\\bmd.stm32-for-
 266              		.file 3 "c:\\users\\jessejabezarendse\\appdata\\roaming\\code\\user\\globalstorage\\bmd.stm32-for-
 267              		.file 4 "Drivers/BSP/Components/vl53l1cb/porting/vl53l1_types.h"
 268              		.file 5 "Drivers/BSP/Components/vl53l1cb/modules/vl53l1_error_codes.h"
 269              		.file 6 "Drivers/BSP/Components/vl53l1cb/modules/vl53l1_register_structs.h"
ARM GAS  C:\Temp\ccFTRQ2m.s 			page 9


 270              		.file 7 "Drivers/BSP/Components/vl53l1cb/modules/vl53l1_ll_device.h"
 271              		.file 8 "Drivers/BSP/Components/vl53l1cb/modules/vl53l1_dmax_structs.h"
 272              		.file 9 "Drivers/BSP/Components/vl53l1cb/modules/vl53l1_hist_structs.h"
 273              		.file 10 "Drivers/BSP/Components/vl53l1cb/modules/vl53l1_ll_def.h"
 274              		.file 11 "Drivers/BSP/Components/vl53l1cb/modules/vl53l1_def.h"
 275              		.file 12 "Drivers/BSP/Components/vl53l1cb/vl53l1cb.h"
 276              		.file 13 "Drivers/BSP/Components/vl53l1cb/porting/vl53l1_platform_user_data.h"
 277              		.file 14 "Drivers/BSP/Components/vl53l1cb/modules/vl53l1_core.h"
 278              		.file 15 "Drivers/BSP/Components/vl53l1cb/porting/vl53l1_platform.h"
ARM GAS  C:\Temp\ccFTRQ2m.s 			page 10


DEFINED SYMBOLS
                            *ABS*:00000000 vl53l1_hist_char.c
  C:\Temp\ccFTRQ2m.s:21     .text.VL53L1_set_calib_config:00000000 $t
  C:\Temp\ccFTRQ2m.s:27     .text.VL53L1_set_calib_config:00000000 VL53L1_set_calib_config
  C:\Temp\ccFTRQ2m.s:172    .text.VL53L1_set_hist_calib_pulse_delay:00000000 $t
  C:\Temp\ccFTRQ2m.s:178    .text.VL53L1_set_hist_calib_pulse_delay:00000000 VL53L1_set_hist_calib_pulse_delay
  C:\Temp\ccFTRQ2m.s:220    .text.VL53L1_disable_calib_pulse_delay:00000000 $t
  C:\Temp\ccFTRQ2m.s:226    .text.VL53L1_disable_calib_pulse_delay:00000000 VL53L1_disable_calib_pulse_delay

UNDEFINED SYMBOLS
VL53L1_enable_powerforce
VL53L1_disable_firmware
VL53L1_WrByte
VL53L1_WriteMulti
VL53L1_enable_firmware
