ARM GAS  C:\Temp\ccLWobUA.s 			page 1


   1              		.cpu cortex-m4
   2              		.arch armv7e-m
   3              		.fpu fpv4-sp-d16
   4              		.eabi_attribute 27, 1
   5              		.eabi_attribute 28, 1
   6              		.eabi_attribute 20, 1
   7              		.eabi_attribute 21, 1
   8              		.eabi_attribute 23, 3
   9              		.eabi_attribute 24, 1
  10              		.eabi_attribute 25, 1
  11              		.eabi_attribute 26, 1
  12              		.eabi_attribute 30, 1
  13              		.eabi_attribute 34, 1
  14              		.eabi_attribute 18, 4
  15              		.file	"app_tof_pin_conf.c"
  16              		.text
  17              	.Ltext0:
  18              		.cfi_sections	.debug_frame
  19              		.file 1 "TOF/Target/app_tof_pin_conf.c"
  20              		.section	.text.HAL_GPIO_EXTI_Callback,"ax",%progbits
  21              		.align	1
  22              		.global	HAL_GPIO_EXTI_Callback
  23              		.syntax unified
  24              		.thumb
  25              		.thumb_func
  27              	HAL_GPIO_EXTI_Callback:
  28              	.LVL0:
  29              	.LFB134:
   1:TOF/Target/app_tof_pin_conf.c **** /**
   2:TOF/Target/app_tof_pin_conf.c ****   ******************************************************************************
   3:TOF/Target/app_tof_pin_conf.c ****   * @file    app_tof_pin_conf.c
   4:TOF/Target/app_tof_pin_conf.c ****   * @author  IMG SW Application Team
   5:TOF/Target/app_tof_pin_conf.c ****   * @brief   This file contains functions for TOF pins
   6:TOF/Target/app_tof_pin_conf.c ****   ******************************************************************************
   7:TOF/Target/app_tof_pin_conf.c ****   * @attention
   8:TOF/Target/app_tof_pin_conf.c ****   *
   9:TOF/Target/app_tof_pin_conf.c ****   * Copyright (c) 2023 STMicroelectronics.
  10:TOF/Target/app_tof_pin_conf.c ****   * All rights reserved.
  11:TOF/Target/app_tof_pin_conf.c ****   *
  12:TOF/Target/app_tof_pin_conf.c ****   * This software is licensed under terms that can be found in the LICENSE file
  13:TOF/Target/app_tof_pin_conf.c ****   * in the root directory of this software component.
  14:TOF/Target/app_tof_pin_conf.c ****   * If no LICENSE file comes with this software, it is provided AS-IS.
  15:TOF/Target/app_tof_pin_conf.c ****   *
  16:TOF/Target/app_tof_pin_conf.c ****   ******************************************************************************
  17:TOF/Target/app_tof_pin_conf.c ****   */
  18:TOF/Target/app_tof_pin_conf.c **** 
  19:TOF/Target/app_tof_pin_conf.c **** #define STM32F4xx
  20:TOF/Target/app_tof_pin_conf.c **** 
  21:TOF/Target/app_tof_pin_conf.c **** /* Includes ------------------------------------------------------------------*/
  22:TOF/Target/app_tof_pin_conf.c **** #include "app_tof_pin_conf.h"
  23:TOF/Target/app_tof_pin_conf.c **** 
  24:TOF/Target/app_tof_pin_conf.c **** extern volatile uint8_t ToF_EventDetected;
  25:TOF/Target/app_tof_pin_conf.c **** 
  26:TOF/Target/app_tof_pin_conf.c **** #ifdef STM32G0xx
  27:TOF/Target/app_tof_pin_conf.c **** void HAL_GPIO_EXTI_Falling_Callback(uint16_t GPIO_Pin)
  28:TOF/Target/app_tof_pin_conf.c **** {
  29:TOF/Target/app_tof_pin_conf.c ****   if (GPIO_Pin == TOF_INT_EXTI_PIN)
ARM GAS  C:\Temp\ccLWobUA.s 			page 2


  30:TOF/Target/app_tof_pin_conf.c ****   {
  31:TOF/Target/app_tof_pin_conf.c ****     ToF_EventDetected = 1;
  32:TOF/Target/app_tof_pin_conf.c ****   }
  33:TOF/Target/app_tof_pin_conf.c **** }
  34:TOF/Target/app_tof_pin_conf.c **** #else
  35:TOF/Target/app_tof_pin_conf.c **** void HAL_GPIO_EXTI_Callback(uint16_t GPIO_Pin)
  36:TOF/Target/app_tof_pin_conf.c **** {
  30              		.loc 1 36 1 view -0
  31              		.cfi_startproc
  32              		@ args = 0, pretend = 0, frame = 0
  33              		@ frame_needed = 0, uses_anonymous_args = 0
  34              		@ link register save eliminated.
  37:TOF/Target/app_tof_pin_conf.c ****   if (GPIO_Pin == TOF_INT_EXTI_PIN)
  35              		.loc 1 37 3 view .LVU1
  36              		.loc 1 37 6 is_stmt 0 view .LVU2
  37 0000 1028     		cmp	r0, #16
  38 0002 00D0     		beq	.L3
  39              	.L1:
  38:TOF/Target/app_tof_pin_conf.c ****   {
  39:TOF/Target/app_tof_pin_conf.c ****     ToF_EventDetected = 1;
  40:TOF/Target/app_tof_pin_conf.c ****   }
  41:TOF/Target/app_tof_pin_conf.c **** }
  40              		.loc 1 41 1 view .LVU3
  41 0004 7047     		bx	lr
  42              	.L3:
  39:TOF/Target/app_tof_pin_conf.c ****   }
  43              		.loc 1 39 5 is_stmt 1 view .LVU4
  39:TOF/Target/app_tof_pin_conf.c ****   }
  44              		.loc 1 39 23 is_stmt 0 view .LVU5
  45 0006 024B     		ldr	r3, .L4
  46 0008 0122     		movs	r2, #1
  47 000a 1A70     		strb	r2, [r3]
  48              		.loc 1 41 1 view .LVU6
  49 000c FAE7     		b	.L1
  50              	.L5:
  51 000e 00BF     		.align	2
  52              	.L4:
  53 0010 00000000 		.word	ToF_EventDetected
  54              		.cfi_endproc
  55              	.LFE134:
  57              		.text
  58              	.Letext0:
  59              		.file 2 "c:\\users\\jessejabezarendse\\appdata\\roaming\\code\\user\\globalstorage\\bmd.stm32-for-
  60              		.file 3 "c:\\users\\jessejabezarendse\\appdata\\roaming\\code\\user\\globalstorage\\bmd.stm32-for-
ARM GAS  C:\Temp\ccLWobUA.s 			page 3


DEFINED SYMBOLS
                            *ABS*:00000000 app_tof_pin_conf.c
  C:\Temp\ccLWobUA.s:21     .text.HAL_GPIO_EXTI_Callback:00000000 $t
  C:\Temp\ccLWobUA.s:27     .text.HAL_GPIO_EXTI_Callback:00000000 HAL_GPIO_EXTI_Callback
  C:\Temp\ccLWobUA.s:53     .text.HAL_GPIO_EXTI_Callback:00000010 $d

UNDEFINED SYMBOLS
ToF_EventDetected
