ARM GAS  C:\Temp\ccoqFb9b.s 			page 1


   1              		.cpu cortex-m4
   2              		.arch armv7e-m
   3              		.fpu fpv4-sp-d16
   4              		.eabi_attribute 27, 1
   5              		.eabi_attribute 28, 1
   6              		.eabi_attribute 20, 1
   7              		.eabi_attribute 21, 1
   8              		.eabi_attribute 23, 3
   9              		.eabi_attribute 24, 1
  10              		.eabi_attribute 25, 1
  11              		.eabi_attribute 26, 1
  12              		.eabi_attribute 30, 1
  13              		.eabi_attribute 34, 1
  14              		.eabi_attribute 18, 4
  15              		.file	"vl53l1_hist_algos_gen3.c"
  16              		.text
  17              	.Ltext0:
  18              		.cfi_sections	.debug_frame
  19              		.file 1 "Drivers/BSP/Components/vl53l1cb/modules/vl53l1_hist_algos_gen3.c"
  20              		.section	.text.VL53L1_f_016,"ax",%progbits
  21              		.align	1
  22              		.global	VL53L1_f_016
  23              		.syntax unified
  24              		.thumb
  25              		.thumb_func
  27              	VL53L1_f_016:
  28              	.LVL0:
  29              	.LFB3:
   1:Drivers/BSP/Components/vl53l1cb/modules/vl53l1_hist_algos_gen3.c **** /**
   2:Drivers/BSP/Components/vl53l1cb/modules/vl53l1_hist_algos_gen3.c ****  ******************************************************************************
   3:Drivers/BSP/Components/vl53l1cb/modules/vl53l1_hist_algos_gen3.c ****  * Copyright (c) 2020, STMicroelectronics - All Rights Reserved
   4:Drivers/BSP/Components/vl53l1cb/modules/vl53l1_hist_algos_gen3.c **** 
   5:Drivers/BSP/Components/vl53l1cb/modules/vl53l1_hist_algos_gen3.c ****  This file is part of VL53L1 Protected and is licensed 
   6:Drivers/BSP/Components/vl53l1cb/modules/vl53l1_hist_algos_gen3.c ****  'STMicroelectronics Proprietary license'
   7:Drivers/BSP/Components/vl53l1cb/modules/vl53l1_hist_algos_gen3.c **** 
   8:Drivers/BSP/Components/vl53l1cb/modules/vl53l1_hist_algos_gen3.c ****  License terms: STMicroelectronics Proprietary in accordance with licensing
   9:Drivers/BSP/Components/vl53l1cb/modules/vl53l1_hist_algos_gen3.c ****  terms at www.st.com/sla0081
  10:Drivers/BSP/Components/vl53l1cb/modules/vl53l1_hist_algos_gen3.c **** 
  11:Drivers/BSP/Components/vl53l1cb/modules/vl53l1_hist_algos_gen3.c ****  ******************************************************************************
  12:Drivers/BSP/Components/vl53l1cb/modules/vl53l1_hist_algos_gen3.c ****  */
  13:Drivers/BSP/Components/vl53l1cb/modules/vl53l1_hist_algos_gen3.c **** 
  14:Drivers/BSP/Components/vl53l1cb/modules/vl53l1_hist_algos_gen3.c **** 
  15:Drivers/BSP/Components/vl53l1cb/modules/vl53l1_hist_algos_gen3.c **** 
  16:Drivers/BSP/Components/vl53l1cb/modules/vl53l1_hist_algos_gen3.c **** 
  17:Drivers/BSP/Components/vl53l1cb/modules/vl53l1_hist_algos_gen3.c **** #include "vl53l1_types.h"
  18:Drivers/BSP/Components/vl53l1cb/modules/vl53l1_hist_algos_gen3.c **** #include "vl53l1_platform_log.h"
  19:Drivers/BSP/Components/vl53l1cb/modules/vl53l1_hist_algos_gen3.c **** 
  20:Drivers/BSP/Components/vl53l1cb/modules/vl53l1_hist_algos_gen3.c **** #include "vl53l1_core_support.h"
  21:Drivers/BSP/Components/vl53l1cb/modules/vl53l1_hist_algos_gen3.c **** #include "vl53l1_error_codes.h"
  22:Drivers/BSP/Components/vl53l1cb/modules/vl53l1_hist_algos_gen3.c **** 
  23:Drivers/BSP/Components/vl53l1cb/modules/vl53l1_hist_algos_gen3.c **** #include "vl53l1_hist_core.h"
  24:Drivers/BSP/Components/vl53l1cb/modules/vl53l1_hist_algos_gen3.c **** #include "vl53l1_hist_algos_gen3.h"
  25:Drivers/BSP/Components/vl53l1cb/modules/vl53l1_hist_algos_gen3.c **** #include "vl53l1_sigma_estimate.h"
  26:Drivers/BSP/Components/vl53l1cb/modules/vl53l1_hist_algos_gen3.c **** #include "vl53l1_dmax.h"
  27:Drivers/BSP/Components/vl53l1cb/modules/vl53l1_hist_algos_gen3.c **** 
  28:Drivers/BSP/Components/vl53l1cb/modules/vl53l1_hist_algos_gen3.c **** 
  29:Drivers/BSP/Components/vl53l1cb/modules/vl53l1_hist_algos_gen3.c **** 
ARM GAS  C:\Temp\ccoqFb9b.s 			page 2


  30:Drivers/BSP/Components/vl53l1cb/modules/vl53l1_hist_algos_gen3.c **** #define LOG_FUNCTION_START(fmt, ...) \
  31:Drivers/BSP/Components/vl53l1cb/modules/vl53l1_hist_algos_gen3.c **** 	_LOG_FUNCTION_START(VL53L1_TRACE_MODULE_HISTOGRAM, fmt, ##__VA_ARGS__)
  32:Drivers/BSP/Components/vl53l1cb/modules/vl53l1_hist_algos_gen3.c **** #define LOG_FUNCTION_END(status, ...) \
  33:Drivers/BSP/Components/vl53l1cb/modules/vl53l1_hist_algos_gen3.c **** 	_LOG_FUNCTION_END(VL53L1_TRACE_MODULE_HISTOGRAM, status, ##__VA_ARGS__)
  34:Drivers/BSP/Components/vl53l1cb/modules/vl53l1_hist_algos_gen3.c **** #define LOG_FUNCTION_END_FMT(status, fmt, ...) \
  35:Drivers/BSP/Components/vl53l1cb/modules/vl53l1_hist_algos_gen3.c **** 	_LOG_FUNCTION_END_FMT(VL53L1_TRACE_MODULE_HISTOGRAM,\
  36:Drivers/BSP/Components/vl53l1cb/modules/vl53l1_hist_algos_gen3.c **** 	status, fmt, ##__VA_ARGS__)
  37:Drivers/BSP/Components/vl53l1cb/modules/vl53l1_hist_algos_gen3.c **** 
  38:Drivers/BSP/Components/vl53l1cb/modules/vl53l1_hist_algos_gen3.c **** #define trace_print(level, ...) \
  39:Drivers/BSP/Components/vl53l1cb/modules/vl53l1_hist_algos_gen3.c **** 	_LOG_TRACE_PRINT(VL53L1_TRACE_MODULE_HISTOGRAM, \
  40:Drivers/BSP/Components/vl53l1cb/modules/vl53l1_hist_algos_gen3.c **** 	level, VL53L1_TRACE_FUNCTION_NONE, ##__VA_ARGS__)
  41:Drivers/BSP/Components/vl53l1cb/modules/vl53l1_hist_algos_gen3.c **** 
  42:Drivers/BSP/Components/vl53l1cb/modules/vl53l1_hist_algos_gen3.c **** 
  43:Drivers/BSP/Components/vl53l1cb/modules/vl53l1_hist_algos_gen3.c **** void VL53L1_f_016(
  44:Drivers/BSP/Components/vl53l1cb/modules/vl53l1_hist_algos_gen3.c **** 	VL53L1_hist_gen3_algo_private_data_t   *palgo)
  45:Drivers/BSP/Components/vl53l1cb/modules/vl53l1_hist_algos_gen3.c **** {
  30              		.loc 1 45 1 view -0
  31              		.cfi_startproc
  32              		@ args = 0, pretend = 0, frame = 0
  33              		@ frame_needed = 0, uses_anonymous_args = 0
  34              		.loc 1 45 1 is_stmt 0 view .LVU1
  35 0000 38B5     		push	{r3, r4, r5, lr}
  36              		.cfi_def_cfa_offset 16
  37              		.cfi_offset 3, -16
  38              		.cfi_offset 4, -12
  39              		.cfi_offset 5, -8
  40              		.cfi_offset 14, -4
  41 0002 0446     		mov	r4, r0
  46:Drivers/BSP/Components/vl53l1cb/modules/vl53l1_hist_algos_gen3.c **** 
  47:Drivers/BSP/Components/vl53l1cb/modules/vl53l1_hist_algos_gen3.c **** 
  48:Drivers/BSP/Components/vl53l1cb/modules/vl53l1_hist_algos_gen3.c **** 	uint8_t  lb                 = 0;
  42              		.loc 1 48 2 is_stmt 1 view .LVU2
  43              	.LVL1:
  49:Drivers/BSP/Components/vl53l1cb/modules/vl53l1_hist_algos_gen3.c **** 
  50:Drivers/BSP/Components/vl53l1cb/modules/vl53l1_hist_algos_gen3.c **** 	palgo->VL53L1_p_023              = VL53L1_HISTOGRAM_BUFFER_SIZE;
  44              		.loc 1 50 2 view .LVU3
  45              		.loc 1 50 35 is_stmt 0 view .LVU4
  46 0004 1823     		movs	r3, #24
  47 0006 4370     		strb	r3, [r0, #1]
  51:Drivers/BSP/Components/vl53l1cb/modules/vl53l1_hist_algos_gen3.c **** 	palgo->VL53L1_p_022                = 0;
  48              		.loc 1 51 2 is_stmt 1 view .LVU5
  49              		.loc 1 51 37 is_stmt 0 view .LVU6
  50 0008 0023     		movs	r3, #0
  51 000a 0370     		strb	r3, [r0]
  52:Drivers/BSP/Components/vl53l1cb/modules/vl53l1_hist_algos_gen3.c **** 	palgo->VL53L1_p_024           = 0;
  52              		.loc 1 52 2 is_stmt 1 view .LVU7
  53              		.loc 1 52 32 is_stmt 0 view .LVU8
  54 000c 8370     		strb	r3, [r0, #2]
  53:Drivers/BSP/Components/vl53l1cb/modules/vl53l1_hist_algos_gen3.c **** 	palgo->VL53L1_p_045         = 0;
  55              		.loc 1 53 2 is_stmt 1 view .LVU9
  56              		.loc 1 53 30 is_stmt 0 view .LVU10
  57 000e 0371     		strb	r3, [r0, #4]
  54:Drivers/BSP/Components/vl53l1cb/modules/vl53l1_hist_algos_gen3.c **** 	palgo->VL53L1_p_004   = 0;
  58              		.loc 1 54 2 is_stmt 1 view .LVU11
  59              		.loc 1 54 24 is_stmt 0 view .LVU12
  60 0010 8360     		str	r3, [r0, #8]
  55:Drivers/BSP/Components/vl53l1cb/modules/vl53l1_hist_algos_gen3.c **** 	palgo->VL53L1_p_032 = 0;
ARM GAS  C:\Temp\ccoqFb9b.s 			page 3


  61              		.loc 1 55 2 is_stmt 1 view .LVU13
  62              		.loc 1 55 22 is_stmt 0 view .LVU14
  63 0012 C360     		str	r3, [r0, #12]
  56:Drivers/BSP/Components/vl53l1cb/modules/vl53l1_hist_algos_gen3.c **** 
  57:Drivers/BSP/Components/vl53l1cb/modules/vl53l1_hist_algos_gen3.c **** 	for (lb = palgo->VL53L1_p_022; lb < palgo->VL53L1_p_023; lb++) {
  64              		.loc 1 57 2 is_stmt 1 view .LVU15
  65              		.loc 1 57 2 is_stmt 0 view .LVU16
  66 0014 10E0     		b	.L2
  67              	.LVL2:
  68              	.L3:
  58:Drivers/BSP/Components/vl53l1cb/modules/vl53l1_hist_algos_gen3.c **** 		palgo->VL53L1_p_043[lb]      = 0;
  69              		.loc 1 58 3 is_stmt 1 discriminator 3 view .LVU17
  70              		.loc 1 58 32 is_stmt 0 discriminator 3 view .LVU18
  71 0016 E118     		adds	r1, r4, r3
  72 0018 0022     		movs	r2, #0
  73 001a 0A74     		strb	r2, [r1, #16]
  59:Drivers/BSP/Components/vl53l1cb/modules/vl53l1_hist_algos_gen3.c **** 		palgo->VL53L1_p_046[lb] = 0;
  74              		.loc 1 59 3 is_stmt 1 discriminator 3 view .LVU19
  75              		.loc 1 59 27 is_stmt 0 discriminator 3 view .LVU20
  76 001c 81F82820 		strb	r2, [r1, #40]
  60:Drivers/BSP/Components/vl53l1cb/modules/vl53l1_hist_algos_gen3.c **** 		palgo->VL53L1_p_047[lb]     = 0;
  77              		.loc 1 60 3 is_stmt 1 discriminator 3 view .LVU21
  78              		.loc 1 60 31 is_stmt 0 discriminator 3 view .LVU22
  79 0020 81F84020 		strb	r2, [r1, #64]
  61:Drivers/BSP/Components/vl53l1cb/modules/vl53l1_hist_algos_gen3.c **** 		palgo->VL53L1_p_048[lb]      = 0;
  80              		.loc 1 61 3 is_stmt 1 discriminator 3 view .LVU23
  81              		.loc 1 61 32 is_stmt 0 discriminator 3 view .LVU24
  82 0024 03F12E01 		add	r1, r3, #46
  83 0028 44F82120 		str	r2, [r4, r1, lsl #2]
  62:Drivers/BSP/Components/vl53l1cb/modules/vl53l1_hist_algos_gen3.c **** 		palgo->VL53L1_p_008[lb]     = 0;
  84              		.loc 1 62 3 is_stmt 1 discriminator 3 view .LVU25
  85              		.loc 1 62 31 is_stmt 0 discriminator 3 view .LVU26
  86 002c 03F14601 		add	r1, r3, #70
  87 0030 44F82120 		str	r2, [r4, r1, lsl #2]
  57:Drivers/BSP/Components/vl53l1cb/modules/vl53l1_hist_algos_gen3.c **** 		palgo->VL53L1_p_043[lb]      = 0;
  88              		.loc 1 57 61 is_stmt 1 discriminator 3 view .LVU27
  89 0034 0133     		adds	r3, r3, #1
  90              	.LVL3:
  57:Drivers/BSP/Components/vl53l1cb/modules/vl53l1_hist_algos_gen3.c **** 		palgo->VL53L1_p_043[lb]      = 0;
  91              		.loc 1 57 61 is_stmt 0 discriminator 3 view .LVU28
  92 0036 DBB2     		uxtb	r3, r3
  93              	.LVL4:
  94              	.L2:
  57:Drivers/BSP/Components/vl53l1cb/modules/vl53l1_hist_algos_gen3.c **** 		palgo->VL53L1_p_043[lb]      = 0;
  95              		.loc 1 57 36 is_stmt 1 discriminator 1 view .LVU29
  96 0038 172B     		cmp	r3, #23
  97 003a ECD9     		bls	.L3
  63:Drivers/BSP/Components/vl53l1cb/modules/vl53l1_hist_algos_gen3.c **** 	}
  64:Drivers/BSP/Components/vl53l1cb/modules/vl53l1_hist_algos_gen3.c **** 
  65:Drivers/BSP/Components/vl53l1cb/modules/vl53l1_hist_algos_gen3.c **** 	palgo->VL53L1_p_049 = 0;
  98              		.loc 1 65 2 view .LVU30
  99              		.loc 1 65 22 is_stmt 0 view .LVU31
 100 003c 0025     		movs	r5, #0
 101 003e 84F87851 		strb	r5, [r4, #376]
  66:Drivers/BSP/Components/vl53l1cb/modules/vl53l1_hist_algos_gen3.c **** 	palgo->VL53L1_p_050               = VL53L1_D_001;
 102              		.loc 1 66 2 is_stmt 1 view .LVU32
 103              		.loc 1 66 36 is_stmt 0 view .LVU33
ARM GAS  C:\Temp\ccoqFb9b.s 			page 4


 104 0042 0823     		movs	r3, #8
 105              	.LVL5:
 106              		.loc 1 66 36 view .LVU34
 107 0044 84F87931 		strb	r3, [r4, #377]
  67:Drivers/BSP/Components/vl53l1cb/modules/vl53l1_hist_algos_gen3.c **** 	palgo->VL53L1_p_051             = 0;
 108              		.loc 1 67 2 is_stmt 1 view .LVU35
 109              		.loc 1 67 34 is_stmt 0 view .LVU36
 110 0048 84F87A51 		strb	r5, [r4, #378]
  68:Drivers/BSP/Components/vl53l1cb/modules/vl53l1_hist_algos_gen3.c **** 
  69:Drivers/BSP/Components/vl53l1cb/modules/vl53l1_hist_algos_gen3.c **** 
  70:Drivers/BSP/Components/vl53l1cb/modules/vl53l1_hist_algos_gen3.c **** 
  71:Drivers/BSP/Components/vl53l1cb/modules/vl53l1_hist_algos_gen3.c **** 	VL53L1_init_histogram_bin_data_struct(
 111              		.loc 1 71 2 is_stmt 1 view .LVU37
 112 004c 04F52772 		add	r2, r4, #668
 113 0050 1821     		movs	r1, #24
 114 0052 2846     		mov	r0, r5
 115              	.LVL6:
 116              		.loc 1 71 2 is_stmt 0 view .LVU38
 117 0054 FFF7FEFF 		bl	VL53L1_init_histogram_bin_data_struct
 118              	.LVL7:
  72:Drivers/BSP/Components/vl53l1cb/modules/vl53l1_hist_algos_gen3.c **** 		0,
  73:Drivers/BSP/Components/vl53l1cb/modules/vl53l1_hist_algos_gen3.c **** 		VL53L1_HISTOGRAM_BUFFER_SIZE,
  74:Drivers/BSP/Components/vl53l1cb/modules/vl53l1_hist_algos_gen3.c **** 		&(palgo->VL53L1_p_010));
  75:Drivers/BSP/Components/vl53l1cb/modules/vl53l1_hist_algos_gen3.c **** 	VL53L1_init_histogram_bin_data_struct(
 119              		.loc 1 75 2 is_stmt 1 view .LVU39
 120 0058 04F55272 		add	r2, r4, #840
 121 005c 1821     		movs	r1, #24
 122 005e 2846     		mov	r0, r5
 123 0060 FFF7FEFF 		bl	VL53L1_init_histogram_bin_data_struct
 124              	.LVL8:
  76:Drivers/BSP/Components/vl53l1cb/modules/vl53l1_hist_algos_gen3.c **** 		0,
  77:Drivers/BSP/Components/vl53l1cb/modules/vl53l1_hist_algos_gen3.c **** 		VL53L1_HISTOGRAM_BUFFER_SIZE,
  78:Drivers/BSP/Components/vl53l1cb/modules/vl53l1_hist_algos_gen3.c **** 		&(palgo->VL53L1_p_038));
  79:Drivers/BSP/Components/vl53l1cb/modules/vl53l1_hist_algos_gen3.c **** 	VL53L1_init_histogram_bin_data_struct(
 125              		.loc 1 79 2 view .LVU40
 126 0064 04F57D72 		add	r2, r4, #1012
 127 0068 1821     		movs	r1, #24
 128 006a 2846     		mov	r0, r5
 129 006c FFF7FEFF 		bl	VL53L1_init_histogram_bin_data_struct
 130              	.LVL9:
  80:Drivers/BSP/Components/vl53l1cb/modules/vl53l1_hist_algos_gen3.c **** 		0,
  81:Drivers/BSP/Components/vl53l1cb/modules/vl53l1_hist_algos_gen3.c **** 		VL53L1_HISTOGRAM_BUFFER_SIZE,
  82:Drivers/BSP/Components/vl53l1cb/modules/vl53l1_hist_algos_gen3.c **** 		&(palgo->VL53L1_p_052));
  83:Drivers/BSP/Components/vl53l1cb/modules/vl53l1_hist_algos_gen3.c **** 	VL53L1_init_histogram_bin_data_struct(
 131              		.loc 1 83 2 view .LVU41
 132 0070 04F59462 		add	r2, r4, #1184
 133 0074 1821     		movs	r1, #24
 134 0076 2846     		mov	r0, r5
 135 0078 FFF7FEFF 		bl	VL53L1_init_histogram_bin_data_struct
 136              	.LVL10:
  84:Drivers/BSP/Components/vl53l1cb/modules/vl53l1_hist_algos_gen3.c **** 		0,
  85:Drivers/BSP/Components/vl53l1cb/modules/vl53l1_hist_algos_gen3.c **** 		VL53L1_HISTOGRAM_BUFFER_SIZE,
  86:Drivers/BSP/Components/vl53l1cb/modules/vl53l1_hist_algos_gen3.c **** 		&(palgo->VL53L1_p_053));
  87:Drivers/BSP/Components/vl53l1cb/modules/vl53l1_hist_algos_gen3.c **** 	VL53L1_init_histogram_bin_data_struct(
 137              		.loc 1 87 2 view .LVU42
 138 007c 04F24C52 		addw	r2, r4, #1356
 139 0080 1821     		movs	r1, #24
ARM GAS  C:\Temp\ccoqFb9b.s 			page 5


 140 0082 2846     		mov	r0, r5
 141 0084 FFF7FEFF 		bl	VL53L1_init_histogram_bin_data_struct
 142              	.LVL11:
  88:Drivers/BSP/Components/vl53l1cb/modules/vl53l1_hist_algos_gen3.c **** 		0,
  89:Drivers/BSP/Components/vl53l1cb/modules/vl53l1_hist_algos_gen3.c **** 		VL53L1_HISTOGRAM_BUFFER_SIZE,
  90:Drivers/BSP/Components/vl53l1cb/modules/vl53l1_hist_algos_gen3.c **** 		&(palgo->VL53L1_p_054));
  91:Drivers/BSP/Components/vl53l1cb/modules/vl53l1_hist_algos_gen3.c **** }
 143              		.loc 1 91 1 is_stmt 0 view .LVU43
 144 0088 38BD     		pop	{r3, r4, r5, pc}
 145              		.loc 1 91 1 view .LVU44
 146              		.cfi_endproc
 147              	.LFE3:
 149              		.section	.text.VL53L1_f_018,"ax",%progbits
 150              		.align	1
 151              		.global	VL53L1_f_018
 152              		.syntax unified
 153              		.thumb
 154              		.thumb_func
 156              	VL53L1_f_018:
 157              	.LVL12:
 158              	.LFB4:
  92:Drivers/BSP/Components/vl53l1cb/modules/vl53l1_hist_algos_gen3.c **** 
  93:Drivers/BSP/Components/vl53l1cb/modules/vl53l1_hist_algos_gen3.c **** 
  94:Drivers/BSP/Components/vl53l1cb/modules/vl53l1_hist_algos_gen3.c **** 
  95:Drivers/BSP/Components/vl53l1cb/modules/vl53l1_hist_algos_gen3.c **** VL53L1_Error VL53L1_f_018(
  96:Drivers/BSP/Components/vl53l1cb/modules/vl53l1_hist_algos_gen3.c **** 	uint16_t                          ambient_threshold_events_scaler,
  97:Drivers/BSP/Components/vl53l1cb/modules/vl53l1_hist_algos_gen3.c **** 	int32_t                           ambient_threshold_sigma,
  98:Drivers/BSP/Components/vl53l1cb/modules/vl53l1_hist_algos_gen3.c **** 	int32_t                           min_ambient_threshold_events,
  99:Drivers/BSP/Components/vl53l1cb/modules/vl53l1_hist_algos_gen3.c **** 	uint8_t                           algo__crosstalk_compensation_enable,
 100:Drivers/BSP/Components/vl53l1cb/modules/vl53l1_hist_algos_gen3.c **** 	VL53L1_histogram_bin_data_t           *pbins,
 101:Drivers/BSP/Components/vl53l1cb/modules/vl53l1_hist_algos_gen3.c **** 	VL53L1_histogram_bin_data_t           *pxtalk,
 102:Drivers/BSP/Components/vl53l1cb/modules/vl53l1_hist_algos_gen3.c **** 	VL53L1_hist_gen3_algo_private_data_t  *palgo)
 103:Drivers/BSP/Components/vl53l1cb/modules/vl53l1_hist_algos_gen3.c **** {
 159              		.loc 1 103 1 is_stmt 1 view -0
 160              		.cfi_startproc
 161              		@ args = 12, pretend = 0, frame = 8
 162              		@ frame_needed = 0, uses_anonymous_args = 0
 163              		.loc 1 103 1 is_stmt 0 view .LVU46
 164 0000 2DE9F04F 		push	{r4, r5, r6, r7, r8, r9, r10, fp, lr}
 165              		.cfi_def_cfa_offset 36
 166              		.cfi_offset 4, -36
 167              		.cfi_offset 5, -32
 168              		.cfi_offset 6, -28
 169              		.cfi_offset 7, -24
 170              		.cfi_offset 8, -20
 171              		.cfi_offset 9, -16
 172              		.cfi_offset 10, -12
 173              		.cfi_offset 11, -8
 174              		.cfi_offset 14, -4
 175 0004 83B0     		sub	sp, sp, #12
 176              		.cfi_def_cfa_offset 48
 177 0006 0446     		mov	r4, r0
 178 0008 8A46     		mov	r10, r1
 179 000a 9146     		mov	r9, r2
 180 000c 0193     		str	r3, [sp, #4]
 181 000e 0C9D     		ldr	r5, [sp, #48]
 182 0010 DDF834B0 		ldr	fp, [sp, #52]
ARM GAS  C:\Temp\ccoqFb9b.s 			page 6


 183 0014 0E9E     		ldr	r6, [sp, #56]
 104:Drivers/BSP/Components/vl53l1cb/modules/vl53l1_hist_algos_gen3.c **** 
 105:Drivers/BSP/Components/vl53l1cb/modules/vl53l1_hist_algos_gen3.c **** 
 106:Drivers/BSP/Components/vl53l1cb/modules/vl53l1_hist_algos_gen3.c **** 
 107:Drivers/BSP/Components/vl53l1cb/modules/vl53l1_hist_algos_gen3.c **** 	VL53L1_Error  status  = VL53L1_ERROR_NONE;
 184              		.loc 1 107 2 is_stmt 1 view .LVU47
 185              	.LVL13:
 108:Drivers/BSP/Components/vl53l1cb/modules/vl53l1_hist_algos_gen3.c **** 	uint8_t  lb            = 0;
 186              		.loc 1 108 2 view .LVU48
 109:Drivers/BSP/Components/vl53l1cb/modules/vl53l1_hist_algos_gen3.c **** 	uint8_t  VL53L1_p_001            = 0;
 187              		.loc 1 109 2 view .LVU49
 110:Drivers/BSP/Components/vl53l1cb/modules/vl53l1_hist_algos_gen3.c **** 	int64_t  tmp          = 0;
 188              		.loc 1 110 2 view .LVU50
 111:Drivers/BSP/Components/vl53l1cb/modules/vl53l1_hist_algos_gen3.c **** 	int32_t  amb_events   = 0;
 189              		.loc 1 111 2 view .LVU51
 112:Drivers/BSP/Components/vl53l1cb/modules/vl53l1_hist_algos_gen3.c **** 	int32_t  VL53L1_p_008       = 0;
 190              		.loc 1 112 2 view .LVU52
 113:Drivers/BSP/Components/vl53l1cb/modules/vl53l1_hist_algos_gen3.c **** 	int32_t  samples      = 0;
 191              		.loc 1 113 2 view .LVU53
 114:Drivers/BSP/Components/vl53l1cb/modules/vl53l1_hist_algos_gen3.c **** 
 115:Drivers/BSP/Components/vl53l1cb/modules/vl53l1_hist_algos_gen3.c **** 	LOG_FUNCTION_START("");
 192              		.loc 1 115 24 view .LVU54
 116:Drivers/BSP/Components/vl53l1cb/modules/vl53l1_hist_algos_gen3.c **** 
 117:Drivers/BSP/Components/vl53l1cb/modules/vl53l1_hist_algos_gen3.c **** 
 118:Drivers/BSP/Components/vl53l1cb/modules/vl53l1_hist_algos_gen3.c **** 	palgo->VL53L1_p_023            = pbins->VL53L1_p_023;
 193              		.loc 1 118 2 view .LVU55
 194              		.loc 1 118 40 is_stmt 0 view .LVU56
 195 0016 6B7A     		ldrb	r3, [r5, #9]	@ zero_extendqisi2
 196              	.LVL14:
 197              		.loc 1 118 33 view .LVU57
 198 0018 7370     		strb	r3, [r6, #1]
 119:Drivers/BSP/Components/vl53l1cb/modules/vl53l1_hist_algos_gen3.c **** 	palgo->VL53L1_p_022              = pbins->VL53L1_p_022;
 199              		.loc 1 119 2 is_stmt 1 view .LVU58
 200              		.loc 1 119 42 is_stmt 0 view .LVU59
 201 001a 2B7A     		ldrb	r3, [r5, #8]	@ zero_extendqisi2
 202              		.loc 1 119 35 view .LVU60
 203 001c 3370     		strb	r3, [r6]
 120:Drivers/BSP/Components/vl53l1cb/modules/vl53l1_hist_algos_gen3.c **** 	palgo->VL53L1_p_024         = pbins->VL53L1_p_024;
 204              		.loc 1 120 2 is_stmt 1 view .LVU61
 205              		.loc 1 120 37 is_stmt 0 view .LVU62
 206 001e AB7A     		ldrb	r3, [r5, #10]	@ zero_extendqisi2
 207              		.loc 1 120 30 view .LVU63
 208 0020 B370     		strb	r3, [r6, #2]
 121:Drivers/BSP/Components/vl53l1cb/modules/vl53l1_hist_algos_gen3.c **** 	palgo->VL53L1_p_004 = pbins->VL53L1_p_004;
 209              		.loc 1 121 2 is_stmt 1 view .LVU64
 210              		.loc 1 121 29 is_stmt 0 view .LVU65
 211 0022 D5F8A430 		ldr	r3, [r5, #164]
 212              		.loc 1 121 22 view .LVU66
 213 0026 B360     		str	r3, [r6, #8]
 122:Drivers/BSP/Components/vl53l1cb/modules/vl53l1_hist_algos_gen3.c **** 
 123:Drivers/BSP/Components/vl53l1cb/modules/vl53l1_hist_algos_gen3.c **** 
 124:Drivers/BSP/Components/vl53l1cb/modules/vl53l1_hist_algos_gen3.c **** 
 125:Drivers/BSP/Components/vl53l1cb/modules/vl53l1_hist_algos_gen3.c **** 	palgo->VL53L1_p_031 =
 214              		.loc 1 125 2 is_stmt 1 view .LVU67
 126:Drivers/BSP/Components/vl53l1cb/modules/vl53l1_hist_algos_gen3.c **** 			VL53L1_decode_vcsel_period(pbins->VL53L1_p_009);
 215              		.loc 1 126 4 is_stmt 0 view .LVU68
 216 0028 95F88400 		ldrb	r0, [r5, #132]	@ zero_extendqisi2
ARM GAS  C:\Temp\ccoqFb9b.s 			page 7


 217              	.LVL15:
 218              		.loc 1 126 4 view .LVU69
 219 002c FFF7FEFF 		bl	VL53L1_decode_vcsel_period
 220              	.LVL16:
 125:Drivers/BSP/Components/vl53l1cb/modules/vl53l1_hist_algos_gen3.c **** 			VL53L1_decode_vcsel_period(pbins->VL53L1_p_009);
 221              		.loc 1 125 22 view .LVU70
 222 0030 F070     		strb	r0, [r6, #3]
 127:Drivers/BSP/Components/vl53l1cb/modules/vl53l1_hist_algos_gen3.c **** 
 128:Drivers/BSP/Components/vl53l1cb/modules/vl53l1_hist_algos_gen3.c **** 
 129:Drivers/BSP/Components/vl53l1cb/modules/vl53l1_hist_algos_gen3.c **** 
 130:Drivers/BSP/Components/vl53l1cb/modules/vl53l1_hist_algos_gen3.c **** 	tmp  = (int64_t)pbins->VL53L1_p_004;
 223              		.loc 1 130 2 is_stmt 1 view .LVU71
 224              		.loc 1 130 23 is_stmt 0 view .LVU72
 225 0032 D5F8A430 		ldr	r3, [r5, #164]
 226              		.loc 1 130 7 view .LVU73
 227 0036 D917     		asrs	r1, r3, #31
 228              	.LVL17:
 131:Drivers/BSP/Components/vl53l1cb/modules/vl53l1_hist_algos_gen3.c **** 	tmp *= (int64_t)ambient_threshold_events_scaler;
 229              		.loc 1 131 2 is_stmt 1 view .LVU74
 230              		.loc 1 131 6 is_stmt 0 view .LVU75
 231 0038 A4FB0332 		umull	r3, r2, r4, r3
 232              	.LVL18:
 233              		.loc 1 131 6 view .LVU76
 234 003c 04FB0122 		mla	r2, r4, r1, r2
 235              	.LVL19:
 132:Drivers/BSP/Components/vl53l1cb/modules/vl53l1_hist_algos_gen3.c **** 	tmp += 2048;
 236              		.loc 1 132 2 is_stmt 1 view .LVU77
 237              		.loc 1 132 6 is_stmt 0 view .LVU78
 238 0040 13F50063 		adds	r3, r3, #2048
 239              	.LVL20:
 240              		.loc 1 132 6 view .LVU79
 241 0044 42F10002 		adc	r2, r2, #0
 242              	.LVL21:
 133:Drivers/BSP/Components/vl53l1cb/modules/vl53l1_hist_algos_gen3.c **** 	tmp = do_division_s(tmp, 4096);
 243              		.loc 1 133 2 is_stmt 1 view .LVU80
 244              		.loc 1 133 6 is_stmt 0 view .LVU81
 245 0048 1146     		mov	r1, r2
 246 004a 002A     		cmp	r2, #0
 247 004c 04DB     		blt	.L20
 248              	.LVL22:
 249              	.L6:
 250              		.loc 1 133 6 view .LVU82
 251 004e 1B0B     		lsrs	r3, r3, #12
 252              	.LVL23:
 134:Drivers/BSP/Components/vl53l1cb/modules/vl53l1_hist_algos_gen3.c **** 	amb_events = (int32_t)tmp;
 253              		.loc 1 134 2 is_stmt 1 view .LVU83
 254              		.loc 1 134 13 is_stmt 0 view .LVU84
 255 0050 43EA0158 		orr	r8, r3, r1, lsl #20
 256              	.LVL24:
 135:Drivers/BSP/Components/vl53l1cb/modules/vl53l1_hist_algos_gen3.c **** 
 136:Drivers/BSP/Components/vl53l1cb/modules/vl53l1_hist_algos_gen3.c **** 
 137:Drivers/BSP/Components/vl53l1cb/modules/vl53l1_hist_algos_gen3.c **** 
 138:Drivers/BSP/Components/vl53l1cb/modules/vl53l1_hist_algos_gen3.c **** 	for (lb = 0; lb < pbins->VL53L1_p_024; lb++) {
 257              		.loc 1 138 2 is_stmt 1 view .LVU85
 258              		.loc 1 138 10 is_stmt 0 view .LVU86
 259 0054 0024     		movs	r4, #0
 260              		.loc 1 138 2 view .LVU87
ARM GAS  C:\Temp\ccoqFb9b.s 			page 8


 261 0056 1DE0     		b	.L7
 262              	.LVL25:
 263              	.L20:
 133:Drivers/BSP/Components/vl53l1cb/modules/vl53l1_hist_algos_gen3.c **** 	amb_events = (int32_t)tmp;
 264              		.loc 1 133 6 view .LVU88
 265 0058 40F6FF71 		movw	r1, #4095
 266              	.LVL26:
 133:Drivers/BSP/Components/vl53l1cb/modules/vl53l1_hist_algos_gen3.c **** 	amb_events = (int32_t)tmp;
 267              		.loc 1 133 6 view .LVU89
 268 005c 5B18     		adds	r3, r3, r1
 269              	.LVL27:
 133:Drivers/BSP/Components/vl53l1cb/modules/vl53l1_hist_algos_gen3.c **** 	amb_events = (int32_t)tmp;
 270              		.loc 1 133 6 view .LVU90
 271 005e 42F10001 		adc	r1, r2, #0
 272 0062 F4E7     		b	.L6
 273              	.LVL28:
 274              	.L9:
 139:Drivers/BSP/Components/vl53l1cb/modules/vl53l1_hist_algos_gen3.c **** 
 140:Drivers/BSP/Components/vl53l1cb/modules/vl53l1_hist_algos_gen3.c **** 		VL53L1_p_001 = lb >> 2;
 141:Drivers/BSP/Components/vl53l1cb/modules/vl53l1_hist_algos_gen3.c **** 		samples = (int32_t)pbins->bin_rep[VL53L1_p_001];
 142:Drivers/BSP/Components/vl53l1cb/modules/vl53l1_hist_algos_gen3.c **** 
 143:Drivers/BSP/Components/vl53l1cb/modules/vl53l1_hist_algos_gen3.c **** 		if (samples > 0) {
 144:Drivers/BSP/Components/vl53l1cb/modules/vl53l1_hist_algos_gen3.c **** 
 145:Drivers/BSP/Components/vl53l1cb/modules/vl53l1_hist_algos_gen3.c **** 			if (lb < pxtalk->VL53L1_p_024 &&
 146:Drivers/BSP/Components/vl53l1cb/modules/vl53l1_hist_algos_gen3.c **** 				algo__crosstalk_compensation_enable > 0)
 147:Drivers/BSP/Components/vl53l1cb/modules/vl53l1_hist_algos_gen3.c **** 				VL53L1_p_008 = samples * (amb_events +
 148:Drivers/BSP/Components/vl53l1cb/modules/vl53l1_hist_algos_gen3.c **** 					pxtalk->bin_data[lb]);
 149:Drivers/BSP/Components/vl53l1cb/modules/vl53l1_hist_algos_gen3.c **** 			else
 150:Drivers/BSP/Components/vl53l1cb/modules/vl53l1_hist_algos_gen3.c **** 				VL53L1_p_008 = samples *  amb_events;
 275              		.loc 1 150 5 is_stmt 1 view .LVU91
 276              		.loc 1 150 18 is_stmt 0 view .LVU92
 277 0064 07FB08F0 		mul	r0, r7, r8
 278              	.LVL29:
 279              	.L10:
 151:Drivers/BSP/Components/vl53l1cb/modules/vl53l1_hist_algos_gen3.c **** 
 152:Drivers/BSP/Components/vl53l1cb/modules/vl53l1_hist_algos_gen3.c **** 			VL53L1_p_008  = VL53L1_isqrt(VL53L1_p_008);
 280              		.loc 1 152 4 is_stmt 1 view .LVU93
 281              		.loc 1 152 20 is_stmt 0 view .LVU94
 282 0068 FFF7FEFF 		bl	VL53L1_isqrt
 283              	.LVL30:
 153:Drivers/BSP/Components/vl53l1cb/modules/vl53l1_hist_algos_gen3.c **** 
 154:Drivers/BSP/Components/vl53l1cb/modules/vl53l1_hist_algos_gen3.c **** 			VL53L1_p_008 += (samples/2);
 284              		.loc 1 154 4 is_stmt 1 view .LVU95
 285              		.loc 1 154 17 is_stmt 0 view .LVU96
 286 006c 00EB5703 		add	r3, r0, r7, lsr #1
 287              	.LVL31:
 155:Drivers/BSP/Components/vl53l1cb/modules/vl53l1_hist_algos_gen3.c **** 			VL53L1_p_008 /= samples;
 288              		.loc 1 155 4 is_stmt 1 view .LVU97
 289              		.loc 1 155 17 is_stmt 0 view .LVU98
 290 0070 93FBF7F3 		sdiv	r3, r3, r7
 291              	.LVL32:
 156:Drivers/BSP/Components/vl53l1cb/modules/vl53l1_hist_algos_gen3.c **** 			VL53L1_p_008 *= ambient_threshold_sigma;
 292              		.loc 1 156 4 is_stmt 1 view .LVU99
 293              		.loc 1 156 17 is_stmt 0 view .LVU100
 294 0074 0AFB03F3 		mul	r3, r10, r3
 295              	.LVL33:
 157:Drivers/BSP/Components/vl53l1cb/modules/vl53l1_hist_algos_gen3.c **** 			VL53L1_p_008 += 8;
ARM GAS  C:\Temp\ccoqFb9b.s 			page 9


 296              		.loc 1 157 4 is_stmt 1 view .LVU101
 158:Drivers/BSP/Components/vl53l1cb/modules/vl53l1_hist_algos_gen3.c **** 			VL53L1_p_008 /= 16;
 297              		.loc 1 158 4 view .LVU102
 298              		.loc 1 158 17 is_stmt 0 view .LVU103
 299 0078 0833     		adds	r3, r3, #8
 300              	.LVL34:
 301              		.loc 1 158 17 view .LVU104
 302 007a 21D4     		bmi	.L21
 303              	.LVL35:
 304              	.L11:
 159:Drivers/BSP/Components/vl53l1cb/modules/vl53l1_hist_algos_gen3.c **** 			VL53L1_p_008 += amb_events;
 305              		.loc 1 159 4 is_stmt 1 view .LVU105
 306              		.loc 1 159 17 is_stmt 0 view .LVU106
 307 007c 08EB2313 		add	r3, r8, r3, asr #4
 308              	.LVL36:
 160:Drivers/BSP/Components/vl53l1cb/modules/vl53l1_hist_algos_gen3.c **** 
 161:Drivers/BSP/Components/vl53l1cb/modules/vl53l1_hist_algos_gen3.c **** 			if (VL53L1_p_008 < min_ambient_threshold_events)
 309              		.loc 1 161 4 is_stmt 1 view .LVU107
 310              		.loc 1 161 7 is_stmt 0 view .LVU108
 311 0080 4B45     		cmp	r3, r9
 312 0082 00DA     		bge	.L12
 162:Drivers/BSP/Components/vl53l1cb/modules/vl53l1_hist_algos_gen3.c **** 				VL53L1_p_008 = min_ambient_threshold_events;
 313              		.loc 1 162 18 view .LVU109
 314 0084 4B46     		mov	r3, r9
 315              	.LVL37:
 316              	.L12:
 163:Drivers/BSP/Components/vl53l1cb/modules/vl53l1_hist_algos_gen3.c **** 
 164:Drivers/BSP/Components/vl53l1cb/modules/vl53l1_hist_algos_gen3.c **** 			palgo->VL53L1_p_056[lb]             = VL53L1_p_008;
 317              		.loc 1 164 4 is_stmt 1 view .LVU110
 318              		.loc 1 164 40 is_stmt 0 view .LVU111
 319 0086 04F11602 		add	r2, r4, #22
 320 008a 46F82230 		str	r3, [r6, r2, lsl #2]
 165:Drivers/BSP/Components/vl53l1cb/modules/vl53l1_hist_algos_gen3.c **** 			palgo->VL53L1_p_032 = VL53L1_p_008;
 321              		.loc 1 165 4 is_stmt 1 view .LVU112
 322              		.loc 1 165 24 is_stmt 0 view .LVU113
 323 008e F360     		str	r3, [r6, #12]
 324              	.LVL38:
 325              	.L8:
 138:Drivers/BSP/Components/vl53l1cb/modules/vl53l1_hist_algos_gen3.c **** 
 326              		.loc 1 138 43 is_stmt 1 discriminator 2 view .LVU114
 327 0090 0134     		adds	r4, r4, #1
 328              	.LVL39:
 138:Drivers/BSP/Components/vl53l1cb/modules/vl53l1_hist_algos_gen3.c **** 
 329              		.loc 1 138 43 is_stmt 0 discriminator 2 view .LVU115
 330 0092 E4B2     		uxtb	r4, r4
 331              	.LVL40:
 332              	.L7:
 138:Drivers/BSP/Components/vl53l1cb/modules/vl53l1_hist_algos_gen3.c **** 
 333              		.loc 1 138 18 is_stmt 1 discriminator 1 view .LVU116
 138:Drivers/BSP/Components/vl53l1cb/modules/vl53l1_hist_algos_gen3.c **** 
 334              		.loc 1 138 25 is_stmt 0 discriminator 1 view .LVU117
 335 0094 AB7A     		ldrb	r3, [r5, #10]	@ zero_extendqisi2
 138:Drivers/BSP/Components/vl53l1cb/modules/vl53l1_hist_algos_gen3.c **** 
 336              		.loc 1 138 18 discriminator 1 view .LVU118
 337 0096 A342     		cmp	r3, r4
 338 0098 14D9     		bls	.L22
 140:Drivers/BSP/Components/vl53l1cb/modules/vl53l1_hist_algos_gen3.c **** 		samples = (int32_t)pbins->bin_rep[VL53L1_p_001];
ARM GAS  C:\Temp\ccoqFb9b.s 			page 10


 339              		.loc 1 140 3 is_stmt 1 view .LVU119
 340              	.LVL41:
 141:Drivers/BSP/Components/vl53l1cb/modules/vl53l1_hist_algos_gen3.c **** 
 341              		.loc 1 141 3 view .LVU120
 141:Drivers/BSP/Components/vl53l1cb/modules/vl53l1_hist_algos_gen3.c **** 
 342              		.loc 1 141 36 is_stmt 0 view .LVU121
 343 009a 05EB9403 		add	r3, r5, r4, lsr #2
 344 009e 9F7C     		ldrb	r7, [r3, #18]	@ zero_extendqisi2
 345              	.LVL42:
 143:Drivers/BSP/Components/vl53l1cb/modules/vl53l1_hist_algos_gen3.c **** 
 346              		.loc 1 143 3 is_stmt 1 view .LVU122
 143:Drivers/BSP/Components/vl53l1cb/modules/vl53l1_hist_algos_gen3.c **** 
 347              		.loc 1 143 6 is_stmt 0 view .LVU123
 348 00a0 002F     		cmp	r7, #0
 349 00a2 F5D0     		beq	.L8
 145:Drivers/BSP/Components/vl53l1cb/modules/vl53l1_hist_algos_gen3.c **** 				algo__crosstalk_compensation_enable > 0)
 350              		.loc 1 145 4 is_stmt 1 view .LVU124
 145:Drivers/BSP/Components/vl53l1cb/modules/vl53l1_hist_algos_gen3.c **** 				algo__crosstalk_compensation_enable > 0)
 351              		.loc 1 145 19 is_stmt 0 view .LVU125
 352 00a4 9BF80A30 		ldrb	r3, [fp, #10]	@ zero_extendqisi2
 145:Drivers/BSP/Components/vl53l1cb/modules/vl53l1_hist_algos_gen3.c **** 				algo__crosstalk_compensation_enable > 0)
 353              		.loc 1 145 7 view .LVU126
 354 00a8 A342     		cmp	r3, r4
 355 00aa DBD9     		bls	.L9
 145:Drivers/BSP/Components/vl53l1cb/modules/vl53l1_hist_algos_gen3.c **** 				algo__crosstalk_compensation_enable > 0)
 356              		.loc 1 145 34 discriminator 1 view .LVU127
 357 00ac 019B     		ldr	r3, [sp, #4]
 358 00ae 002B     		cmp	r3, #0
 359 00b0 D8D0     		beq	.L9
 147:Drivers/BSP/Components/vl53l1cb/modules/vl53l1_hist_algos_gen3.c **** 					pxtalk->bin_data[lb]);
 360              		.loc 1 147 5 is_stmt 1 view .LVU128
 148:Drivers/BSP/Components/vl53l1cb/modules/vl53l1_hist_algos_gen3.c **** 			else
 361              		.loc 1 148 22 is_stmt 0 view .LVU129
 362 00b2 A31D     		adds	r3, r4, #6
 363 00b4 5BF82300 		ldr	r0, [fp, r3, lsl #2]
 147:Drivers/BSP/Components/vl53l1cb/modules/vl53l1_hist_algos_gen3.c **** 					pxtalk->bin_data[lb]);
 364              		.loc 1 147 42 view .LVU130
 365 00b8 4044     		add	r0, r0, r8
 147:Drivers/BSP/Components/vl53l1cb/modules/vl53l1_hist_algos_gen3.c **** 					pxtalk->bin_data[lb]);
 366              		.loc 1 147 18 view .LVU131
 367 00ba 07FB00F0 		mul	r0, r7, r0
 368              	.LVL43:
 147:Drivers/BSP/Components/vl53l1cb/modules/vl53l1_hist_algos_gen3.c **** 					pxtalk->bin_data[lb]);
 369              		.loc 1 147 18 view .LVU132
 370 00be D3E7     		b	.L10
 371              	.LVL44:
 372              	.L21:
 158:Drivers/BSP/Components/vl53l1cb/modules/vl53l1_hist_algos_gen3.c **** 			VL53L1_p_008 += amb_events;
 373              		.loc 1 158 17 view .LVU133
 374 00c0 0F33     		adds	r3, r3, #15
 375              	.LVL45:
 158:Drivers/BSP/Components/vl53l1cb/modules/vl53l1_hist_algos_gen3.c **** 			VL53L1_p_008 += amb_events;
 376              		.loc 1 158 17 view .LVU134
 377 00c2 DBE7     		b	.L11
 378              	.LVL46:
 379              	.L22:
 166:Drivers/BSP/Components/vl53l1cb/modules/vl53l1_hist_algos_gen3.c **** 		}
ARM GAS  C:\Temp\ccoqFb9b.s 			page 11


 167:Drivers/BSP/Components/vl53l1cb/modules/vl53l1_hist_algos_gen3.c **** 
 168:Drivers/BSP/Components/vl53l1cb/modules/vl53l1_hist_algos_gen3.c **** 
 169:Drivers/BSP/Components/vl53l1cb/modules/vl53l1_hist_algos_gen3.c **** 
 170:Drivers/BSP/Components/vl53l1cb/modules/vl53l1_hist_algos_gen3.c **** 	}
 171:Drivers/BSP/Components/vl53l1cb/modules/vl53l1_hist_algos_gen3.c **** 
 172:Drivers/BSP/Components/vl53l1cb/modules/vl53l1_hist_algos_gen3.c **** 
 173:Drivers/BSP/Components/vl53l1cb/modules/vl53l1_hist_algos_gen3.c **** 
 174:Drivers/BSP/Components/vl53l1cb/modules/vl53l1_hist_algos_gen3.c **** 	palgo->VL53L1_p_045 = 0;
 380              		.loc 1 174 2 is_stmt 1 view .LVU135
 381              		.loc 1 174 22 is_stmt 0 view .LVU136
 382 00c4 0023     		movs	r3, #0
 383 00c6 3371     		strb	r3, [r6, #4]
 175:Drivers/BSP/Components/vl53l1cb/modules/vl53l1_hist_algos_gen3.c **** 
 176:Drivers/BSP/Components/vl53l1cb/modules/vl53l1_hist_algos_gen3.c **** 	for (lb = pbins->VL53L1_p_022; lb < pbins->VL53L1_p_024; lb++) {
 384              		.loc 1 176 2 is_stmt 1 view .LVU137
 385              		.loc 1 176 10 is_stmt 0 view .LVU138
 386 00c8 2B7A     		ldrb	r3, [r5, #8]	@ zero_extendqisi2
 387              	.LVL47:
 388              		.loc 1 176 2 view .LVU139
 389 00ca 06E0     		b	.L14
 390              	.L15:
 177:Drivers/BSP/Components/vl53l1cb/modules/vl53l1_hist_algos_gen3.c **** 
 178:Drivers/BSP/Components/vl53l1cb/modules/vl53l1_hist_algos_gen3.c **** 		if (pbins->bin_data[lb] > palgo->VL53L1_p_056[lb]) {
 179:Drivers/BSP/Components/vl53l1cb/modules/vl53l1_hist_algos_gen3.c **** 			palgo->VL53L1_p_043[lb]      = 1;
 180:Drivers/BSP/Components/vl53l1cb/modules/vl53l1_hist_algos_gen3.c **** 			palgo->VL53L1_p_046[lb] = 1;
 181:Drivers/BSP/Components/vl53l1cb/modules/vl53l1_hist_algos_gen3.c **** 			palgo->VL53L1_p_045++;
 182:Drivers/BSP/Components/vl53l1cb/modules/vl53l1_hist_algos_gen3.c **** 		} else {
 183:Drivers/BSP/Components/vl53l1cb/modules/vl53l1_hist_algos_gen3.c **** 			palgo->VL53L1_p_043[lb]      = 0;
 391              		.loc 1 183 4 is_stmt 1 view .LVU140
 392              		.loc 1 183 33 is_stmt 0 view .LVU141
 393 00cc F218     		adds	r2, r6, r3
 394 00ce 0021     		movs	r1, #0
 395 00d0 1174     		strb	r1, [r2, #16]
 184:Drivers/BSP/Components/vl53l1cb/modules/vl53l1_hist_algos_gen3.c **** 			palgo->VL53L1_p_046[lb] = 0;
 396              		.loc 1 184 4 is_stmt 1 view .LVU142
 397              		.loc 1 184 28 is_stmt 0 view .LVU143
 398 00d2 82F82810 		strb	r1, [r2, #40]
 399              	.L16:
 176:Drivers/BSP/Components/vl53l1cb/modules/vl53l1_hist_algos_gen3.c **** 
 400              		.loc 1 176 61 is_stmt 1 discriminator 2 view .LVU144
 401 00d6 0133     		adds	r3, r3, #1
 402              	.LVL48:
 176:Drivers/BSP/Components/vl53l1cb/modules/vl53l1_hist_algos_gen3.c **** 
 403              		.loc 1 176 61 is_stmt 0 discriminator 2 view .LVU145
 404 00d8 DBB2     		uxtb	r3, r3
 405              	.LVL49:
 406              	.L14:
 176:Drivers/BSP/Components/vl53l1cb/modules/vl53l1_hist_algos_gen3.c **** 
 407              		.loc 1 176 36 is_stmt 1 discriminator 1 view .LVU146
 176:Drivers/BSP/Components/vl53l1cb/modules/vl53l1_hist_algos_gen3.c **** 
 408              		.loc 1 176 43 is_stmt 0 discriminator 1 view .LVU147
 409 00da AA7A     		ldrb	r2, [r5, #10]	@ zero_extendqisi2
 176:Drivers/BSP/Components/vl53l1cb/modules/vl53l1_hist_algos_gen3.c **** 
 410              		.loc 1 176 36 discriminator 1 view .LVU148
 411 00dc 9A42     		cmp	r2, r3
 412 00de 11D9     		bls	.L23
 178:Drivers/BSP/Components/vl53l1cb/modules/vl53l1_hist_algos_gen3.c **** 			palgo->VL53L1_p_043[lb]      = 1;
ARM GAS  C:\Temp\ccoqFb9b.s 			page 12


 413              		.loc 1 178 3 is_stmt 1 view .LVU149
 178:Drivers/BSP/Components/vl53l1cb/modules/vl53l1_hist_algos_gen3.c **** 			palgo->VL53L1_p_043[lb]      = 1;
 414              		.loc 1 178 22 is_stmt 0 view .LVU150
 415 00e0 9A1D     		adds	r2, r3, #6
 416 00e2 55F82210 		ldr	r1, [r5, r2, lsl #2]
 178:Drivers/BSP/Components/vl53l1cb/modules/vl53l1_hist_algos_gen3.c **** 			palgo->VL53L1_p_043[lb]      = 1;
 417              		.loc 1 178 48 view .LVU151
 418 00e6 03F11602 		add	r2, r3, #22
 419 00ea 56F82220 		ldr	r2, [r6, r2, lsl #2]
 178:Drivers/BSP/Components/vl53l1cb/modules/vl53l1_hist_algos_gen3.c **** 			palgo->VL53L1_p_043[lb]      = 1;
 420              		.loc 1 178 6 view .LVU152
 421 00ee 9142     		cmp	r1, r2
 422 00f0 ECDD     		ble	.L15
 179:Drivers/BSP/Components/vl53l1cb/modules/vl53l1_hist_algos_gen3.c **** 			palgo->VL53L1_p_046[lb] = 1;
 423              		.loc 1 179 4 is_stmt 1 view .LVU153
 179:Drivers/BSP/Components/vl53l1cb/modules/vl53l1_hist_algos_gen3.c **** 			palgo->VL53L1_p_046[lb] = 1;
 424              		.loc 1 179 33 is_stmt 0 view .LVU154
 425 00f2 F218     		adds	r2, r6, r3
 426 00f4 0121     		movs	r1, #1
 427 00f6 1174     		strb	r1, [r2, #16]
 180:Drivers/BSP/Components/vl53l1cb/modules/vl53l1_hist_algos_gen3.c **** 			palgo->VL53L1_p_045++;
 428              		.loc 1 180 4 is_stmt 1 view .LVU155
 180:Drivers/BSP/Components/vl53l1cb/modules/vl53l1_hist_algos_gen3.c **** 			palgo->VL53L1_p_045++;
 429              		.loc 1 180 28 is_stmt 0 view .LVU156
 430 00f8 82F82810 		strb	r1, [r2, #40]
 181:Drivers/BSP/Components/vl53l1cb/modules/vl53l1_hist_algos_gen3.c **** 		} else {
 431              		.loc 1 181 4 is_stmt 1 view .LVU157
 181:Drivers/BSP/Components/vl53l1cb/modules/vl53l1_hist_algos_gen3.c **** 		} else {
 432              		.loc 1 181 9 is_stmt 0 view .LVU158
 433 00fc 3279     		ldrb	r2, [r6, #4]	@ zero_extendqisi2
 181:Drivers/BSP/Components/vl53l1cb/modules/vl53l1_hist_algos_gen3.c **** 		} else {
 434              		.loc 1 181 23 view .LVU159
 435 00fe 0A44     		add	r2, r2, r1
 436 0100 3271     		strb	r2, [r6, #4]
 437 0102 E8E7     		b	.L16
 438              	.L23:
 185:Drivers/BSP/Components/vl53l1cb/modules/vl53l1_hist_algos_gen3.c **** 		}
 186:Drivers/BSP/Components/vl53l1cb/modules/vl53l1_hist_algos_gen3.c **** 	}
 187:Drivers/BSP/Components/vl53l1cb/modules/vl53l1_hist_algos_gen3.c **** 
 188:Drivers/BSP/Components/vl53l1cb/modules/vl53l1_hist_algos_gen3.c **** 	LOG_FUNCTION_END(status);
 439              		.loc 1 188 26 is_stmt 1 view .LVU160
 189:Drivers/BSP/Components/vl53l1cb/modules/vl53l1_hist_algos_gen3.c **** 
 190:Drivers/BSP/Components/vl53l1cb/modules/vl53l1_hist_algos_gen3.c **** 	return status;
 440              		.loc 1 190 2 view .LVU161
 191:Drivers/BSP/Components/vl53l1cb/modules/vl53l1_hist_algos_gen3.c **** 
 192:Drivers/BSP/Components/vl53l1cb/modules/vl53l1_hist_algos_gen3.c **** }
 441              		.loc 1 192 1 is_stmt 0 view .LVU162
 442 0104 0020     		movs	r0, #0
 443 0106 03B0     		add	sp, sp, #12
 444              		.cfi_def_cfa_offset 36
 445              		@ sp needed
 446 0108 BDE8F08F 		pop	{r4, r5, r6, r7, r8, r9, r10, fp, pc}
 447              		.loc 1 192 1 view .LVU163
 448              		.cfi_endproc
 449              	.LFE4:
 451              		.section	.text.VL53L1_f_019,"ax",%progbits
 452              		.align	1
ARM GAS  C:\Temp\ccoqFb9b.s 			page 13


 453              		.global	VL53L1_f_019
 454              		.syntax unified
 455              		.thumb
 456              		.thumb_func
 458              	VL53L1_f_019:
 459              	.LVL50:
 460              	.LFB5:
 193:Drivers/BSP/Components/vl53l1cb/modules/vl53l1_hist_algos_gen3.c **** 
 194:Drivers/BSP/Components/vl53l1cb/modules/vl53l1_hist_algos_gen3.c **** 
 195:Drivers/BSP/Components/vl53l1cb/modules/vl53l1_hist_algos_gen3.c **** 
 196:Drivers/BSP/Components/vl53l1cb/modules/vl53l1_hist_algos_gen3.c **** 
 197:Drivers/BSP/Components/vl53l1cb/modules/vl53l1_hist_algos_gen3.c **** VL53L1_Error VL53L1_f_019(
 198:Drivers/BSP/Components/vl53l1cb/modules/vl53l1_hist_algos_gen3.c **** 	VL53L1_hist_gen3_algo_private_data_t  *palgo)
 199:Drivers/BSP/Components/vl53l1cb/modules/vl53l1_hist_algos_gen3.c **** {
 461              		.loc 1 199 1 is_stmt 1 view -0
 462              		.cfi_startproc
 463              		@ args = 0, pretend = 0, frame = 0
 464              		@ frame_needed = 0, uses_anonymous_args = 0
 465              		.loc 1 199 1 is_stmt 0 view .LVU165
 466 0000 10B5     		push	{r4, lr}
 467              		.cfi_def_cfa_offset 8
 468              		.cfi_offset 4, -8
 469              		.cfi_offset 14, -4
 200:Drivers/BSP/Components/vl53l1cb/modules/vl53l1_hist_algos_gen3.c **** 
 201:Drivers/BSP/Components/vl53l1cb/modules/vl53l1_hist_algos_gen3.c **** 
 202:Drivers/BSP/Components/vl53l1cb/modules/vl53l1_hist_algos_gen3.c **** 
 203:Drivers/BSP/Components/vl53l1cb/modules/vl53l1_hist_algos_gen3.c **** 	VL53L1_Error  status  = VL53L1_ERROR_NONE;
 470              		.loc 1 203 2 is_stmt 1 view .LVU166
 471              	.LVL51:
 204:Drivers/BSP/Components/vl53l1cb/modules/vl53l1_hist_algos_gen3.c **** 
 205:Drivers/BSP/Components/vl53l1cb/modules/vl53l1_hist_algos_gen3.c **** 	uint8_t  i            = 0;
 472              		.loc 1 205 2 view .LVU167
 206:Drivers/BSP/Components/vl53l1cb/modules/vl53l1_hist_algos_gen3.c **** 	uint8_t  j            = 0;
 473              		.loc 1 206 2 view .LVU168
 207:Drivers/BSP/Components/vl53l1cb/modules/vl53l1_hist_algos_gen3.c **** 	uint8_t  found        = 0;
 474              		.loc 1 207 2 view .LVU169
 208:Drivers/BSP/Components/vl53l1cb/modules/vl53l1_hist_algos_gen3.c **** 
 209:Drivers/BSP/Components/vl53l1cb/modules/vl53l1_hist_algos_gen3.c **** 	LOG_FUNCTION_START("");
 475              		.loc 1 209 24 view .LVU170
 210:Drivers/BSP/Components/vl53l1cb/modules/vl53l1_hist_algos_gen3.c **** 
 211:Drivers/BSP/Components/vl53l1cb/modules/vl53l1_hist_algos_gen3.c **** 	palgo->VL53L1_p_049 = 0;
 476              		.loc 1 211 2 view .LVU171
 477              		.loc 1 211 22 is_stmt 0 view .LVU172
 478 0002 0023     		movs	r3, #0
 479 0004 80F87831 		strb	r3, [r0, #376]
 212:Drivers/BSP/Components/vl53l1cb/modules/vl53l1_hist_algos_gen3.c **** 
 213:Drivers/BSP/Components/vl53l1cb/modules/vl53l1_hist_algos_gen3.c **** 	for (i = 0; i < palgo->VL53L1_p_031; i++) {
 480              		.loc 1 213 2 is_stmt 1 view .LVU173
 207:Drivers/BSP/Components/vl53l1cb/modules/vl53l1_hist_algos_gen3.c **** 
 481              		.loc 1 207 11 is_stmt 0 view .LVU174
 482 0008 1C46     		mov	r4, r3
 483              		.loc 1 213 2 view .LVU175
 484 000a 01E0     		b	.L25
 485              	.LVL52:
 486              	.L26:
 487              		.loc 1 213 40 is_stmt 1 discriminator 2 view .LVU176
 488 000c 0133     		adds	r3, r3, #1
ARM GAS  C:\Temp\ccoqFb9b.s 			page 14


 489              	.LVL53:
 490              		.loc 1 213 40 is_stmt 0 discriminator 2 view .LVU177
 491 000e DBB2     		uxtb	r3, r3
 492              	.LVL54:
 493              	.L25:
 494              		.loc 1 213 16 is_stmt 1 discriminator 1 view .LVU178
 495              		.loc 1 213 23 is_stmt 0 discriminator 1 view .LVU179
 496 0010 C178     		ldrb	r1, [r0, #3]	@ zero_extendqisi2
 497              		.loc 1 213 16 discriminator 1 view .LVU180
 498 0012 9942     		cmp	r1, r3
 499 0014 1DD9     		bls	.L29
 214:Drivers/BSP/Components/vl53l1cb/modules/vl53l1_hist_algos_gen3.c **** 
 215:Drivers/BSP/Components/vl53l1cb/modules/vl53l1_hist_algos_gen3.c **** 		j = (i + 1) % palgo->VL53L1_p_031;
 500              		.loc 1 215 3 is_stmt 1 view .LVU181
 501              		.loc 1 215 10 is_stmt 0 view .LVU182
 502 0016 9E46     		mov	lr, r3
 503 0018 5A1C     		adds	r2, r3, #1
 504              		.loc 1 215 15 view .LVU183
 505 001a 92FBF1FC 		sdiv	ip, r2, r1
 506 001e 01FB1C22 		mls	r2, r1, ip, r2
 507              		.loc 1 215 5 view .LVU184
 508 0022 5FFA82FC 		uxtb	ip, r2
 509              	.LVL55:
 216:Drivers/BSP/Components/vl53l1cb/modules/vl53l1_hist_algos_gen3.c **** 
 217:Drivers/BSP/Components/vl53l1cb/modules/vl53l1_hist_algos_gen3.c **** 
 218:Drivers/BSP/Components/vl53l1cb/modules/vl53l1_hist_algos_gen3.c **** 
 219:Drivers/BSP/Components/vl53l1cb/modules/vl53l1_hist_algos_gen3.c **** 		if (i < palgo->VL53L1_p_024 && j < palgo->VL53L1_p_024) {
 510              		.loc 1 219 3 is_stmt 1 view .LVU185
 511              		.loc 1 219 16 is_stmt 0 view .LVU186
 512 0026 8178     		ldrb	r1, [r0, #2]	@ zero_extendqisi2
 513              		.loc 1 219 6 view .LVU187
 514 0028 9942     		cmp	r1, r3
 515 002a EFD9     		bls	.L26
 516              		.loc 1 219 31 discriminator 1 view .LVU188
 517 002c 6145     		cmp	r1, ip
 518 002e EDD9     		bls	.L26
 220:Drivers/BSP/Components/vl53l1cb/modules/vl53l1_hist_algos_gen3.c **** 			if (palgo->VL53L1_p_046[i] == 0 &&
 519              		.loc 1 220 4 is_stmt 1 view .LVU189
 520              		.loc 1 220 27 is_stmt 0 view .LVU190
 521 0030 8644     		add	lr, lr, r0
 522 0032 9EF82810 		ldrb	r1, [lr, #40]	@ zero_extendqisi2
 523              		.loc 1 220 7 view .LVU191
 524 0036 0029     		cmp	r1, #0
 525 0038 E8D1     		bne	.L26
 221:Drivers/BSP/Components/vl53l1cb/modules/vl53l1_hist_algos_gen3.c **** 				palgo->VL53L1_p_046[j] == 1 &&
 526              		.loc 1 221 24 discriminator 1 view .LVU192
 527 003a 50FA82F2 		uxtab	r2, r0, r2
 528 003e 92F82820 		ldrb	r2, [r2, #40]	@ zero_extendqisi2
 220:Drivers/BSP/Components/vl53l1cb/modules/vl53l1_hist_algos_gen3.c **** 			if (palgo->VL53L1_p_046[i] == 0 &&
 529              		.loc 1 220 36 discriminator 1 view .LVU193
 530 0042 012A     		cmp	r2, #1
 531 0044 E2D1     		bne	.L26
 532              		.loc 1 221 33 view .LVU194
 533 0046 002C     		cmp	r4, #0
 534 0048 E0D1     		bne	.L26
 222:Drivers/BSP/Components/vl53l1cb/modules/vl53l1_hist_algos_gen3.c **** 				found == 0) {
 223:Drivers/BSP/Components/vl53l1cb/modules/vl53l1_hist_algos_gen3.c **** 				palgo->VL53L1_p_049 = i;
ARM GAS  C:\Temp\ccoqFb9b.s 			page 15


 535              		.loc 1 223 5 is_stmt 1 view .LVU195
 536              		.loc 1 223 25 is_stmt 0 view .LVU196
 537 004a 80F87831 		strb	r3, [r0, #376]
 224:Drivers/BSP/Components/vl53l1cb/modules/vl53l1_hist_algos_gen3.c **** 				found = 1;
 538              		.loc 1 224 5 is_stmt 1 view .LVU197
 539              	.LVL56:
 540              		.loc 1 224 11 is_stmt 0 view .LVU198
 541 004e 1446     		mov	r4, r2
 542 0050 DCE7     		b	.L26
 543              	.LVL57:
 544              	.L29:
 225:Drivers/BSP/Components/vl53l1cb/modules/vl53l1_hist_algos_gen3.c **** 			}
 226:Drivers/BSP/Components/vl53l1cb/modules/vl53l1_hist_algos_gen3.c **** 		}
 227:Drivers/BSP/Components/vl53l1cb/modules/vl53l1_hist_algos_gen3.c **** 	}
 228:Drivers/BSP/Components/vl53l1cb/modules/vl53l1_hist_algos_gen3.c **** 
 229:Drivers/BSP/Components/vl53l1cb/modules/vl53l1_hist_algos_gen3.c **** 	LOG_FUNCTION_END(status);
 545              		.loc 1 229 26 is_stmt 1 view .LVU199
