ARM GAS  C:\Temp\ccysrADk.s 			page 1


   1              		.cpu cortex-m4
   2              		.arch armv7e-m
   3              		.fpu fpv4-sp-d16
   4              		.eabi_attribute 27, 1
   5              		.eabi_attribute 28, 1
   6              		.eabi_attribute 20, 1
   7              		.eabi_attribute 21, 1
   8              		.eabi_attribute 23, 3
   9              		.eabi_attribute 24, 1
  10              		.eabi_attribute 25, 1
  11              		.eabi_attribute 26, 1
  12              		.eabi_attribute 30, 1
  13              		.eabi_attribute 34, 1
  14              		.eabi_attribute 18, 4
  15              		.file	"vl53l1_silicon_core.c"
  16              		.text
  17              	.Ltext0:
  18              		.cfi_sections	.debug_frame
  19              		.file 1 "Drivers/BSP/Components/vl53l1cb/modules/vl53l1_silicon_core.c"
  20              		.section	.text.VL53L1_is_firmware_ready_silicon,"ax",%progbits
  21              		.align	1
  22              		.global	VL53L1_is_firmware_ready_silicon
  23              		.syntax unified
  24              		.thumb
  25              		.thumb_func
  27              	VL53L1_is_firmware_ready_silicon:
  28              	.LVL0:
  29              	.LFB3:
   1:Drivers/BSP/Components/vl53l1cb/modules/vl53l1_silicon_core.c **** /**
   2:Drivers/BSP/Components/vl53l1cb/modules/vl53l1_silicon_core.c ****  ******************************************************************************
   3:Drivers/BSP/Components/vl53l1cb/modules/vl53l1_silicon_core.c ****  * Copyright (c) 2020, STMicroelectronics - All Rights Reserved
   4:Drivers/BSP/Components/vl53l1cb/modules/vl53l1_silicon_core.c ****  *
   5:Drivers/BSP/Components/vl53l1cb/modules/vl53l1_silicon_core.c ****  * This software is licensed under terms that can be found in the LICENSE file
   6:Drivers/BSP/Components/vl53l1cb/modules/vl53l1_silicon_core.c ****  * in the root directory of this software component.
   7:Drivers/BSP/Components/vl53l1cb/modules/vl53l1_silicon_core.c ****  * If no LICENSE file comes with this software, it is provided AS-IS.
   8:Drivers/BSP/Components/vl53l1cb/modules/vl53l1_silicon_core.c ****  *
   9:Drivers/BSP/Components/vl53l1cb/modules/vl53l1_silicon_core.c ****  ******************************************************************************
  10:Drivers/BSP/Components/vl53l1cb/modules/vl53l1_silicon_core.c ****  */
  11:Drivers/BSP/Components/vl53l1cb/modules/vl53l1_silicon_core.c **** 
  12:Drivers/BSP/Components/vl53l1cb/modules/vl53l1_silicon_core.c **** 
  13:Drivers/BSP/Components/vl53l1cb/modules/vl53l1_silicon_core.c **** 
  14:Drivers/BSP/Components/vl53l1cb/modules/vl53l1_silicon_core.c **** 
  15:Drivers/BSP/Components/vl53l1cb/modules/vl53l1_silicon_core.c **** 
  16:Drivers/BSP/Components/vl53l1cb/modules/vl53l1_silicon_core.c **** #include "vl53l1_ll_def.h"
  17:Drivers/BSP/Components/vl53l1cb/modules/vl53l1_silicon_core.c **** #include "vl53l1_platform.h"
  18:Drivers/BSP/Components/vl53l1cb/modules/vl53l1_silicon_core.c **** #include "vl53l1_register_map.h"
  19:Drivers/BSP/Components/vl53l1cb/modules/vl53l1_silicon_core.c **** #include "vl53l1_core.h"
  20:Drivers/BSP/Components/vl53l1cb/modules/vl53l1_silicon_core.c **** #include "vl53l1_silicon_core.h"
  21:Drivers/BSP/Components/vl53l1cb/modules/vl53l1_silicon_core.c **** 
  22:Drivers/BSP/Components/vl53l1cb/modules/vl53l1_silicon_core.c **** 
  23:Drivers/BSP/Components/vl53l1cb/modules/vl53l1_silicon_core.c **** #define LOG_FUNCTION_START(fmt, ...) \
  24:Drivers/BSP/Components/vl53l1cb/modules/vl53l1_silicon_core.c **** 	_LOG_FUNCTION_START(VL53L1_TRACE_MODULE_CORE, fmt, ##__VA_ARGS__)
  25:Drivers/BSP/Components/vl53l1cb/modules/vl53l1_silicon_core.c **** #define LOG_FUNCTION_END(status, ...) \
  26:Drivers/BSP/Components/vl53l1cb/modules/vl53l1_silicon_core.c **** 	_LOG_FUNCTION_END(VL53L1_TRACE_MODULE_CORE, status, ##__VA_ARGS__)
  27:Drivers/BSP/Components/vl53l1cb/modules/vl53l1_silicon_core.c **** #define LOG_FUNCTION_END_FMT(status, fmt, ...) \
  28:Drivers/BSP/Components/vl53l1cb/modules/vl53l1_silicon_core.c **** 	_LOG_FUNCTION_END_FMT(VL53L1_TRACE_MODULE_CORE,\
  29:Drivers/BSP/Components/vl53l1cb/modules/vl53l1_silicon_core.c **** 			status, fmt, ##__VA_ARGS__)
ARM GAS  C:\Temp\ccysrADk.s 			page 2


  30:Drivers/BSP/Components/vl53l1cb/modules/vl53l1_silicon_core.c **** 
  31:Drivers/BSP/Components/vl53l1cb/modules/vl53l1_silicon_core.c **** 
  32:Drivers/BSP/Components/vl53l1cb/modules/vl53l1_silicon_core.c **** VL53L1_Error VL53L1_is_firmware_ready_silicon(
  33:Drivers/BSP/Components/vl53l1cb/modules/vl53l1_silicon_core.c **** 	VL53L1_DEV     Dev,
  34:Drivers/BSP/Components/vl53l1cb/modules/vl53l1_silicon_core.c **** 	uint8_t       *pready)
  35:Drivers/BSP/Components/vl53l1cb/modules/vl53l1_silicon_core.c **** {
  30              		.loc 1 35 1 view -0
  31              		.cfi_startproc
  32              		@ args = 0, pretend = 0, frame = 8
  33              		@ frame_needed = 0, uses_anonymous_args = 0
  34              		.loc 1 35 1 is_stmt 0 view .LVU1
  35 0000 30B5     		push	{r4, r5, lr}
  36              		.cfi_def_cfa_offset 12
  37              		.cfi_offset 4, -12
  38              		.cfi_offset 5, -8
  39              		.cfi_offset 14, -4
  40 0002 83B0     		sub	sp, sp, #12
  41              		.cfi_def_cfa_offset 24
  42 0004 0446     		mov	r4, r0
  43 0006 0D46     		mov	r5, r1
  36:Drivers/BSP/Components/vl53l1cb/modules/vl53l1_silicon_core.c **** 
  37:Drivers/BSP/Components/vl53l1cb/modules/vl53l1_silicon_core.c **** 
  38:Drivers/BSP/Components/vl53l1cb/modules/vl53l1_silicon_core.c **** 	VL53L1_Error status = VL53L1_ERROR_NONE;
  44              		.loc 1 38 2 is_stmt 1 view .LVU2
  45              	.LVL1:
  39:Drivers/BSP/Components/vl53l1cb/modules/vl53l1_silicon_core.c **** 	VL53L1_LLDriverData_t *pdev = VL53L1DevStructGetLLDriverHandle(Dev);
  46              		.loc 1 39 2 view .LVU3
  40:Drivers/BSP/Components/vl53l1cb/modules/vl53l1_silicon_core.c **** 
  41:Drivers/BSP/Components/vl53l1cb/modules/vl53l1_silicon_core.c **** 	uint8_t  comms_buffer[5];
  47              		.loc 1 41 2 view .LVU4
  42:Drivers/BSP/Components/vl53l1cb/modules/vl53l1_silicon_core.c **** 
  43:Drivers/BSP/Components/vl53l1cb/modules/vl53l1_silicon_core.c **** 	LOG_FUNCTION_START("");
  48              		.loc 1 43 24 view .LVU5
  44:Drivers/BSP/Components/vl53l1cb/modules/vl53l1_silicon_core.c **** 
  45:Drivers/BSP/Components/vl53l1cb/modules/vl53l1_silicon_core.c **** 
  46:Drivers/BSP/Components/vl53l1cb/modules/vl53l1_silicon_core.c **** 
  47:Drivers/BSP/Components/vl53l1cb/modules/vl53l1_silicon_core.c **** 	status = VL53L1_ReadMulti(
  49              		.loc 1 47 2 view .LVU6
  50              		.loc 1 47 11 is_stmt 0 view .LVU7
  51 0008 0523     		movs	r3, #5
  52 000a 6A46     		mov	r2, sp
  53 000c FD21     		movs	r1, #253
  54              	.LVL2:
  55              		.loc 1 47 11 view .LVU8
  56 000e FFF7FEFF 		bl	VL53L1_ReadMulti
  57              	.LVL3:
  48:Drivers/BSP/Components/vl53l1cb/modules/vl53l1_silicon_core.c **** 				Dev,
  49:Drivers/BSP/Components/vl53l1cb/modules/vl53l1_silicon_core.c **** 				VL53L1_INTERRUPT_MANAGER__ENABLES,
  50:Drivers/BSP/Components/vl53l1cb/modules/vl53l1_silicon_core.c **** 				comms_buffer,
  51:Drivers/BSP/Components/vl53l1cb/modules/vl53l1_silicon_core.c **** 				5);
  52:Drivers/BSP/Components/vl53l1cb/modules/vl53l1_silicon_core.c **** 
  53:Drivers/BSP/Components/vl53l1cb/modules/vl53l1_silicon_core.c **** 	if (status != VL53L1_ERROR_NONE)
  58              		.loc 1 53 2 is_stmt 1 view .LVU9
  59              		.loc 1 53 5 is_stmt 0 view .LVU10
  60 0012 00BB     		cbnz	r0, .L2
  54:Drivers/BSP/Components/vl53l1cb/modules/vl53l1_silicon_core.c **** 		goto ENDFUNC;
  55:Drivers/BSP/Components/vl53l1cb/modules/vl53l1_silicon_core.c **** 
ARM GAS  C:\Temp\ccysrADk.s 			page 3


  56:Drivers/BSP/Components/vl53l1cb/modules/vl53l1_silicon_core.c **** 	pdev->dbg_results.interrupt_manager__enables =
  61              		.loc 1 56 2 is_stmt 1 view .LVU11
  57:Drivers/BSP/Components/vl53l1cb/modules/vl53l1_silicon_core.c **** 			comms_buffer[0];
  62              		.loc 1 57 16 is_stmt 0 view .LVU12
  63 0014 9DF80020 		ldrb	r2, [sp]	@ zero_extendqisi2
  56:Drivers/BSP/Components/vl53l1cb/modules/vl53l1_silicon_core.c **** 			comms_buffer[0];
  64              		.loc 1 56 47 view .LVU13
  65 0018 04F58053 		add	r3, r4, #4096
  66 001c 83F8E123 		strb	r2, [r3, #993]
  58:Drivers/BSP/Components/vl53l1cb/modules/vl53l1_silicon_core.c **** 	pdev->dbg_results.interrupt_manager__clear =
  67              		.loc 1 58 2 is_stmt 1 view .LVU14
  59:Drivers/BSP/Components/vl53l1cb/modules/vl53l1_silicon_core.c **** 			comms_buffer[1];
  68              		.loc 1 59 16 is_stmt 0 view .LVU15
  69 0020 9DF80110 		ldrb	r1, [sp, #1]	@ zero_extendqisi2
  58:Drivers/BSP/Components/vl53l1cb/modules/vl53l1_silicon_core.c **** 	pdev->dbg_results.interrupt_manager__clear =
  70              		.loc 1 58 45 view .LVU16
  71 0024 83F8E213 		strb	r1, [r3, #994]
  60:Drivers/BSP/Components/vl53l1cb/modules/vl53l1_silicon_core.c **** 	pdev->dbg_results.interrupt_manager__status =
  72              		.loc 1 60 2 is_stmt 1 view .LVU17
  61:Drivers/BSP/Components/vl53l1cb/modules/vl53l1_silicon_core.c **** 			comms_buffer[2];
  73              		.loc 1 61 16 is_stmt 0 view .LVU18
  74 0028 9DF802C0 		ldrb	ip, [sp, #2]	@ zero_extendqisi2
  60:Drivers/BSP/Components/vl53l1cb/modules/vl53l1_silicon_core.c **** 	pdev->dbg_results.interrupt_manager__status =
  75              		.loc 1 60 46 view .LVU19
  76 002c 83F8E3C3 		strb	ip, [r3, #995]
  62:Drivers/BSP/Components/vl53l1cb/modules/vl53l1_silicon_core.c **** 	pdev->dbg_results.mcu_to_host_bank__wr_access_en =
  77              		.loc 1 62 2 is_stmt 1 view .LVU20
  63:Drivers/BSP/Components/vl53l1cb/modules/vl53l1_silicon_core.c **** 			comms_buffer[3];
  78              		.loc 1 63 16 is_stmt 0 view .LVU21
  79 0030 9DF803C0 		ldrb	ip, [sp, #3]	@ zero_extendqisi2
  62:Drivers/BSP/Components/vl53l1cb/modules/vl53l1_silicon_core.c **** 	pdev->dbg_results.mcu_to_host_bank__wr_access_en =
  80              		.loc 1 62 51 view .LVU22
  81 0034 83F8E4C3 		strb	ip, [r3, #996]
  64:Drivers/BSP/Components/vl53l1cb/modules/vl53l1_silicon_core.c **** 	pdev->dbg_results.power_management__go1_reset_status =
  82              		.loc 1 64 2 is_stmt 1 view .LVU23
  65:Drivers/BSP/Components/vl53l1cb/modules/vl53l1_silicon_core.c **** 			comms_buffer[4];
  83              		.loc 1 65 16 is_stmt 0 view .LVU24
  84 0038 9DF804C0 		ldrb	ip, [sp, #4]	@ zero_extendqisi2
  64:Drivers/BSP/Components/vl53l1cb/modules/vl53l1_silicon_core.c **** 	pdev->dbg_results.power_management__go1_reset_status =
  85              		.loc 1 64 55 view .LVU25
  86 003c 83F8E5C3 		strb	ip, [r3, #997]
  66:Drivers/BSP/Components/vl53l1cb/modules/vl53l1_silicon_core.c **** 
  67:Drivers/BSP/Components/vl53l1cb/modules/vl53l1_silicon_core.c **** 	if ((pdev->sys_ctrl.power_management__go1_power_force & 0x01)
  87              		.loc 1 67 2 is_stmt 1 view .LVU26
  88              		.loc 1 67 21 is_stmt 0 view .LVU27
  89 0040 94F8C033 		ldrb	r3, [r4, #960]	@ zero_extendqisi2
  90              		.loc 1 67 5 view .LVU28
  91 0044 13F0010F 		tst	r3, #1
  92 0048 0ED0     		beq	.L3
  68:Drivers/BSP/Components/vl53l1cb/modules/vl53l1_silicon_core.c **** 			== 0x01) {
  69:Drivers/BSP/Components/vl53l1cb/modules/vl53l1_silicon_core.c **** 
  70:Drivers/BSP/Components/vl53l1cb/modules/vl53l1_silicon_core.c **** 		if (((pdev->dbg_results.interrupt_manager__enables &
  93              		.loc 1 70 3 is_stmt 1 view .LVU29
  94              		.loc 1 70 6 is_stmt 0 view .LVU30
  95 004a 02F01F02 		and	r2, r2, #31
  96 004e 1F2A     		cmp	r2, #31
  97 0050 03D0     		beq	.L7
ARM GAS  C:\Temp\ccysrADk.s 			page 4


  98              	.L4:
  71:Drivers/BSP/Components/vl53l1cb/modules/vl53l1_silicon_core.c **** 				0x1F) == 0x1F) &&
  72:Drivers/BSP/Components/vl53l1cb/modules/vl53l1_silicon_core.c **** 			((pdev->dbg_results.interrupt_manager__clear
  73:Drivers/BSP/Components/vl53l1cb/modules/vl53l1_silicon_core.c **** 					& 0x1F) == 0x1F))
  74:Drivers/BSP/Components/vl53l1cb/modules/vl53l1_silicon_core.c **** 			*pready = 0x01;
  75:Drivers/BSP/Components/vl53l1cb/modules/vl53l1_silicon_core.c **** 		else
  76:Drivers/BSP/Components/vl53l1cb/modules/vl53l1_silicon_core.c **** 			*pready = 0x00;
  99              		.loc 1 76 4 is_stmt 1 view .LVU31
 100              		.loc 1 76 12 is_stmt 0 view .LVU32
 101 0052 0023     		movs	r3, #0
 102 0054 2B70     		strb	r3, [r5]
 103              	.L2:
  77:Drivers/BSP/Components/vl53l1cb/modules/vl53l1_silicon_core.c **** 
  78:Drivers/BSP/Components/vl53l1cb/modules/vl53l1_silicon_core.c **** 	} else {
  79:Drivers/BSP/Components/vl53l1cb/modules/vl53l1_silicon_core.c **** 
  80:Drivers/BSP/Components/vl53l1cb/modules/vl53l1_silicon_core.c **** 
  81:Drivers/BSP/Components/vl53l1cb/modules/vl53l1_silicon_core.c **** 		if ((pdev->dbg_results.power_management__go1_reset_status
  82:Drivers/BSP/Components/vl53l1cb/modules/vl53l1_silicon_core.c **** 				& 0x01) == 0x00)
  83:Drivers/BSP/Components/vl53l1cb/modules/vl53l1_silicon_core.c **** 			*pready = 0x01;
  84:Drivers/BSP/Components/vl53l1cb/modules/vl53l1_silicon_core.c **** 		else
  85:Drivers/BSP/Components/vl53l1cb/modules/vl53l1_silicon_core.c **** 			*pready = 0x00;
  86:Drivers/BSP/Components/vl53l1cb/modules/vl53l1_silicon_core.c **** 	}
  87:Drivers/BSP/Components/vl53l1cb/modules/vl53l1_silicon_core.c **** 
  88:Drivers/BSP/Components/vl53l1cb/modules/vl53l1_silicon_core.c **** 
  89:Drivers/BSP/Components/vl53l1cb/modules/vl53l1_silicon_core.c **** ENDFUNC:
  90:Drivers/BSP/Components/vl53l1cb/modules/vl53l1_silicon_core.c **** 	LOG_FUNCTION_END(status);
 104              		.loc 1 90 26 is_stmt 1 view .LVU33
  91:Drivers/BSP/Components/vl53l1cb/modules/vl53l1_silicon_core.c **** 
  92:Drivers/BSP/Components/vl53l1cb/modules/vl53l1_silicon_core.c **** 	return status;
 105              		.loc 1 92 2 view .LVU34
  93:Drivers/BSP/Components/vl53l1cb/modules/vl53l1_silicon_core.c **** }
 106              		.loc 1 93 1 is_stmt 0 view .LVU35
 107 0056 03B0     		add	sp, sp, #12
 108              		.cfi_remember_state
 109              		.cfi_def_cfa_offset 12
 110              		@ sp needed
 111 0058 30BD     		pop	{r4, r5, pc}
 112              	.LVL4:
 113              	.L7:
 114              		.cfi_restore_state
  71:Drivers/BSP/Components/vl53l1cb/modules/vl53l1_silicon_core.c **** 			((pdev->dbg_results.interrupt_manager__clear
 115              		.loc 1 71 20 view .LVU36
 116 005a 01F01F01 		and	r1, r1, #31
 117 005e 1F29     		cmp	r1, #31
 118 0060 F7D1     		bne	.L4
  74:Drivers/BSP/Components/vl53l1cb/modules/vl53l1_silicon_core.c **** 		else
 119              		.loc 1 74 4 is_stmt 1 view .LVU37
  74:Drivers/BSP/Components/vl53l1cb/modules/vl53l1_silicon_core.c **** 		else
 120              		.loc 1 74 12 is_stmt 0 view .LVU38
 121 0062 0123     		movs	r3, #1
 122 0064 2B70     		strb	r3, [r5]
 123 0066 F6E7     		b	.L2
 124              	.L3:
  81:Drivers/BSP/Components/vl53l1cb/modules/vl53l1_silicon_core.c **** 				& 0x01) == 0x00)
 125              		.loc 1 81 3 is_stmt 1 view .LVU39
  81:Drivers/BSP/Components/vl53l1cb/modules/vl53l1_silicon_core.c **** 				& 0x01) == 0x00)
 126              		.loc 1 81 6 is_stmt 0 view .LVU40
ARM GAS  C:\Temp\ccysrADk.s 			page 5


 127 0068 1CF0010F 		tst	ip, #1
 128 006c 02D1     		bne	.L5
  83:Drivers/BSP/Components/vl53l1cb/modules/vl53l1_silicon_core.c **** 		else
 129              		.loc 1 83 4 is_stmt 1 view .LVU41
  83:Drivers/BSP/Components/vl53l1cb/modules/vl53l1_silicon_core.c **** 		else
 130              		.loc 1 83 12 is_stmt 0 view .LVU42
 131 006e 0123     		movs	r3, #1
 132 0070 2B70     		strb	r3, [r5]
 133 0072 F0E7     		b	.L2
 134              	.L5:
  85:Drivers/BSP/Components/vl53l1cb/modules/vl53l1_silicon_core.c **** 	}
 135              		.loc 1 85 4 is_stmt 1 view .LVU43
  85:Drivers/BSP/Components/vl53l1cb/modules/vl53l1_silicon_core.c **** 	}
 136              		.loc 1 85 12 is_stmt 0 view .LVU44
 137 0074 0023     		movs	r3, #0
 138 0076 2B70     		strb	r3, [r5]
 139 0078 EDE7     		b	.L2
 140              		.cfi_endproc
 141              	.LFE3:
 143              		.text
 144              	.Letext0:
 145              		.file 2 "c:\\users\\jessejabezarendse\\appdata\\roaming\\code\\user\\globalstorage\\bmd.stm32-for-
 146              		.file 3 "c:\\users\\jessejabezarendse\\appdata\\roaming\\code\\user\\globalstorage\\bmd.stm32-for-
 147              		.file 4 "Drivers/BSP/Components/vl53l1cb/porting/vl53l1_types.h"
 148              		.file 5 "Drivers/BSP/Components/vl53l1cb/modules/vl53l1_error_codes.h"
 149              		.file 6 "Drivers/BSP/Components/vl53l1cb/modules/vl53l1_register_structs.h"
 150              		.file 7 "Drivers/BSP/Components/vl53l1cb/modules/vl53l1_ll_device.h"
 151              		.file 8 "Drivers/BSP/Components/vl53l1cb/modules/vl53l1_dmax_structs.h"
 152              		.file 9 "Drivers/BSP/Components/vl53l1cb/modules/vl53l1_hist_structs.h"
 153              		.file 10 "Drivers/BSP/Components/vl53l1cb/modules/vl53l1_ll_def.h"
 154              		.file 11 "Drivers/BSP/Components/vl53l1cb/modules/vl53l1_def.h"
 155              		.file 12 "Drivers/BSP/Components/vl53l1cb/vl53l1cb.h"
 156              		.file 13 "Drivers/BSP/Components/vl53l1cb/porting/vl53l1_platform_user_data.h"
 157              		.file 14 "Drivers/BSP/Components/vl53l1cb/porting/vl53l1_platform.h"
ARM GAS  C:\Temp\ccysrADk.s 			page 6


DEFINED SYMBOLS
                            *ABS*:00000000 vl53l1_silicon_core.c
  C:\Temp\ccysrADk.s:21     .text.VL53L1_is_firmware_ready_silicon:00000000 $t
  C:\Temp\ccysrADk.s:27     .text.VL53L1_is_firmware_ready_silicon:00000000 VL53L1_is_firmware_ready_silicon

UNDEFINED SYMBOLS
VL53L1_ReadMulti
