ARM GAS  C:\Temp\ccTa7Ria.s 			page 1


   1              		.cpu cortex-m4
   2              		.arch armv7e-m
   3              		.fpu fpv4-sp-d16
   4              		.eabi_attribute 27, 1
   5              		.eabi_attribute 28, 1
   6              		.eabi_attribute 20, 1
   7              		.eabi_attribute 21, 1
   8              		.eabi_attribute 23, 3
   9              		.eabi_attribute 24, 1
  10              		.eabi_attribute 25, 1
  11              		.eabi_attribute 26, 1
  12              		.eabi_attribute 30, 1
  13              		.eabi_attribute 34, 1
  14              		.eabi_attribute 18, 4
  15              		.file	"VL53L8A1_Simulink.c"
  16              		.text
  17              	.Ltext0:
  18              		.cfi_sections	.debug_frame
  19              		.file 1 "Core/Src/VL53L8A1_Simulink.c"
  20              		.section	.rodata.initVL53L8A1.str1.4,"aMS",%progbits,1
  21              		.align	2
  22              	.LC0:
  23 0000 564C3533 		.ascii	"VL53L8A1_RANGING_SENSOR_Init failed\000"
  23      4C384131 
  23      5F52414E 
  23      47494E47 
  23      5F53454E 
  24              		.align	2
  25              	.LC1:
  26 0024 2D2D2D20 		.ascii	"--- BEGIN XTALK CALIBRATION ---\000"
  26      42454749 
  26      4E205854 
  26      414C4B20 
  26      43414C49 
  27              		.align	2
  28              	.LC2:
  29 0044 2D2D2D20 		.ascii	"--- END OF XTALK CALIBRATION ---\000"
  29      454E4420 
  29      4F462058 
  29      54414C4B 
  29      2043414C 
  30              		.section	.text.initVL53L8A1,"ax",%progbits
  31              		.align	1
  32              		.global	initVL53L8A1
  33              		.syntax unified
  34              		.thumb
  35              		.thumb_func
  37              	initVL53L8A1:
  38              	.LFB137:
   1:Core/Src/VL53L8A1_Simulink.c **** ///////////////////////////////////////////////////////////
   2:Core/Src/VL53L8A1_Simulink.c **** // Project : STM32 Nucleo + VL53L8A1
   3:Core/Src/VL53L8A1_Simulink.c **** // Abbreviation : AP_01
   4:Core/Src/VL53L8A1_Simulink.c **** // Microcontroller: STM32 Nucleo F411RE
   5:Core/Src/VL53L8A1_Simulink.c **** // Made For : Dr. Amir Patel
   6:Core/Src/VL53L8A1_Simulink.c **** // @author: Jesse Jabez Arendse
   7:Core/Src/VL53L8A1_Simulink.c **** // @modified: 25/10/2024
   8:Core/Src/VL53L8A1_Simulink.c **** ///////////////////////////////////////////////////////////
ARM GAS  C:\Temp\ccTa7Ria.s 			page 2


   9:Core/Src/VL53L8A1_Simulink.c **** 
  10:Core/Src/VL53L8A1_Simulink.c **** 
  11:Core/Src/VL53L8A1_Simulink.c **** // Includes ///////////////////////////////////////////////
  12:Core/Src/VL53L8A1_Simulink.c **** #include "53l8a1_ranging_sensor.h"
  13:Core/Src/VL53L8A1_Simulink.c **** #include "53l8a1_conf.h"
  14:Core/Src/VL53L8A1_Simulink.c **** #include "stm32f4xx_nucleo.h"
  15:Core/Src/VL53L8A1_Simulink.c **** #include "main.h"
  16:Core/Src/VL53L8A1_Simulink.c **** 
  17:Core/Src/VL53L8A1_Simulink.c **** #include "stdio.h"
  18:Core/Src/VL53L8A1_Simulink.c **** #include <stdint.h>
  19:Core/Src/VL53L8A1_Simulink.c **** #include <string.h>  // For memcpy
  20:Core/Src/VL53L8A1_Simulink.c **** #include <stdio.h>
  21:Core/Src/VL53L8A1_Simulink.c **** 
  22:Core/Src/VL53L8A1_Simulink.c **** #define TOF_INT_EXTI_PIN    (GPIO_PIN_4)
  23:Core/Src/VL53L8A1_Simulink.c **** #define TOF_INT_EXTI_PORT   (GPIOA)
  24:Core/Src/VL53L8A1_Simulink.c **** 
  25:Core/Src/VL53L8A1_Simulink.c **** #define VL53L8A1_PWR_EN_C_PIN   (GPIO_PIN_7)
  26:Core/Src/VL53L8A1_Simulink.c **** #define VL53L8A1_PWR_EN_C_PORT  (GPIOA)
  27:Core/Src/VL53L8A1_Simulink.c **** 
  28:Core/Src/VL53L8A1_Simulink.c **** #define VL53L8A1_LPn_C_PIN   (GPIO_PIN_0)
  29:Core/Src/VL53L8A1_Simulink.c **** #define VL53L8A1_LPn_C_PORT  (GPIOB)
  30:Core/Src/VL53L8A1_Simulink.c **** // Project Parent Variables ///////////////////////////////
  31:Core/Src/VL53L8A1_Simulink.c **** const uint8_t* header = 'A_J';
  32:Core/Src/VL53L8A1_Simulink.c **** const uint8_t* terminator = 'J_A';
  33:Core/Src/VL53L8A1_Simulink.c **** 
  34:Core/Src/VL53L8A1_Simulink.c **** extern UART_HandleTypeDef huart2;
  35:Core/Src/VL53L8A1_Simulink.c **** extern uint32_t counter;
  36:Core/Src/VL53L8A1_Simulink.c **** 
  37:Core/Src/VL53L8A1_Simulink.c **** // Project Specific Variables /////////////////////////////
  38:Core/Src/VL53L8A1_Simulink.c **** #define INSTANCE_TOF_CENTRE  VL53L8A1_DEV_CENTER
  39:Core/Src/VL53L8A1_Simulink.c **** 
  40:Core/Src/VL53L8A1_Simulink.c **** #define TIMING_BUDGET (30U) /* 16 ms < TimingBudget < 500 ms */
  41:Core/Src/VL53L8A1_Simulink.c **** #define RANGING_FREQUENCY (10U) /* Ranging frequency Hz (shall be consistent with TimingBudget valu
  42:Core/Src/VL53L8A1_Simulink.c **** #define POLLING_PERIOD (1)
  43:Core/Src/VL53L8A1_Simulink.c **** 
  44:Core/Src/VL53L8A1_Simulink.c **** extern RANGING_SENSOR_Result_t TOF_centre;
  45:Core/Src/VL53L8A1_Simulink.c **** 
  46:Core/Src/VL53L8A1_Simulink.c **** 
  47:Core/Src/VL53L8A1_Simulink.c **** 
  48:Core/Src/VL53L8A1_Simulink.c **** // mask options from BSP/Components/<IC_reg.h>
  49:Core/Src/VL53L8A1_Simulink.c **** 
  50:Core/Src/VL53L8A1_Simulink.c **** // Functions /////////////////////////////////////////////
  51:Core/Src/VL53L8A1_Simulink.c **** static RANGING_SENSOR_Capabilities_t Cap;
  52:Core/Src/VL53L8A1_Simulink.c **** static int32_t status = 0;
  53:Core/Src/VL53L8A1_Simulink.c **** static RANGING_SENSOR_ProfileConfig_t Profile;
  54:Core/Src/VL53L8A1_Simulink.c **** 
  55:Core/Src/VL53L8A1_Simulink.c **** /*these are the default values for xtalk calibration, update them if needed */
  56:Core/Src/VL53L8A1_Simulink.c **** uint16_t reflectance = 16; /* expressed in percent (%) - range 0% - 99% */
  57:Core/Src/VL53L8A1_Simulink.c **** uint16_t cal_distance = 600; /* expressed in millimiters (mm) / range 600 mm - 3000 mm*/
  58:Core/Src/VL53L8A1_Simulink.c **** 
  59:Core/Src/VL53L8A1_Simulink.c **** uint32_t Id;
  60:Core/Src/VL53L8A1_Simulink.c **** void initVL53L8A1(){
  39              		.loc 1 60 20 view -0
  40              		.cfi_startproc
  41              		@ args = 0, pretend = 0, frame = 0
  42              		@ frame_needed = 0, uses_anonymous_args = 0
  43 0000 38B5     		push	{r3, r4, r5, lr}
ARM GAS  C:\Temp\ccTa7Ria.s 			page 3


  44              		.cfi_def_cfa_offset 16
  45              		.cfi_offset 3, -16
  46              		.cfi_offset 4, -12
  47              		.cfi_offset 5, -8
  48              		.cfi_offset 14, -4
  61:Core/Src/VL53L8A1_Simulink.c **** 
  62:Core/Src/VL53L8A1_Simulink.c ****     HAL_GPIO_WritePin(VL53L8A1_PWR_EN_C_PORT, VL53L8A1_PWR_EN_C_PIN, GPIO_PIN_RESET);
  49              		.loc 1 62 5 view .LVU1
  50 0002 2A4C     		ldr	r4, .L5
  51 0004 0022     		movs	r2, #0
  52 0006 8021     		movs	r1, #128
  53 0008 2046     		mov	r0, r4
  54 000a FFF7FEFF 		bl	HAL_GPIO_WritePin
  55              	.LVL0:
  63:Core/Src/VL53L8A1_Simulink.c ****     HAL_Delay(2);
  56              		.loc 1 63 5 view .LVU2
  57 000e 0220     		movs	r0, #2
  58 0010 FFF7FEFF 		bl	HAL_Delay
  59              	.LVL1:
  64:Core/Src/VL53L8A1_Simulink.c ****     HAL_GPIO_WritePin(VL53L8A1_PWR_EN_C_PORT, VL53L8A1_PWR_EN_C_PIN, GPIO_PIN_SET);
  60              		.loc 1 64 5 view .LVU3
  61 0014 0122     		movs	r2, #1
  62 0016 8021     		movs	r1, #128
  63 0018 2046     		mov	r0, r4
  64 001a FFF7FEFF 		bl	HAL_GPIO_WritePin
  65              	.LVL2:
  65:Core/Src/VL53L8A1_Simulink.c ****     HAL_Delay(2);
  66              		.loc 1 65 5 view .LVU4
  67 001e 0220     		movs	r0, #2
  68 0020 FFF7FEFF 		bl	HAL_Delay
  69              	.LVL3:
  66:Core/Src/VL53L8A1_Simulink.c ****     HAL_GPIO_WritePin(VL53L8A1_LPn_C_PORT, VL53L8A1_LPn_C_PIN, GPIO_PIN_RESET);
  70              		.loc 1 66 5 view .LVU5
  71 0024 04F58064 		add	r4, r4, #1024
  72 0028 0022     		movs	r2, #0
  73 002a 0121     		movs	r1, #1
  74 002c 2046     		mov	r0, r4
  75 002e FFF7FEFF 		bl	HAL_GPIO_WritePin
  76              	.LVL4:
  67:Core/Src/VL53L8A1_Simulink.c ****     HAL_Delay(2);
  77              		.loc 1 67 5 view .LVU6
  78 0032 0220     		movs	r0, #2
  79 0034 FFF7FEFF 		bl	HAL_Delay
  80              	.LVL5:
  68:Core/Src/VL53L8A1_Simulink.c ****     HAL_GPIO_WritePin(VL53L8A1_LPn_C_PORT, VL53L8A1_LPn_C_PIN, GPIO_PIN_SET);
  81              		.loc 1 68 5 view .LVU7
  82 0038 0122     		movs	r2, #1
  83 003a 1146     		mov	r1, r2
  84 003c 2046     		mov	r0, r4
  85 003e FFF7FEFF 		bl	HAL_GPIO_WritePin
  86              	.LVL6:
  69:Core/Src/VL53L8A1_Simulink.c ****     HAL_Delay(2);
  87              		.loc 1 69 5 view .LVU8
  88 0042 0220     		movs	r0, #2
  89 0044 FFF7FEFF 		bl	HAL_Delay
  90              	.LVL7:
  70:Core/Src/VL53L8A1_Simulink.c **** 
ARM GAS  C:\Temp\ccTa7Ria.s 			page 4


  71:Core/Src/VL53L8A1_Simulink.c ****     status = VL53L8A1_RANGING_SENSOR_Init(VL53L8A1_DEV_CENTER);
  91              		.loc 1 71 5 view .LVU9
  92              		.loc 1 71 14 is_stmt 0 view .LVU10
  93 0048 0120     		movs	r0, #1
  94 004a FFF7FEFF 		bl	VL53L8A1_RANGING_SENSOR_Init
  95              	.LVL8:
  96              		.loc 1 71 12 view .LVU11
  97 004e 184B     		ldr	r3, .L5+4
  98 0050 1860     		str	r0, [r3]
  72:Core/Src/VL53L8A1_Simulink.c ****     if (status != BSP_ERROR_NONE)
  99              		.loc 1 72 5 is_stmt 1 view .LVU12
 100              		.loc 1 72 8 is_stmt 0 view .LVU13
 101 0052 18B1     		cbz	r0, .L2
  73:Core/Src/VL53L8A1_Simulink.c ****     {
  74:Core/Src/VL53L8A1_Simulink.c ****         printf("VL53L8A1_RANGING_SENSOR_Init failed\n");
 102              		.loc 1 74 9 is_stmt 1 view .LVU14
 103 0054 1748     		ldr	r0, .L5+8
 104 0056 FFF7FEFF 		bl	puts
 105              	.LVL9:
 106              	.L3:
  75:Core/Src/VL53L8A1_Simulink.c ****         while (1);
 107              		.loc 1 75 9 discriminator 1 view .LVU15
 108              		.loc 1 75 15 discriminator 1 view .LVU16
 109 005a FEE7     		b	.L3
 110              	.L2:
  76:Core/Src/VL53L8A1_Simulink.c ****     }
  77:Core/Src/VL53L8A1_Simulink.c **** 
  78:Core/Src/VL53L8A1_Simulink.c **** 
  79:Core/Src/VL53L8A1_Simulink.c ****     VL53L8A1_RANGING_SENSOR_ReadID(VL53L8A1_DEV_CENTER, &Id);
 111              		.loc 1 79 5 view .LVU17
 112 005c 1649     		ldr	r1, .L5+12
 113 005e 0120     		movs	r0, #1
 114 0060 FFF7FEFF 		bl	VL53L8A1_RANGING_SENSOR_ReadID
 115              	.LVL10:
  80:Core/Src/VL53L8A1_Simulink.c ****     VL53L8A1_RANGING_SENSOR_GetCapabilities(VL53L8A1_DEV_CENTER, &Cap);
 116              		.loc 1 80 5 view .LVU18
 117 0064 1549     		ldr	r1, .L5+16
 118 0066 0120     		movs	r0, #1
 119 0068 FFF7FEFF 		bl	VL53L8A1_RANGING_SENSOR_GetCapabilities
 120              	.LVL11:
  81:Core/Src/VL53L8A1_Simulink.c **** 
  82:Core/Src/VL53L8A1_Simulink.c ****     printf("--- BEGIN XTALK CALIBRATION ---\n");
 121              		.loc 1 82 5 view .LVU19
 122 006c 1448     		ldr	r0, .L5+20
 123 006e FFF7FEFF 		bl	puts
 124              	.LVL12:
  83:Core/Src/VL53L8A1_Simulink.c ****     VL53L8A1_RANGING_SENSOR_XTalkCalibration(VL53L8A1_DEV_CENTER, reflectance, cal_distance);
 125              		.loc 1 83 5 view .LVU20
 126 0072 144B     		ldr	r3, .L5+24
 127 0074 1A88     		ldrh	r2, [r3]
 128 0076 144B     		ldr	r3, .L5+28
 129 0078 1988     		ldrh	r1, [r3]
 130 007a 0120     		movs	r0, #1
 131 007c FFF7FEFF 		bl	VL53L8A1_RANGING_SENSOR_XTalkCalibration
 132              	.LVL13:
  84:Core/Src/VL53L8A1_Simulink.c ****     printf("--- END OF XTALK CALIBRATION ---\n");
 133              		.loc 1 84 5 view .LVU21
ARM GAS  C:\Temp\ccTa7Ria.s 			page 5


 134 0080 1248     		ldr	r0, .L5+32
 135 0082 FFF7FEFF 		bl	puts
 136              	.LVL14:
  85:Core/Src/VL53L8A1_Simulink.c **** 
  86:Core/Src/VL53L8A1_Simulink.c **** 
  87:Core/Src/VL53L8A1_Simulink.c ****     Profile.Frequency = RANGING_FREQUENCY; /* Ranging frequency Hz (shall be consistent with Timing
 137              		.loc 1 87 5 view .LVU22
 138              		.loc 1 87 23 is_stmt 0 view .LVU23
 139 0086 1249     		ldr	r1, .L5+36
 140 0088 0A23     		movs	r3, #10
 141 008a 8B60     		str	r3, [r1, #8]
  88:Core/Src/VL53L8A1_Simulink.c ****     Profile.RangingProfile = RS_PROFILE_8x8_CONTINUOUS;
 142              		.loc 1 88 5 is_stmt 1 view .LVU24
 143              		.loc 1 88 28 is_stmt 0 view .LVU25
 144 008c 0325     		movs	r5, #3
 145 008e 0D60     		str	r5, [r1]
  89:Core/Src/VL53L8A1_Simulink.c ****     Profile.TimingBudget = TIMING_BUDGET;
 146              		.loc 1 89 5 is_stmt 1 view .LVU26
 147              		.loc 1 89 26 is_stmt 0 view .LVU27
 148 0090 1E23     		movs	r3, #30
 149 0092 4B60     		str	r3, [r1, #4]
  90:Core/Src/VL53L8A1_Simulink.c ****     Profile.EnableAmbient = 1; /* Enable: 1, Disable: 0 */
 150              		.loc 1 90 5 is_stmt 1 view .LVU28
 151              		.loc 1 90 27 is_stmt 0 view .LVU29
 152 0094 0124     		movs	r4, #1
 153 0096 CC60     		str	r4, [r1, #12]
  91:Core/Src/VL53L8A1_Simulink.c ****     Profile.EnableSignal = 1; /* Enable: 1, Disable: 0 */
 154              		.loc 1 91 5 is_stmt 1 view .LVU30
 155              		.loc 1 91 26 is_stmt 0 view .LVU31
 156 0098 0C61     		str	r4, [r1, #16]
  92:Core/Src/VL53L8A1_Simulink.c **** 
  93:Core/Src/VL53L8A1_Simulink.c ****     VL53L8A1_RANGING_SENSOR_ConfigProfile(VL53L8A1_DEV_CENTER , &Profile);
 157              		.loc 1 93 5 is_stmt 1 view .LVU32
 158 009a 2046     		mov	r0, r4
 159 009c FFF7FEFF 		bl	VL53L8A1_RANGING_SENSOR_ConfigProfile
 160              	.LVL15:
  94:Core/Src/VL53L8A1_Simulink.c ****     VL53L8A1_RANGING_SENSOR_Start(VL53L8A1_DEV_CENTER , RS_MODE_ASYNC_CONTINUOUS);
 161              		.loc 1 94 5 view .LVU33
 162 00a0 2946     		mov	r1, r5
 163 00a2 2046     		mov	r0, r4
 164 00a4 FFF7FEFF 		bl	VL53L8A1_RANGING_SENSOR_Start
 165              	.LVL16:
  95:Core/Src/VL53L8A1_Simulink.c **** }
 166              		.loc 1 95 1 is_stmt 0 view .LVU34
 167 00a8 38BD     		pop	{r3, r4, r5, pc}
 168              	.L6:
 169 00aa 00BF     		.align	2
 170              	.L5:
 171 00ac 00000240 		.word	1073872896
 172 00b0 00000000 		.word	status
 173 00b4 00000000 		.word	.LC0
 174 00b8 00000000 		.word	Id
 175 00bc 00000000 		.word	Cap
 176 00c0 24000000 		.word	.LC1
 177 00c4 00000000 		.word	cal_distance
 178 00c8 00000000 		.word	reflectance
 179 00cc 44000000 		.word	.LC2
ARM GAS  C:\Temp\ccTa7Ria.s 			page 6


 180 00d0 00000000 		.word	Profile
 181              		.cfi_endproc
 182              	.LFE137:
 184              		.section	.text.bytesToFloat,"ax",%progbits
 185              		.align	1
 186              		.global	bytesToFloat
 187              		.syntax unified
 188              		.thumb
 189              		.thumb_func
 191              	bytesToFloat:
 192              	.LVL17:
 193              	.LFB138:
  96:Core/Src/VL53L8A1_Simulink.c **** 
  97:Core/Src/VL53L8A1_Simulink.c **** float bytesToFloat(uint8_t byte1 , uint8_t byte2 , uint8_t byte3 , uint8_t byte4) {
 194              		.loc 1 97 83 is_stmt 1 view -0
 195              		.cfi_startproc
 196              		@ args = 0, pretend = 0, frame = 8
 197              		@ frame_needed = 0, uses_anonymous_args = 0
 198              		@ link register save eliminated.
 199              		.loc 1 97 83 is_stmt 0 view .LVU36
 200 0000 82B0     		sub	sp, sp, #8
 201              		.cfi_def_cfa_offset 8
  98:Core/Src/VL53L8A1_Simulink.c ****     float result;
 202              		.loc 1 98 5 is_stmt 1 view .LVU37
  99:Core/Src/VL53L8A1_Simulink.c ****     uint8_t bytes[4] = {byte1,byte2,byte3,byte4};
 203              		.loc 1 99 5 view .LVU38
 204              		.loc 1 99 13 is_stmt 0 view .LVU39
 205 0002 8DF80400 		strb	r0, [sp, #4]
 206 0006 8DF80510 		strb	r1, [sp, #5]
 207 000a 8DF80620 		strb	r2, [sp, #6]
 208 000e 8DF80730 		strb	r3, [sp, #7]
 100:Core/Src/VL53L8A1_Simulink.c **** 
 101:Core/Src/VL53L8A1_Simulink.c ****     // Use memcpy to copy the 4 bytes into a float (this preserves the binary representation)
 102:Core/Src/VL53L8A1_Simulink.c ****     memcpy(&result, bytes, sizeof(float));
 209              		.loc 1 102 5 is_stmt 1 view .LVU40
 103:Core/Src/VL53L8A1_Simulink.c **** 
 104:Core/Src/VL53L8A1_Simulink.c ****     return result;
 210              		.loc 1 104 5 view .LVU41
 105:Core/Src/VL53L8A1_Simulink.c **** }
 211              		.loc 1 105 1 is_stmt 0 view .LVU42
 212 0012 9DED010A 		vldr.32	s0, [sp, #4]
 213 0016 02B0     		add	sp, sp, #8
 214              		.cfi_def_cfa_offset 0
 215              		@ sp needed
 216 0018 7047     		bx	lr
 217              		.cfi_endproc
 218              	.LFE138:
 220              		.section	.text.bytesToInt32,"ax",%progbits
 221              		.align	1
 222              		.global	bytesToInt32
 223              		.syntax unified
 224              		.thumb
 225              		.thumb_func
 227              	bytesToInt32:
 228              	.LVL18:
 229              	.LFB139:
 106:Core/Src/VL53L8A1_Simulink.c **** 
ARM GAS  C:\Temp\ccTa7Ria.s 			page 7


 107:Core/Src/VL53L8A1_Simulink.c **** int32_t bytesToInt32(uint8_t byte1 , uint8_t byte2 , uint8_t byte3 , uint8_t byte4)  {
 230              		.loc 1 107 86 is_stmt 1 view -0
 231              		.cfi_startproc
 232              		@ args = 0, pretend = 0, frame = 8
 233              		@ frame_needed = 0, uses_anonymous_args = 0
 234              		@ link register save eliminated.
 235              		.loc 1 107 86 is_stmt 0 view .LVU44
 236 0000 82B0     		sub	sp, sp, #8
 237              		.cfi_def_cfa_offset 8
 108:Core/Src/VL53L8A1_Simulink.c ****     int32_t result;
 238              		.loc 1 108 5 is_stmt 1 view .LVU45
 109:Core/Src/VL53L8A1_Simulink.c ****     uint8_t bytes[4] = {byte1,byte2,byte3,byte4};
 239              		.loc 1 109 5 view .LVU46
 240              		.loc 1 109 13 is_stmt 0 view .LVU47
 241 0002 8DF80400 		strb	r0, [sp, #4]
 242 0006 8DF80510 		strb	r1, [sp, #5]
 243 000a 8DF80620 		strb	r2, [sp, #6]
 244 000e 8DF80730 		strb	r3, [sp, #7]
 110:Core/Src/VL53L8A1_Simulink.c **** 
 111:Core/Src/VL53L8A1_Simulink.c ****     // Use memcpy to copy the 4 bytes into a int32_t (this preserves the binary representation)
 112:Core/Src/VL53L8A1_Simulink.c ****     memcpy(&result, bytes, sizeof(int32_t));
 245              		.loc 1 112 5 is_stmt 1 view .LVU48
 246              	.LVL19:
 113:Core/Src/VL53L8A1_Simulink.c **** 
 114:Core/Src/VL53L8A1_Simulink.c ****     return result;
 247              		.loc 1 114 5 view .LVU49
 115:Core/Src/VL53L8A1_Simulink.c **** }
 248              		.loc 1 115 1 is_stmt 0 view .LVU50
 249 0012 0198     		ldr	r0, [sp, #4]
 250              	.LVL20:
 251              		.loc 1 115 1 view .LVU51
 252 0014 02B0     		add	sp, sp, #8
 253              		.cfi_def_cfa_offset 0
 254              	.LVL21:
 255              		.loc 1 115 1 view .LVU52
 256              		@ sp needed
 257 0016 7047     		bx	lr
 258              		.cfi_endproc
 259              	.LFE139:
 261              		.section	.text.getVL53L8A1,"ax",%progbits
 262              		.align	1
 263              		.global	getVL53L8A1
 264              		.syntax unified
 265              		.thumb
 266              		.thumb_func
 268              	getVL53L8A1:
 269              	.LFB140:
 116:Core/Src/VL53L8A1_Simulink.c **** 
 117:Core/Src/VL53L8A1_Simulink.c **** void getVL53L8A1(){
 270              		.loc 1 117 19 is_stmt 1 view -0
 271              		.cfi_startproc
 272              		@ args = 0, pretend = 0, frame = 0
 273              		@ frame_needed = 0, uses_anonymous_args = 0
 274 0000 08B5     		push	{r3, lr}
 275              		.cfi_def_cfa_offset 8
 276              		.cfi_offset 3, -8
 277              		.cfi_offset 14, -4
ARM GAS  C:\Temp\ccTa7Ria.s 			page 8


 118:Core/Src/VL53L8A1_Simulink.c ****     VL53L8A1_RANGING_SENSOR_GetDistance(VL53L8A1_DEV_CENTER , &TOF_centre );
 278              		.loc 1 118 5 view .LVU54
 279 0002 0249     		ldr	r1, .L13
 280 0004 0120     		movs	r0, #1
 281 0006 FFF7FEFF 		bl	VL53L8A1_RANGING_SENSOR_GetDistance
 282              	.LVL22:
 119:Core/Src/VL53L8A1_Simulink.c **** }
 283              		.loc 1 119 1 is_stmt 0 view .LVU55
 284 000a 08BD     		pop	{r3, pc}
 285              	.L14:
 286              		.align	2
 287              	.L13:
 288 000c 00000000 		.word	TOF_centre
 289              		.cfi_endproc
 290              	.LFE140:
 292              		.section	.text.receivedFromSimulink,"ax",%progbits
 293              		.align	1
 294              		.global	receivedFromSimulink
 295              		.syntax unified
 296              		.thumb
 297              		.thumb_func
 299              	receivedFromSimulink:
 300              	.LVL23:
 301              	.LFB141:
 120:Core/Src/VL53L8A1_Simulink.c **** 
 121:Core/Src/VL53L8A1_Simulink.c **** void receivedFromSimulink(uint8_t* bigBuffer){
 302              		.loc 1 121 46 is_stmt 1 view -0
 303              		.cfi_startproc
 304              		@ args = 0, pretend = 0, frame = 0
 305              		@ frame_needed = 0, uses_anonymous_args = 0
 306              		@ link register save eliminated.
 122:Core/Src/VL53L8A1_Simulink.c ****     // accel1_fsr = bytesToInt32(bigBuffer[3  + 0] , bigBuffer[3  + 1] , bigBuffer[3  + 2] ,  bigBu
 123:Core/Src/VL53L8A1_Simulink.c ****     // calibrateVL53L1A1();
 124:Core/Src/VL53L8A1_Simulink.c **** }
 307              		.loc 1 124 1 view .LVU57
 308 0000 7047     		bx	lr
 309              		.cfi_endproc
 310              	.LFE141:
 312              		.section	.text.sendToSimulink,"ax",%progbits
 313              		.align	1
 314              		.global	sendToSimulink
 315              		.syntax unified
 316              		.thumb
 317              		.thumb_func
 319              	sendToSimulink:
 320              	.LFB142:
 125:Core/Src/VL53L8A1_Simulink.c **** 
 126:Core/Src/VL53L8A1_Simulink.c **** void sendToSimulink(){
 321              		.loc 1 126 22 view -0
 322              		.cfi_startproc
 323              		@ args = 0, pretend = 0, frame = 0
 324              		@ frame_needed = 0, uses_anonymous_args = 0
 325 0000 F8B5     		push	{r3, r4, r5, r6, r7, lr}
 326              		.cfi_def_cfa_offset 24
 327              		.cfi_offset 3, -24
 328              		.cfi_offset 4, -20
 329              		.cfi_offset 5, -16
ARM GAS  C:\Temp\ccTa7Ria.s 			page 9


 330              		.cfi_offset 6, -12
 331              		.cfi_offset 7, -8
 332              		.cfi_offset 14, -4
 127:Core/Src/VL53L8A1_Simulink.c ****     HAL_UART_Transmit(&huart2, (uint8_t *) &header           ,3 , HAL_MAX_DELAY);
 333              		.loc 1 127 5 view .LVU59
 334 0002 4FF0FF33 		mov	r3, #-1
 335 0006 0322     		movs	r2, #3
 336 0008 1E49     		ldr	r1, .L20
 337 000a 1F48     		ldr	r0, .L20+4
 338 000c FFF7FEFF 		bl	HAL_UART_Transmit
 339              	.LVL24:
 128:Core/Src/VL53L8A1_Simulink.c **** 
 129:Core/Src/VL53L8A1_Simulink.c ****     for (int i = 0 ; i < 8*8 ; i++){
 340              		.loc 1 129 5 view .LVU60
 341              	.LBB2:
 342              		.loc 1 129 10 view .LVU61
 343              		.loc 1 129 14 is_stmt 0 view .LVU62
 344 0010 0024     		movs	r4, #0
 345              		.loc 1 129 5 view .LVU63
 346 0012 24E0     		b	.L17
 347              	.LVL25:
 348              	.L18:
 130:Core/Src/VL53L8A1_Simulink.c ****         HAL_UART_Transmit(&huart2, (uint32_t *) &((TOF_centre .ZoneResult[i]) .Distance  [0])  , 4 
 349              		.loc 1 130 9 is_stmt 1 discriminator 3 view .LVU64
 350              		.loc 1 130 36 is_stmt 0 discriminator 3 view .LVU65
 351 0014 A700     		lsls	r7, r4, #2
 352 0016 04EB8403 		add	r3, r4, r4, lsl #2
 353 001a 9900     		lsls	r1, r3, #2
 354 001c 1B4E     		ldr	r6, .L20+8
 355 001e 3144     		add	r1, r1, r6
 356              		.loc 1 130 9 discriminator 3 view .LVU66
 357 0020 194D     		ldr	r5, .L20+4
 358 0022 4FF0FF33 		mov	r3, #-1
 359 0026 0422     		movs	r2, #4
 360 0028 0831     		adds	r1, r1, #8
 361 002a 2846     		mov	r0, r5
 362 002c FFF7FEFF 		bl	HAL_UART_Transmit
 363              	.LVL26:
 131:Core/Src/VL53L8A1_Simulink.c ****         HAL_UART_Transmit(&huart2, (float_t *)  &((TOF_centre .ZoneResult[i]) .Ambient   [0])  , 4 
 364              		.loc 1 131 9 is_stmt 1 discriminator 3 view .LVU67
 365              		.loc 1 131 36 is_stmt 0 discriminator 3 view .LVU68
 366 0030 3B19     		adds	r3, r7, r4
 367 0032 9900     		lsls	r1, r3, #2
 368 0034 0831     		adds	r1, r1, #8
 369 0036 3144     		add	r1, r1, r6
 370              		.loc 1 131 9 discriminator 3 view .LVU69
 371 0038 4FF0FF33 		mov	r3, #-1
 372 003c 0422     		movs	r2, #4
 373 003e 0831     		adds	r1, r1, #8
 374 0040 2846     		mov	r0, r5
 375 0042 FFF7FEFF 		bl	HAL_UART_Transmit
 376              	.LVL27:
 132:Core/Src/VL53L8A1_Simulink.c ****         HAL_UART_Transmit(&huart2, (float_t *)  &((TOF_centre .ZoneResult[i]) .Signal    [0])  , 4 
 377              		.loc 1 132 9 is_stmt 1 discriminator 3 view .LVU70
 378              		.loc 1 132 36 is_stmt 0 discriminator 3 view .LVU71
 379 0046 2744     		add	r7, r7, r4
 380 0048 B900     		lsls	r1, r7, #2
ARM GAS  C:\Temp\ccTa7Ria.s 			page 10


 381 004a 1031     		adds	r1, r1, #16
 382 004c 3144     		add	r1, r1, r6
 383              		.loc 1 132 9 discriminator 3 view .LVU72
 384 004e 4FF0FF33 		mov	r3, #-1
 385 0052 0422     		movs	r2, #4
 386 0054 1144     		add	r1, r1, r2
 387 0056 2846     		mov	r0, r5
 388 0058 FFF7FEFF 		bl	HAL_UART_Transmit
 389              	.LVL28:
 129:Core/Src/VL53L8A1_Simulink.c ****         HAL_UART_Transmit(&huart2, (uint32_t *) &((TOF_centre .ZoneResult[i]) .Distance  [0])  , 4 
 390              		.loc 1 129 33 is_stmt 1 discriminator 3 view .LVU73
 391 005c 0134     		adds	r4, r4, #1
 392              	.LVL29:
 393              	.L17:
 129:Core/Src/VL53L8A1_Simulink.c ****         HAL_UART_Transmit(&huart2, (uint32_t *) &((TOF_centre .ZoneResult[i]) .Distance  [0])  , 4 
 394              		.loc 1 129 24 discriminator 1 view .LVU74
 395 005e 3F2C     		cmp	r4, #63
 396 0060 D8DD     		ble	.L18
 397              	.LBE2:
 133:Core/Src/VL53L8A1_Simulink.c ****     }
 134:Core/Src/VL53L8A1_Simulink.c ****     HAL_UART_Transmit(&huart2, (uint32_t *) &counter          ,4 , HAL_MAX_DELAY);
 398              		.loc 1 134 5 view .LVU75
 399 0062 094C     		ldr	r4, .L20+4
 400              	.LVL30:
 401              		.loc 1 134 5 is_stmt 0 view .LVU76
 402 0064 4FF0FF33 		mov	r3, #-1
 403 0068 0422     		movs	r2, #4
 404 006a 0949     		ldr	r1, .L20+12
 405 006c 2046     		mov	r0, r4
 406 006e FFF7FEFF 		bl	HAL_UART_Transmit
 407              	.LVL31:
 135:Core/Src/VL53L8A1_Simulink.c ****     HAL_UART_Transmit(&huart2, (uint8_t *) &terminator       ,3 , HAL_MAX_DELAY);
 408              		.loc 1 135 5 is_stmt 1 view .LVU77
 409 0072 4FF0FF33 		mov	r3, #-1
 410 0076 0322     		movs	r2, #3
 411 0078 0649     		ldr	r1, .L20+16
 412 007a 2046     		mov	r0, r4
 413 007c FFF7FEFF 		bl	HAL_UART_Transmit
 414              	.LVL32:
 136:Core/Src/VL53L8A1_Simulink.c **** }
 415              		.loc 1 136 1 is_stmt 0 view .LVU78
 416 0080 F8BD     		pop	{r3, r4, r5, r6, r7, pc}
 417              	.L21:
 418 0082 00BF     		.align	2
 419              	.L20:
 420 0084 00000000 		.word	header
 421 0088 00000000 		.word	huart2
 422 008c 00000000 		.word	TOF_centre
 423 0090 00000000 		.word	counter
 424 0094 00000000 		.word	terminator
 425              		.cfi_endproc
 426              	.LFE142:
 428              		.section	.text.calibrateVL53L8A1,"ax",%progbits
 429              		.align	1
 430              		.global	calibrateVL53L8A1
 431              		.syntax unified
 432              		.thumb
ARM GAS  C:\Temp\ccTa7Ria.s 			page 11


 433              		.thumb_func
 435              	calibrateVL53L8A1:
 436              	.LFB143:
 137:Core/Src/VL53L8A1_Simulink.c **** 
 138:Core/Src/VL53L8A1_Simulink.c **** 
 139:Core/Src/VL53L8A1_Simulink.c **** 
 140:Core/Src/VL53L8A1_Simulink.c **** 
 141:Core/Src/VL53L8A1_Simulink.c **** 
 142:Core/Src/VL53L8A1_Simulink.c **** 
 143:Core/Src/VL53L8A1_Simulink.c **** // functions from BSP/<boards>
 144:Core/Src/VL53L8A1_Simulink.c **** // parameters from BSP/<boards>
 145:Core/Src/VL53L8A1_Simulink.c **** void calibrateVL53L8A1(){
 437              		.loc 1 145 25 is_stmt 1 view -0
 438              		.cfi_startproc
 439              		@ args = 0, pretend = 0, frame = 0
 440              		@ frame_needed = 0, uses_anonymous_args = 0
 441              		@ link register save eliminated.
 146:Core/Src/VL53L8A1_Simulink.c **** 
 147:Core/Src/VL53L8A1_Simulink.c **** }...
 442              		.loc 1 147 1 view .LVU80
 443 0000 7047     		bx	lr
 444              		.cfi_endproc
 445              	.LFE143:
 447              		.global	Id
 448              		.section	.bss.Id,"aw",%nobits
 449              		.align	2
 452              	Id:
 453 0000 00000000 		.space	4
 454              		.global	cal_distance
 455              		.section	.data.cal_distance,"aw"
 456              		.align	1
 459              	cal_distance:
 460 0000 5802     		.short	600
 461              		.global	reflectance
 462              		.section	.data.reflectance,"aw"
 463              		.align	1
 466              	reflectance:
 467 0000 1000     		.short	16
 468              		.section	.bss.Profile,"aw",%nobits
 469              		.align	2
 472              	Profile:
 473 0000 00000000 		.space	20
 473      00000000 
 473      00000000 
 473      00000000 
 473      00000000 
 474              		.section	.bss.status,"aw",%nobits
 475              		.align	2
 478              	status:
 479 0000 00000000 		.space	4
 480              		.section	.bss.Cap,"aw",%nobits
 481              		.align	2
 484              	Cap:
 485 0000 00000000 		.space	16
 485      00000000 
 485      00000000 
 485      00000000 
ARM GAS  C:\Temp\ccTa7Ria.s 			page 12


 486              		.global	terminator
 487              		.section	.data.terminator,"aw"
 488              		.align	2
 491              	terminator:
 492 0000 415F4A00 		.word	4874049
 493              		.global	header
 494              		.section	.data.header,"aw"
 495              		.align	2
 498              	header:
 499 0000 4A5F4100 		.word	4284234
 500              		.text
 501              	.Letext0:
 502              		.file 2 "c:\\users\\jessejabezarendse\\appdata\\roaming\\code\\user\\globalstorage\\bmd.stm32-for-
 503              		.file 3 "c:\\users\\jessejabezarendse\\appdata\\roaming\\code\\user\\globalstorage\\bmd.stm32-for-
 504              		.file 4 "Drivers/CMSIS/Device/ST/STM32F4xx/Include/stm32f411xe.h"
 505              		.file 5 "Drivers/STM32F4xx_HAL_Driver/Inc/stm32f4xx_hal_def.h"
 506              		.file 6 "Drivers/STM32F4xx_HAL_Driver/Inc/stm32f4xx_hal_gpio.h"
 507              		.file 7 "Drivers/STM32F4xx_HAL_Driver/Inc/stm32f4xx_hal_dma.h"
 508              		.file 8 "Drivers/STM32F4xx_HAL_Driver/Inc/stm32f4xx_hal_uart.h"
 509              		.file 9 "c:\\users\\jessejabezarendse\\appdata\\roaming\\code\\user\\globalstorage\\bmd.stm32-for-
 510              		.file 10 "Drivers/BSP/Components/vl53l8cx/modules/vl53l8cx_plugin_xtalk.h"
 511              		.file 11 "Drivers/BSP/53L8A1/53l8a1_ranging_sensor.h"
 512              		.file 12 "Drivers/STM32F4xx_HAL_Driver/Inc/stm32f4xx_hal.h"
 513              		.file 13 "<built-in>"
ARM GAS  C:\Temp\ccTa7Ria.s 			page 13


DEFINED SYMBOLS
                            *ABS*:00000000 VL53L8A1_Simulink.c
  C:\Temp\ccTa7Ria.s:21     .rodata.initVL53L8A1.str1.4:00000000 $d
  C:\Temp\ccTa7Ria.s:31     .text.initVL53L8A1:00000000 $t
  C:\Temp\ccTa7Ria.s:37     .text.initVL53L8A1:00000000 initVL53L8A1
  C:\Temp\ccTa7Ria.s:171    .text.initVL53L8A1:000000ac $d
  C:\Temp\ccTa7Ria.s:478    .bss.status:00000000 status
  C:\Temp\ccTa7Ria.s:452    .bss.Id:00000000 Id
  C:\Temp\ccTa7Ria.s:484    .bss.Cap:00000000 Cap
  C:\Temp\ccTa7Ria.s:459    .data.cal_distance:00000000 cal_distance
  C:\Temp\ccTa7Ria.s:466    .data.reflectance:00000000 reflectance
  C:\Temp\ccTa7Ria.s:472    .bss.Profile:00000000 Profile
  C:\Temp\ccTa7Ria.s:185    .text.bytesToFloat:00000000 $t
  C:\Temp\ccTa7Ria.s:191    .text.bytesToFloat:00000000 bytesToFloat
  C:\Temp\ccTa7Ria.s:221    .text.bytesToInt32:00000000 $t
  C:\Temp\ccTa7Ria.s:227    .text.bytesToInt32:00000000 bytesToInt32
  C:\Temp\ccTa7Ria.s:262    .text.getVL53L8A1:00000000 $t
  C:\Temp\ccTa7Ria.s:268    .text.getVL53L8A1:00000000 getVL53L8A1
  C:\Temp\ccTa7Ria.s:288    .text.getVL53L8A1:0000000c $d
  C:\Temp\ccTa7Ria.s:293    .text.receivedFromSimulink:00000000 $t
  C:\Temp\ccTa7Ria.s:299    .text.receivedFromSimulink:00000000 receivedFromSimulink
  C:\Temp\ccTa7Ria.s:313    .text.sendToSimulink:00000000 $t
  C:\Temp\ccTa7Ria.s:319    .text.sendToSimulink:00000000 sendToSimulink
  C:\Temp\ccTa7Ria.s:420    .text.sendToSimulink:00000084 $d
  C:\Temp\ccTa7Ria.s:498    .data.header:00000000 header
  C:\Temp\ccTa7Ria.s:491    .data.terminator:00000000 terminator
  C:\Temp\ccTa7Ria.s:429    .text.calibrateVL53L8A1:00000000 $t
  C:\Temp\ccTa7Ria.s:435    .text.calibrateVL53L8A1:00000000 calibrateVL53L8A1
  C:\Temp\ccTa7Ria.s:449    .bss.Id:00000000 $d
  C:\Temp\ccTa7Ria.s:456    .data.cal_distance:00000000 $d
  C:\Temp\ccTa7Ria.s:463    .data.reflectance:00000000 $d
  C:\Temp\ccTa7Ria.s:469    .bss.Profile:00000000 $d
  C:\Temp\ccTa7Ria.s:475    .bss.status:00000000 $d
  C:\Temp\ccTa7Ria.s:481    .bss.Cap:00000000 $d
  C:\Temp\ccTa7Ria.s:488    .data.terminator:00000000 $d
  C:\Temp\ccTa7Ria.s:495    .data.header:00000000 $d

UNDEFINED SYMBOLS
HAL_GPIO_WritePin
HAL_Delay
VL53L8A1_RANGING_SENSOR_Init
puts
VL53L8A1_RANGING_SENSOR_ReadID
VL53L8A1_RANGING_SENSOR_GetCapabilities
VL53L8A1_RANGING_SENSOR_XTalkCalibration
VL53L8A1_RANGING_SENSOR_ConfigProfile
VL53L8A1_RANGING_SENSOR_Start
VL53L8A1_RANGING_SENSOR_GetDistance
TOF_centre
HAL_UART_Transmit
huart2
counter
