ARM GAS  C:\Temp\ccs4Dqdr.s 			page 1


   1              		.cpu cortex-m4
   2              		.arch armv7e-m
   3              		.fpu fpv4-sp-d16
   4              		.eabi_attribute 27, 1
   5              		.eabi_attribute 28, 1
   6              		.eabi_attribute 20, 1
   7              		.eabi_attribute 21, 1
   8              		.eabi_attribute 23, 3
   9              		.eabi_attribute 24, 1
  10              		.eabi_attribute 25, 1
  11              		.eabi_attribute 26, 1
  12              		.eabi_attribute 30, 1
  13              		.eabi_attribute 34, 1
  14              		.eabi_attribute 18, 4
  15              		.file	"stm32f4xx_hal_cortex.c"
  16              		.text
  17              		.section	.text.__NVIC_EnableIRQ,"ax",%progbits
  18              		.align	1
  19              		.syntax unified
  20              		.thumb
  21              		.thumb_func
  23              	__NVIC_EnableIRQ:
  24              		@ args = 0, pretend = 0, frame = 0
  25              		@ frame_needed = 0, uses_anonymous_args = 0
  26              		@ link register save eliminated.
  27 0000 0028     		cmp	r0, #0
  28 0002 07DB     		blt	.L1
  29 0004 00F01F02 		and	r2, r0, #31
  30 0008 4009     		lsrs	r0, r0, #5
  31 000a 0123     		movs	r3, #1
  32 000c 9340     		lsls	r3, r3, r2
  33 000e 024A     		ldr	r2, .L3
  34 0010 42F82030 		str	r3, [r2, r0, lsl #2]
  35              	.L1:
  36 0014 7047     		bx	lr
  37              	.L4:
  38 0016 00BF     		.align	2
  39              	.L3:
  40 0018 00E100E0 		.word	-536813312
  42              		.section	.text.__NVIC_DisableIRQ,"ax",%progbits
  43              		.align	1
  44              		.syntax unified
  45              		.thumb
  46              		.thumb_func
  48              	__NVIC_DisableIRQ:
  49              		@ args = 0, pretend = 0, frame = 0
  50              		@ frame_needed = 0, uses_anonymous_args = 0
  51              		@ link register save eliminated.
  52 0000 0028     		cmp	r0, #0
  53 0002 0CDB     		blt	.L5
  54 0004 00F01F02 		and	r2, r0, #31
  55 0008 4009     		lsrs	r0, r0, #5
  56 000a 0123     		movs	r3, #1
  57 000c 9340     		lsls	r3, r3, r2
  58 000e 2030     		adds	r0, r0, #32
  59 0010 034A     		ldr	r2, .L7
  60 0012 42F82030 		str	r3, [r2, r0, lsl #2]
ARM GAS  C:\Temp\ccs4Dqdr.s 			page 2


  61              		.syntax unified
  62              	@ 271 "Drivers/CMSIS/Include/cmsis_gcc.h" 1
  63 0016 BFF34F8F 		dsb 0xF
  64              	@ 0 "" 2
  65              	@ 260 "Drivers/CMSIS/Include/cmsis_gcc.h" 1
  66 001a BFF36F8F 		isb 0xF
  67              	@ 0 "" 2
  68              		.thumb
  69              		.syntax unified
  70              	.L5:
  71 001e 7047     		bx	lr
  72              	.L8:
  73              		.align	2
  74              	.L7:
  75 0020 00E100E0 		.word	-536813312
  77              		.section	.text.__NVIC_SetPriority,"ax",%progbits
  78              		.align	1
  79              		.syntax unified
  80              		.thumb
  81              		.thumb_func
  83              	__NVIC_SetPriority:
  84              		@ args = 0, pretend = 0, frame = 0
  85              		@ frame_needed = 0, uses_anonymous_args = 0
  86              		@ link register save eliminated.
  87 0000 0028     		cmp	r0, #0
  88 0002 08DB     		blt	.L10
  89 0004 0901     		lsls	r1, r1, #4
  90 0006 C9B2     		uxtb	r1, r1
  91 0008 00F16040 		add	r0, r0, #-536870912
  92 000c 00F56140 		add	r0, r0, #57600
  93 0010 80F80013 		strb	r1, [r0, #768]
  94 0014 7047     		bx	lr
  95              	.L10:
  96 0016 00F00F00 		and	r0, r0, #15
  97 001a 0901     		lsls	r1, r1, #4
  98 001c C9B2     		uxtb	r1, r1
  99 001e 014B     		ldr	r3, .L12
 100 0020 1954     		strb	r1, [r3, r0]
 101 0022 7047     		bx	lr
 102              	.L13:
 103              		.align	2
 104              	.L12:
 105 0024 14ED00E0 		.word	-536810220
 107              		.section	.text.__NVIC_GetPriority,"ax",%progbits
 108              		.align	1
 109              		.syntax unified
 110              		.thumb
 111              		.thumb_func
 113              	__NVIC_GetPriority:
 114              		@ args = 0, pretend = 0, frame = 0
 115              		@ frame_needed = 0, uses_anonymous_args = 0
 116              		@ link register save eliminated.
 117 0000 0028     		cmp	r0, #0
 118 0002 07DB     		blt	.L15
 119 0004 00F16040 		add	r0, r0, #-536870912
 120 0008 00F56140 		add	r0, r0, #57600
 121 000c 90F80003 		ldrb	r0, [r0, #768]	@ zero_extendqisi2
ARM GAS  C:\Temp\ccs4Dqdr.s 			page 3


 122 0010 0009     		lsrs	r0, r0, #4
 123 0012 7047     		bx	lr
 124              	.L15:
 125 0014 00F00F00 		and	r0, r0, #15
 126 0018 014B     		ldr	r3, .L17
 127 001a 185C     		ldrb	r0, [r3, r0]	@ zero_extendqisi2
 128 001c 0009     		lsrs	r0, r0, #4
 129 001e 7047     		bx	lr
 130              	.L18:
 131              		.align	2
 132              	.L17:
 133 0020 14ED00E0 		.word	-536810220
 135              		.section	.text.NVIC_EncodePriority,"ax",%progbits
 136              		.align	1
 137              		.syntax unified
 138              		.thumb
 139              		.thumb_func
 141              	NVIC_EncodePriority:
 142              		@ args = 0, pretend = 0, frame = 0
 143              		@ frame_needed = 0, uses_anonymous_args = 0
 144 0000 00B5     		push	{lr}
 145 0002 00F00700 		and	r0, r0, #7
 146 0006 C0F1070C 		rsb	ip, r0, #7
 147 000a BCF1040F 		cmp	ip, #4
 148 000e 28BF     		it	cs
 149 0010 4FF0040C 		movcs	ip, #4
 150 0014 031D     		adds	r3, r0, #4
 151 0016 062B     		cmp	r3, #6
 152 0018 0FD9     		bls	.L21
 153 001a C31E     		subs	r3, r0, #3
 154              	.L20:
 155 001c 4FF0FF3E 		mov	lr, #-1
 156 0020 0EFA0CF0 		lsl	r0, lr, ip
 157 0024 21EA0001 		bic	r1, r1, r0
 158 0028 9940     		lsls	r1, r1, r3
 159 002a 0EFA03FE 		lsl	lr, lr, r3
 160 002e 22EA0E02 		bic	r2, r2, lr
 161 0032 41EA0200 		orr	r0, r1, r2
 162 0036 5DF804FB 		ldr	pc, [sp], #4
 163              	.L21:
 164 003a 0023     		movs	r3, #0
 165 003c EEE7     		b	.L20
 167              		.section	.text.NVIC_DecodePriority,"ax",%progbits
 168              		.align	1
 169              		.syntax unified
 170              		.thumb
 171              		.thumb_func
 173              	NVIC_DecodePriority:
 174              		@ args = 0, pretend = 0, frame = 0
 175              		@ frame_needed = 0, uses_anonymous_args = 0
 176 0000 10B5     		push	{r4, lr}
 177 0002 01F00701 		and	r1, r1, #7
 178 0006 C1F1070C 		rsb	ip, r1, #7
 179 000a BCF1040F 		cmp	ip, #4
 180 000e 28BF     		it	cs
 181 0010 4FF0040C 		movcs	ip, #4
 182 0014 0C1D     		adds	r4, r1, #4
ARM GAS  C:\Temp\ccs4Dqdr.s 			page 4


 183 0016 062C     		cmp	r4, #6
 184 0018 0FD9     		bls	.L25
 185 001a 0339     		subs	r1, r1, #3
 186              	.L24:
 187 001c 20FA01F4 		lsr	r4, r0, r1
 188 0020 4FF0FF3E 		mov	lr, #-1
 189 0024 0EFA0CFC 		lsl	ip, lr, ip
 190 0028 24EA0C04 		bic	r4, r4, ip
 191 002c 1460     		str	r4, [r2]
 192 002e 0EFA01FE 		lsl	lr, lr, r1
 193 0032 20EA0E00 		bic	r0, r0, lr
 194 0036 1860     		str	r0, [r3]
 195 0038 10BD     		pop	{r4, pc}
 196              	.L25:
 197 003a 0021     		movs	r1, #0
 198 003c EEE7     		b	.L24
 200              		.section	.text.__NVIC_SystemReset,"ax",%progbits
 201              		.align	1
 202              		.syntax unified
 203              		.thumb
 204              		.thumb_func
 206              	__NVIC_SystemReset:
 207              		@ Volatile: function does not return.
 208              		@ args = 0, pretend = 0, frame = 0
 209              		@ frame_needed = 0, uses_anonymous_args = 0
 210              		@ link register save eliminated.
 211              		.syntax unified
 212              	@ 271 "Drivers/CMSIS/Include/cmsis_gcc.h" 1
 213 0000 BFF34F8F 		dsb 0xF
 214              	@ 0 "" 2
 215              		.thumb
 216              		.syntax unified
 217 0004 0549     		ldr	r1, .L29
 218 0006 CA68     		ldr	r2, [r1, #12]
 219 0008 02F4E062 		and	r2, r2, #1792
 220 000c 044B     		ldr	r3, .L29+4
 221 000e 1343     		orrs	r3, r3, r2
 222 0010 CB60     		str	r3, [r1, #12]
 223              		.syntax unified
 224              	@ 271 "Drivers/CMSIS/Include/cmsis_gcc.h" 1
 225 0012 BFF34F8F 		dsb 0xF
 226              	@ 0 "" 2
 227              		.thumb
 228              		.syntax unified
 229              	.L28:
 230              		.syntax unified
 231              	@ 1949 "Drivers/CMSIS/Include/core_cm4.h" 1
 232 0016 00BF     		nop
 233              	@ 0 "" 2
 234              		.thumb
 235              		.syntax unified
 236 0018 FDE7     		b	.L28
 237              	.L30:
 238 001a 00BF     		.align	2
 239              	.L29:
 240 001c 00ED00E0 		.word	-536810240
 241 0020 0400FA05 		.word	100270084
ARM GAS  C:\Temp\ccs4Dqdr.s 			page 5


 243              		.section	.rodata.HAL_NVIC_SetPriorityGrouping.str1.4,"aMS",%progbits,1
 244              		.align	2
 245              	.LC0:
 246 0000 44726976 		.ascii	"Drivers/STM32F4xx_HAL_Driver/Src/stm32f4xx_hal_cort"
 246      6572732F 
 246      53544D33 
 246      32463478 
 246      785F4841 
 247 0033 65782E63 		.ascii	"ex.c\000"
 247      00
 248              		.section	.text.HAL_NVIC_SetPriorityGrouping,"ax",%progbits
 249              		.align	1
 250              		.global	HAL_NVIC_SetPriorityGrouping
 251              		.syntax unified
 252              		.thumb
 253              		.thumb_func
 255              	HAL_NVIC_SetPriorityGrouping:
 256              		@ args = 0, pretend = 0, frame = 0
 257              		@ frame_needed = 0, uses_anonymous_args = 0
 258 0000 10B5     		push	{r4, lr}
 259 0002 0446     		mov	r4, r0
 260 0004 C31E     		subs	r3, r0, #3
 261 0006 042B     		cmp	r3, #4
 262 0008 0FD8     		bhi	.L34
 263              	.L32:
 264 000a 0A4A     		ldr	r2, .L35
 265 000c D368     		ldr	r3, [r2, #12]
 266 000e 23F4E063 		bic	r3, r3, #1792
 267 0012 1B04     		lsls	r3, r3, #16
 268 0014 1B0C     		lsrs	r3, r3, #16
 269 0016 2402     		lsls	r4, r4, #8
 270 0018 04F4E064 		and	r4, r4, #1792
 271 001c 2343     		orrs	r3, r3, r4
 272 001e 43F0BF63 		orr	r3, r3, #100139008
 273 0022 43F40033 		orr	r3, r3, #131072
 274 0026 D360     		str	r3, [r2, #12]
 275 0028 10BD     		pop	{r4, pc}
 276              	.L34:
 277 002a 9021     		movs	r1, #144
 278 002c 0248     		ldr	r0, .L35+4
 279 002e FFF7FEFF 		bl	assert_failed
 280 0032 EAE7     		b	.L32
 281              	.L36:
 282              		.align	2
 283              	.L35:
 284 0034 00ED00E0 		.word	-536810240
 285 0038 00000000 		.word	.LC0
 287              		.section	.text.HAL_NVIC_SetPriority,"ax",%progbits
 288              		.align	1
 289              		.global	HAL_NVIC_SetPriority
 290              		.syntax unified
 291              		.thumb
 292              		.thumb_func
 294              	HAL_NVIC_SetPriority:
 295              		@ args = 0, pretend = 0, frame = 0
 296              		@ frame_needed = 0, uses_anonymous_args = 0
 297 0000 70B5     		push	{r4, r5, r6, lr}
ARM GAS  C:\Temp\ccs4Dqdr.s 			page 6


 298 0002 0646     		mov	r6, r0
 299 0004 0C46     		mov	r4, r1
 300 0006 1546     		mov	r5, r2
 301 0008 0F2A     		cmp	r2, #15
 302 000a 0ED8     		bhi	.L41
 303              	.L38:
 304 000c 0F2C     		cmp	r4, #15
 305 000e 11D8     		bhi	.L42
 306              	.L39:
 307 0010 0B4B     		ldr	r3, .L43
 308 0012 D868     		ldr	r0, [r3, #12]
 309 0014 2A46     		mov	r2, r5
 310 0016 2146     		mov	r1, r4
 311 0018 C0F30220 		ubfx	r0, r0, #8, #3
 312 001c FFF7FEFF 		bl	NVIC_EncodePriority
 313 0020 0146     		mov	r1, r0
 314 0022 3046     		mov	r0, r6
 315 0024 FFF7FEFF 		bl	__NVIC_SetPriority
 316 0028 70BD     		pop	{r4, r5, r6, pc}
 317              	.L41:
 318 002a A821     		movs	r1, #168
 319 002c 0548     		ldr	r0, .L43+4
 320 002e FFF7FEFF 		bl	assert_failed
 321 0032 EBE7     		b	.L38
 322              	.L42:
 323 0034 A921     		movs	r1, #169
 324 0036 0348     		ldr	r0, .L43+4
 325 0038 FFF7FEFF 		bl	assert_failed
 326 003c E8E7     		b	.L39
 327              	.L44:
 328 003e 00BF     		.align	2
 329              	.L43:
 330 0040 00ED00E0 		.word	-536810240
 331 0044 00000000 		.word	.LC0
 333              		.section	.text.HAL_NVIC_EnableIRQ,"ax",%progbits
 334              		.align	1
 335              		.global	HAL_NVIC_EnableIRQ
 336              		.syntax unified
 337              		.thumb
 338              		.thumb_func
 340              	HAL_NVIC_EnableIRQ:
 341              		@ args = 0, pretend = 0, frame = 0
 342              		@ frame_needed = 0, uses_anonymous_args = 0
 343 0000 10B5     		push	{r4, lr}
 344 0002 041E     		subs	r4, r0, #0
 345 0004 03DB     		blt	.L48
 346              	.L46:
 347 0006 2046     		mov	r0, r4
 348 0008 FFF7FEFF 		bl	__NVIC_EnableIRQ
 349 000c 10BD     		pop	{r4, pc}
 350              	.L48:
 351 000e BC21     		movs	r1, #188
 352 0010 0148     		ldr	r0, .L49
 353 0012 FFF7FEFF 		bl	assert_failed
 354 0016 F6E7     		b	.L46
 355              	.L50:
 356              		.align	2
ARM GAS  C:\Temp\ccs4Dqdr.s 			page 7


 357              	.L49:
 358 0018 00000000 		.word	.LC0
 360              		.section	.text.HAL_NVIC_DisableIRQ,"ax",%progbits
 361              		.align	1
 362              		.global	HAL_NVIC_DisableIRQ
 363              		.syntax unified
 364              		.thumb
 365              		.thumb_func
 367              	HAL_NVIC_DisableIRQ:
 368              		@ args = 0, pretend = 0, frame = 0
 369              		@ frame_needed = 0, uses_anonymous_args = 0
 370 0000 10B5     		push	{r4, lr}
 371 0002 041E     		subs	r4, r0, #0
 372 0004 03DB     		blt	.L54
 373              	.L52:
 374 0006 2046     		mov	r0, r4
 375 0008 FFF7FEFF 		bl	__NVIC_DisableIRQ
 376 000c 10BD     		pop	{r4, pc}
 377              	.L54:
 378 000e CC21     		movs	r1, #204
 379 0010 0148     		ldr	r0, .L55
 380 0012 FFF7FEFF 		bl	assert_failed
 381 0016 F6E7     		b	.L52
 382              	.L56:
 383              		.align	2
 384              	.L55:
 385 0018 00000000 		.word	.LC0
 387              		.section	.text.HAL_NVIC_SystemReset,"ax",%progbits
 388              		.align	1
 389              		.global	HAL_NVIC_SystemReset
 390              		.syntax unified
 391              		.thumb
 392              		.thumb_func
 394              	HAL_NVIC_SystemReset:
 395              		@ Volatile: function does not return.
 396              		@ args = 0, pretend = 0, frame = 0
 397              		@ frame_needed = 0, uses_anonymous_args = 0
 398 0000 08B5     		push	{r3, lr}
 399 0002 FFF7FEFF 		bl	__NVIC_SystemReset
 401              		.section	.text.HAL_SYSTICK_Config,"ax",%progbits
 402              		.align	1
 403              		.global	HAL_SYSTICK_Config
 404              		.syntax unified
 405              		.thumb
 406              		.thumb_func
 408              	HAL_SYSTICK_Config:
 409              		@ args = 0, pretend = 0, frame = 0
 410              		@ frame_needed = 0, uses_anonymous_args = 0
 411              		@ link register save eliminated.
 412 0000 0138     		subs	r0, r0, #1
 413 0002 B0F1807F 		cmp	r0, #16777216
 414 0006 0BD2     		bcs	.L61
 415 0008 4FF0E023 		mov	r3, #-536813568
 416 000c 5861     		str	r0, [r3, #20]
 417 000e 054A     		ldr	r2, .L62
 418 0010 F021     		movs	r1, #240
 419 0012 82F82310 		strb	r1, [r2, #35]
ARM GAS  C:\Temp\ccs4Dqdr.s 			page 8


 420 0016 0020     		movs	r0, #0
 421 0018 9861     		str	r0, [r3, #24]
 422 001a 0722     		movs	r2, #7
 423 001c 1A61     		str	r2, [r3, #16]
 424 001e 7047     		bx	lr
 425              	.L61:
 426 0020 0120     		movs	r0, #1
 427 0022 7047     		bx	lr
 428              	.L63:
 429              		.align	2
 430              	.L62:
 431 0024 00ED00E0 		.word	-536810240
 433              		.section	.text.HAL_MPU_Disable,"ax",%progbits
 434              		.align	1
 435              		.global	HAL_MPU_Disable
 436              		.syntax unified
 437              		.thumb
 438              		.thumb_func
 440              	HAL_MPU_Disable:
 441              		@ args = 0, pretend = 0, frame = 0
 442              		@ frame_needed = 0, uses_anonymous_args = 0
 443              		@ link register save eliminated.
 444              		.syntax unified
 445              	@ 282 "Drivers/CMSIS/Include/cmsis_gcc.h" 1
 446 0000 BFF35F8F 		dmb 0xF
 447              	@ 0 "" 2
 448              		.thumb
 449              		.syntax unified
 450 0004 044B     		ldr	r3, .L65
 451 0006 5A6A     		ldr	r2, [r3, #36]
 452 0008 22F48032 		bic	r2, r2, #65536
 453 000c 5A62     		str	r2, [r3, #36]
 454 000e 0022     		movs	r2, #0
 455 0010 C3F89420 		str	r2, [r3, #148]
 456 0014 7047     		bx	lr
 457              	.L66:
 458 0016 00BF     		.align	2
 459              	.L65:
 460 0018 00ED00E0 		.word	-536810240
 462              		.section	.text.HAL_MPU_Enable,"ax",%progbits
 463              		.align	1
 464              		.global	HAL_MPU_Enable
 465              		.syntax unified
 466              		.thumb
 467              		.thumb_func
 469              	HAL_MPU_Enable:
 470              		@ args = 0, pretend = 0, frame = 0
 471              		@ frame_needed = 0, uses_anonymous_args = 0
 472              		@ link register save eliminated.
 473 0000 40F00100 		orr	r0, r0, #1
 474 0004 054B     		ldr	r3, .L68
 475 0006 C3F89400 		str	r0, [r3, #148]
 476 000a 5A6A     		ldr	r2, [r3, #36]
 477 000c 42F48032 		orr	r2, r2, #65536
 478 0010 5A62     		str	r2, [r3, #36]
 479              		.syntax unified
 480              	@ 271 "Drivers/CMSIS/Include/cmsis_gcc.h" 1
ARM GAS  C:\Temp\ccs4Dqdr.s 			page 9


 481 0012 BFF34F8F 		dsb 0xF
 482              	@ 0 "" 2
 483              	@ 260 "Drivers/CMSIS/Include/cmsis_gcc.h" 1
 484 0016 BFF36F8F 		isb 0xF
 485              	@ 0 "" 2
 486              		.thumb
 487              		.syntax unified
 488 001a 7047     		bx	lr
 489              	.L69:
 490              		.align	2
 491              	.L68:
 492 001c 00ED00E0 		.word	-536810240
 494              		.section	.text.HAL_MPU_EnableRegion,"ax",%progbits
 495              		.align	1
 496              		.global	HAL_MPU_EnableRegion
 497              		.syntax unified
 498              		.thumb
 499              		.thumb_func
 501              	HAL_MPU_EnableRegion:
 502              		@ args = 0, pretend = 0, frame = 0
 503              		@ frame_needed = 0, uses_anonymous_args = 0
 504 0000 10B5     		push	{r4, lr}
 505 0002 0446     		mov	r4, r0
 506 0004 0728     		cmp	r0, #7
 507 0006 09D8     		bhi	.L73
 508              	.L71:
 509 0008 074B     		ldr	r3, .L74
 510 000a C3F89840 		str	r4, [r3, #152]
 511 000e D3F8A020 		ldr	r2, [r3, #160]
 512 0012 42F00102 		orr	r2, r2, #1
 513 0016 C3F8A020 		str	r2, [r3, #160]
 514 001a 10BD     		pop	{r4, pc}
 515              	.L73:
 516 001c 40F22B11 		movw	r1, #299
 517 0020 0248     		ldr	r0, .L74+4
 518 0022 FFF7FEFF 		bl	assert_failed
 519 0026 EFE7     		b	.L71
 520              	.L75:
 521              		.align	2
 522              	.L74:
 523 0028 00ED00E0 		.word	-536810240
 524 002c 00000000 		.word	.LC0
 526              		.section	.text.HAL_MPU_DisableRegion,"ax",%progbits
 527              		.align	1
 528              		.global	HAL_MPU_DisableRegion
 529              		.syntax unified
 530              		.thumb
 531              		.thumb_func
 533              	HAL_MPU_DisableRegion:
 534              		@ args = 0, pretend = 0, frame = 0
 535              		@ frame_needed = 0, uses_anonymous_args = 0
 536 0000 10B5     		push	{r4, lr}
 537 0002 0446     		mov	r4, r0
 538 0004 0728     		cmp	r0, #7
 539 0006 09D8     		bhi	.L79
 540              	.L77:
 541 0008 074B     		ldr	r3, .L80
ARM GAS  C:\Temp\ccs4Dqdr.s 			page 10


 542 000a C3F89840 		str	r4, [r3, #152]
 543 000e D3F8A020 		ldr	r2, [r3, #160]
 544 0012 22F00102 		bic	r2, r2, #1
 545 0016 C3F8A020 		str	r2, [r3, #160]
 546 001a 10BD     		pop	{r4, pc}
 547              	.L79:
 548 001c 40F23B11 		movw	r1, #315
 549 0020 0248     		ldr	r0, .L80+4
 550 0022 FFF7FEFF 		bl	assert_failed
 551 0026 EFE7     		b	.L77
 552              	.L81:
 553              		.align	2
 554              	.L80:
 555 0028 00ED00E0 		.word	-536810240
 556 002c 00000000 		.word	.LC0
 558              		.section	.text.HAL_MPU_ConfigRegion,"ax",%progbits
 559              		.align	1
 560              		.global	HAL_MPU_ConfigRegion
 561              		.syntax unified
 562              		.thumb
 563              		.thumb_func
 565              	HAL_MPU_ConfigRegion:
 566              		@ args = 0, pretend = 0, frame = 0
 567              		@ frame_needed = 0, uses_anonymous_args = 0
 568 0000 10B5     		push	{r4, lr}
 569 0002 0446     		mov	r4, r0
 570 0004 4378     		ldrb	r3, [r0, #1]	@ zero_extendqisi2
 571 0006 072B     		cmp	r3, #7
 572 0008 49D8     		bhi	.L94
 573              	.L83:
 574 000a 2378     		ldrb	r3, [r4]	@ zero_extendqisi2
 575 000c 012B     		cmp	r3, #1
 576 000e 4CD8     		bhi	.L95
 577              	.L84:
 578 0010 237B     		ldrb	r3, [r4, #12]	@ zero_extendqisi2
 579 0012 012B     		cmp	r3, #1
 580 0014 4FD8     		bhi	.L96
 581              	.L85:
 582 0016 E37A     		ldrb	r3, [r4, #11]	@ zero_extendqisi2
 583 0018 032B     		cmp	r3, #3
 584 001a 03D9     		bls	.L86
 585 001c 052B     		cmp	r3, #5
 586 001e 01D0     		beq	.L86
 587 0020 062B     		cmp	r3, #6
 588 0022 4ED1     		bne	.L97
 589              	.L86:
 590 0024 A37A     		ldrb	r3, [r4, #10]	@ zero_extendqisi2
 591 0026 022B     		cmp	r3, #2
 592 0028 51D8     		bhi	.L98
 593              	.L87:
 594 002a 637B     		ldrb	r3, [r4, #13]	@ zero_extendqisi2
 595 002c 012B     		cmp	r3, #1
 596 002e 54D8     		bhi	.L99
 597              	.L88:
 598 0030 A37B     		ldrb	r3, [r4, #14]	@ zero_extendqisi2
 599 0032 012B     		cmp	r3, #1
 600 0034 57D8     		bhi	.L100
ARM GAS  C:\Temp\ccs4Dqdr.s 			page 11


 601              	.L89:
 602 0036 E37B     		ldrb	r3, [r4, #15]	@ zero_extendqisi2
 603 0038 012B     		cmp	r3, #1
 604 003a 5AD8     		bhi	.L101
 605              	.L90:
 606 003c 637A     		ldrb	r3, [r4, #9]	@ zero_extendqisi2
 607 003e FF2B     		cmp	r3, #255
 608 0040 5DD0     		beq	.L102
 609              	.L91:
 610 0042 237A     		ldrb	r3, [r4, #8]	@ zero_extendqisi2
 611 0044 043B     		subs	r3, r3, #4
 612 0046 DBB2     		uxtb	r3, r3
 613 0048 1B2B     		cmp	r3, #27
 614 004a 5ED8     		bhi	.L103
 615              	.L92:
 616 004c 6378     		ldrb	r3, [r4, #1]	@ zero_extendqisi2
 617 004e 324A     		ldr	r2, .L104
 618 0050 C2F89830 		str	r3, [r2, #152]
 619 0054 D2F8A030 		ldr	r3, [r2, #160]
 620 0058 23F00103 		bic	r3, r3, #1
 621 005c C2F8A030 		str	r3, [r2, #160]
 622 0060 6368     		ldr	r3, [r4, #4]
 623 0062 C2F89C30 		str	r3, [r2, #156]
 624 0066 217B     		ldrb	r1, [r4, #12]	@ zero_extendqisi2
 625 0068 E37A     		ldrb	r3, [r4, #11]	@ zero_extendqisi2
 626 006a 1B06     		lsls	r3, r3, #24
 627 006c 43EA0173 		orr	r3, r3, r1, lsl #28
 628 0070 A17A     		ldrb	r1, [r4, #10]	@ zero_extendqisi2
 629 0072 43EAC143 		orr	r3, r3, r1, lsl #19
 630 0076 617B     		ldrb	r1, [r4, #13]	@ zero_extendqisi2
 631 0078 43EA8143 		orr	r3, r3, r1, lsl #18
 632 007c A17B     		ldrb	r1, [r4, #14]	@ zero_extendqisi2
 633 007e 43EA4143 		orr	r3, r3, r1, lsl #17
 634 0082 E17B     		ldrb	r1, [r4, #15]	@ zero_extendqisi2
 635 0084 43EA0143 		orr	r3, r3, r1, lsl #16
 636 0088 617A     		ldrb	r1, [r4, #9]	@ zero_extendqisi2
 637 008a 43EA0123 		orr	r3, r3, r1, lsl #8
 638 008e 217A     		ldrb	r1, [r4, #8]	@ zero_extendqisi2
 639 0090 43EA4103 		orr	r3, r3, r1, lsl #1
 640 0094 2178     		ldrb	r1, [r4]	@ zero_extendqisi2
 641 0096 0B43     		orrs	r3, r3, r1
 642 0098 C2F8A030 		str	r3, [r2, #160]
 643 009c 10BD     		pop	{r4, pc}
 644              	.L94:
 645 009e 40F24D11 		movw	r1, #333
 646 00a2 1E48     		ldr	r0, .L104+4
 647 00a4 FFF7FEFF 		bl	assert_failed
 648 00a8 AFE7     		b	.L83
 649              	.L95:
 650 00aa 4FF4A771 		mov	r1, #334
 651 00ae 1B48     		ldr	r0, .L104+4
 652 00b0 FFF7FEFF 		bl	assert_failed
 653 00b4 ACE7     		b	.L84
 654              	.L96:
 655 00b6 40F24F11 		movw	r1, #335
 656 00ba 1848     		ldr	r0, .L104+4
 657 00bc FFF7FEFF 		bl	assert_failed
ARM GAS  C:\Temp\ccs4Dqdr.s 			page 12


 658 00c0 A9E7     		b	.L85
 659              	.L97:
 660 00c2 4FF4A871 		mov	r1, #336
 661 00c6 1548     		ldr	r0, .L104+4
 662 00c8 FFF7FEFF 		bl	assert_failed
 663 00cc AAE7     		b	.L86
 664              	.L98:
 665 00ce 40F25111 		movw	r1, #337
 666 00d2 1248     		ldr	r0, .L104+4
 667 00d4 FFF7FEFF 		bl	assert_failed
 668 00d8 A7E7     		b	.L87
 669              	.L99:
 670 00da 4FF4A971 		mov	r1, #338
 671 00de 0F48     		ldr	r0, .L104+4
 672 00e0 FFF7FEFF 		bl	assert_failed
 673 00e4 A4E7     		b	.L88
 674              	.L100:
 675 00e6 40F25311 		movw	r1, #339
 676 00ea 0C48     		ldr	r0, .L104+4
 677 00ec FFF7FEFF 		bl	assert_failed
 678 00f0 A1E7     		b	.L89
 679              	.L101:
 680 00f2 4FF4AA71 		mov	r1, #340
 681 00f6 0948     		ldr	r0, .L104+4
 682 00f8 FFF7FEFF 		bl	assert_failed
 683 00fc 9EE7     		b	.L90
 684              	.L102:
 685 00fe 40F25511 		movw	r1, #341
 686 0102 0648     		ldr	r0, .L104+4
 687 0104 FFF7FEFF 		bl	assert_failed
 688 0108 9BE7     		b	.L91
 689              	.L103:
 690 010a 4FF4AB71 		mov	r1, #342
 691 010e 0348     		ldr	r0, .L104+4
 692 0110 FFF7FEFF 		bl	assert_failed
 693 0114 9AE7     		b	.L92
 694              	.L105:
 695 0116 00BF     		.align	2
 696              	.L104:
 697 0118 00ED00E0 		.word	-536810240
 698 011c 00000000 		.word	.LC0
 700              		.section	.text.HAL_CORTEX_ClearEvent,"ax",%progbits
 701              		.align	1
 702              		.global	HAL_CORTEX_ClearEvent
 703              		.syntax unified
 704              		.thumb
 705              		.thumb_func
 707              	HAL_CORTEX_ClearEvent:
 708              		@ args = 0, pretend = 0, frame = 0
 709              		@ frame_needed = 0, uses_anonymous_args = 0
 710              		@ link register save eliminated.
 711              		.syntax unified
 712              	@ 370 "Drivers/STM32F4xx_HAL_Driver/Src/stm32f4xx_hal_cortex.c" 1
 713 0000 40BF     		sev
 714              	@ 0 "" 2
 715              	@ 371 "Drivers/STM32F4xx_HAL_Driver/Src/stm32f4xx_hal_cortex.c" 1
 716 0002 20BF     		wfe
ARM GAS  C:\Temp\ccs4Dqdr.s 			page 13


 717              	@ 0 "" 2
 718              		.thumb
 719              		.syntax unified
 720 0004 7047     		bx	lr
 722              		.section	.text.HAL_NVIC_GetPriorityGrouping,"ax",%progbits
 723              		.align	1
 724              		.global	HAL_NVIC_GetPriorityGrouping
 725              		.syntax unified
 726              		.thumb
 727              		.thumb_func
 729              	HAL_NVIC_GetPriorityGrouping:
 730              		@ args = 0, pretend = 0, frame = 0
 731              		@ frame_needed = 0, uses_anonymous_args = 0
 732              		@ link register save eliminated.
 733 0000 024B     		ldr	r3, .L108
 734 0002 D868     		ldr	r0, [r3, #12]
 735 0004 C0F30220 		ubfx	r0, r0, #8, #3
 736 0008 7047     		bx	lr
 737              	.L109:
 738 000a 00BF     		.align	2
 739              	.L108:
 740 000c 00ED00E0 		.word	-536810240
 742              		.section	.text.HAL_NVIC_GetPriority,"ax",%progbits
 743              		.align	1
 744              		.global	HAL_NVIC_GetPriority
 745              		.syntax unified
 746              		.thumb
 747              		.thumb_func
 749              	HAL_NVIC_GetPriority:
 750              		@ args = 0, pretend = 0, frame = 0
 751              		@ frame_needed = 0, uses_anonymous_args = 0
 752 0000 F8B5     		push	{r3, r4, r5, r6, r7, lr}
 753 0002 0746     		mov	r7, r0
 754 0004 0C46     		mov	r4, r1
 755 0006 1546     		mov	r5, r2
 756 0008 1E46     		mov	r6, r3
 757 000a CB1E     		subs	r3, r1, #3
 758 000c 042B     		cmp	r3, #4
 759 000e 08D8     		bhi	.L113
 760              	.L111:
 761 0010 3846     		mov	r0, r7
 762 0012 FFF7FEFF 		bl	__NVIC_GetPriority
 763 0016 3346     		mov	r3, r6
 764 0018 2A46     		mov	r2, r5
 765 001a 2146     		mov	r1, r4
 766 001c FFF7FEFF 		bl	NVIC_DecodePriority
 767 0020 F8BD     		pop	{r3, r4, r5, r6, r7, pc}
 768              	.L113:
 769 0022 4FF4CC71 		mov	r1, #408
 770 0026 0248     		ldr	r0, .L114
 771 0028 FFF7FEFF 		bl	assert_failed
 772 002c F0E7     		b	.L111
 773              	.L115:
 774 002e 00BF     		.align	2
 775              	.L114:
 776 0030 00000000 		.word	.LC0
 778              		.section	.text.HAL_NVIC_SetPendingIRQ,"ax",%progbits
ARM GAS  C:\Temp\ccs4Dqdr.s 			page 14


 779              		.align	1
 780              		.global	HAL_NVIC_SetPendingIRQ
 781              		.syntax unified
 782              		.thumb
 783              		.thumb_func
 785              	HAL_NVIC_SetPendingIRQ:
 786              		@ args = 0, pretend = 0, frame = 0
 787              		@ frame_needed = 0, uses_anonymous_args = 0
 788 0000 08B5     		push	{r3, lr}
 789 0002 0028     		cmp	r0, #0
 790 0004 09DB     		blt	.L117
 791 0006 00F01F02 		and	r2, r0, #31
 792 000a 4009     		lsrs	r0, r0, #5
 793 000c 0123     		movs	r3, #1
 794 000e 9340     		lsls	r3, r3, r2
 795 0010 4030     		adds	r0, r0, #64
 796 0012 054A     		ldr	r2, .L120
 797 0014 42F82030 		str	r3, [r2, r0, lsl #2]
 798              	.L116:
 799 0018 08BD     		pop	{r3, pc}
 800              	.L117:
 801 001a 40F2A711 		movw	r1, #423
 802 001e 0348     		ldr	r0, .L120+4
 803 0020 FFF7FEFF 		bl	assert_failed
 804 0024 F8E7     		b	.L116
 805              	.L121:
 806 0026 00BF     		.align	2
 807              	.L120:
 808 0028 00E100E0 		.word	-536813312
 809 002c 00000000 		.word	.LC0
 811              		.section	.text.HAL_NVIC_GetPendingIRQ,"ax",%progbits
 812              		.align	1
 813              		.global	HAL_NVIC_GetPendingIRQ
 814              		.syntax unified
 815              		.thumb
 816              		.thumb_func
 818              	HAL_NVIC_GetPendingIRQ:
 819              		@ args = 0, pretend = 0, frame = 0
 820              		@ frame_needed = 0, uses_anonymous_args = 0
 821 0000 08B5     		push	{r3, lr}
 822 0002 0028     		cmp	r0, #0
 823 0004 0BDB     		blt	.L123
 824 0006 4309     		lsrs	r3, r0, #5
 825 0008 4033     		adds	r3, r3, #64
 826 000a 084A     		ldr	r2, .L126
 827 000c 52F82330 		ldr	r3, [r2, r3, lsl #2]
 828 0010 00F01F00 		and	r0, r0, #31
 829 0014 23FA00F0 		lsr	r0, r3, r0
 830 0018 00F00100 		and	r0, r0, #1
 831              	.L122:
 832 001c 08BD     		pop	{r3, pc}
 833              	.L123:
 834 001e 40F2B911 		movw	r1, #441
 835 0022 0348     		ldr	r0, .L126+4
 836 0024 FFF7FEFF 		bl	assert_failed
 837 0028 0020     		movs	r0, #0
 838 002a F7E7     		b	.L122
ARM GAS  C:\Temp\ccs4Dqdr.s 			page 15


 839              	.L127:
 840              		.align	2
 841              	.L126:
 842 002c 00E100E0 		.word	-536813312
 843 0030 00000000 		.word	.LC0
 845              		.section	.text.HAL_NVIC_ClearPendingIRQ,"ax",%progbits
 846              		.align	1
 847              		.global	HAL_NVIC_ClearPendingIRQ
 848              		.syntax unified
 849              		.thumb
 850              		.thumb_func
 852              	HAL_NVIC_ClearPendingIRQ:
 853              		@ args = 0, pretend = 0, frame = 0
 854              		@ frame_needed = 0, uses_anonymous_args = 0
 855 0000 08B5     		push	{r3, lr}
 856 0002 0028     		cmp	r0, #0
 857 0004 09DB     		blt	.L129
 858 0006 00F01F02 		and	r2, r0, #31
 859 000a 4009     		lsrs	r0, r0, #5
 860 000c 0123     		movs	r3, #1
 861 000e 9340     		lsls	r3, r3, r2
 862 0010 6030     		adds	r0, r0, #96
 863 0012 054A     		ldr	r2, .L132
 864 0014 42F82030 		str	r3, [r2, r0, lsl #2]
 865              	.L128:
 866 0018 08BD     		pop	{r3, pc}
 867              	.L129:
 868 001a 40F2C911 		movw	r1, #457
 869 001e 0348     		ldr	r0, .L132+4
 870 0020 FFF7FEFF 		bl	assert_failed
 871 0024 F8E7     		b	.L128
 872              	.L133:
 873 0026 00BF     		.align	2
 874              	.L132:
 875 0028 00E100E0 		.word	-536813312
 876 002c 00000000 		.word	.LC0
 878              		.section	.text.HAL_NVIC_GetActive,"ax",%progbits
 879              		.align	1
 880              		.global	HAL_NVIC_GetActive
 881              		.syntax unified
 882              		.thumb
 883              		.thumb_func
 885              	HAL_NVIC_GetActive:
 886              		@ args = 0, pretend = 0, frame = 0
 887              		@ frame_needed = 0, uses_anonymous_args = 0
 888 0000 08B5     		push	{r3, lr}
 889 0002 0028     		cmp	r0, #0
 890 0004 0BDB     		blt	.L135
 891 0006 4309     		lsrs	r3, r0, #5
 892 0008 8033     		adds	r3, r3, #128
 893 000a 084A     		ldr	r2, .L138
 894 000c 52F82330 		ldr	r3, [r2, r3, lsl #2]
 895 0010 00F01F00 		and	r0, r0, #31
 896 0014 23FA00F0 		lsr	r0, r3, r0
 897 0018 00F00100 		and	r0, r0, #1
 898              	.L134:
 899 001c 08BD     		pop	{r3, pc}
ARM GAS  C:\Temp\ccs4Dqdr.s 			page 16


 900              	.L135:
 901 001e 4FF4ED71 		mov	r1, #474
 902 0022 0348     		ldr	r0, .L138+4
 903 0024 FFF7FEFF 		bl	assert_failed
 904 0028 0020     		movs	r0, #0
 905 002a F7E7     		b	.L134
 906              	.L139:
 907              		.align	2
 908              	.L138:
 909 002c 00E100E0 		.word	-536813312
 910 0030 00000000 		.word	.LC0
 912              		.section	.text.HAL_SYSTICK_CLKSourceConfig,"ax",%progbits
 913              		.align	1
 914              		.global	HAL_SYSTICK_CLKSourceConfig
 915              		.syntax unified
 916              		.thumb
 917              		.thumb_func
 919              	HAL_SYSTICK_CLKSourceConfig:
 920              		@ args = 0, pretend = 0, frame = 0
 921              		@ frame_needed = 0, uses_anonymous_args = 0
 922 0000 08B5     		push	{r3, lr}
 923 0002 0428     		cmp	r0, #4
 924 0004 07D0     		beq	.L145
 925 0006 68B9     		cbnz	r0, .L146
 926              	.L143:
 927 0008 4FF0E022 		mov	r2, #-536813568
 928 000c 1369     		ldr	r3, [r2, #16]
 929 000e 23F00403 		bic	r3, r3, #4
 930 0012 1361     		str	r3, [r2, #16]
 931              	.L140:
 932 0014 08BD     		pop	{r3, pc}
 933              	.L145:
 934 0016 4FF0E022 		mov	r2, #-536813568
 935 001a 1369     		ldr	r3, [r2, #16]
 936 001c 43F00403 		orr	r3, r3, #4
 937 0020 1361     		str	r3, [r2, #16]
 938 0022 F7E7     		b	.L140
 939              	.L146:
 940 0024 40F2EB11 		movw	r1, #491
 941 0028 0148     		ldr	r0, .L147
 942 002a FFF7FEFF 		bl	assert_failed
 943 002e EBE7     		b	.L143
 944              	.L148:
 945              		.align	2
 946              	.L147:
 947 0030 00000000 		.word	.LC0
 949              		.section	.text.HAL_SYSTICK_Callback,"ax",%progbits
 950              		.align	1
 951              		.weak	HAL_SYSTICK_Callback
 952              		.syntax unified
 953              		.thumb
 954              		.thumb_func
 956              	HAL_SYSTICK_Callback:
 957              		@ args = 0, pretend = 0, frame = 0
 958              		@ frame_needed = 0, uses_anonymous_args = 0
 959              		@ link register save eliminated.
 960 0000 7047     		bx	lr
ARM GAS  C:\Temp\ccs4Dqdr.s 			page 17


 962              		.section	.text.HAL_SYSTICK_IRQHandler,"ax",%progbits
 963              		.align	1
 964              		.global	HAL_SYSTICK_IRQHandler
 965              		.syntax unified
 966              		.thumb
 967              		.thumb_func
 969              	HAL_SYSTICK_IRQHandler:
 970              		@ args = 0, pretend = 0, frame = 0
 971              		@ frame_needed = 0, uses_anonymous_args = 0
 972 0000 08B5     		push	{r3, lr}
 973 0002 FFF7FEFF 		bl	HAL_SYSTICK_Callback
 974 0006 08BD     		pop	{r3, pc}
 976              		.ident	"GCC: (xPack GNU Arm Embedded GCC x86_64) 12.3.1 20230626"
ARM GAS  C:\Temp\ccs4Dqdr.s 			page 18


DEFINED SYMBOLS
                            *ABS*:00000000 stm32f4xx_hal_cortex.c
  C:\Temp\ccs4Dqdr.s:18     .text.__NVIC_EnableIRQ:00000000 $t
  C:\Temp\ccs4Dqdr.s:23     .text.__NVIC_EnableIRQ:00000000 __NVIC_EnableIRQ
  C:\Temp\ccs4Dqdr.s:40     .text.__NVIC_EnableIRQ:00000018 $d
  C:\Temp\ccs4Dqdr.s:43     .text.__NVIC_DisableIRQ:00000000 $t
  C:\Temp\ccs4Dqdr.s:48     .text.__NVIC_DisableIRQ:00000000 __NVIC_DisableIRQ
  C:\Temp\ccs4Dqdr.s:75     .text.__NVIC_DisableIRQ:00000020 $d
  C:\Temp\ccs4Dqdr.s:78     .text.__NVIC_SetPriority:00000000 $t
  C:\Temp\ccs4Dqdr.s:83     .text.__NVIC_SetPriority:00000000 __NVIC_SetPriority
  C:\Temp\ccs4Dqdr.s:105    .text.__NVIC_SetPriority:00000024 $d
  C:\Temp\ccs4Dqdr.s:108    .text.__NVIC_GetPriority:00000000 $t
  C:\Temp\ccs4Dqdr.s:113    .text.__NVIC_GetPriority:00000000 __NVIC_GetPriority
  C:\Temp\ccs4Dqdr.s:133    .text.__NVIC_GetPriority:00000020 $d
  C:\Temp\ccs4Dqdr.s:136    .text.NVIC_EncodePriority:00000000 $t
  C:\Temp\ccs4Dqdr.s:141    .text.NVIC_EncodePriority:00000000 NVIC_EncodePriority
  C:\Temp\ccs4Dqdr.s:168    .text.NVIC_DecodePriority:00000000 $t
  C:\Temp\ccs4Dqdr.s:173    .text.NVIC_DecodePriority:00000000 NVIC_DecodePriority
  C:\Temp\ccs4Dqdr.s:201    .text.__NVIC_SystemReset:00000000 $t
  C:\Temp\ccs4Dqdr.s:206    .text.__NVIC_SystemReset:00000000 __NVIC_SystemReset
  C:\Temp\ccs4Dqdr.s:240    .text.__NVIC_SystemReset:0000001c $d
  C:\Temp\ccs4Dqdr.s:244    .rodata.HAL_NVIC_SetPriorityGrouping.str1.4:00000000 $d
  C:\Temp\ccs4Dqdr.s:249    .text.HAL_NVIC_SetPriorityGrouping:00000000 $t
  C:\Temp\ccs4Dqdr.s:255    .text.HAL_NVIC_SetPriorityGrouping:00000000 HAL_NVIC_SetPriorityGrouping
  C:\Temp\ccs4Dqdr.s:284    .text.HAL_NVIC_SetPriorityGrouping:00000034 $d
  C:\Temp\ccs4Dqdr.s:288    .text.HAL_NVIC_SetPriority:00000000 $t
  C:\Temp\ccs4Dqdr.s:294    .text.HAL_NVIC_SetPriority:00000000 HAL_NVIC_SetPriority
  C:\Temp\ccs4Dqdr.s:330    .text.HAL_NVIC_SetPriority:00000040 $d
  C:\Temp\ccs4Dqdr.s:334    .text.HAL_NVIC_EnableIRQ:00000000 $t
  C:\Temp\ccs4Dqdr.s:340    .text.HAL_NVIC_EnableIRQ:00000000 HAL_NVIC_EnableIRQ
  C:\Temp\ccs4Dqdr.s:358    .text.HAL_NVIC_EnableIRQ:00000018 $d
  C:\Temp\ccs4Dqdr.s:361    .text.HAL_NVIC_DisableIRQ:00000000 $t
  C:\Temp\ccs4Dqdr.s:367    .text.HAL_NVIC_DisableIRQ:00000000 HAL_NVIC_DisableIRQ
  C:\Temp\ccs4Dqdr.s:385    .text.HAL_NVIC_DisableIRQ:00000018 $d
  C:\Temp\ccs4Dqdr.s:388    .text.HAL_NVIC_SystemReset:00000000 $t
  C:\Temp\ccs4Dqdr.s:394    .text.HAL_NVIC_SystemReset:00000000 HAL_NVIC_SystemReset
  C:\Temp\ccs4Dqdr.s:402    .text.HAL_SYSTICK_Config:00000000 $t
  C:\Temp\ccs4Dqdr.s:408    .text.HAL_SYSTICK_Config:00000000 HAL_SYSTICK_Config
  C:\Temp\ccs4Dqdr.s:431    .text.HAL_SYSTICK_Config:00000024 $d
  C:\Temp\ccs4Dqdr.s:434    .text.HAL_MPU_Disable:00000000 $t
  C:\Temp\ccs4Dqdr.s:440    .text.HAL_MPU_Disable:00000000 HAL_MPU_Disable
  C:\Temp\ccs4Dqdr.s:460    .text.HAL_MPU_Disable:00000018 $d
  C:\Temp\ccs4Dqdr.s:463    .text.HAL_MPU_Enable:00000000 $t
  C:\Temp\ccs4Dqdr.s:469    .text.HAL_MPU_Enable:00000000 HAL_MPU_Enable
  C:\Temp\ccs4Dqdr.s:492    .text.HAL_MPU_Enable:0000001c $d
  C:\Temp\ccs4Dqdr.s:495    .text.HAL_MPU_EnableRegion:00000000 $t
  C:\Temp\ccs4Dqdr.s:501    .text.HAL_MPU_EnableRegion:00000000 HAL_MPU_EnableRegion
  C:\Temp\ccs4Dqdr.s:523    .text.HAL_MPU_EnableRegion:00000028 $d
  C:\Temp\ccs4Dqdr.s:527    .text.HAL_MPU_DisableRegion:00000000 $t
  C:\Temp\ccs4Dqdr.s:533    .text.HAL_MPU_DisableRegion:00000000 HAL_MPU_DisableRegion
  C:\Temp\ccs4Dqdr.s:555    .text.HAL_MPU_DisableRegion:00000028 $d
  C:\Temp\ccs4Dqdr.s:559    .text.HAL_MPU_ConfigRegion:00000000 $t
  C:\Temp\ccs4Dqdr.s:565    .text.HAL_MPU_ConfigRegion:00000000 HAL_MPU_ConfigRegion
  C:\Temp\ccs4Dqdr.s:697    .text.HAL_MPU_ConfigRegion:00000118 $d
  C:\Temp\ccs4Dqdr.s:701    .text.HAL_CORTEX_ClearEvent:00000000 $t
  C:\Temp\ccs4Dqdr.s:707    .text.HAL_CORTEX_ClearEvent:00000000 HAL_CORTEX_ClearEvent
  C:\Temp\ccs4Dqdr.s:723    .text.HAL_NVIC_GetPriorityGrouping:00000000 $t
ARM GAS  C:\Temp\ccs4Dqdr.s 			page 19


  C:\Temp\ccs4Dqdr.s:729    .text.HAL_NVIC_GetPriorityGrouping:00000000 HAL_NVIC_GetPriorityGrouping
  C:\Temp\ccs4Dqdr.s:740    .text.HAL_NVIC_GetPriorityGrouping:0000000c $d
  C:\Temp\ccs4Dqdr.s:743    .text.HAL_NVIC_GetPriority:00000000 $t
  C:\Temp\ccs4Dqdr.s:749    .text.HAL_NVIC_GetPriority:00000000 HAL_NVIC_GetPriority
  C:\Temp\ccs4Dqdr.s:776    .text.HAL_NVIC_GetPriority:00000030 $d
  C:\Temp\ccs4Dqdr.s:779    .text.HAL_NVIC_SetPendingIRQ:00000000 $t
  C:\Temp\ccs4Dqdr.s:785    .text.HAL_NVIC_SetPendingIRQ:00000000 HAL_NVIC_SetPendingIRQ
  C:\Temp\ccs4Dqdr.s:808    .text.HAL_NVIC_SetPendingIRQ:00000028 $d
  C:\Temp\ccs4Dqdr.s:812    .text.HAL_NVIC_GetPendingIRQ:00000000 $t
  C:\Temp\ccs4Dqdr.s:818    .text.HAL_NVIC_GetPendingIRQ:00000000 HAL_NVIC_GetPendingIRQ
  C:\Temp\ccs4Dqdr.s:842    .text.HAL_NVIC_GetPendingIRQ:0000002c $d
  C:\Temp\ccs4Dqdr.s:846    .text.HAL_NVIC_ClearPendingIRQ:00000000 $t
  C:\Temp\ccs4Dqdr.s:852    .text.HAL_NVIC_ClearPendingIRQ:00000000 HAL_NVIC_ClearPendingIRQ
  C:\Temp\ccs4Dqdr.s:875    .text.HAL_NVIC_ClearPendingIRQ:00000028 $d
  C:\Temp\ccs4Dqdr.s:879    .text.HAL_NVIC_GetActive:00000000 $t
  C:\Temp\ccs4Dqdr.s:885    .text.HAL_NVIC_GetActive:00000000 HAL_NVIC_GetActive
  C:\Temp\ccs4Dqdr.s:909    .text.HAL_NVIC_GetActive:0000002c $d
  C:\Temp\ccs4Dqdr.s:913    .text.HAL_SYSTICK_CLKSourceConfig:00000000 $t
  C:\Temp\ccs4Dqdr.s:919    .text.HAL_SYSTICK_CLKSourceConfig:00000000 HAL_SYSTICK_CLKSourceConfig
  C:\Temp\ccs4Dqdr.s:947    .text.HAL_SYSTICK_CLKSourceConfig:00000030 $d
  C:\Temp\ccs4Dqdr.s:950    .text.HAL_SYSTICK_Callback:00000000 $t
  C:\Temp\ccs4Dqdr.s:956    .text.HAL_SYSTICK_Callback:00000000 HAL_SYSTICK_Callback
  C:\Temp\ccs4Dqdr.s:963    .text.HAL_SYSTICK_IRQHandler:00000000 $t
  C:\Temp\ccs4Dqdr.s:969    .text.HAL_SYSTICK_IRQHandler:00000000 HAL_SYSTICK_IRQHandler

UNDEFINED SYMBOLS
assert_failed
