ARM GAS  C:\Temp\ccSSYHLv.s 			page 1


   1              		.cpu cortex-m4
   2              		.arch armv7e-m
   3              		.fpu fpv4-sp-d16
   4              		.eabi_attribute 27, 1
   5              		.eabi_attribute 28, 1
   6              		.eabi_attribute 20, 1
   7              		.eabi_attribute 21, 1
   8              		.eabi_attribute 23, 3
   9              		.eabi_attribute 24, 1
  10              		.eabi_attribute 25, 1
  11              		.eabi_attribute 26, 1
  12              		.eabi_attribute 30, 1
  13              		.eabi_attribute 34, 1
  14              		.eabi_attribute 18, 4
  15              		.file	"vl53l8cx_plugin_detection_thresholds.c"
  16              		.text
  17              		.section	.text.vl53l8cx_get_detection_thresholds_enable,"ax",%progbits
  18              		.align	1
  19              		.global	vl53l8cx_get_detection_thresholds_enable
  20              		.syntax unified
  21              		.thumb
  22              		.thumb_func
  24              	vl53l8cx_get_detection_thresholds_enable:
  25              		@ args = 0, pretend = 0, frame = 0
  26              		@ frame_needed = 0, uses_anonymous_args = 0
  27 0000 38B5     		push	{r3, r4, r5, lr}
  28 0002 0446     		mov	r4, r0
  29 0004 0D46     		mov	r5, r1
  30 0006 0823     		movs	r3, #8
  31 0008 4BF2E062 		movw	r2, #46816
  32 000c 00F5A261 		add	r1, r0, #1296
  33 0010 FFF7FEFF 		bl	vl53l8cx_dci_read_data
  34 0014 94F81135 		ldrb	r3, [r4, #1297]	@ zero_extendqisi2
  35 0018 2B70     		strb	r3, [r5]
  36 001a 38BD     		pop	{r3, r4, r5, pc}
  38              		.section	.text.vl53l8cx_set_detection_thresholds_enable,"ax",%progbits
  39              		.align	1
  40              		.global	vl53l8cx_set_detection_thresholds_enable
  41              		.syntax unified
  42              		.thumb
  43              		.thumb_func
  45              	vl53l8cx_set_detection_thresholds_enable:
  46              		@ args = 0, pretend = 0, frame = 8
  47              		@ frame_needed = 0, uses_anonymous_args = 0
  48 0000 70B5     		push	{r4, r5, r6, lr}
  49 0002 86B0     		sub	sp, sp, #24
  50 0004 0546     		mov	r5, r0
  51 0006 4FF00113 		mov	r3, #65537
  52 000a 0493     		str	r3, [sp, #16]
  53 000c 0129     		cmp	r1, #1
  54 000e 24D0     		beq	.L7
  55 0010 0C23     		movs	r3, #12
  56 0012 8DF81730 		strb	r3, [sp, #23]
  57              	.L5:
  58 0016 05F5A266 		add	r6, r5, #1296
  59 001a 0023     		movs	r3, #0
  60 001c 0293     		str	r3, [sp, #8]
ARM GAS  C:\Temp\ccSSYHLv.s 			page 2


  61 001e 0423     		movs	r3, #4
  62 0020 0193     		str	r3, [sp, #4]
  63 0022 04AB     		add	r3, sp, #16
  64 0024 0093     		str	r3, [sp]
  65 0026 0823     		movs	r3, #8
  66 0028 4BF2E062 		movw	r2, #46816
  67 002c 3146     		mov	r1, r6
  68 002e 2846     		mov	r0, r5
  69 0030 FFF7FEFF 		bl	vl53l8cx_dci_replace_data
  70 0034 0446     		mov	r4, r0
  71 0036 1123     		movs	r3, #17
  72 0038 0293     		str	r3, [sp, #8]
  73 003a 0123     		movs	r3, #1
  74 003c 0193     		str	r3, [sp, #4]
  75 003e 0DF11703 		add	r3, sp, #23
  76 0042 0093     		str	r3, [sp]
  77 0044 1423     		movs	r3, #20
  78 0046 45F28842 		movw	r2, #21640
  79 004a 3146     		mov	r1, r6
  80 004c 2846     		mov	r0, r5
  81 004e FFF7FEFF 		bl	vl53l8cx_dci_replace_data
  82 0052 2043     		orrs	r0, r0, r4
  83 0054 C0B2     		uxtb	r0, r0
  84 0056 06B0     		add	sp, sp, #24
  85              		@ sp needed
  86 0058 70BD     		pop	{r4, r5, r6, pc}
  87              	.L7:
  88 005a 0123     		movs	r3, #1
  89 005c 8DF81130 		strb	r3, [sp, #17]
  90 0060 0423     		movs	r3, #4
  91 0062 8DF81730 		strb	r3, [sp, #23]
  92 0066 D6E7     		b	.L5
  94              		.section	.text.vl53l8cx_get_detection_thresholds,"ax",%progbits
  95              		.align	1
  96              		.global	vl53l8cx_get_detection_thresholds
  97              		.syntax unified
  98              		.thumb
  99              		.thumb_func
 101              	vl53l8cx_get_detection_thresholds:
 102              		@ args = 0, pretend = 0, frame = 0
 103              		@ frame_needed = 0, uses_anonymous_args = 0
 104 0000 70B5     		push	{r4, r5, r6, lr}
 105 0002 0C46     		mov	r4, r1
 106 0004 4FF44073 		mov	r3, #768
 107 0008 4BF2E862 		movw	r2, #46824
 108 000c FFF7FEFF 		bl	vl53l8cx_dci_read_data
 109 0010 0023     		movs	r3, #0
 110 0012 0DE0     		b	.L9
 111              	.L17:
 112 0014 54F80E10 		ldr	r1, [r4, lr]
 113 0018 0029     		cmp	r1, #0
 114 001a 43DB     		blt	.L31
 115              	.L18:
 116 001c 8910     		asrs	r1, r1, #2
 117 001e 44F80E10 		str	r1, [r4, lr]
 118 0022 5168     		ldr	r1, [r2, #4]
 119 0024 0029     		cmp	r1, #0
ARM GAS  C:\Temp\ccSSYHLv.s 			page 3


 120 0026 3FDB     		blt	.L32
 121              	.L19:
 122 0028 8910     		asrs	r1, r1, #2
 123 002a 5160     		str	r1, [r2, #4]
 124              	.L10:
 125 002c 0133     		adds	r3, r3, #1
 126 002e DBB2     		uxtb	r3, r3
 127              	.L9:
 128 0030 3F2B     		cmp	r3, #63
 129 0032 00F29780 		bhi	.L33
 130 0036 03EB4302 		add	r2, r3, r3, lsl #1
 131 003a 4FEA820E 		lsl	lr, r2, #2
 132 003e 04EB8202 		add	r2, r4, r2, lsl #2
 133 0042 92F808C0 		ldrb	ip, [r2, #8]	@ zero_extendqisi2
 134 0046 0CF1FF3C 		add	ip, ip, #-1
 135 004a BCF1120F 		cmp	ip, #18
 136 004e EDD8     		bhi	.L10
 137 0050 01A1     		adr	r1, .L12
 138 0052 51F82CF0 		ldr	pc, [r1, ip, lsl #2]
 139 0056 00BF     		.p2align 2
 140              	.L12:
 141 0058 15000000 		.word	.L17+1
 142 005c AD000000 		.word	.L16+1
 143 0060 2D000000 		.word	.L10+1
 144 0064 D3000000 		.word	.L15+1
 145 0068 2D000000 		.word	.L10+1
 146 006c 2D000000 		.word	.L10+1
 147 0070 2D000000 		.word	.L10+1
 148 0074 F5000000 		.word	.L14+1
 149 0078 2D000000 		.word	.L10+1
 150 007c 2D000000 		.word	.L10+1
 151 0080 2D000000 		.word	.L10+1
 152 0084 2D000000 		.word	.L10+1
 153 0088 1B010000 		.word	.L13+1
 154 008c 2D000000 		.word	.L10+1
 155 0090 2D000000 		.word	.L10+1
 156 0094 2D000000 		.word	.L10+1
 157 0098 2D000000 		.word	.L10+1
 158 009c 2D000000 		.word	.L10+1
 159 00a0 3D010000 		.word	.L11+1
 160              		.p2align 1
 161              	.L31:
 162 00a4 0331     		adds	r1, r1, #3
 163 00a6 B9E7     		b	.L18
 164              	.L32:
 165 00a8 0331     		adds	r1, r1, #3
 166 00aa BDE7     		b	.L19
 167              	.L16:
 168 00ac 54F80E10 		ldr	r1, [r4, lr]
 169 00b0 0029     		cmp	r1, #0
 170 00b2 08DB     		blt	.L34
 171              	.L20:
 172 00b4 C912     		asrs	r1, r1, #11
 173 00b6 44F80E10 		str	r1, [r4, lr]
 174 00ba 5168     		ldr	r1, [r2, #4]
 175 00bc 0029     		cmp	r1, #0
 176 00be 05DB     		blt	.L35
ARM GAS  C:\Temp\ccSSYHLv.s 			page 4


 177              	.L21:
 178 00c0 C912     		asrs	r1, r1, #11
 179 00c2 5160     		str	r1, [r2, #4]
 180 00c4 B2E7     		b	.L10
 181              	.L34:
 182 00c6 01F2FF71 		addw	r1, r1, #2047
 183 00ca F3E7     		b	.L20
 184              	.L35:
 185 00cc 01F2FF71 		addw	r1, r1, #2047
 186 00d0 F6E7     		b	.L21
 187              	.L15:
 188 00d2 54F80E10 		ldr	r1, [r4, lr]
 189 00d6 0029     		cmp	r1, #0
 190 00d8 08DB     		blt	.L36
 191              	.L22:
 192 00da C911     		asrs	r1, r1, #7
 193 00dc 44F80E10 		str	r1, [r4, lr]
 194 00e0 5168     		ldr	r1, [r2, #4]
 195 00e2 0029     		cmp	r1, #0
 196 00e4 04DB     		blt	.L37
 197              	.L23:
 198 00e6 C911     		asrs	r1, r1, #7
 199 00e8 5160     		str	r1, [r2, #4]
 200 00ea 9FE7     		b	.L10
 201              	.L36:
 202 00ec 7F31     		adds	r1, r1, #127
 203 00ee F4E7     		b	.L22
 204              	.L37:
 205 00f0 7F31     		adds	r1, r1, #127
 206 00f2 F8E7     		b	.L23
 207              	.L14:
 208 00f4 54F80E10 		ldr	r1, [r4, lr]
 209 00f8 0029     		cmp	r1, #0
 210 00fa 08DB     		blt	.L38
 211              	.L24:
 212 00fc C912     		asrs	r1, r1, #11
 213 00fe 44F80E10 		str	r1, [r4, lr]
 214 0102 5168     		ldr	r1, [r2, #4]
 215 0104 0029     		cmp	r1, #0
 216 0106 05DB     		blt	.L39
 217              	.L25:
 218 0108 C912     		asrs	r1, r1, #11
 219 010a 5160     		str	r1, [r2, #4]
 220 010c 8EE7     		b	.L10
 221              	.L38:
 222 010e 01F2FF71 		addw	r1, r1, #2047
 223 0112 F3E7     		b	.L24
 224              	.L39:
 225 0114 01F2FF71 		addw	r1, r1, #2047
 226 0118 F6E7     		b	.L25
 227              	.L13:
 228 011a 54F80E10 		ldr	r1, [r4, lr]
 229 011e 0029     		cmp	r1, #0
 230 0120 08DB     		blt	.L40
 231              	.L26:
 232 0122 0912     		asrs	r1, r1, #8
 233 0124 44F80E10 		str	r1, [r4, lr]
ARM GAS  C:\Temp\ccSSYHLv.s 			page 5


 234 0128 5168     		ldr	r1, [r2, #4]
 235 012a 0029     		cmp	r1, #0
 236 012c 04DB     		blt	.L41
 237              	.L27:
 238 012e 0912     		asrs	r1, r1, #8
 239 0130 5160     		str	r1, [r2, #4]
 240 0132 7BE7     		b	.L10
 241              	.L40:
 242 0134 FF31     		adds	r1, r1, #255
 243 0136 F4E7     		b	.L26
 244              	.L41:
 245 0138 FF31     		adds	r1, r1, #255
 246 013a F8E7     		b	.L27
 247              	.L11:
 248 013c 54F80E10 		ldr	r1, [r4, lr]
 249 0140 094D     		ldr	r5, .L42
 250 0142 85FB016C 		smull	r6, ip, r5, r1
 251 0146 8C44     		add	ip, ip, r1
 252 0148 C917     		asrs	r1, r1, #31
 253 014a C1EBEC31 		rsb	r1, r1, ip, asr #15
 254 014e 44F80E10 		str	r1, [r4, lr]
 255 0152 5168     		ldr	r1, [r2, #4]
 256 0154 85FB01C5 		smull	ip, r5, r5, r1
 257 0158 0D44     		add	r5, r5, r1
 258 015a C917     		asrs	r1, r1, #31
 259 015c C1EBE531 		rsb	r1, r1, r5, asr #15
 260 0160 5160     		str	r1, [r2, #4]
 261 0162 63E7     		b	.L10
 262              	.L33:
 263 0164 70BD     		pop	{r4, r5, r6, pc}
 264              	.L43:
 265 0166 00BF     		.align	2
 266              	.L42:
 267 0168 01800080 		.word	-2147450879
 269              		.section	.rodata.vl53l8cx_set_detection_thresholds.str1.4,"aMS",%progbits,1
 270              		.align	2
 271              	.LC0:
 272 0000 05050505 		.ascii	"\005\005\005\005\005\005\005\005\000"
 272      05050505 
 272      00
 273              		.section	.text.vl53l8cx_set_detection_thresholds,"ax",%progbits
 274              		.align	1
 275              		.global	vl53l8cx_set_detection_thresholds
 276              		.syntax unified
 277              		.thumb
 278              		.thumb_func
 280              	vl53l8cx_set_detection_thresholds:
 281              		@ args = 0, pretend = 0, frame = 8
 282              		@ frame_needed = 0, uses_anonymous_args = 0
 283 0000 70B5     		push	{r4, r5, r6, lr}
 284 0002 82B0     		sub	sp, sp, #8
 285 0004 0546     		mov	r5, r0
 286 0006 0C46     		mov	r4, r1
 287 0008 4A4B     		ldr	r3, .L58
 288 000a 93E80300 		ldm	r3, {r0, r1}
 289 000e 02AB     		add	r3, sp, #8
 290 0010 03E90300 		stmdb	r3, {r0, r1}
ARM GAS  C:\Temp\ccSSYHLv.s 			page 6


 291 0014 0023     		movs	r3, #0
 292 0016 0CE0     		b	.L45
 293              	.L53:
 294 0018 03EB4302 		add	r2, r3, r3, lsl #1
 295 001c 9000     		lsls	r0, r2, #2
 296 001e 04EB8202 		add	r2, r4, r2, lsl #2
 297 0022 2158     		ldr	r1, [r4, r0]
 298 0024 8900     		lsls	r1, r1, #2
 299 0026 2150     		str	r1, [r4, r0]
 300 0028 5168     		ldr	r1, [r2, #4]
 301 002a 8900     		lsls	r1, r1, #2
 302 002c 5160     		str	r1, [r2, #4]
 303              	.L46:
 304 002e 0133     		adds	r3, r3, #1
 305 0030 DBB2     		uxtb	r3, r3
 306              	.L45:
 307 0032 3F2B     		cmp	r3, #63
 308 0034 6AD8     		bhi	.L57
 309 0036 227A     		ldrb	r2, [r4, #8]	@ zero_extendqisi2
 310 0038 013A     		subs	r2, r2, #1
 311 003a 122A     		cmp	r2, #18
 312 003c F7D8     		bhi	.L46
 313 003e 01A1     		adr	r1, .L48
 314 0040 51F822F0 		ldr	pc, [r1, r2, lsl #2]
 315              		.p2align 2
 316              	.L48:
 317 0044 19000000 		.word	.L53+1
 318 0048 91000000 		.word	.L52+1
 319 004c 2F000000 		.word	.L46+1
 320 0050 A9000000 		.word	.L51+1
 321 0054 2F000000 		.word	.L46+1
 322 0058 2F000000 		.word	.L46+1
 323 005c 2F000000 		.word	.L46+1
 324 0060 C1000000 		.word	.L50+1
 325 0064 2F000000 		.word	.L46+1
 326 0068 2F000000 		.word	.L46+1
 327 006c 2F000000 		.word	.L46+1
 328 0070 2F000000 		.word	.L46+1
 329 0074 D9000000 		.word	.L49+1
 330 0078 2F000000 		.word	.L46+1
 331 007c 2F000000 		.word	.L46+1
 332 0080 2F000000 		.word	.L46+1
 333 0084 2F000000 		.word	.L46+1
 334 0088 2F000000 		.word	.L46+1
 335 008c F1000000 		.word	.L47+1
 336              		.p2align 1
 337              	.L52:
 338 0090 03EB4302 		add	r2, r3, r3, lsl #1
 339 0094 9000     		lsls	r0, r2, #2
 340 0096 04EB8202 		add	r2, r4, r2, lsl #2
 341 009a 2158     		ldr	r1, [r4, r0]
 342 009c C902     		lsls	r1, r1, #11
 343 009e 2150     		str	r1, [r4, r0]
 344 00a0 5168     		ldr	r1, [r2, #4]
 345 00a2 C902     		lsls	r1, r1, #11
 346 00a4 5160     		str	r1, [r2, #4]
 347 00a6 C2E7     		b	.L46
ARM GAS  C:\Temp\ccSSYHLv.s 			page 7


 348              	.L51:
 349 00a8 03EB4302 		add	r2, r3, r3, lsl #1
 350 00ac 9000     		lsls	r0, r2, #2
 351 00ae 04EB8202 		add	r2, r4, r2, lsl #2
 352 00b2 2158     		ldr	r1, [r4, r0]
 353 00b4 C901     		lsls	r1, r1, #7
 354 00b6 2150     		str	r1, [r4, r0]
 355 00b8 5168     		ldr	r1, [r2, #4]
 356 00ba C901     		lsls	r1, r1, #7
 357 00bc 5160     		str	r1, [r2, #4]
 358 00be B6E7     		b	.L46
 359              	.L50:
 360 00c0 03EB4302 		add	r2, r3, r3, lsl #1
 361 00c4 9000     		lsls	r0, r2, #2
 362 00c6 04EB8202 		add	r2, r4, r2, lsl #2
 363 00ca 2158     		ldr	r1, [r4, r0]
 364 00cc C902     		lsls	r1, r1, #11
 365 00ce 2150     		str	r1, [r4, r0]
 366 00d0 5168     		ldr	r1, [r2, #4]
 367 00d2 C902     		lsls	r1, r1, #11
 368 00d4 5160     		str	r1, [r2, #4]
 369 00d6 AAE7     		b	.L46
 370              	.L49:
 371 00d8 03EB4302 		add	r2, r3, r3, lsl #1
 372 00dc 9000     		lsls	r0, r2, #2
 373 00de 04EB8202 		add	r2, r4, r2, lsl #2
 374 00e2 2158     		ldr	r1, [r4, r0]
 375 00e4 0902     		lsls	r1, r1, #8
 376 00e6 2150     		str	r1, [r4, r0]
 377 00e8 5168     		ldr	r1, [r2, #4]
 378 00ea 0902     		lsls	r1, r1, #8
 379 00ec 5160     		str	r1, [r2, #4]
 380 00ee 9EE7     		b	.L46
 381              	.L47:
 382 00f0 03EB4302 		add	r2, r3, r3, lsl #1
 383 00f4 9000     		lsls	r0, r2, #2
 384 00f6 04EB8202 		add	r2, r4, r2, lsl #2
 385 00fa 2158     		ldr	r1, [r4, r0]
 386 00fc C1EB0141 		rsb	r1, r1, r1, lsl #16
 387 0100 2150     		str	r1, [r4, r0]
 388 0102 5168     		ldr	r1, [r2, #4]
 389 0104 C1EB0141 		rsb	r1, r1, r1, lsl #16
 390 0108 5160     		str	r1, [r2, #4]
 391 010a 90E7     		b	.L46
 392              	.L57:
 393 010c 0823     		movs	r3, #8
 394 010e 4BF6F012 		movw	r2, #47600
 395 0112 6946     		mov	r1, sp
 396 0114 2846     		mov	r0, r5
 397 0116 FFF7FEFF 		bl	vl53l8cx_dci_write_data
 398 011a 0646     		mov	r6, r0
 399 011c 4FF44073 		mov	r3, #768
 400 0120 4BF2E862 		movw	r2, #46824
 401 0124 2146     		mov	r1, r4
 402 0126 2846     		mov	r0, r5
 403 0128 FFF7FEFF 		bl	vl53l8cx_dci_write_data
 404 012c 3043     		orrs	r0, r0, r6
ARM GAS  C:\Temp\ccSSYHLv.s 			page 8


 405 012e C0B2     		uxtb	r0, r0
 406 0130 02B0     		add	sp, sp, #8
 407              		@ sp needed
 408 0132 70BD     		pop	{r4, r5, r6, pc}
 409              	.L59:
 410              		.align	2
 411              	.L58:
 412 0134 00000000 		.word	.LC0
 414              		.section	.text.vl53l8cx_get_detection_thresholds_auto_stop,"ax",%progbits
 415              		.align	1
 416              		.global	vl53l8cx_get_detection_thresholds_auto_stop
 417              		.syntax unified
 418              		.thumb
 419              		.thumb_func
 421              	vl53l8cx_get_detection_thresholds_auto_stop:
 422              		@ args = 0, pretend = 0, frame = 0
 423              		@ frame_needed = 0, uses_anonymous_args = 0
 424 0000 38B5     		push	{r3, r4, r5, lr}
 425 0002 0446     		mov	r4, r0
 426 0004 0D46     		mov	r5, r1
 427 0006 0423     		movs	r3, #4
 428 0008 4DF68032 		movw	r2, #56192
 429 000c 00F5A261 		add	r1, r0, #1296
 430 0010 FFF7FEFF 		bl	vl53l8cx_dci_read_data
 431 0014 94F81335 		ldrb	r3, [r4, #1299]	@ zero_extendqisi2
 432 0018 2B70     		strb	r3, [r5]
 433 001a 38BD     		pop	{r3, r4, r5, pc}
 435              		.section	.text.vl53l8cx_set_detection_thresholds_auto_stop,"ax",%progbits
 436              		.align	1
 437              		.global	vl53l8cx_set_detection_thresholds_auto_stop
 438              		.syntax unified
 439              		.thumb
 440              		.thumb_func
 442              	vl53l8cx_set_detection_thresholds_auto_stop:
 443              		@ args = 0, pretend = 0, frame = 8
 444              		@ frame_needed = 0, uses_anonymous_args = 0
 445 0000 10B5     		push	{r4, lr}
 446 0002 86B0     		sub	sp, sp, #24
 447 0004 0446     		mov	r4, r0
 448 0006 8DF81710 		strb	r1, [sp, #23]
 449 000a 0323     		movs	r3, #3
 450 000c 0293     		str	r3, [sp, #8]
 451 000e 0123     		movs	r3, #1
 452 0010 0193     		str	r3, [sp, #4]
 453 0012 0DF11703 		add	r3, sp, #23
 454 0016 0093     		str	r3, [sp]
 455 0018 0423     		movs	r3, #4
 456 001a 4DF68032 		movw	r2, #56192
 457 001e 00F5A261 		add	r1, r0, #1296
 458 0022 FFF7FEFF 		bl	vl53l8cx_dci_replace_data
 459 0026 9DF81730 		ldrb	r3, [sp, #23]	@ zero_extendqisi2
 460 002a 84F8BC3A 		strb	r3, [r4, #2748]
 461 002e 06B0     		add	sp, sp, #24
 462              		@ sp needed
 463 0030 10BD     		pop	{r4, pc}
 465              		.ident	"GCC: (xPack GNU Arm Embedded GCC x86_64) 12.3.1 20230626"
ARM GAS  C:\Temp\ccSSYHLv.s 			page 9


DEFINED SYMBOLS
                            *ABS*:00000000 vl53l8cx_plugin_detection_thresholds.c
  C:\Temp\ccSSYHLv.s:18     .text.vl53l8cx_get_detection_thresholds_enable:00000000 $t
  C:\Temp\ccSSYHLv.s:24     .text.vl53l8cx_get_detection_thresholds_enable:00000000 vl53l8cx_get_detection_thresholds_enable
  C:\Temp\ccSSYHLv.s:39     .text.vl53l8cx_set_detection_thresholds_enable:00000000 $t
  C:\Temp\ccSSYHLv.s:45     .text.vl53l8cx_set_detection_thresholds_enable:00000000 vl53l8cx_set_detection_thresholds_enable
  C:\Temp\ccSSYHLv.s:95     .text.vl53l8cx_get_detection_thresholds:00000000 $t
  C:\Temp\ccSSYHLv.s:101    .text.vl53l8cx_get_detection_thresholds:00000000 vl53l8cx_get_detection_thresholds
  C:\Temp\ccSSYHLv.s:141    .text.vl53l8cx_get_detection_thresholds:00000058 $d
  C:\Temp\ccSSYHLv.s:160    .text.vl53l8cx_get_detection_thresholds:000000a4 $t
  C:\Temp\ccSSYHLv.s:267    .text.vl53l8cx_get_detection_thresholds:00000168 $d
  C:\Temp\ccSSYHLv.s:270    .rodata.vl53l8cx_set_detection_thresholds.str1.4:00000000 $d
  C:\Temp\ccSSYHLv.s:274    .text.vl53l8cx_set_detection_thresholds:00000000 $t
  C:\Temp\ccSSYHLv.s:280    .text.vl53l8cx_set_detection_thresholds:00000000 vl53l8cx_set_detection_thresholds
  C:\Temp\ccSSYHLv.s:317    .text.vl53l8cx_set_detection_thresholds:00000044 $d
  C:\Temp\ccSSYHLv.s:336    .text.vl53l8cx_set_detection_thresholds:00000090 $t
  C:\Temp\ccSSYHLv.s:412    .text.vl53l8cx_set_detection_thresholds:00000134 $d
  C:\Temp\ccSSYHLv.s:415    .text.vl53l8cx_get_detection_thresholds_auto_stop:00000000 $t
  C:\Temp\ccSSYHLv.s:421    .text.vl53l8cx_get_detection_thresholds_auto_stop:00000000 vl53l8cx_get_detection_thresholds_auto_stop
  C:\Temp\ccSSYHLv.s:436    .text.vl53l8cx_set_detection_thresholds_auto_stop:00000000 $t
  C:\Temp\ccSSYHLv.s:442    .text.vl53l8cx_set_detection_thresholds_auto_stop:00000000 vl53l8cx_set_detection_thresholds_auto_stop

UNDEFINED SYMBOLS
vl53l8cx_dci_read_data
vl53l8cx_dci_replace_data
vl53l8cx_dci_write_data
