ARM GAS  C:\Temp\cc457VmR.s 			page 1


   1              		.cpu cortex-m4
   2              		.arch armv7e-m
   3              		.fpu fpv4-sp-d16
   4              		.eabi_attribute 27, 1
   5              		.eabi_attribute 28, 1
   6              		.eabi_attribute 20, 1
   7              		.eabi_attribute 21, 1
   8              		.eabi_attribute 23, 3
   9              		.eabi_attribute 24, 1
  10              		.eabi_attribute 25, 1
  11              		.eabi_attribute 26, 1
  12              		.eabi_attribute 30, 1
  13              		.eabi_attribute 34, 1
  14              		.eabi_attribute 18, 4
  15              		.file	"vl53l8cx_plugin_detection_thresholds.c"
  16              		.text
  17              	.Ltext0:
  18              		.cfi_sections	.debug_frame
  19              		.file 1 "Drivers/BSP/Components/vl53l8cx/modules/vl53l8cx_plugin_detection_thresholds.c"
  20              		.section	.text.vl53l8cx_get_detection_thresholds_enable,"ax",%progbits
  21              		.align	1
  22              		.global	vl53l8cx_get_detection_thresholds_enable
  23              		.syntax unified
  24              		.thumb
  25              		.thumb_func
  27              	vl53l8cx_get_detection_thresholds_enable:
  28              	.LVL0:
  29              	.LFB0:
   1:Drivers/BSP/Components/vl53l8cx/modules/vl53l8cx_plugin_detection_thresholds.c **** /**
   2:Drivers/BSP/Components/vl53l8cx/modules/vl53l8cx_plugin_detection_thresholds.c ****   *
   3:Drivers/BSP/Components/vl53l8cx/modules/vl53l8cx_plugin_detection_thresholds.c ****   * Copyright (c) 2021 STMicroelectronics.
   4:Drivers/BSP/Components/vl53l8cx/modules/vl53l8cx_plugin_detection_thresholds.c ****   * All rights reserved.
   5:Drivers/BSP/Components/vl53l8cx/modules/vl53l8cx_plugin_detection_thresholds.c ****   *
   6:Drivers/BSP/Components/vl53l8cx/modules/vl53l8cx_plugin_detection_thresholds.c ****   * This software is licensed under terms that can be found in the LICENSE file
   7:Drivers/BSP/Components/vl53l8cx/modules/vl53l8cx_plugin_detection_thresholds.c ****   * in the root directory of this software component.
   8:Drivers/BSP/Components/vl53l8cx/modules/vl53l8cx_plugin_detection_thresholds.c ****   * If no LICENSE file comes with this software, it is provided AS-IS.
   9:Drivers/BSP/Components/vl53l8cx/modules/vl53l8cx_plugin_detection_thresholds.c ****   *
  10:Drivers/BSP/Components/vl53l8cx/modules/vl53l8cx_plugin_detection_thresholds.c ****   ******************************************************************************
  11:Drivers/BSP/Components/vl53l8cx/modules/vl53l8cx_plugin_detection_thresholds.c ****   */
  12:Drivers/BSP/Components/vl53l8cx/modules/vl53l8cx_plugin_detection_thresholds.c **** 
  13:Drivers/BSP/Components/vl53l8cx/modules/vl53l8cx_plugin_detection_thresholds.c **** #include "vl53l8cx_plugin_detection_thresholds.h"
  14:Drivers/BSP/Components/vl53l8cx/modules/vl53l8cx_plugin_detection_thresholds.c **** 
  15:Drivers/BSP/Components/vl53l8cx/modules/vl53l8cx_plugin_detection_thresholds.c **** uint8_t vl53l8cx_get_detection_thresholds_enable(
  16:Drivers/BSP/Components/vl53l8cx/modules/vl53l8cx_plugin_detection_thresholds.c **** 		VL53L8CX_Configuration		*p_dev,
  17:Drivers/BSP/Components/vl53l8cx/modules/vl53l8cx_plugin_detection_thresholds.c **** 		uint8_t				*p_enabled)
  18:Drivers/BSP/Components/vl53l8cx/modules/vl53l8cx_plugin_detection_thresholds.c **** {
  30              		.loc 1 18 1 view -0
  31              		.cfi_startproc
  32              		@ args = 0, pretend = 0, frame = 0
  33              		@ frame_needed = 0, uses_anonymous_args = 0
  34              		.loc 1 18 1 is_stmt 0 view .LVU1
  35 0000 38B5     		push	{r3, r4, r5, lr}
  36              		.cfi_def_cfa_offset 16
  37              		.cfi_offset 3, -16
  38              		.cfi_offset 4, -12
  39              		.cfi_offset 5, -8
  40              		.cfi_offset 14, -4
ARM GAS  C:\Temp\cc457VmR.s 			page 2


  41 0002 0446     		mov	r4, r0
  42 0004 0D46     		mov	r5, r1
  19:Drivers/BSP/Components/vl53l8cx/modules/vl53l8cx_plugin_detection_thresholds.c **** 	uint8_t status = VL53L8CX_STATUS_OK;
  43              		.loc 1 19 2 is_stmt 1 view .LVU2
  44              	.LVL1:
  20:Drivers/BSP/Components/vl53l8cx/modules/vl53l8cx_plugin_detection_thresholds.c **** 
  21:Drivers/BSP/Components/vl53l8cx/modules/vl53l8cx_plugin_detection_thresholds.c **** 	status |= vl53l8cx_dci_read_data(p_dev, (uint8_t*)p_dev->temp_buffer,
  45              		.loc 1 21 2 view .LVU3
  46              		.loc 1 21 12 is_stmt 0 view .LVU4
  47 0006 0823     		movs	r3, #8
  48 0008 4BF2E062 		movw	r2, #46816
  49 000c 00F5A261 		add	r1, r0, #1296
  50              	.LVL2:
  51              		.loc 1 21 12 view .LVU5
  52 0010 FFF7FEFF 		bl	vl53l8cx_dci_read_data
  53              	.LVL3:
  22:Drivers/BSP/Components/vl53l8cx/modules/vl53l8cx_plugin_detection_thresholds.c **** 			VL53L8CX_DCI_DET_THRESH_GLOBAL_CONFIG, 8);
  23:Drivers/BSP/Components/vl53l8cx/modules/vl53l8cx_plugin_detection_thresholds.c **** 	*p_enabled = p_dev->temp_buffer[0x1];
  54              		.loc 1 23 2 is_stmt 1 view .LVU6
  55              		.loc 1 23 33 is_stmt 0 view .LVU7
  56 0014 94F81135 		ldrb	r3, [r4, #1297]	@ zero_extendqisi2
  57              		.loc 1 23 13 view .LVU8
  58 0018 2B70     		strb	r3, [r5]
  24:Drivers/BSP/Components/vl53l8cx/modules/vl53l8cx_plugin_detection_thresholds.c **** 
  25:Drivers/BSP/Components/vl53l8cx/modules/vl53l8cx_plugin_detection_thresholds.c **** 	return status;
  59              		.loc 1 25 2 is_stmt 1 view .LVU9
  26:Drivers/BSP/Components/vl53l8cx/modules/vl53l8cx_plugin_detection_thresholds.c **** }
  60              		.loc 1 26 1 is_stmt 0 view .LVU10
  61 001a 38BD     		pop	{r3, r4, r5, pc}
  62              		.loc 1 26 1 view .LVU11
  63              		.cfi_endproc
  64              	.LFE0:
  66              		.section	.text.vl53l8cx_set_detection_thresholds_enable,"ax",%progbits
  67              		.align	1
  68              		.global	vl53l8cx_set_detection_thresholds_enable
  69              		.syntax unified
  70              		.thumb
  71              		.thumb_func
  73              	vl53l8cx_set_detection_thresholds_enable:
  74              	.LVL4:
  75              	.LFB1:
  27:Drivers/BSP/Components/vl53l8cx/modules/vl53l8cx_plugin_detection_thresholds.c **** 
  28:Drivers/BSP/Components/vl53l8cx/modules/vl53l8cx_plugin_detection_thresholds.c **** uint8_t vl53l8cx_set_detection_thresholds_enable(
  29:Drivers/BSP/Components/vl53l8cx/modules/vl53l8cx_plugin_detection_thresholds.c **** 		VL53L8CX_Configuration		*p_dev,
  30:Drivers/BSP/Components/vl53l8cx/modules/vl53l8cx_plugin_detection_thresholds.c **** 		uint8_t				enabled)
  31:Drivers/BSP/Components/vl53l8cx/modules/vl53l8cx_plugin_detection_thresholds.c **** {
  76              		.loc 1 31 1 is_stmt 1 view -0
  77              		.cfi_startproc
  78              		@ args = 0, pretend = 0, frame = 8
  79              		@ frame_needed = 0, uses_anonymous_args = 0
  80              		.loc 1 31 1 is_stmt 0 view .LVU13
  81 0000 70B5     		push	{r4, r5, r6, lr}
  82              		.cfi_def_cfa_offset 16
  83              		.cfi_offset 4, -16
  84              		.cfi_offset 5, -12
  85              		.cfi_offset 6, -8
  86              		.cfi_offset 14, -4
ARM GAS  C:\Temp\cc457VmR.s 			page 3


  87 0002 86B0     		sub	sp, sp, #24
  88              		.cfi_def_cfa_offset 40
  89 0004 0546     		mov	r5, r0
  32:Drivers/BSP/Components/vl53l8cx/modules/vl53l8cx_plugin_detection_thresholds.c **** 	uint8_t tmp, status = VL53L8CX_STATUS_OK;
  90              		.loc 1 32 2 is_stmt 1 view .LVU14
  91              	.LVL5:
  33:Drivers/BSP/Components/vl53l8cx/modules/vl53l8cx_plugin_detection_thresholds.c **** 	uint8_t grp_global_config[] = {0x01, 0x00, 0x01, 0x00};
  92              		.loc 1 33 2 view .LVU15
  93              		.loc 1 33 10 is_stmt 0 view .LVU16
  94 0006 4FF00113 		mov	r3, #65537
  95 000a 0493     		str	r3, [sp, #16]
  34:Drivers/BSP/Components/vl53l8cx/modules/vl53l8cx_plugin_detection_thresholds.c **** 
  35:Drivers/BSP/Components/vl53l8cx/modules/vl53l8cx_plugin_detection_thresholds.c **** 	if(enabled == (uint8_t)1)
  96              		.loc 1 35 2 is_stmt 1 view .LVU17
  97              		.loc 1 35 4 is_stmt 0 view .LVU18
  98 000c 0129     		cmp	r1, #1
  99 000e 24D0     		beq	.L7
  36:Drivers/BSP/Components/vl53l8cx/modules/vl53l8cx_plugin_detection_thresholds.c **** 	{
  37:Drivers/BSP/Components/vl53l8cx/modules/vl53l8cx_plugin_detection_thresholds.c **** 		grp_global_config[0x01] = 0x01;
  38:Drivers/BSP/Components/vl53l8cx/modules/vl53l8cx_plugin_detection_thresholds.c **** 		tmp = 0x04;
  39:Drivers/BSP/Components/vl53l8cx/modules/vl53l8cx_plugin_detection_thresholds.c **** 	}
  40:Drivers/BSP/Components/vl53l8cx/modules/vl53l8cx_plugin_detection_thresholds.c **** 	else
  41:Drivers/BSP/Components/vl53l8cx/modules/vl53l8cx_plugin_detection_thresholds.c **** 	{
  42:Drivers/BSP/Components/vl53l8cx/modules/vl53l8cx_plugin_detection_thresholds.c **** 		grp_global_config[0x01] = 0x00;
 100              		.loc 1 42 3 is_stmt 1 view .LVU19
  43:Drivers/BSP/Components/vl53l8cx/modules/vl53l8cx_plugin_detection_thresholds.c **** 		tmp = 0x0C;
 101              		.loc 1 43 3 view .LVU20
 102              		.loc 1 43 7 is_stmt 0 view .LVU21
 103 0010 0C23     		movs	r3, #12
 104 0012 8DF81730 		strb	r3, [sp, #23]
 105              	.L5:
  44:Drivers/BSP/Components/vl53l8cx/modules/vl53l8cx_plugin_detection_thresholds.c **** 	}
  45:Drivers/BSP/Components/vl53l8cx/modules/vl53l8cx_plugin_detection_thresholds.c **** 
  46:Drivers/BSP/Components/vl53l8cx/modules/vl53l8cx_plugin_detection_thresholds.c **** 	/* Set global interrupt config */
  47:Drivers/BSP/Components/vl53l8cx/modules/vl53l8cx_plugin_detection_thresholds.c **** 	status |= vl53l8cx_dci_replace_data(p_dev, p_dev->temp_buffer,
 106              		.loc 1 47 2 is_stmt 1 view .LVU22
 107              		.loc 1 47 50 is_stmt 0 view .LVU23
 108 0016 05F5A266 		add	r6, r5, #1296
 109              		.loc 1 47 12 view .LVU24
 110 001a 0023     		movs	r3, #0
 111 001c 0293     		str	r3, [sp, #8]
 112 001e 0423     		movs	r3, #4
 113 0020 0193     		str	r3, [sp, #4]
 114 0022 04AB     		add	r3, sp, #16
 115 0024 0093     		str	r3, [sp]
 116 0026 0823     		movs	r3, #8
 117 0028 4BF2E062 		movw	r2, #46816
 118 002c 3146     		mov	r1, r6
 119              	.LVL6:
 120              		.loc 1 47 12 view .LVU25
 121 002e 2846     		mov	r0, r5
 122              	.LVL7:
 123              		.loc 1 47 12 view .LVU26
 124 0030 FFF7FEFF 		bl	vl53l8cx_dci_replace_data
 125              	.LVL8:
 126 0034 0446     		mov	r4, r0
 127              	.LVL9:
ARM GAS  C:\Temp\cc457VmR.s 			page 4


  48:Drivers/BSP/Components/vl53l8cx/modules/vl53l8cx_plugin_detection_thresholds.c **** 			VL53L8CX_DCI_DET_THRESH_GLOBAL_CONFIG, 8,
  49:Drivers/BSP/Components/vl53l8cx/modules/vl53l8cx_plugin_detection_thresholds.c **** 			(uint8_t*)&grp_global_config, 4, 0x00);
  50:Drivers/BSP/Components/vl53l8cx/modules/vl53l8cx_plugin_detection_thresholds.c **** 
  51:Drivers/BSP/Components/vl53l8cx/modules/vl53l8cx_plugin_detection_thresholds.c **** 	/* Update interrupt config */
  52:Drivers/BSP/Components/vl53l8cx/modules/vl53l8cx_plugin_detection_thresholds.c **** 	status |= vl53l8cx_dci_replace_data(p_dev, p_dev->temp_buffer,
 128              		.loc 1 52 2 is_stmt 1 view .LVU27
 129              		.loc 1 52 12 is_stmt 0 view .LVU28
 130 0036 1123     		movs	r3, #17
 131 0038 0293     		str	r3, [sp, #8]
 132 003a 0123     		movs	r3, #1
 133 003c 0193     		str	r3, [sp, #4]
 134 003e 0DF11703 		add	r3, sp, #23
 135 0042 0093     		str	r3, [sp]
 136 0044 1423     		movs	r3, #20
 137 0046 45F28842 		movw	r2, #21640
 138 004a 3146     		mov	r1, r6
 139 004c 2846     		mov	r0, r5
 140 004e FFF7FEFF 		bl	vl53l8cx_dci_replace_data
 141              	.LVL10:
 142              		.loc 1 52 9 view .LVU29
 143 0052 2043     		orrs	r0, r0, r4
 144              	.LVL11:
  53:Drivers/BSP/Components/vl53l8cx/modules/vl53l8cx_plugin_detection_thresholds.c **** 			VL53L8CX_DCI_DET_THRESH_CONFIG, 20,
  54:Drivers/BSP/Components/vl53l8cx/modules/vl53l8cx_plugin_detection_thresholds.c **** 			(uint8_t*)&tmp, 1, 0x11);
  55:Drivers/BSP/Components/vl53l8cx/modules/vl53l8cx_plugin_detection_thresholds.c **** 
  56:Drivers/BSP/Components/vl53l8cx/modules/vl53l8cx_plugin_detection_thresholds.c **** 	return status;
 145              		.loc 1 56 2 is_stmt 1 view .LVU30
  57:Drivers/BSP/Components/vl53l8cx/modules/vl53l8cx_plugin_detection_thresholds.c **** }
 146              		.loc 1 57 1 is_stmt 0 view .LVU31
 147 0054 C0B2     		uxtb	r0, r0
 148              		.loc 1 57 1 view .LVU32
 149 0056 06B0     		add	sp, sp, #24
 150              		.cfi_remember_state
 151              		.cfi_def_cfa_offset 16
 152              		@ sp needed
 153 0058 70BD     		pop	{r4, r5, r6, pc}
 154              	.LVL12:
 155              	.L7:
 156              		.cfi_restore_state
  37:Drivers/BSP/Components/vl53l8cx/modules/vl53l8cx_plugin_detection_thresholds.c **** 		tmp = 0x04;
 157              		.loc 1 37 3 is_stmt 1 view .LVU33
  37:Drivers/BSP/Components/vl53l8cx/modules/vl53l8cx_plugin_detection_thresholds.c **** 		tmp = 0x04;
 158              		.loc 1 37 27 is_stmt 0 view .LVU34
 159 005a 0123     		movs	r3, #1
 160 005c 8DF81130 		strb	r3, [sp, #17]
  38:Drivers/BSP/Components/vl53l8cx/modules/vl53l8cx_plugin_detection_thresholds.c **** 	}
 161              		.loc 1 38 3 is_stmt 1 view .LVU35
  38:Drivers/BSP/Components/vl53l8cx/modules/vl53l8cx_plugin_detection_thresholds.c **** 	}
 162              		.loc 1 38 7 is_stmt 0 view .LVU36
 163 0060 0423     		movs	r3, #4
 164 0062 8DF81730 		strb	r3, [sp, #23]
 165 0066 D6E7     		b	.L5
 166              		.cfi_endproc
 167              	.LFE1:
 169              		.section	.text.vl53l8cx_get_detection_thresholds,"ax",%progbits
 170              		.align	1
 171              		.global	vl53l8cx_get_detection_thresholds
ARM GAS  C:\Temp\cc457VmR.s 			page 5


 172              		.syntax unified
 173              		.thumb
 174              		.thumb_func
 176              	vl53l8cx_get_detection_thresholds:
 177              	.LVL13:
 178              	.LFB2:
  58:Drivers/BSP/Components/vl53l8cx/modules/vl53l8cx_plugin_detection_thresholds.c **** 
  59:Drivers/BSP/Components/vl53l8cx/modules/vl53l8cx_plugin_detection_thresholds.c **** uint8_t vl53l8cx_get_detection_thresholds(
  60:Drivers/BSP/Components/vl53l8cx/modules/vl53l8cx_plugin_detection_thresholds.c **** 		VL53L8CX_Configuration			*p_dev,
  61:Drivers/BSP/Components/vl53l8cx/modules/vl53l8cx_plugin_detection_thresholds.c **** 		VL53L8CX_DetectionThresholds	*p_thresholds)
  62:Drivers/BSP/Components/vl53l8cx/modules/vl53l8cx_plugin_detection_thresholds.c **** {
 179              		.loc 1 62 1 is_stmt 1 view -0
 180              		.cfi_startproc
 181              		@ args = 0, pretend = 0, frame = 0
 182              		@ frame_needed = 0, uses_anonymous_args = 0
 183              		.loc 1 62 1 is_stmt 0 view .LVU38
 184 0000 70B5     		push	{r4, r5, r6, lr}
 185              		.cfi_def_cfa_offset 16
 186              		.cfi_offset 4, -16
 187              		.cfi_offset 5, -12
 188              		.cfi_offset 6, -8
 189              		.cfi_offset 14, -4
 190 0002 0C46     		mov	r4, r1
  63:Drivers/BSP/Components/vl53l8cx/modules/vl53l8cx_plugin_detection_thresholds.c **** 	uint8_t i, status = VL53L8CX_STATUS_OK;
 191              		.loc 1 63 2 is_stmt 1 view .LVU39
 192              	.LVL14:
  64:Drivers/BSP/Components/vl53l8cx/modules/vl53l8cx_plugin_detection_thresholds.c **** 
  65:Drivers/BSP/Components/vl53l8cx/modules/vl53l8cx_plugin_detection_thresholds.c **** 	/* Get thresholds configuration */
  66:Drivers/BSP/Components/vl53l8cx/modules/vl53l8cx_plugin_detection_thresholds.c **** 	status |= vl53l8cx_dci_read_data(p_dev, (uint8_t*)p_thresholds,
 193              		.loc 1 66 2 view .LVU40
 194              		.loc 1 66 12 is_stmt 0 view .LVU41
 195 0004 4FF44073 		mov	r3, #768
 196 0008 4BF2E862 		movw	r2, #46824
 197 000c FFF7FEFF 		bl	vl53l8cx_dci_read_data
 198              	.LVL15:
  67:Drivers/BSP/Components/vl53l8cx/modules/vl53l8cx_plugin_detection_thresholds.c **** 			VL53L8CX_DCI_DET_THRESH_START,
  68:Drivers/BSP/Components/vl53l8cx/modules/vl53l8cx_plugin_detection_thresholds.c ****                         (uint16_t)VL53L8CX_NB_THRESHOLDS
  69:Drivers/BSP/Components/vl53l8cx/modules/vl53l8cx_plugin_detection_thresholds.c **** 			*(uint16_t)sizeof(VL53L8CX_DetectionThresholds));
  70:Drivers/BSP/Components/vl53l8cx/modules/vl53l8cx_plugin_detection_thresholds.c **** 
  71:Drivers/BSP/Components/vl53l8cx/modules/vl53l8cx_plugin_detection_thresholds.c **** 	for(i = 0; i < (uint8_t)VL53L8CX_NB_THRESHOLDS; i++)
 199              		.loc 1 71 2 is_stmt 1 view .LVU42
 200              		.loc 1 71 8 is_stmt 0 view .LVU43
 201 0010 0023     		movs	r3, #0
 202              		.loc 1 71 2 view .LVU44
 203 0012 0DE0     		b	.L9
 204              	.LVL16:
 205              	.L17:
  72:Drivers/BSP/Components/vl53l8cx/modules/vl53l8cx_plugin_detection_thresholds.c **** 	{
  73:Drivers/BSP/Components/vl53l8cx/modules/vl53l8cx_plugin_detection_thresholds.c **** 		switch(p_thresholds[i].measurement)
  74:Drivers/BSP/Components/vl53l8cx/modules/vl53l8cx_plugin_detection_thresholds.c **** 		{
  75:Drivers/BSP/Components/vl53l8cx/modules/vl53l8cx_plugin_detection_thresholds.c **** 			case VL53L8CX_DISTANCE_MM:
  76:Drivers/BSP/Components/vl53l8cx/modules/vl53l8cx_plugin_detection_thresholds.c **** 				p_thresholds[i].param_low_thresh  /= 4;
 206              		.loc 1 76 5 is_stmt 1 view .LVU45
 207              		.loc 1 76 20 is_stmt 0 view .LVU46
 208 0014 54F80E10 		ldr	r1, [r4, lr]
 209              		.loc 1 76 39 view .LVU47
 210 0018 0029     		cmp	r1, #0
ARM GAS  C:\Temp\cc457VmR.s 			page 6


 211 001a 43DB     		blt	.L31
 212              	.L18:
 213 001c 8910     		asrs	r1, r1, #2
 214 001e 44F80E10 		str	r1, [r4, lr]
  77:Drivers/BSP/Components/vl53l8cx/modules/vl53l8cx_plugin_detection_thresholds.c **** 				p_thresholds[i].param_high_thresh /= 4;
 215              		.loc 1 77 5 is_stmt 1 view .LVU48
 216              		.loc 1 77 20 is_stmt 0 view .LVU49
 217 0022 5168     		ldr	r1, [r2, #4]
 218              		.loc 1 77 39 view .LVU50
 219 0024 0029     		cmp	r1, #0
 220 0026 3FDB     		blt	.L32
 221              	.L19:
 222 0028 8910     		asrs	r1, r1, #2
 223 002a 5160     		str	r1, [r2, #4]
  78:Drivers/BSP/Components/vl53l8cx/modules/vl53l8cx_plugin_detection_thresholds.c **** 				break;
 224              		.loc 1 78 5 is_stmt 1 view .LVU51
 225              	.L10:
  71:Drivers/BSP/Components/vl53l8cx/modules/vl53l8cx_plugin_detection_thresholds.c **** 	{
 226              		.loc 1 71 51 discriminator 2 view .LVU52
 227 002c 0133     		adds	r3, r3, #1
 228              	.LVL17:
  71:Drivers/BSP/Components/vl53l8cx/modules/vl53l8cx_plugin_detection_thresholds.c **** 	{
 229              		.loc 1 71 51 is_stmt 0 discriminator 2 view .LVU53
 230 002e DBB2     		uxtb	r3, r3
 231              	.LVL18:
 232              	.L9:
  71:Drivers/BSP/Components/vl53l8cx/modules/vl53l8cx_plugin_detection_thresholds.c **** 	{
 233              		.loc 1 71 15 is_stmt 1 discriminator 1 view .LVU54
 234 0030 3F2B     		cmp	r3, #63
 235 0032 00F29780 		bhi	.L33
  73:Drivers/BSP/Components/vl53l8cx/modules/vl53l8cx_plugin_detection_thresholds.c **** 		{
 236              		.loc 1 73 3 view .LVU55
  73:Drivers/BSP/Components/vl53l8cx/modules/vl53l8cx_plugin_detection_thresholds.c **** 		{
 237              		.loc 1 73 22 is_stmt 0 view .LVU56
 238 0036 03EB4302 		add	r2, r3, r3, lsl #1
 239 003a 4FEA820E 		lsl	lr, r2, #2
 240 003e 04EB8202 		add	r2, r4, r2, lsl #2
  73:Drivers/BSP/Components/vl53l8cx/modules/vl53l8cx_plugin_detection_thresholds.c **** 		{
 241              		.loc 1 73 25 view .LVU57
 242 0042 92F808C0 		ldrb	ip, [r2, #8]	@ zero_extendqisi2
  73:Drivers/BSP/Components/vl53l8cx/modules/vl53l8cx_plugin_detection_thresholds.c **** 		{
 243              		.loc 1 73 3 view .LVU58
 244 0046 0CF1FF3C 		add	ip, ip, #-1
 245 004a BCF1120F 		cmp	ip, #18
 246 004e EDD8     		bhi	.L10
 247 0050 01A1     		adr	r1, .L12
 248 0052 51F82CF0 		ldr	pc, [r1, ip, lsl #2]
 249 0056 00BF     		.p2align 2
 250              	.L12:
 251 0058 15000000 		.word	.L17+1
 252 005c AD000000 		.word	.L16+1
 253 0060 2D000000 		.word	.L10+1
 254 0064 D3000000 		.word	.L15+1
 255 0068 2D000000 		.word	.L10+1
 256 006c 2D000000 		.word	.L10+1
 257 0070 2D000000 		.word	.L10+1
 258 0074 F5000000 		.word	.L14+1
ARM GAS  C:\Temp\cc457VmR.s 			page 7


 259 0078 2D000000 		.word	.L10+1
 260 007c 2D000000 		.word	.L10+1
 261 0080 2D000000 		.word	.L10+1
 262 0084 2D000000 		.word	.L10+1
 263 0088 1B010000 		.word	.L13+1
 264 008c 2D000000 		.word	.L10+1
 265 0090 2D000000 		.word	.L10+1
 266 0094 2D000000 		.word	.L10+1
 267 0098 2D000000 		.word	.L10+1
 268 009c 2D000000 		.word	.L10+1
 269 00a0 3D010000 		.word	.L11+1
 270              		.p2align 1
 271              	.L31:
  76:Drivers/BSP/Components/vl53l8cx/modules/vl53l8cx_plugin_detection_thresholds.c **** 				p_thresholds[i].param_high_thresh /= 4;
 272              		.loc 1 76 39 view .LVU59
 273 00a4 0331     		adds	r1, r1, #3
 274 00a6 B9E7     		b	.L18
 275              	.L32:
  77:Drivers/BSP/Components/vl53l8cx/modules/vl53l8cx_plugin_detection_thresholds.c **** 				break;
 276              		.loc 1 77 39 view .LVU60
 277 00a8 0331     		adds	r1, r1, #3
 278 00aa BDE7     		b	.L19
 279              	.L16:
  79:Drivers/BSP/Components/vl53l8cx/modules/vl53l8cx_plugin_detection_thresholds.c **** 			case VL53L8CX_SIGNAL_PER_SPAD_KCPS:
  80:Drivers/BSP/Components/vl53l8cx/modules/vl53l8cx_plugin_detection_thresholds.c **** 				p_thresholds[i].param_low_thresh  /= 2048;
 280              		.loc 1 80 5 is_stmt 1 view .LVU61
 281              		.loc 1 80 20 is_stmt 0 view .LVU62
 282 00ac 54F80E10 		ldr	r1, [r4, lr]
 283              		.loc 1 80 39 view .LVU63
 284 00b0 0029     		cmp	r1, #0
 285 00b2 08DB     		blt	.L34
 286              	.L20:
 287 00b4 C912     		asrs	r1, r1, #11
 288 00b6 44F80E10 		str	r1, [r4, lr]
  81:Drivers/BSP/Components/vl53l8cx/modules/vl53l8cx_plugin_detection_thresholds.c **** 				p_thresholds[i].param_high_thresh /= 2048;
 289              		.loc 1 81 5 is_stmt 1 view .LVU64
 290              		.loc 1 81 20 is_stmt 0 view .LVU65
 291 00ba 5168     		ldr	r1, [r2, #4]
 292              		.loc 1 81 39 view .LVU66
 293 00bc 0029     		cmp	r1, #0
 294 00be 05DB     		blt	.L35
 295              	.L21:
 296 00c0 C912     		asrs	r1, r1, #11
 297 00c2 5160     		str	r1, [r2, #4]
  82:Drivers/BSP/Components/vl53l8cx/modules/vl53l8cx_plugin_detection_thresholds.c **** 				break;
 298              		.loc 1 82 5 is_stmt 1 view .LVU67
 299 00c4 B2E7     		b	.L10
 300              	.L34:
  80:Drivers/BSP/Components/vl53l8cx/modules/vl53l8cx_plugin_detection_thresholds.c **** 				p_thresholds[i].param_high_thresh /= 2048;
 301              		.loc 1 80 39 is_stmt 0 view .LVU68
 302 00c6 01F2FF71 		addw	r1, r1, #2047
 303 00ca F3E7     		b	.L20
 304              	.L35:
  81:Drivers/BSP/Components/vl53l8cx/modules/vl53l8cx_plugin_detection_thresholds.c **** 				p_thresholds[i].param_high_thresh /= 2048;
 305              		.loc 1 81 39 view .LVU69
 306 00cc 01F2FF71 		addw	r1, r1, #2047
 307 00d0 F6E7     		b	.L21
ARM GAS  C:\Temp\cc457VmR.s 			page 8


 308              	.L15:
  83:Drivers/BSP/Components/vl53l8cx/modules/vl53l8cx_plugin_detection_thresholds.c **** 			case VL53L8CX_RANGE_SIGMA_MM:
  84:Drivers/BSP/Components/vl53l8cx/modules/vl53l8cx_plugin_detection_thresholds.c **** 				p_thresholds[i].param_low_thresh  /= 128;
 309              		.loc 1 84 5 is_stmt 1 view .LVU70
 310              		.loc 1 84 20 is_stmt 0 view .LVU71
 311 00d2 54F80E10 		ldr	r1, [r4, lr]
 312              		.loc 1 84 39 view .LVU72
 313 00d6 0029     		cmp	r1, #0
 314 00d8 08DB     		blt	.L36
 315              	.L22:
 316 00da C911     		asrs	r1, r1, #7
 317 00dc 44F80E10 		str	r1, [r4, lr]
  85:Drivers/BSP/Components/vl53l8cx/modules/vl53l8cx_plugin_detection_thresholds.c **** 				p_thresholds[i].param_high_thresh /= 128;
 318              		.loc 1 85 5 is_stmt 1 view .LVU73
 319              		.loc 1 85 20 is_stmt 0 view .LVU74
 320 00e0 5168     		ldr	r1, [r2, #4]
 321              		.loc 1 85 39 view .LVU75
 322 00e2 0029     		cmp	r1, #0
 323 00e4 04DB     		blt	.L37
 324              	.L23:
 325 00e6 C911     		asrs	r1, r1, #7
 326 00e8 5160     		str	r1, [r2, #4]
  86:Drivers/BSP/Components/vl53l8cx/modules/vl53l8cx_plugin_detection_thresholds.c **** 				break;
 327              		.loc 1 86 5 is_stmt 1 view .LVU76
 328 00ea 9FE7     		b	.L10
 329              	.L36:
  84:Drivers/BSP/Components/vl53l8cx/modules/vl53l8cx_plugin_detection_thresholds.c **** 				p_thresholds[i].param_high_thresh /= 128;
 330              		.loc 1 84 39 is_stmt 0 view .LVU77
 331 00ec 7F31     		adds	r1, r1, #127
 332 00ee F4E7     		b	.L22
 333              	.L37:
  85:Drivers/BSP/Components/vl53l8cx/modules/vl53l8cx_plugin_detection_thresholds.c **** 				p_thresholds[i].param_high_thresh /= 128;
 334              		.loc 1 85 39 view .LVU78
 335 00f0 7F31     		adds	r1, r1, #127
 336 00f2 F8E7     		b	.L23
 337              	.L14:
  87:Drivers/BSP/Components/vl53l8cx/modules/vl53l8cx_plugin_detection_thresholds.c **** 			case VL53L8CX_AMBIENT_PER_SPAD_KCPS:
  88:Drivers/BSP/Components/vl53l8cx/modules/vl53l8cx_plugin_detection_thresholds.c **** 				p_thresholds[i].param_low_thresh  /= 2048;
 338              		.loc 1 88 5 is_stmt 1 view .LVU79
 339              		.loc 1 88 20 is_stmt 0 view .LVU80
 340 00f4 54F80E10 		ldr	r1, [r4, lr]
 341              		.loc 1 88 39 view .LVU81
 342 00f8 0029     		cmp	r1, #0
 343 00fa 08DB     		blt	.L38
 344              	.L24:
 345 00fc C912     		asrs	r1, r1, #11
 346 00fe 44F80E10 		str	r1, [r4, lr]
  89:Drivers/BSP/Components/vl53l8cx/modules/vl53l8cx_plugin_detection_thresholds.c **** 				p_thresholds[i].param_high_thresh /= 2048;
 347              		.loc 1 89 5 is_stmt 1 view .LVU82
 348              		.loc 1 89 20 is_stmt 0 view .LVU83
 349 0102 5168     		ldr	r1, [r2, #4]
 350              		.loc 1 89 39 view .LVU84
 351 0104 0029     		cmp	r1, #0
 352 0106 05DB     		blt	.L39
 353              	.L25:
 354 0108 C912     		asrs	r1, r1, #11
 355 010a 5160     		str	r1, [r2, #4]
ARM GAS  C:\Temp\cc457VmR.s 			page 9


  90:Drivers/BSP/Components/vl53l8cx/modules/vl53l8cx_plugin_detection_thresholds.c **** 				break;
 356              		.loc 1 90 5 is_stmt 1 view .LVU85
 357 010c 8EE7     		b	.L10
 358              	.L38:
  88:Drivers/BSP/Components/vl53l8cx/modules/vl53l8cx_plugin_detection_thresholds.c **** 				p_thresholds[i].param_high_thresh /= 2048;
 359              		.loc 1 88 39 is_stmt 0 view .LVU86
 360 010e 01F2FF71 		addw	r1, r1, #2047
 361 0112 F3E7     		b	.L24
 362              	.L39:
  89:Drivers/BSP/Components/vl53l8cx/modules/vl53l8cx_plugin_detection_thresholds.c **** 				p_thresholds[i].param_high_thresh /= 2048;
 363              		.loc 1 89 39 view .LVU87
 364 0114 01F2FF71 		addw	r1, r1, #2047
 365 0118 F6E7     		b	.L25
 366              	.L13:
  91:Drivers/BSP/Components/vl53l8cx/modules/vl53l8cx_plugin_detection_thresholds.c **** 			case VL53L8CX_NB_SPADS_ENABLED:
  92:Drivers/BSP/Components/vl53l8cx/modules/vl53l8cx_plugin_detection_thresholds.c **** 				p_thresholds[i].param_low_thresh  /= 256;
 367              		.loc 1 92 5 is_stmt 1 view .LVU88
 368              		.loc 1 92 20 is_stmt 0 view .LVU89
 369 011a 54F80E10 		ldr	r1, [r4, lr]
 370              		.loc 1 92 39 view .LVU90
 371 011e 0029     		cmp	r1, #0
 372 0120 08DB     		blt	.L40
 373              	.L26:
 374 0122 0912     		asrs	r1, r1, #8
 375 0124 44F80E10 		str	r1, [r4, lr]
  93:Drivers/BSP/Components/vl53l8cx/modules/vl53l8cx_plugin_detection_thresholds.c **** 				p_thresholds[i].param_high_thresh /= 256;
 376              		.loc 1 93 5 is_stmt 1 view .LVU91
 377              		.loc 1 93 20 is_stmt 0 view .LVU92
 378 0128 5168     		ldr	r1, [r2, #4]
 379              		.loc 1 93 39 view .LVU93
 380 012a 0029     		cmp	r1, #0
 381 012c 04DB     		blt	.L41
 382              	.L27:
 383 012e 0912     		asrs	r1, r1, #8
 384 0130 5160     		str	r1, [r2, #4]
  94:Drivers/BSP/Components/vl53l8cx/modules/vl53l8cx_plugin_detection_thresholds.c **** 				break;
 385              		.loc 1 94 5 is_stmt 1 view .LVU94
 386 0132 7BE7     		b	.L10
 387              	.L40:
  92:Drivers/BSP/Components/vl53l8cx/modules/vl53l8cx_plugin_detection_thresholds.c **** 				p_thresholds[i].param_high_thresh /= 256;
 388              		.loc 1 92 39 is_stmt 0 view .LVU95
 389 0134 FF31     		adds	r1, r1, #255
 390 0136 F4E7     		b	.L26
 391              	.L41:
  93:Drivers/BSP/Components/vl53l8cx/modules/vl53l8cx_plugin_detection_thresholds.c **** 				p_thresholds[i].param_high_thresh /= 256;
 392              		.loc 1 93 39 view .LVU96
 393 0138 FF31     		adds	r1, r1, #255
 394 013a F8E7     		b	.L27
 395              	.L11:
  95:Drivers/BSP/Components/vl53l8cx/modules/vl53l8cx_plugin_detection_thresholds.c **** 			case VL53L8CX_MOTION_INDICATOR:
  96:Drivers/BSP/Components/vl53l8cx/modules/vl53l8cx_plugin_detection_thresholds.c **** 				p_thresholds[i].param_low_thresh  /= 65535;
 396              		.loc 1 96 5 is_stmt 1 view .LVU97
 397              		.loc 1 96 20 is_stmt 0 view .LVU98
 398 013c 54F80E10 		ldr	r1, [r4, lr]
 399              		.loc 1 96 39 view .LVU99
 400 0140 094D     		ldr	r5, .L42
 401 0142 85FB016C 		smull	r6, ip, r5, r1
ARM GAS  C:\Temp\cc457VmR.s 			page 10


 402 0146 8C44     		add	ip, ip, r1
 403 0148 C917     		asrs	r1, r1, #31
 404 014a C1EBEC31 		rsb	r1, r1, ip, asr #15
 405 014e 44F80E10 		str	r1, [r4, lr]
  97:Drivers/BSP/Components/vl53l8cx/modules/vl53l8cx_plugin_detection_thresholds.c **** 				p_thresholds[i].param_high_thresh /= 65535;
 406              		.loc 1 97 5 is_stmt 1 view .LVU100
 407              		.loc 1 97 20 is_stmt 0 view .LVU101
 408 0152 5168     		ldr	r1, [r2, #4]
 409              		.loc 1 97 39 view .LVU102
 410 0154 85FB01C5 		smull	ip, r5, r5, r1
 411 0158 0D44     		add	r5, r5, r1
 412 015a C917     		asrs	r1, r1, #31
 413 015c C1EBE531 		rsb	r1, r1, r5, asr #15
 414 0160 5160     		str	r1, [r2, #4]
  98:Drivers/BSP/Components/vl53l8cx/modules/vl53l8cx_plugin_detection_thresholds.c **** 				break;
 415              		.loc 1 98 5 is_stmt 1 view .LVU103
 416 0162 63E7     		b	.L10
 417              	.L33:
  99:Drivers/BSP/Components/vl53l8cx/modules/vl53l8cx_plugin_detection_thresholds.c **** 			default:
 100:Drivers/BSP/Components/vl53l8cx/modules/vl53l8cx_plugin_detection_thresholds.c **** 				break;
 101:Drivers/BSP/Components/vl53l8cx/modules/vl53l8cx_plugin_detection_thresholds.c **** 		}
 102:Drivers/BSP/Components/vl53l8cx/modules/vl53l8cx_plugin_detection_thresholds.c **** 	}
 103:Drivers/BSP/Components/vl53l8cx/modules/vl53l8cx_plugin_detection_thresholds.c **** 
 104:Drivers/BSP/Components/vl53l8cx/modules/vl53l8cx_plugin_detection_thresholds.c **** 	return status;
 418              		.loc 1 104 2 view .LVU104
 105:Drivers/BSP/Components/vl53l8cx/modules/vl53l8cx_plugin_detection_thresholds.c **** }
 419              		.loc 1 105 1 is_stmt 0 view .LVU105
 420 0164 70BD     		pop	{r4, r5, r6, pc}
 421              	.LVL19:
 422              	.L43:
 423              		.loc 1 105 1 view .LVU106
 424 0166 00BF     		.align	2
 425              	.L42:
 426 0168 01800080 		.word	-2147450879
 427              		.cfi_endproc
 428              	.LFE2:
 430              		.section	.rodata.vl53l8cx_set_detection_thresholds.str1.4,"aMS",%progbits,1
 431              		.align	2
 432              	.LC0:
 433 0000 05050505 		.ascii	"\005\005\005\005\005\005\005\005\000"
 433      05050505 
 433      00
 434              		.section	.text.vl53l8cx_set_detection_thresholds,"ax",%progbits
 435              		.align	1
 436              		.global	vl53l8cx_set_detection_thresholds
 437              		.syntax unified
 438              		.thumb
 439              		.thumb_func
 441              	vl53l8cx_set_detection_thresholds:
 442              	.LVL20:
 443              	.LFB3:
 106:Drivers/BSP/Components/vl53l8cx/modules/vl53l8cx_plugin_detection_thresholds.c **** 
 107:Drivers/BSP/Components/vl53l8cx/modules/vl53l8cx_plugin_detection_thresholds.c **** uint8_t vl53l8cx_set_detection_thresholds(
 108:Drivers/BSP/Components/vl53l8cx/modules/vl53l8cx_plugin_detection_thresholds.c **** 		VL53L8CX_Configuration			*p_dev,
 109:Drivers/BSP/Components/vl53l8cx/modules/vl53l8cx_plugin_detection_thresholds.c **** 		VL53L8CX_DetectionThresholds	*p_thresholds)
 110:Drivers/BSP/Components/vl53l8cx/modules/vl53l8cx_plugin_detection_thresholds.c **** {
 444              		.loc 1 110 1 is_stmt 1 view -0
ARM GAS  C:\Temp\cc457VmR.s 			page 11


 445              		.cfi_startproc
 446              		@ args = 0, pretend = 0, frame = 8
 447              		@ frame_needed = 0, uses_anonymous_args = 0
 448              		.loc 1 110 1 is_stmt 0 view .LVU108
 449 0000 70B5     		push	{r4, r5, r6, lr}
 450              		.cfi_def_cfa_offset 16
 451              		.cfi_offset 4, -16
 452              		.cfi_offset 5, -12
 453              		.cfi_offset 6, -8
 454              		.cfi_offset 14, -4
 455 0002 82B0     		sub	sp, sp, #8
 456              		.cfi_def_cfa_offset 24
 457 0004 0546     		mov	r5, r0
 458 0006 0C46     		mov	r4, r1
 111:Drivers/BSP/Components/vl53l8cx/modules/vl53l8cx_plugin_detection_thresholds.c **** 	uint8_t i, status = VL53L8CX_STATUS_OK;
 459              		.loc 1 111 2 is_stmt 1 view .LVU109
 460              	.LVL21:
 112:Drivers/BSP/Components/vl53l8cx/modules/vl53l8cx_plugin_detection_thresholds.c **** 	uint8_t grp_valid_target_cfg[] = {0x05, 0x05, 0x05, 0x05,
 461              		.loc 1 112 2 view .LVU110
 462              		.loc 1 112 10 is_stmt 0 view .LVU111
 463 0008 4A4B     		ldr	r3, .L58
 464 000a 93E80300 		ldm	r3, {r0, r1}
 465              	.LVL22:
 466              		.loc 1 112 10 view .LVU112
 467 000e 02AB     		add	r3, sp, #8
 468 0010 03E90300 		stmdb	r3, {r0, r1}
 113:Drivers/BSP/Components/vl53l8cx/modules/vl53l8cx_plugin_detection_thresholds.c **** 					0x05, 0x05, 0x05, 0x05};
 114:Drivers/BSP/Components/vl53l8cx/modules/vl53l8cx_plugin_detection_thresholds.c **** 
 115:Drivers/BSP/Components/vl53l8cx/modules/vl53l8cx_plugin_detection_thresholds.c **** 	for(i = 0; i < (uint8_t) VL53L8CX_NB_THRESHOLDS; i++)
 469              		.loc 1 115 2 is_stmt 1 view .LVU113
 470              	.LVL23:
 471              		.loc 1 115 8 is_stmt 0 view .LVU114
 472 0014 0023     		movs	r3, #0
 473              		.loc 1 115 2 view .LVU115
 474 0016 0CE0     		b	.L45
 475              	.LVL24:
 476              	.L53:
 116:Drivers/BSP/Components/vl53l8cx/modules/vl53l8cx_plugin_detection_thresholds.c **** 	{
 117:Drivers/BSP/Components/vl53l8cx/modules/vl53l8cx_plugin_detection_thresholds.c **** 		switch(p_thresholds->measurement)
 118:Drivers/BSP/Components/vl53l8cx/modules/vl53l8cx_plugin_detection_thresholds.c **** 		{
 119:Drivers/BSP/Components/vl53l8cx/modules/vl53l8cx_plugin_detection_thresholds.c **** 			case VL53L8CX_DISTANCE_MM:
 120:Drivers/BSP/Components/vl53l8cx/modules/vl53l8cx_plugin_detection_thresholds.c **** 				p_thresholds[i].param_low_thresh  *= 4;
 477              		.loc 1 120 5 is_stmt 1 view .LVU116
 478              		.loc 1 120 17 is_stmt 0 view .LVU117
 479 0018 03EB4302 		add	r2, r3, r3, lsl #1
 480 001c 9000     		lsls	r0, r2, #2
 481 001e 04EB8202 		add	r2, r4, r2, lsl #2
 482              		.loc 1 120 20 view .LVU118
 483 0022 2158     		ldr	r1, [r4, r0]
 484              		.loc 1 120 39 view .LVU119
 485 0024 8900     		lsls	r1, r1, #2
 486 0026 2150     		str	r1, [r4, r0]
 121:Drivers/BSP/Components/vl53l8cx/modules/vl53l8cx_plugin_detection_thresholds.c **** 				p_thresholds[i].param_high_thresh *= 4;
 487              		.loc 1 121 5 is_stmt 1 view .LVU120
 488              		.loc 1 121 20 is_stmt 0 view .LVU121
 489 0028 5168     		ldr	r1, [r2, #4]
 490              		.loc 1 121 39 view .LVU122
ARM GAS  C:\Temp\cc457VmR.s 			page 12


 491 002a 8900     		lsls	r1, r1, #2
 492 002c 5160     		str	r1, [r2, #4]
 122:Drivers/BSP/Components/vl53l8cx/modules/vl53l8cx_plugin_detection_thresholds.c **** 				break;
 493              		.loc 1 122 5 is_stmt 1 view .LVU123
 494              	.L46:
 115:Drivers/BSP/Components/vl53l8cx/modules/vl53l8cx_plugin_detection_thresholds.c **** 	{
 495              		.loc 1 115 52 discriminator 2 view .LVU124
 496 002e 0133     		adds	r3, r3, #1
 497              	.LVL25:
 115:Drivers/BSP/Components/vl53l8cx/modules/vl53l8cx_plugin_detection_thresholds.c **** 	{
 498              		.loc 1 115 52 is_stmt 0 discriminator 2 view .LVU125
 499 0030 DBB2     		uxtb	r3, r3
 500              	.LVL26:
 501              	.L45:
 115:Drivers/BSP/Components/vl53l8cx/modules/vl53l8cx_plugin_detection_thresholds.c **** 	{
 502              		.loc 1 115 15 is_stmt 1 discriminator 1 view .LVU126
 503 0032 3F2B     		cmp	r3, #63
 504 0034 6AD8     		bhi	.L57
 117:Drivers/BSP/Components/vl53l8cx/modules/vl53l8cx_plugin_detection_thresholds.c **** 		{
 505              		.loc 1 117 3 view .LVU127
 117:Drivers/BSP/Components/vl53l8cx/modules/vl53l8cx_plugin_detection_thresholds.c **** 		{
 506              		.loc 1 117 22 is_stmt 0 view .LVU128
 507 0036 227A     		ldrb	r2, [r4, #8]	@ zero_extendqisi2
 117:Drivers/BSP/Components/vl53l8cx/modules/vl53l8cx_plugin_detection_thresholds.c **** 		{
 508              		.loc 1 117 3 view .LVU129
 509 0038 013A     		subs	r2, r2, #1
 510 003a 122A     		cmp	r2, #18
 511 003c F7D8     		bhi	.L46
 512 003e 01A1     		adr	r1, .L48
 513 0040 51F822F0 		ldr	pc, [r1, r2, lsl #2]
 514              		.p2align 2
 515              	.L48:
 516 0044 19000000 		.word	.L53+1
 517 0048 91000000 		.word	.L52+1
 518 004c 2F000000 		.word	.L46+1
 519 0050 A9000000 		.word	.L51+1
 520 0054 2F000000 		.word	.L46+1
 521 0058 2F000000 		.word	.L46+1
 522 005c 2F000000 		.word	.L46+1
 523 0060 C1000000 		.word	.L50+1
 524 0064 2F000000 		.word	.L46+1
 525 0068 2F000000 		.word	.L46+1
 526 006c 2F000000 		.word	.L46+1
 527 0070 2F000000 		.word	.L46+1
 528 0074 D9000000 		.word	.L49+1
 529 0078 2F000000 		.word	.L46+1
 530 007c 2F000000 		.word	.L46+1
 531 0080 2F000000 		.word	.L46+1
 532 0084 2F000000 		.word	.L46+1
 533 0088 2F000000 		.word	.L46+1
 534 008c F1000000 		.word	.L47+1
 535              		.p2align 1
 536              	.L52:
 123:Drivers/BSP/Components/vl53l8cx/modules/vl53l8cx_plugin_detection_thresholds.c **** 			case VL53L8CX_SIGNAL_PER_SPAD_KCPS:
 124:Drivers/BSP/Components/vl53l8cx/modules/vl53l8cx_plugin_detection_thresholds.c **** 				p_thresholds[i].param_low_thresh  *= 2048;
 537              		.loc 1 124 5 is_stmt 1 view .LVU130
 538              		.loc 1 124 17 is_stmt 0 view .LVU131
ARM GAS  C:\Temp\cc457VmR.s 			page 13


 539 0090 03EB4302 		add	r2, r3, r3, lsl #1
 540 0094 9000     		lsls	r0, r2, #2
 541 0096 04EB8202 		add	r2, r4, r2, lsl #2
 542              		.loc 1 124 20 view .LVU132
 543 009a 2158     		ldr	r1, [r4, r0]
 544              		.loc 1 124 39 view .LVU133
 545 009c C902     		lsls	r1, r1, #11
 546 009e 2150     		str	r1, [r4, r0]
 125:Drivers/BSP/Components/vl53l8cx/modules/vl53l8cx_plugin_detection_thresholds.c **** 				p_thresholds[i].param_high_thresh *= 2048;
 547              		.loc 1 125 5 is_stmt 1 view .LVU134
 548              		.loc 1 125 20 is_stmt 0 view .LVU135
 549 00a0 5168     		ldr	r1, [r2, #4]
 550              		.loc 1 125 39 view .LVU136
 551 00a2 C902     		lsls	r1, r1, #11
 552 00a4 5160     		str	r1, [r2, #4]
 126:Drivers/BSP/Components/vl53l8cx/modules/vl53l8cx_plugin_detection_thresholds.c **** 				break;
 553              		.loc 1 126 5 is_stmt 1 view .LVU137
 554 00a6 C2E7     		b	.L46
 555              	.L51:
 127:Drivers/BSP/Components/vl53l8cx/modules/vl53l8cx_plugin_detection_thresholds.c **** 			case VL53L8CX_RANGE_SIGMA_MM:
 128:Drivers/BSP/Components/vl53l8cx/modules/vl53l8cx_plugin_detection_thresholds.c **** 				p_thresholds[i].param_low_thresh  *= 128;
 556              		.loc 1 128 5 view .LVU138
 557              		.loc 1 128 17 is_stmt 0 view .LVU139
 558 00a8 03EB4302 		add	r2, r3, r3, lsl #1
 559 00ac 9000     		lsls	r0, r2, #2
 560 00ae 04EB8202 		add	r2, r4, r2, lsl #2
 561              		.loc 1 128 20 view .LVU140
 562 00b2 2158     		ldr	r1, [r4, r0]
 563              		.loc 1 128 39 view .LVU141
 564 00b4 C901     		lsls	r1, r1, #7
 565 00b6 2150     		str	r1, [r4, r0]
 129:Drivers/BSP/Components/vl53l8cx/modules/vl53l8cx_plugin_detection_thresholds.c **** 				p_thresholds[i].param_high_thresh *= 128;
 566              		.loc 1 129 5 is_stmt 1 view .LVU142
 567              		.loc 1 129 20 is_stmt 0 view .LVU143
 568 00b8 5168     		ldr	r1, [r2, #4]
 569              		.loc 1 129 39 view .LVU144
 570 00ba C901     		lsls	r1, r1, #7
 571 00bc 5160     		str	r1, [r2, #4]
 130:Drivers/BSP/Components/vl53l8cx/modules/vl53l8cx_plugin_detection_thresholds.c **** 				break;
 572              		.loc 1 130 5 is_stmt 1 view .LVU145
 573 00be B6E7     		b	.L46
 574              	.L50:
 131:Drivers/BSP/Components/vl53l8cx/modules/vl53l8cx_plugin_detection_thresholds.c **** 			case VL53L8CX_AMBIENT_PER_SPAD_KCPS:
 132:Drivers/BSP/Components/vl53l8cx/modules/vl53l8cx_plugin_detection_thresholds.c **** 				p_thresholds[i].param_low_thresh  *= 2048;
 575              		.loc 1 132 5 view .LVU146
 576              		.loc 1 132 17 is_stmt 0 view .LVU147
 577 00c0 03EB4302 		add	r2, r3, r3, lsl #1
 578 00c4 9000     		lsls	r0, r2, #2
 579 00c6 04EB8202 		add	r2, r4, r2, lsl #2
 580              		.loc 1 132 20 view .LVU148
 581 00ca 2158     		ldr	r1, [r4, r0]
 582              		.loc 1 132 39 view .LVU149
 583 00cc C902     		lsls	r1, r1, #11
 584 00ce 2150     		str	r1, [r4, r0]
 133:Drivers/BSP/Components/vl53l8cx/modules/vl53l8cx_plugin_detection_thresholds.c **** 				p_thresholds[i].param_high_thresh *= 2048;
 585              		.loc 1 133 5 is_stmt 1 view .LVU150
 586              		.loc 1 133 20 is_stmt 0 view .LVU151
ARM GAS  C:\Temp\cc457VmR.s 			page 14


 587 00d0 5168     		ldr	r1, [r2, #4]
 588              		.loc 1 133 39 view .LVU152
 589 00d2 C902     		lsls	r1, r1, #11
 590 00d4 5160     		str	r1, [r2, #4]
 134:Drivers/BSP/Components/vl53l8cx/modules/vl53l8cx_plugin_detection_thresholds.c **** 				break;
 591              		.loc 1 134 5 is_stmt 1 view .LVU153
 592 00d6 AAE7     		b	.L46
 593              	.L49:
 135:Drivers/BSP/Components/vl53l8cx/modules/vl53l8cx_plugin_detection_thresholds.c **** 			case VL53L8CX_NB_SPADS_ENABLED:
 136:Drivers/BSP/Components/vl53l8cx/modules/vl53l8cx_plugin_detection_thresholds.c **** 				p_thresholds[i].param_low_thresh  *= 256;
 594              		.loc 1 136 5 view .LVU154
 595              		.loc 1 136 17 is_stmt 0 view .LVU155
 596 00d8 03EB4302 		add	r2, r3, r3, lsl #1
 597 00dc 9000     		lsls	r0, r2, #2
 598 00de 04EB8202 		add	r2, r4, r2, lsl #2
 599              		.loc 1 136 20 view .LVU156
 600 00e2 2158     		ldr	r1, [r4, r0]
 601              		.loc 1 136 39 view .LVU157
 602 00e4 0902     		lsls	r1, r1, #8
 603 00e6 2150     		str	r1, [r4, r0]
 137:Drivers/BSP/Components/vl53l8cx/modules/vl53l8cx_plugin_detection_thresholds.c **** 				p_thresholds[i].param_high_thresh *= 256;
 604              		.loc 1 137 5 is_stmt 1 view .LVU158
 605              		.loc 1 137 20 is_stmt 0 view .LVU159
 606 00e8 5168     		ldr	r1, [r2, #4]
 607              		.loc 1 137 39 view .LVU160
 608 00ea 0902     		lsls	r1, r1, #8
 609 00ec 5160     		str	r1, [r2, #4]
 138:Drivers/BSP/Components/vl53l8cx/modules/vl53l8cx_plugin_detection_thresholds.c **** 				break;
 610              		.loc 1 138 5 is_stmt 1 view .LVU161
 611 00ee 9EE7     		b	.L46
 612              	.L47:
 139:Drivers/BSP/Components/vl53l8cx/modules/vl53l8cx_plugin_detection_thresholds.c **** 			case VL53L8CX_MOTION_INDICATOR:
 140:Drivers/BSP/Components/vl53l8cx/modules/vl53l8cx_plugin_detection_thresholds.c **** 				p_thresholds[i].param_low_thresh  *= 65535;
 613              		.loc 1 140 5 view .LVU162
 614              		.loc 1 140 17 is_stmt 0 view .LVU163
 615 00f0 03EB4302 		add	r2, r3, r3, lsl #1
 616 00f4 9000     		lsls	r0, r2, #2
 617 00f6 04EB8202 		add	r2, r4, r2, lsl #2
 618              		.loc 1 140 20 view .LVU164
 619 00fa 2158     		ldr	r1, [r4, r0]
 620              		.loc 1 140 39 view .LVU165
 621 00fc C1EB0141 		rsb	r1, r1, r1, lsl #16
 622 0100 2150     		str	r1, [r4, r0]
 141:Drivers/BSP/Components/vl53l8cx/modules/vl53l8cx_plugin_detection_thresholds.c **** 				p_thresholds[i].param_high_thresh *= 65535;
 623              		.loc 1 141 5 is_stmt 1 view .LVU166
 624              		.loc 1 141 20 is_stmt 0 view .LVU167
 625 0102 5168     		ldr	r1, [r2, #4]
 626              		.loc 1 141 39 view .LVU168
 627 0104 C1EB0141 		rsb	r1, r1, r1, lsl #16
 628 0108 5160     		str	r1, [r2, #4]
 142:Drivers/BSP/Components/vl53l8cx/modules/vl53l8cx_plugin_detection_thresholds.c **** 				break;
 629              		.loc 1 142 5 is_stmt 1 view .LVU169
 630 010a 90E7     		b	.L46
 631              	.L57:
 143:Drivers/BSP/Components/vl53l8cx/modules/vl53l8cx_plugin_detection_thresholds.c **** 			default:
 144:Drivers/BSP/Components/vl53l8cx/modules/vl53l8cx_plugin_detection_thresholds.c **** 				break;
 145:Drivers/BSP/Components/vl53l8cx/modules/vl53l8cx_plugin_detection_thresholds.c **** 		}
ARM GAS  C:\Temp\cc457VmR.s 			page 15


 146:Drivers/BSP/Components/vl53l8cx/modules/vl53l8cx_plugin_detection_thresholds.c **** 	}
 147:Drivers/BSP/Components/vl53l8cx/modules/vl53l8cx_plugin_detection_thresholds.c **** 
 148:Drivers/BSP/Components/vl53l8cx/modules/vl53l8cx_plugin_detection_thresholds.c **** 	/* Set valid target list */
 149:Drivers/BSP/Components/vl53l8cx/modules/vl53l8cx_plugin_detection_thresholds.c **** 	status |= vl53l8cx_dci_write_data(p_dev, (uint8_t*)grp_valid_target_cfg,
 632              		.loc 1 149 2 view .LVU170
 633              		.loc 1 149 12 is_stmt 0 view .LVU171
 634 010c 0823     		movs	r3, #8
 635              	.LVL27:
 636              		.loc 1 149 12 view .LVU172
 637 010e 4BF6F012 		movw	r2, #47600
 638 0112 6946     		mov	r1, sp
 639 0114 2846     		mov	r0, r5
 640 0116 FFF7FEFF 		bl	vl53l8cx_dci_write_data
 641              	.LVL28:
 642 011a 0646     		mov	r6, r0
 643              	.LVL29:
 150:Drivers/BSP/Components/vl53l8cx/modules/vl53l8cx_plugin_detection_thresholds.c **** 			VL53L8CX_DCI_DET_THRESH_VALID_STATUS,
 151:Drivers/BSP/Components/vl53l8cx/modules/vl53l8cx_plugin_detection_thresholds.c **** 			(uint16_t)sizeof(grp_valid_target_cfg));
 152:Drivers/BSP/Components/vl53l8cx/modules/vl53l8cx_plugin_detection_thresholds.c **** 
 153:Drivers/BSP/Components/vl53l8cx/modules/vl53l8cx_plugin_detection_thresholds.c **** 	/* Set thresholds configuration */
 154:Drivers/BSP/Components/vl53l8cx/modules/vl53l8cx_plugin_detection_thresholds.c **** 	status |= vl53l8cx_dci_write_data(p_dev, (uint8_t*)p_thresholds,
 644              		.loc 1 154 2 is_stmt 1 view .LVU173
 645              		.loc 1 154 12 is_stmt 0 view .LVU174
 646 011c 4FF44073 		mov	r3, #768
 647 0120 4BF2E862 		movw	r2, #46824
 648 0124 2146     		mov	r1, r4
 649 0126 2846     		mov	r0, r5
 650 0128 FFF7FEFF 		bl	vl53l8cx_dci_write_data
 651              	.LVL30:
 652              		.loc 1 154 9 view .LVU175
 653 012c 3043     		orrs	r0, r0, r6
 654              	.LVL31:
 155:Drivers/BSP/Components/vl53l8cx/modules/vl53l8cx_plugin_detection_thresholds.c **** 			VL53L8CX_DCI_DET_THRESH_START,
 156:Drivers/BSP/Components/vl53l8cx/modules/vl53l8cx_plugin_detection_thresholds.c **** 			(uint16_t)(VL53L8CX_NB_THRESHOLDS
 157:Drivers/BSP/Components/vl53l8cx/modules/vl53l8cx_plugin_detection_thresholds.c **** 			*sizeof(VL53L8CX_DetectionThresholds)));
 158:Drivers/BSP/Components/vl53l8cx/modules/vl53l8cx_plugin_detection_thresholds.c **** 
 159:Drivers/BSP/Components/vl53l8cx/modules/vl53l8cx_plugin_detection_thresholds.c **** 	return status;
 655              		.loc 1 159 2 is_stmt 1 view .LVU176
 160:Drivers/BSP/Components/vl53l8cx/modules/vl53l8cx_plugin_detection_thresholds.c **** }
 656              		.loc 1 160 1 is_stmt 0 view .LVU177
 657 012e C0B2     		uxtb	r0, r0
 658              		.loc 1 160 1 view .LVU178
 659 0130 02B0     		add	sp, sp, #8
 660              		.cfi_def_cfa_offset 16
 661              		@ sp needed
 662 0132 70BD     		pop	{r4, r5, r6, pc}
 663              	.LVL32:
 664              	.L59:
 665              		.loc 1 160 1 view .LVU179
 666              		.align	2
 667              	.L58:
 668 0134 00000000 		.word	.LC0
 669              		.cfi_endproc
 670              	.LFE3:
 672              		.section	.text.vl53l8cx_get_detection_thresholds_auto_stop,"ax",%progbits
 673              		.align	1
 674              		.global	vl53l8cx_get_detection_thresholds_auto_stop
ARM GAS  C:\Temp\cc457VmR.s 			page 16


 675              		.syntax unified
 676              		.thumb
 677              		.thumb_func
 679              	vl53l8cx_get_detection_thresholds_auto_stop:
 680              	.LVL33:
 681              	.LFB4:
 161:Drivers/BSP/Components/vl53l8cx/modules/vl53l8cx_plugin_detection_thresholds.c **** 
 162:Drivers/BSP/Components/vl53l8cx/modules/vl53l8cx_plugin_detection_thresholds.c **** uint8_t vl53l8cx_get_detection_thresholds_auto_stop(
 163:Drivers/BSP/Components/vl53l8cx/modules/vl53l8cx_plugin_detection_thresholds.c **** 		VL53L8CX_Configuration		*p_dev,
 164:Drivers/BSP/Components/vl53l8cx/modules/vl53l8cx_plugin_detection_thresholds.c **** 		uint8_t				*p_auto_stop)
 165:Drivers/BSP/Components/vl53l8cx/modules/vl53l8cx_plugin_detection_thresholds.c **** {
 682              		.loc 1 165 1 is_stmt 1 view -0
 683              		.cfi_startproc
 684              		@ args = 0, pretend = 0, frame = 0
 685              		@ frame_needed = 0, uses_anonymous_args = 0
 686              		.loc 1 165 1 is_stmt 0 view .LVU181
 687 0000 38B5     		push	{r3, r4, r5, lr}
 688              		.cfi_def_cfa_offset 16
 689              		.cfi_offset 3, -16
 690              		.cfi_offset 4, -12
 691              		.cfi_offset 5, -8
 692              		.cfi_offset 14, -4
 693 0002 0446     		mov	r4, r0
 694 0004 0D46     		mov	r5, r1
 166:Drivers/BSP/Components/vl53l8cx/modules/vl53l8cx_plugin_detection_thresholds.c **** 	uint8_t status = VL53L8CX_STATUS_OK;
 695              		.loc 1 166 2 is_stmt 1 view .LVU182
 696              	.LVL34:
 167:Drivers/BSP/Components/vl53l8cx/modules/vl53l8cx_plugin_detection_thresholds.c **** 
 168:Drivers/BSP/Components/vl53l8cx/modules/vl53l8cx_plugin_detection_thresholds.c **** 	status |= vl53l8cx_dci_read_data(p_dev, (uint8_t*)p_dev->temp_buffer,
 697              		.loc 1 168 2 view .LVU183
 698              		.loc 1 168 12 is_stmt 0 view .LVU184
 699 0006 0423     		movs	r3, #4
 700 0008 4DF68032 		movw	r2, #56192
 701 000c 00F5A261 		add	r1, r0, #1296
 702              	.LVL35:
 703              		.loc 1 168 12 view .LVU185
 704 0010 FFF7FEFF 		bl	vl53l8cx_dci_read_data
 705              	.LVL36:
 169:Drivers/BSP/Components/vl53l8cx/modules/vl53l8cx_plugin_detection_thresholds.c **** 			VL53L8CX_DCI_PIPE_CONTROL, 4);
 170:Drivers/BSP/Components/vl53l8cx/modules/vl53l8cx_plugin_detection_thresholds.c **** 	*p_auto_stop = p_dev->temp_buffer[0x3];
 706              		.loc 1 170 2 is_stmt 1 view .LVU186
 707              		.loc 1 170 35 is_stmt 0 view .LVU187
 708 0014 94F81335 		ldrb	r3, [r4, #1299]	@ zero_extendqisi2
 709              		.loc 1 170 15 view .LVU188
 710 0018 2B70     		strb	r3, [r5]
 171:Drivers/BSP/Components/vl53l8cx/modules/vl53l8cx_plugin_detection_thresholds.c **** 
 172:Drivers/BSP/Components/vl53l8cx/modules/vl53l8cx_plugin_detection_thresholds.c **** 	return status;
 711              		.loc 1 172 2 is_stmt 1 view .LVU189
 173:Drivers/BSP/Components/vl53l8cx/modules/vl53l8cx_plugin_detection_thresholds.c **** }
 712              		.loc 1 173 1 is_stmt 0 view .LVU190
 713 001a 38BD     		pop	{r3, r4, r5, pc}
 714              		.loc 1 173 1 view .LVU191
 715              		.cfi_endproc
 716              	.LFE4:
 718              		.section	.text.vl53l8cx_set_detection_thresholds_auto_stop,"ax",%progbits
 719              		.align	1
 720              		.global	vl53l8cx_set_detection_thresholds_auto_stop
ARM GAS  C:\Temp\cc457VmR.s 			page 17


 721              		.syntax unified
 722              		.thumb
 723              		.thumb_func
 725              	vl53l8cx_set_detection_thresholds_auto_stop:
 726              	.LVL37:
 727              	.LFB5:
 174:Drivers/BSP/Components/vl53l8cx/modules/vl53l8cx_plugin_detection_thresholds.c **** 
 175:Drivers/BSP/Components/vl53l8cx/modules/vl53l8cx_plugin_detection_thresholds.c **** uint8_t vl53l8cx_set_detection_thresholds_auto_stop(
 176:Drivers/BSP/Components/vl53l8cx/modules/vl53l8cx_plugin_detection_thresholds.c **** 		VL53L8CX_Configuration		*p_dev,
 177:Drivers/BSP/Components/vl53l8cx/modules/vl53l8cx_plugin_detection_thresholds.c **** 		uint8_t				auto_stop)
 178:Drivers/BSP/Components/vl53l8cx/modules/vl53l8cx_plugin_detection_thresholds.c **** {
 728              		.loc 1 178 1 is_stmt 1 view -0
 729              		.cfi_startproc
 730              		@ args = 0, pretend = 0, frame = 8
 731              		@ frame_needed = 0, uses_anonymous_args = 0
 732              		.loc 1 178 1 is_stmt 0 view .LVU193
 733 0000 10B5     		push	{r4, lr}
 734              		.cfi_def_cfa_offset 8
 735              		.cfi_offset 4, -8
 736              		.cfi_offset 14, -4
 737 0002 86B0     		sub	sp, sp, #24
 738              		.cfi_def_cfa_offset 32
 739 0004 0446     		mov	r4, r0
 740 0006 8DF81710 		strb	r1, [sp, #23]
 179:Drivers/BSP/Components/vl53l8cx/modules/vl53l8cx_plugin_detection_thresholds.c **** 	uint8_t status = VL53L8CX_STATUS_OK;
 741              		.loc 1 179 2 is_stmt 1 view .LVU194
 742              	.LVL38:
 180:Drivers/BSP/Components/vl53l8cx/modules/vl53l8cx_plugin_detection_thresholds.c **** 
 181:Drivers/BSP/Components/vl53l8cx/modules/vl53l8cx_plugin_detection_thresholds.c **** 	status |= vl53l8cx_dci_replace_data(p_dev, p_dev->temp_buffer,
 743              		.loc 1 181 2 view .LVU195
 744              		.loc 1 181 12 is_stmt 0 view .LVU196
 745 000a 0323     		movs	r3, #3
 746 000c 0293     		str	r3, [sp, #8]
 747 000e 0123     		movs	r3, #1
 748 0010 0193     		str	r3, [sp, #4]
 749 0012 0DF11703 		add	r3, sp, #23
 750 0016 0093     		str	r3, [sp]
 751 0018 0423     		movs	r3, #4
 752 001a 4DF68032 		movw	r2, #56192
 753 001e 00F5A261 		add	r1, r0, #1296
 754              	.LVL39:
 755              		.loc 1 181 12 view .LVU197
 756 0022 FFF7FEFF 		bl	vl53l8cx_dci_replace_data
 757              	.LVL40:
 182:Drivers/BSP/Components/vl53l8cx/modules/vl53l8cx_plugin_detection_thresholds.c **** 			VL53L8CX_DCI_PIPE_CONTROL, 4,
 183:Drivers/BSP/Components/vl53l8cx/modules/vl53l8cx_plugin_detection_thresholds.c **** 	(uint8_t*)&auto_stop, 1, 0x03);
 184:Drivers/BSP/Components/vl53l8cx/modules/vl53l8cx_plugin_detection_thresholds.c **** 	p_dev->is_auto_stop_enabled = (uint8_t)auto_stop;
 758              		.loc 1 184 2 is_stmt 1 view .LVU198
 759              		.loc 1 184 30 is_stmt 0 view .LVU199
 760 0026 9DF81730 		ldrb	r3, [sp, #23]	@ zero_extendqisi2
 761 002a 84F8BC3A 		strb	r3, [r4, #2748]
 185:Drivers/BSP/Components/vl53l8cx/modules/vl53l8cx_plugin_detection_thresholds.c **** 
 186:Drivers/BSP/Components/vl53l8cx/modules/vl53l8cx_plugin_detection_thresholds.c **** 	return status;
 762              		.loc 1 186 2 is_stmt 1 view .LVU200
 187:Drivers/BSP/Components/vl53l8cx/modules/vl53l8cx_plugin_detection_thresholds.c **** }
 763              		.loc 1 187 1 is_stmt 0 view .LVU201
 764 002e 06B0     		add	sp, sp, #24
ARM GAS  C:\Temp\cc457VmR.s 			page 18


 765              		.cfi_def_cfa_offset 8
 766              		@ sp needed
 767 0030 10BD     		pop	{r4, pc}
 768              		.loc 1 187 1 view .LVU202
 769              		.cfi_endproc
 770              	.LFE5:
 772              		.text
 773              	.Letext0:
 774              		.file 2 "c:\\users\\jessejabezarendse\\appdata\\roaming\\code\\user\\globalstorage\\bmd.stm32-for-
 775              		.file 3 "c:\\users\\jessejabezarendse\\appdata\\roaming\\code\\user\\globalstorage\\bmd.stm32-for-
 776              		.file 4 "Drivers/BSP/Components/vl53l8cx/porting/platform.h"
 777              		.file 5 "Drivers/BSP/Components/vl53l8cx/modules/vl53l8cx_api.h"
 778              		.file 6 "Drivers/BSP/Components/vl53l8cx/modules/vl53l8cx_plugin_detection_thresholds.h"
ARM GAS  C:\Temp\cc457VmR.s 			page 19


DEFINED SYMBOLS
                            *ABS*:00000000 vl53l8cx_plugin_detection_thresholds.c
  C:\Temp\cc457VmR.s:21     .text.vl53l8cx_get_detection_thresholds_enable:00000000 $t
  C:\Temp\cc457VmR.s:27     .text.vl53l8cx_get_detection_thresholds_enable:00000000 vl53l8cx_get_detection_thresholds_enable
  C:\Temp\cc457VmR.s:67     .text.vl53l8cx_set_detection_thresholds_enable:00000000 $t
  C:\Temp\cc457VmR.s:73     .text.vl53l8cx_set_detection_thresholds_enable:00000000 vl53l8cx_set_detection_thresholds_enable
  C:\Temp\cc457VmR.s:170    .text.vl53l8cx_get_detection_thresholds:00000000 $t
  C:\Temp\cc457VmR.s:176    .text.vl53l8cx_get_detection_thresholds:00000000 vl53l8cx_get_detection_thresholds
  C:\Temp\cc457VmR.s:251    .text.vl53l8cx_get_detection_thresholds:00000058 $d
  C:\Temp\cc457VmR.s:270    .text.vl53l8cx_get_detection_thresholds:000000a4 $t
  C:\Temp\cc457VmR.s:426    .text.vl53l8cx_get_detection_thresholds:00000168 $d
  C:\Temp\cc457VmR.s:431    .rodata.vl53l8cx_set_detection_thresholds.str1.4:00000000 $d
  C:\Temp\cc457VmR.s:435    .text.vl53l8cx_set_detection_thresholds:00000000 $t
  C:\Temp\cc457VmR.s:441    .text.vl53l8cx_set_detection_thresholds:00000000 vl53l8cx_set_detection_thresholds
  C:\Temp\cc457VmR.s:516    .text.vl53l8cx_set_detection_thresholds:00000044 $d
  C:\Temp\cc457VmR.s:535    .text.vl53l8cx_set_detection_thresholds:00000090 $t
  C:\Temp\cc457VmR.s:668    .text.vl53l8cx_set_detection_thresholds:00000134 $d
  C:\Temp\cc457VmR.s:673    .text.vl53l8cx_get_detection_thresholds_auto_stop:00000000 $t
  C:\Temp\cc457VmR.s:679    .text.vl53l8cx_get_detection_thresholds_auto_stop:00000000 vl53l8cx_get_detection_thresholds_auto_stop
  C:\Temp\cc457VmR.s:719    .text.vl53l8cx_set_detection_thresholds_auto_stop:00000000 $t
  C:\Temp\cc457VmR.s:725    .text.vl53l8cx_set_detection_thresholds_auto_stop:00000000 vl53l8cx_set_detection_thresholds_auto_stop

UNDEFINED SYMBOLS
vl53l8cx_dci_read_data
vl53l8cx_dci_replace_data
vl53l8cx_dci_write_data
