ARM GAS  C:\Temp\ccCxMUsB.s 			page 1


   1              		.cpu cortex-m4
   2              		.arch armv7e-m
   3              		.fpu fpv4-sp-d16
   4              		.eabi_attribute 27, 1
   5              		.eabi_attribute 28, 1
   6              		.eabi_attribute 20, 1
   7              		.eabi_attribute 21, 1
   8              		.eabi_attribute 23, 3
   9              		.eabi_attribute 24, 1
  10              		.eabi_attribute 25, 1
  11              		.eabi_attribute 26, 1
  12              		.eabi_attribute 30, 1
  13              		.eabi_attribute 34, 1
  14              		.eabi_attribute 18, 4
  15              		.file	"arm_fir_decimate_init_q15.c"
  16              		.text
  17              	.Ltext0:
  18              		.cfi_sections	.debug_frame
  19              		.file 1 "Drivers/CMSIS/DSP/Source/FilteringFunctions/arm_fir_decimate_init_q15.c"
  20              		.section	.text.arm_fir_decimate_init_q15,"ax",%progbits
  21              		.align	1
  22              		.global	arm_fir_decimate_init_q15
  23              		.syntax unified
  24              		.thumb
  25              		.thumb_func
  27              	arm_fir_decimate_init_q15:
  28              	.LVL0:
  29              	.LFB127:
   1:Drivers/CMSIS/DSP/Source/FilteringFunctions/arm_fir_decimate_init_q15.c **** /* ----------------------------------------------------------------------
   2:Drivers/CMSIS/DSP/Source/FilteringFunctions/arm_fir_decimate_init_q15.c ****  * Project:      CMSIS DSP Library
   3:Drivers/CMSIS/DSP/Source/FilteringFunctions/arm_fir_decimate_init_q15.c ****  * Title:        arm_fir_decimate_init_q15.c
   4:Drivers/CMSIS/DSP/Source/FilteringFunctions/arm_fir_decimate_init_q15.c ****  * Description:  Initialization function for the Q15 FIR Decimator
   5:Drivers/CMSIS/DSP/Source/FilteringFunctions/arm_fir_decimate_init_q15.c ****  *
   6:Drivers/CMSIS/DSP/Source/FilteringFunctions/arm_fir_decimate_init_q15.c ****  * $Date:        23 April 2021
   7:Drivers/CMSIS/DSP/Source/FilteringFunctions/arm_fir_decimate_init_q15.c ****  * $Revision:    V1.9.0
   8:Drivers/CMSIS/DSP/Source/FilteringFunctions/arm_fir_decimate_init_q15.c ****  *
   9:Drivers/CMSIS/DSP/Source/FilteringFunctions/arm_fir_decimate_init_q15.c ****  * Target Processor: Cortex-M and Cortex-A cores
  10:Drivers/CMSIS/DSP/Source/FilteringFunctions/arm_fir_decimate_init_q15.c ****  * -------------------------------------------------------------------- */
  11:Drivers/CMSIS/DSP/Source/FilteringFunctions/arm_fir_decimate_init_q15.c **** /*
  12:Drivers/CMSIS/DSP/Source/FilteringFunctions/arm_fir_decimate_init_q15.c ****  * Copyright (C) 2010-2021 ARM Limited or its affiliates. All rights reserved.
  13:Drivers/CMSIS/DSP/Source/FilteringFunctions/arm_fir_decimate_init_q15.c ****  *
  14:Drivers/CMSIS/DSP/Source/FilteringFunctions/arm_fir_decimate_init_q15.c ****  * SPDX-License-Identifier: Apache-2.0
  15:Drivers/CMSIS/DSP/Source/FilteringFunctions/arm_fir_decimate_init_q15.c ****  *
  16:Drivers/CMSIS/DSP/Source/FilteringFunctions/arm_fir_decimate_init_q15.c ****  * Licensed under the Apache License, Version 2.0 (the License); you may
  17:Drivers/CMSIS/DSP/Source/FilteringFunctions/arm_fir_decimate_init_q15.c ****  * not use this file except in compliance with the License.
  18:Drivers/CMSIS/DSP/Source/FilteringFunctions/arm_fir_decimate_init_q15.c ****  * You may obtain a copy of the License at
  19:Drivers/CMSIS/DSP/Source/FilteringFunctions/arm_fir_decimate_init_q15.c ****  *
  20:Drivers/CMSIS/DSP/Source/FilteringFunctions/arm_fir_decimate_init_q15.c ****  * www.apache.org/licenses/LICENSE-2.0
  21:Drivers/CMSIS/DSP/Source/FilteringFunctions/arm_fir_decimate_init_q15.c ****  *
  22:Drivers/CMSIS/DSP/Source/FilteringFunctions/arm_fir_decimate_init_q15.c ****  * Unless required by applicable law or agreed to in writing, software
  23:Drivers/CMSIS/DSP/Source/FilteringFunctions/arm_fir_decimate_init_q15.c ****  * distributed under the License is distributed on an AS IS BASIS, WITHOUT
  24:Drivers/CMSIS/DSP/Source/FilteringFunctions/arm_fir_decimate_init_q15.c ****  * WARRANTIES OR CONDITIONS OF ANY KIND, either express or implied.
  25:Drivers/CMSIS/DSP/Source/FilteringFunctions/arm_fir_decimate_init_q15.c ****  * See the License for the specific language governing permissions and
  26:Drivers/CMSIS/DSP/Source/FilteringFunctions/arm_fir_decimate_init_q15.c ****  * limitations under the License.
  27:Drivers/CMSIS/DSP/Source/FilteringFunctions/arm_fir_decimate_init_q15.c ****  */
  28:Drivers/CMSIS/DSP/Source/FilteringFunctions/arm_fir_decimate_init_q15.c **** 
  29:Drivers/CMSIS/DSP/Source/FilteringFunctions/arm_fir_decimate_init_q15.c **** #include "dsp/filtering_functions.h"
ARM GAS  C:\Temp\ccCxMUsB.s 			page 2


  30:Drivers/CMSIS/DSP/Source/FilteringFunctions/arm_fir_decimate_init_q15.c **** 
  31:Drivers/CMSIS/DSP/Source/FilteringFunctions/arm_fir_decimate_init_q15.c **** /**
  32:Drivers/CMSIS/DSP/Source/FilteringFunctions/arm_fir_decimate_init_q15.c ****   @ingroup groupFilters
  33:Drivers/CMSIS/DSP/Source/FilteringFunctions/arm_fir_decimate_init_q15.c ****  */
  34:Drivers/CMSIS/DSP/Source/FilteringFunctions/arm_fir_decimate_init_q15.c **** 
  35:Drivers/CMSIS/DSP/Source/FilteringFunctions/arm_fir_decimate_init_q15.c **** /**
  36:Drivers/CMSIS/DSP/Source/FilteringFunctions/arm_fir_decimate_init_q15.c ****   @addtogroup FIR_decimate
  37:Drivers/CMSIS/DSP/Source/FilteringFunctions/arm_fir_decimate_init_q15.c ****   @{
  38:Drivers/CMSIS/DSP/Source/FilteringFunctions/arm_fir_decimate_init_q15.c ****  */
  39:Drivers/CMSIS/DSP/Source/FilteringFunctions/arm_fir_decimate_init_q15.c **** 
  40:Drivers/CMSIS/DSP/Source/FilteringFunctions/arm_fir_decimate_init_q15.c **** /**
  41:Drivers/CMSIS/DSP/Source/FilteringFunctions/arm_fir_decimate_init_q15.c ****   @brief         Initialization function for the Q15 FIR decimator.
  42:Drivers/CMSIS/DSP/Source/FilteringFunctions/arm_fir_decimate_init_q15.c ****   @param[in,out] S          points to an instance of the Q15 FIR decimator structure
  43:Drivers/CMSIS/DSP/Source/FilteringFunctions/arm_fir_decimate_init_q15.c ****   @param[in]     numTaps    number of coefficients in the filter
  44:Drivers/CMSIS/DSP/Source/FilteringFunctions/arm_fir_decimate_init_q15.c ****   @param[in]     M          decimation factor
  45:Drivers/CMSIS/DSP/Source/FilteringFunctions/arm_fir_decimate_init_q15.c ****   @param[in]     pCoeffs    points to the filter coefficients
  46:Drivers/CMSIS/DSP/Source/FilteringFunctions/arm_fir_decimate_init_q15.c ****   @param[in]     pState     points to the state buffer
  47:Drivers/CMSIS/DSP/Source/FilteringFunctions/arm_fir_decimate_init_q15.c ****   @param[in]     blockSize  number of input samples to process
  48:Drivers/CMSIS/DSP/Source/FilteringFunctions/arm_fir_decimate_init_q15.c ****   @return        execution  status
  49:Drivers/CMSIS/DSP/Source/FilteringFunctions/arm_fir_decimate_init_q15.c ****                    - \ref ARM_MATH_SUCCESS      : Operation successful
  50:Drivers/CMSIS/DSP/Source/FilteringFunctions/arm_fir_decimate_init_q15.c ****                    - \ref ARM_MATH_LENGTH_ERROR : <code>blockSize</code> is not a multiple of <code
  51:Drivers/CMSIS/DSP/Source/FilteringFunctions/arm_fir_decimate_init_q15.c **** 
  52:Drivers/CMSIS/DSP/Source/FilteringFunctions/arm_fir_decimate_init_q15.c ****   @par           Details
  53:Drivers/CMSIS/DSP/Source/FilteringFunctions/arm_fir_decimate_init_q15.c ****                    <code>pCoeffs</code> points to the array of filter coefficients stored in time r
  54:Drivers/CMSIS/DSP/Source/FilteringFunctions/arm_fir_decimate_init_q15.c ****   <pre>
  55:Drivers/CMSIS/DSP/Source/FilteringFunctions/arm_fir_decimate_init_q15.c ****       {b[numTaps-1], b[numTaps-2], b[N-2], ..., b[1], b[0]}
  56:Drivers/CMSIS/DSP/Source/FilteringFunctions/arm_fir_decimate_init_q15.c ****   </pre>
  57:Drivers/CMSIS/DSP/Source/FilteringFunctions/arm_fir_decimate_init_q15.c ****   @par
  58:Drivers/CMSIS/DSP/Source/FilteringFunctions/arm_fir_decimate_init_q15.c ****                    <code>pState</code> points to the array of state variables.
  59:Drivers/CMSIS/DSP/Source/FilteringFunctions/arm_fir_decimate_init_q15.c ****                    <code>pState</code> is of length <code>numTaps+blockSize-1</code> words where <c
  60:Drivers/CMSIS/DSP/Source/FilteringFunctions/arm_fir_decimate_init_q15.c ****                    to the call <code>arm_fir_decimate_q15()</code>.
  61:Drivers/CMSIS/DSP/Source/FilteringFunctions/arm_fir_decimate_init_q15.c ****                    <code>M</code> is the decimation factor.
  62:Drivers/CMSIS/DSP/Source/FilteringFunctions/arm_fir_decimate_init_q15.c ****  */
  63:Drivers/CMSIS/DSP/Source/FilteringFunctions/arm_fir_decimate_init_q15.c **** 
  64:Drivers/CMSIS/DSP/Source/FilteringFunctions/arm_fir_decimate_init_q15.c **** arm_status arm_fir_decimate_init_q15(
  65:Drivers/CMSIS/DSP/Source/FilteringFunctions/arm_fir_decimate_init_q15.c ****         arm_fir_decimate_instance_q15 * S,
  66:Drivers/CMSIS/DSP/Source/FilteringFunctions/arm_fir_decimate_init_q15.c ****         uint16_t numTaps,
  67:Drivers/CMSIS/DSP/Source/FilteringFunctions/arm_fir_decimate_init_q15.c ****         uint8_t M,
  68:Drivers/CMSIS/DSP/Source/FilteringFunctions/arm_fir_decimate_init_q15.c ****   const q15_t * pCoeffs,
  69:Drivers/CMSIS/DSP/Source/FilteringFunctions/arm_fir_decimate_init_q15.c ****         q15_t * pState,
  70:Drivers/CMSIS/DSP/Source/FilteringFunctions/arm_fir_decimate_init_q15.c ****         uint32_t blockSize)
  71:Drivers/CMSIS/DSP/Source/FilteringFunctions/arm_fir_decimate_init_q15.c **** {
  30              		.loc 1 71 1 view -0
  31              		.cfi_startproc
  32              		@ args = 8, pretend = 0, frame = 0
  33              		@ frame_needed = 0, uses_anonymous_args = 0
  34              		.loc 1 71 1 is_stmt 0 view .LVU1
  35 0000 70B5     		push	{r4, r5, r6, lr}
  36              		.cfi_def_cfa_offset 16
  37              		.cfi_offset 4, -16
  38              		.cfi_offset 5, -12
  39              		.cfi_offset 6, -8
  40              		.cfi_offset 14, -4
  41 0002 0446     		mov	r4, r0
  42 0004 1546     		mov	r5, r2
  43 0006 049E     		ldr	r6, [sp, #16]
  44 0008 0598     		ldr	r0, [sp, #20]
ARM GAS  C:\Temp\ccCxMUsB.s 			page 3


  45              	.LVL1:
  72:Drivers/CMSIS/DSP/Source/FilteringFunctions/arm_fir_decimate_init_q15.c ****   arm_status status;
  46              		.loc 1 72 3 is_stmt 1 view .LVU2
  73:Drivers/CMSIS/DSP/Source/FilteringFunctions/arm_fir_decimate_init_q15.c **** 
  74:Drivers/CMSIS/DSP/Source/FilteringFunctions/arm_fir_decimate_init_q15.c ****   /* The size of the input block must be a multiple of the decimation factor */
  75:Drivers/CMSIS/DSP/Source/FilteringFunctions/arm_fir_decimate_init_q15.c ****   if ((blockSize % M) != 0U)
  47              		.loc 1 75 3 view .LVU3
  48              		.loc 1 75 18 is_stmt 0 view .LVU4
  49 000a B0FBF2F2 		udiv	r2, r0, r2
  50              	.LVL2:
  51              		.loc 1 75 18 view .LVU5
  52 000e 05FB1202 		mls	r2, r5, r2, r0
  53              		.loc 1 75 6 view .LVU6
  54 0012 62B9     		cbnz	r2, .L3
  76:Drivers/CMSIS/DSP/Source/FilteringFunctions/arm_fir_decimate_init_q15.c ****   {
  77:Drivers/CMSIS/DSP/Source/FilteringFunctions/arm_fir_decimate_init_q15.c ****     /* Set status as ARM_MATH_LENGTH_ERROR */
  78:Drivers/CMSIS/DSP/Source/FilteringFunctions/arm_fir_decimate_init_q15.c ****     status = ARM_MATH_LENGTH_ERROR;
  79:Drivers/CMSIS/DSP/Source/FilteringFunctions/arm_fir_decimate_init_q15.c ****   }
  80:Drivers/CMSIS/DSP/Source/FilteringFunctions/arm_fir_decimate_init_q15.c ****   else
  81:Drivers/CMSIS/DSP/Source/FilteringFunctions/arm_fir_decimate_init_q15.c ****   {
  82:Drivers/CMSIS/DSP/Source/FilteringFunctions/arm_fir_decimate_init_q15.c ****     /* Assign filter taps */
  83:Drivers/CMSIS/DSP/Source/FilteringFunctions/arm_fir_decimate_init_q15.c ****     S->numTaps = numTaps;
  55              		.loc 1 83 5 is_stmt 1 view .LVU7
  56              		.loc 1 83 16 is_stmt 0 view .LVU8
  57 0014 6180     		strh	r1, [r4, #2]	@ movhi
  84:Drivers/CMSIS/DSP/Source/FilteringFunctions/arm_fir_decimate_init_q15.c **** 
  85:Drivers/CMSIS/DSP/Source/FilteringFunctions/arm_fir_decimate_init_q15.c ****     /* Assign coefficient pointer */
  86:Drivers/CMSIS/DSP/Source/FilteringFunctions/arm_fir_decimate_init_q15.c ****     S->pCoeffs = pCoeffs;
  58              		.loc 1 86 5 is_stmt 1 view .LVU9
  59              		.loc 1 86 16 is_stmt 0 view .LVU10
  60 0016 6360     		str	r3, [r4, #4]
  87:Drivers/CMSIS/DSP/Source/FilteringFunctions/arm_fir_decimate_init_q15.c **** 
  88:Drivers/CMSIS/DSP/Source/FilteringFunctions/arm_fir_decimate_init_q15.c ****     /* Clear the state buffer. The size is always (blockSize + numTaps - 1) */
  89:Drivers/CMSIS/DSP/Source/FilteringFunctions/arm_fir_decimate_init_q15.c ****     memset(pState, 0, (numTaps + (blockSize - 1U)) * sizeof(q15_t));
  61              		.loc 1 89 5 is_stmt 1 view .LVU11
  62              		.loc 1 89 32 is_stmt 0 view .LVU12
  63 0018 0144     		add	r1, r1, r0
  64              	.LVL3:
  65              		.loc 1 89 32 view .LVU13
  66 001a 0139     		subs	r1, r1, #1
  67              		.loc 1 89 5 view .LVU14
  68 001c 4A00     		lsls	r2, r1, #1
  69 001e 0021     		movs	r1, #0
  70 0020 3046     		mov	r0, r6
  71 0022 FFF7FEFF 		bl	memset
  72              	.LVL4:
  90:Drivers/CMSIS/DSP/Source/FilteringFunctions/arm_fir_decimate_init_q15.c **** 
  91:Drivers/CMSIS/DSP/Source/FilteringFunctions/arm_fir_decimate_init_q15.c ****     /* Assign state pointer */
  92:Drivers/CMSIS/DSP/Source/FilteringFunctions/arm_fir_decimate_init_q15.c ****     S->pState = pState;
  73              		.loc 1 92 5 is_stmt 1 view .LVU15
  74              		.loc 1 92 15 is_stmt 0 view .LVU16
  75 0026 A660     		str	r6, [r4, #8]
  93:Drivers/CMSIS/DSP/Source/FilteringFunctions/arm_fir_decimate_init_q15.c **** 
  94:Drivers/CMSIS/DSP/Source/FilteringFunctions/arm_fir_decimate_init_q15.c ****     /* Assign Decimation Factor */
  95:Drivers/CMSIS/DSP/Source/FilteringFunctions/arm_fir_decimate_init_q15.c ****     S->M = M;
  76              		.loc 1 95 5 is_stmt 1 view .LVU17
  77              		.loc 1 95 10 is_stmt 0 view .LVU18
ARM GAS  C:\Temp\ccCxMUsB.s 			page 4


  78 0028 2570     		strb	r5, [r4]
  96:Drivers/CMSIS/DSP/Source/FilteringFunctions/arm_fir_decimate_init_q15.c **** 
  97:Drivers/CMSIS/DSP/Source/FilteringFunctions/arm_fir_decimate_init_q15.c ****     status = ARM_MATH_SUCCESS;
  79              		.loc 1 97 5 is_stmt 1 view .LVU19
  80              	.LVL5:
  81              		.loc 1 97 12 is_stmt 0 view .LVU20
  82 002a 0020     		movs	r0, #0
  83              	.LVL6:
  84              	.L2:
  98:Drivers/CMSIS/DSP/Source/FilteringFunctions/arm_fir_decimate_init_q15.c ****   }
  99:Drivers/CMSIS/DSP/Source/FilteringFunctions/arm_fir_decimate_init_q15.c **** 
 100:Drivers/CMSIS/DSP/Source/FilteringFunctions/arm_fir_decimate_init_q15.c ****   return (status);
  85              		.loc 1 100 3 is_stmt 1 view .LVU21
 101:Drivers/CMSIS/DSP/Source/FilteringFunctions/arm_fir_decimate_init_q15.c **** 
 102:Drivers/CMSIS/DSP/Source/FilteringFunctions/arm_fir_decimate_init_q15.c **** }
  86              		.loc 1 102 1 is_stmt 0 view .LVU22
  87 002c 70BD     		pop	{r4, r5, r6, pc}
  88              	.LVL7:
  89              	.L3:
  78:Drivers/CMSIS/DSP/Source/FilteringFunctions/arm_fir_decimate_init_q15.c ****   }
  90              		.loc 1 78 12 view .LVU23
  91 002e 6FF00100 		mvn	r0, #1
  92 0032 FBE7     		b	.L2
  93              		.cfi_endproc
  94              	.LFE127:
  96              		.text
  97              	.Letext0:
  98              		.file 2 "c:\\users\\jessejabezarendse\\appdata\\roaming\\code\\user\\globalstorage\\bmd.stm32-for-
  99              		.file 3 "c:\\users\\jessejabezarendse\\appdata\\roaming\\code\\user\\globalstorage\\bmd.stm32-for-
 100              		.file 4 "c:\\users\\jessejabezarendse\\appdata\\roaming\\code\\user\\globalstorage\\bmd.stm32-for-
 101              		.file 5 "Drivers/CMSIS/DSP/Include/arm_math_types.h"
 102              		.file 6 "Drivers/CMSIS/DSP/Include/dsp/filtering_functions.h"
 103              		.file 7 "c:\\users\\jessejabezarendse\\appdata\\roaming\\code\\user\\globalstorage\\bmd.stm32-for-
 104              		.file 8 "<built-in>"
ARM GAS  C:\Temp\ccCxMUsB.s 			page 5


DEFINED SYMBOLS
                            *ABS*:00000000 arm_fir_decimate_init_q15.c
  C:\Temp\ccCxMUsB.s:21     .text.arm_fir_decimate_init_q15:00000000 $t
  C:\Temp\ccCxMUsB.s:27     .text.arm_fir_decimate_init_q15:00000000 arm_fir_decimate_init_q15

UNDEFINED SYMBOLS
memset
