ARM GAS  C:\Temp\ccUZRZMp.s 			page 1


   1              		.cpu cortex-m4
   2              		.arch armv7e-m
   3              		.fpu fpv4-sp-d16
   4              		.eabi_attribute 27, 1
   5              		.eabi_attribute 28, 1
   6              		.eabi_attribute 20, 1
   7              		.eabi_attribute 21, 1
   8              		.eabi_attribute 23, 3
   9              		.eabi_attribute 24, 1
  10              		.eabi_attribute 25, 1
  11              		.eabi_attribute 26, 1
  12              		.eabi_attribute 30, 1
  13              		.eabi_attribute 34, 1
  14              		.eabi_attribute 18, 4
  15              		.file	"main.c"
  16              		.text
  17              		.section	.text.MX_GPIO_Init,"ax",%progbits
  18              		.align	1
  19              		.syntax unified
  20              		.thumb
  21              		.thumb_func
  23              	MX_GPIO_Init:
  24              		@ args = 0, pretend = 0, frame = 56
  25              		@ frame_needed = 0, uses_anonymous_args = 0
  26 0000 2DE9F041 		push	{r4, r5, r6, r7, r8, lr}
  27 0004 8EB0     		sub	sp, sp, #56
  28 0006 0024     		movs	r4, #0
  29 0008 0994     		str	r4, [sp, #36]
  30 000a 0A94     		str	r4, [sp, #40]
  31 000c 0B94     		str	r4, [sp, #44]
  32 000e 0C94     		str	r4, [sp, #48]
  33 0010 0D94     		str	r4, [sp, #52]
  34 0012 674B     		ldr	r3, .L3
  35 0014 5A69     		ldr	r2, [r3, #20]
  36 0016 42F40012 		orr	r2, r2, #2097152
  37 001a 5A61     		str	r2, [r3, #20]
  38 001c 5A69     		ldr	r2, [r3, #20]
  39 001e 02F40012 		and	r2, r2, #2097152
  40 0022 0192     		str	r2, [sp, #4]
  41 0024 019A     		ldr	r2, [sp, #4]
  42 0026 5A69     		ldr	r2, [r3, #20]
  43 0028 42F40022 		orr	r2, r2, #524288
  44 002c 5A61     		str	r2, [r3, #20]
  45 002e 5A69     		ldr	r2, [r3, #20]
  46 0030 02F40022 		and	r2, r2, #524288
  47 0034 0292     		str	r2, [sp, #8]
  48 0036 029A     		ldr	r2, [sp, #8]
  49 0038 5A69     		ldr	r2, [r3, #20]
  50 003a 42F48032 		orr	r2, r2, #65536
  51 003e 5A61     		str	r2, [r3, #20]
  52 0040 5A69     		ldr	r2, [r3, #20]
  53 0042 02F48032 		and	r2, r2, #65536
  54 0046 0392     		str	r2, [sp, #12]
  55 0048 039A     		ldr	r2, [sp, #12]
  56 004a 5A69     		ldr	r2, [r3, #20]
  57 004c 42F48002 		orr	r2, r2, #4194304
  58 0050 5A61     		str	r2, [r3, #20]
ARM GAS  C:\Temp\ccUZRZMp.s 			page 2


  59 0052 5A69     		ldr	r2, [r3, #20]
  60 0054 02F48002 		and	r2, r2, #4194304
  61 0058 0492     		str	r2, [sp, #16]
  62 005a 049A     		ldr	r2, [sp, #16]
  63 005c 5A69     		ldr	r2, [r3, #20]
  64 005e 42F40032 		orr	r2, r2, #131072
  65 0062 5A61     		str	r2, [r3, #20]
  66 0064 5A69     		ldr	r2, [r3, #20]
  67 0066 02F40032 		and	r2, r2, #131072
  68 006a 0592     		str	r2, [sp, #20]
  69 006c 059A     		ldr	r2, [sp, #20]
  70 006e 5A69     		ldr	r2, [r3, #20]
  71 0070 42F48022 		orr	r2, r2, #262144
  72 0074 5A61     		str	r2, [r3, #20]
  73 0076 5A69     		ldr	r2, [r3, #20]
  74 0078 02F48022 		and	r2, r2, #262144
  75 007c 0692     		str	r2, [sp, #24]
  76 007e 069A     		ldr	r2, [sp, #24]
  77 0080 5A69     		ldr	r2, [r3, #20]
  78 0082 42F40002 		orr	r2, r2, #8388608
  79 0086 5A61     		str	r2, [r3, #20]
  80 0088 5A69     		ldr	r2, [r3, #20]
  81 008a 02F40002 		and	r2, r2, #8388608
  82 008e 0792     		str	r2, [sp, #28]
  83 0090 079A     		ldr	r2, [sp, #28]
  84 0092 5A69     		ldr	r2, [r3, #20]
  85 0094 42F48012 		orr	r2, r2, #1048576
  86 0098 5A61     		str	r2, [r3, #20]
  87 009a 5B69     		ldr	r3, [r3, #20]
  88 009c 03F48013 		and	r3, r3, #1048576
  89 00a0 0893     		str	r3, [sp, #32]
  90 00a2 089B     		ldr	r3, [sp, #32]
  91 00a4 434F     		ldr	r7, .L3+4
  92 00a6 2246     		mov	r2, r4
  93 00a8 44F28101 		movw	r1, #16513
  94 00ac 3846     		mov	r0, r7
  95 00ae FFF7FEFF 		bl	HAL_GPIO_WritePin
  96 00b2 414E     		ldr	r6, .L3+8
  97 00b4 2246     		mov	r2, r4
  98 00b6 4021     		movs	r1, #64
  99 00b8 3046     		mov	r0, r6
 100 00ba FFF7FEFF 		bl	HAL_GPIO_WritePin
 101 00be 4FF6FF73 		movw	r3, #65535
 102 00c2 0993     		str	r3, [sp, #36]
 103 00c4 0325     		movs	r5, #3
 104 00c6 0A95     		str	r5, [sp, #40]
 105 00c8 0B94     		str	r4, [sp, #44]
 106 00ca 09A9     		add	r1, sp, #36
 107 00cc 3B48     		ldr	r0, .L3+12
 108 00ce FFF7FEFF 		bl	HAL_GPIO_Init
 109 00d2 4FF40053 		mov	r3, #8192
 110 00d6 0993     		str	r3, [sp, #36]
 111 00d8 4FF48813 		mov	r3, #1114112
 112 00dc 0A93     		str	r3, [sp, #40]
 113 00de 0B94     		str	r4, [sp, #44]
 114 00e0 DFF8E880 		ldr	r8, .L3+28
 115 00e4 09A9     		add	r1, sp, #36
ARM GAS  C:\Temp\ccUZRZMp.s 			page 3


 116 00e6 4046     		mov	r0, r8
 117 00e8 FFF7FEFF 		bl	HAL_GPIO_Init
 118 00ec 0723     		movs	r3, #7
 119 00ee 0993     		str	r3, [sp, #36]
 120 00f0 0A95     		str	r5, [sp, #40]
 121 00f2 0B94     		str	r4, [sp, #44]
 122 00f4 09A9     		add	r1, sp, #36
 123 00f6 3248     		ldr	r0, .L3+16
 124 00f8 FFF7FEFF 		bl	HAL_GPIO_Init
 125 00fc 4FF6FE73 		movw	r3, #65534
 126 0100 0993     		str	r3, [sp, #36]
 127 0102 0A95     		str	r5, [sp, #40]
 128 0104 0B94     		str	r4, [sp, #44]
 129 0106 09A9     		add	r1, sp, #36
 130 0108 2E48     		ldr	r0, .L3+20
 131 010a FFF7FEFF 		bl	HAL_GPIO_Init
 132 010e 41F6FF73 		movw	r3, #8191
 133 0112 0993     		str	r3, [sp, #36]
 134 0114 0A95     		str	r5, [sp, #40]
 135 0116 0B94     		str	r4, [sp, #44]
 136 0118 09A9     		add	r1, sp, #36
 137 011a 4046     		mov	r0, r8
 138 011c FFF7FEFF 		bl	HAL_GPIO_Init
 139 0120 48F2FF73 		movw	r3, #34815
 140 0124 0993     		str	r3, [sp, #36]
 141 0126 0A95     		str	r5, [sp, #40]
 142 0128 0B94     		str	r4, [sp, #44]
 143 012a 09A9     		add	r1, sp, #36
 144 012c 4FF09040 		mov	r0, #1207959552
 145 0130 FFF7FEFF 		bl	HAL_GPIO_Init
 146 0134 44F28103 		movw	r3, #16513
 147 0138 0993     		str	r3, [sp, #36]
 148 013a 4FF00108 		mov	r8, #1
 149 013e CDF82880 		str	r8, [sp, #40]
 150 0142 0B94     		str	r4, [sp, #44]
 151 0144 0C94     		str	r4, [sp, #48]
 152 0146 09A9     		add	r1, sp, #36
 153 0148 3846     		mov	r0, r7
 154 014a FFF7FEFF 		bl	HAL_GPIO_Init
 155 014e 4BF67643 		movw	r3, #48246
 156 0152 0993     		str	r3, [sp, #36]
 157 0154 0A95     		str	r5, [sp, #40]
 158 0156 0B94     		str	r4, [sp, #44]
 159 0158 09A9     		add	r1, sp, #36
 160 015a 3846     		mov	r0, r7
 161 015c FFF7FEFF 		bl	HAL_GPIO_Init
 162 0160 4FF63F73 		movw	r3, #65343
 163 0164 0993     		str	r3, [sp, #36]
 164 0166 0A95     		str	r5, [sp, #40]
 165 0168 0B94     		str	r4, [sp, #44]
 166 016a 09A9     		add	r1, sp, #36
 167 016c 3046     		mov	r0, r6
 168 016e FFF7FEFF 		bl	HAL_GPIO_Init
 169 0172 4FF6FF43 		movw	r3, #64767
 170 0176 0993     		str	r3, [sp, #36]
 171 0178 0A95     		str	r5, [sp, #40]
 172 017a 0B94     		str	r4, [sp, #44]
ARM GAS  C:\Temp\ccUZRZMp.s 			page 4


 173 017c 09A9     		add	r1, sp, #36
 174 017e 1248     		ldr	r0, .L3+24
 175 0180 FFF7FEFF 		bl	HAL_GPIO_Init
 176 0184 4023     		movs	r3, #64
 177 0186 0993     		str	r3, [sp, #36]
 178 0188 CDF82880 		str	r8, [sp, #40]
 179 018c 0B94     		str	r4, [sp, #44]
 180 018e 0C94     		str	r4, [sp, #48]
 181 0190 09A9     		add	r1, sp, #36
 182 0192 3046     		mov	r0, r6
 183 0194 FFF7FEFF 		bl	HAL_GPIO_Init
 184 0198 8023     		movs	r3, #128
 185 019a 0993     		str	r3, [sp, #36]
 186 019c 0A94     		str	r4, [sp, #40]
 187 019e 0B94     		str	r4, [sp, #44]
 188 01a0 09A9     		add	r1, sp, #36
 189 01a2 3046     		mov	r0, r6
 190 01a4 FFF7FEFF 		bl	HAL_GPIO_Init
 191 01a8 0EB0     		add	sp, sp, #56
 192              		@ sp needed
 193 01aa BDE8F081 		pop	{r4, r5, r6, r7, r8, pc}
 194              	.L4:
 195 01ae 00BF     		.align	2
 196              	.L3:
 197 01b0 00100240 		.word	1073876992
 198 01b4 00040048 		.word	1207960576
 199 01b8 00180048 		.word	1207965696
 200 01bc 00100048 		.word	1207963648
 201 01c0 001C0048 		.word	1207966720
 202 01c4 00140048 		.word	1207964672
 203 01c8 000C0048 		.word	1207962624
 204 01cc 00080048 		.word	1207961600
 206              		.section	.text.MX_DMA_Init,"ax",%progbits
 207              		.align	1
 208              		.syntax unified
 209              		.thumb
 210              		.thumb_func
 212              	MX_DMA_Init:
 213              		@ args = 0, pretend = 0, frame = 8
 214              		@ frame_needed = 0, uses_anonymous_args = 0
 215 0000 00B5     		push	{lr}
 216 0002 83B0     		sub	sp, sp, #12
 217 0004 0A4B     		ldr	r3, .L7
 218 0006 5A69     		ldr	r2, [r3, #20]
 219 0008 42F00102 		orr	r2, r2, #1
 220 000c 5A61     		str	r2, [r3, #20]
 221 000e 5B69     		ldr	r3, [r3, #20]
 222 0010 03F00103 		and	r3, r3, #1
 223 0014 0193     		str	r3, [sp, #4]
 224 0016 019B     		ldr	r3, [sp, #4]
 225 0018 0022     		movs	r2, #0
 226 001a 1146     		mov	r1, r2
 227 001c 0D20     		movs	r0, #13
 228 001e FFF7FEFF 		bl	HAL_NVIC_SetPriority
 229 0022 0D20     		movs	r0, #13
 230 0024 FFF7FEFF 		bl	HAL_NVIC_EnableIRQ
 231 0028 03B0     		add	sp, sp, #12
ARM GAS  C:\Temp\ccUZRZMp.s 			page 5


 232              		@ sp needed
 233 002a 5DF804FB 		ldr	pc, [sp], #4
 234              	.L8:
 235 002e 00BF     		.align	2
 236              	.L7:
 237 0030 00100240 		.word	1073876992
 239              		.section	.text.configureTimer,"ax",%progbits
 240              		.align	1
 241              		.global	configureTimer
 242              		.syntax unified
 243              		.thumb
 244              		.thumb_func
 246              	configureTimer:
 247              		@ args = 0, pretend = 0, frame = 0
 248              		@ frame_needed = 0, uses_anonymous_args = 0
 249              		@ link register save eliminated.
 250 0000 DFED107A 		vldr.32	s15, .L12
 251 0004 C7EE806A 		vdiv.f32	s13, s15, s0
 252 0008 DFED0F7A 		vldr.32	s15, .L12+4
 253 000c 66EEA77A 		vmul.f32	s15, s13, s15
 254 0010 FCEEE77A 		vcvt.u32.f32	s15, s15
 255 0014 17EE903A 		vmov	r3, s15	@ int
 256 0018 B3F5803F 		cmp	r3, #65536
 257 001c 01D3     		bcc	.L10
 258 001e 4FF6FF73 		movw	r3, #65535
 259              	.L10:
 260 0022 5A1C     		adds	r2, r3, #1
 261 0024 07EE102A 		vmov	s14, r2	@ int
 262 0028 B8EE477A 		vcvt.f32.u32	s14, s14
 263 002c C6EE877A 		vdiv.f32	s15, s13, s14
 264 0030 FCEEE77A 		vcvt.u32.f32	s15, s15
 265 0034 4FF08042 		mov	r2, #1073741824
 266 0038 9362     		str	r3, [r2, #40]
 267 003a C2ED0B7A 		vstr.32	s15, [r2, #44]	@ int
 268 003e 0123     		movs	r3, #1
 269 0040 5361     		str	r3, [r2, #20]
 270 0042 7047     		bx	lr
 271              	.L13:
 272              		.align	2
 273              	.L12:
 274 0044 4054094C 		.word	1275679808
 275 0048 00008037 		.word	931135488
 277              		.section	.text.initialCalibration,"ax",%progbits
 278              		.align	1
 279              		.global	initialCalibration
 280              		.syntax unified
 281              		.thumb
 282              		.thumb_func
 284              	initialCalibration:
 285              		@ args = 0, pretend = 0, frame = 0
 286              		@ frame_needed = 0, uses_anonymous_args = 0
 287 0000 10B5     		push	{r4, lr}
 288 0002 194C     		ldr	r4, .L18
 289 0004 4FF0FF33 		mov	r3, #-1
 290 0008 0E22     		movs	r2, #14
 291 000a 2146     		mov	r1, r4
 292 000c 1748     		ldr	r0, .L18+4
ARM GAS  C:\Temp\ccUZRZMp.s 			page 6


 293 000e FFF7FEFF 		bl	HAL_UART_Receive
 294 0012 2378     		ldrb	r3, [r4]	@ zero_extendqisi2
 295 0014 4A2B     		cmp	r3, #74
 296 0016 00D0     		beq	.L17
 297              	.L14:
 298 0018 10BD     		pop	{r4, pc}
 299              	.L17:
 300 001a 6378     		ldrb	r3, [r4, #1]	@ zero_extendqisi2
 301 001c 5F2B     		cmp	r3, #95
 302 001e FBD1     		bne	.L14
 303 0020 A378     		ldrb	r3, [r4, #2]	@ zero_extendqisi2
 304 0022 412B     		cmp	r3, #65
 305 0024 F8D1     		bne	.L14
 306 0026 E37A     		ldrb	r3, [r4, #11]	@ zero_extendqisi2
 307 0028 412B     		cmp	r3, #65
 308 002a F5D1     		bne	.L14
 309 002c 237B     		ldrb	r3, [r4, #12]	@ zero_extendqisi2
 310 002e 5F2B     		cmp	r3, #95
 311 0030 F2D1     		bne	.L14
 312 0032 637B     		ldrb	r3, [r4, #13]	@ zero_extendqisi2
 313 0034 4A2B     		cmp	r3, #74
 314 0036 EFD1     		bne	.L14
 315 0038 0D4B     		ldr	r3, .L18+8
 316 003a 1B78     		ldrb	r3, [r3]	@ zero_extendqisi2
 317 003c 002B     		cmp	r3, #0
 318 003e EBD1     		bne	.L14
 319 0040 2046     		mov	r0, r4
 320 0042 FFF7FEFF 		bl	receivedFromSimulink
 321 0046 0122     		movs	r2, #1
 322 0048 1146     		mov	r1, r2
 323 004a 0A48     		ldr	r0, .L18+12
 324 004c FFF7FEFF 		bl	HAL_GPIO_WritePin
 325 0050 074B     		ldr	r3, .L18+8
 326 0052 0122     		movs	r2, #1
 327 0054 1A70     		strb	r2, [r3]
 328 0056 084B     		ldr	r3, .L18+16
 329 0058 93ED000A 		vldr.32	s0, [r3]
 330 005c FFF7FEFF 		bl	configureTimer
 331 0060 0648     		ldr	r0, .L18+20
 332 0062 FFF7FEFF 		bl	HAL_TIM_Base_Start_IT
 333 0066 D7E7     		b	.L14
 334              	.L19:
 335              		.align	2
 336              	.L18:
 337 0068 00000000 		.word	bigBuffer
 338 006c 00000000 		.word	huart3
 339 0070 00000000 		.word	calibrated
 340 0074 00040048 		.word	1207960576
 341 0078 00000000 		.word	accel2_odr
 342 007c 00000000 		.word	htim2
 344              		.section	.text.HAL_TIM_PeriodElapsedCallback,"ax",%progbits
 345              		.align	1
 346              		.global	HAL_TIM_PeriodElapsedCallback
 347              		.syntax unified
 348              		.thumb
 349              		.thumb_func
 351              	HAL_TIM_PeriodElapsedCallback:
ARM GAS  C:\Temp\ccUZRZMp.s 			page 7


 352              		@ args = 0, pretend = 0, frame = 0
 353              		@ frame_needed = 0, uses_anonymous_args = 0
 354 0000 08B5     		push	{r3, lr}
 355 0002 0268     		ldr	r2, [r0]
 356 0004 034B     		ldr	r3, .L24
 357 0006 9A42     		cmp	r2, r3
 358 0008 00D0     		beq	.L23
 359              	.L20:
 360 000a 08BD     		pop	{r3, pc}
 361              	.L23:
 362 000c FFF7FEFF 		bl	HAL_IncTick
 363 0010 FBE7     		b	.L20
 364              	.L25:
 365 0012 00BF     		.align	2
 366              	.L24:
 367 0014 002C0140 		.word	1073818624
 369              		.section	.text.Error_Handler,"ax",%progbits
 370              		.align	1
 371              		.global	Error_Handler
 372              		.syntax unified
 373              		.thumb
 374              		.thumb_func
 376              	Error_Handler:
 377              		@ Volatile: function does not return.
 378              		@ args = 0, pretend = 0, frame = 0
 379              		@ frame_needed = 0, uses_anonymous_args = 0
 380              		@ link register save eliminated.
 381              		.syntax unified
 382              	@ 142 "Drivers/CMSIS/Include/cmsis_gcc.h" 1
 383 0000 72B6     		cpsid i
 384              	@ 0 "" 2
 385              		.thumb
 386              		.syntax unified
 387              	.L27:
 388 0002 FEE7     		b	.L27
 390              		.section	.text.MX_RTC_Init,"ax",%progbits
 391              		.align	1
 392              		.syntax unified
 393              		.thumb
 394              		.thumb_func
 396              	MX_RTC_Init:
 397              		@ args = 0, pretend = 0, frame = 0
 398              		@ frame_needed = 0, uses_anonymous_args = 0
 399 0000 08B5     		push	{r3, lr}
 400 0002 0948     		ldr	r0, .L32
 401 0004 094B     		ldr	r3, .L32+4
 402 0006 0360     		str	r3, [r0]
 403 0008 0023     		movs	r3, #0
 404 000a 4360     		str	r3, [r0, #4]
 405 000c 7F22     		movs	r2, #127
 406 000e 8260     		str	r2, [r0, #8]
 407 0010 FF22     		movs	r2, #255
 408 0012 C260     		str	r2, [r0, #12]
 409 0014 0361     		str	r3, [r0, #16]
 410 0016 4361     		str	r3, [r0, #20]
 411 0018 8361     		str	r3, [r0, #24]
 412 001a FFF7FEFF 		bl	HAL_RTC_Init
ARM GAS  C:\Temp\ccUZRZMp.s 			page 8


 413 001e 00B9     		cbnz	r0, .L31
 414 0020 08BD     		pop	{r3, pc}
 415              	.L31:
 416 0022 FFF7FEFF 		bl	Error_Handler
 417              	.L33:
 418 0026 00BF     		.align	2
 419              	.L32:
 420 0028 00000000 		.word	hrtc
 421 002c 00280040 		.word	1073752064
 423              		.section	.text.MX_USART3_UART_Init,"ax",%progbits
 424              		.align	1
 425              		.syntax unified
 426              		.thumb
 427              		.thumb_func
 429              	MX_USART3_UART_Init:
 430              		@ args = 0, pretend = 0, frame = 0
 431              		@ frame_needed = 0, uses_anonymous_args = 0
 432 0000 08B5     		push	{r3, lr}
 433 0002 0E48     		ldr	r0, .L38
 434 0004 0E4B     		ldr	r3, .L38+4
 435 0006 0360     		str	r3, [r0]
 436 0008 4FF4E113 		mov	r3, #1843200
 437 000c 4360     		str	r3, [r0, #4]
 438 000e 4FF48053 		mov	r3, #4096
 439 0012 8360     		str	r3, [r0, #8]
 440 0014 4FF40053 		mov	r3, #8192
 441 0018 C360     		str	r3, [r0, #12]
 442 001a 4FF48063 		mov	r3, #1024
 443 001e 0361     		str	r3, [r0, #16]
 444 0020 0C23     		movs	r3, #12
 445 0022 4361     		str	r3, [r0, #20]
 446 0024 0023     		movs	r3, #0
 447 0026 8361     		str	r3, [r0, #24]
 448 0028 C361     		str	r3, [r0, #28]
 449 002a 0362     		str	r3, [r0, #32]
 450 002c 4362     		str	r3, [r0, #36]
 451 002e FFF7FEFF 		bl	HAL_UART_Init
 452 0032 00B9     		cbnz	r0, .L37
 453 0034 08BD     		pop	{r3, pc}
 454              	.L37:
 455 0036 FFF7FEFF 		bl	Error_Handler
 456              	.L39:
 457 003a 00BF     		.align	2
 458              	.L38:
 459 003c 00000000 		.word	huart3
 460 0040 00480040 		.word	1073760256
 462              		.section	.text.MX_USB_PCD_Init,"ax",%progbits
 463              		.align	1
 464              		.syntax unified
 465              		.thumb
 466              		.thumb_func
 468              	MX_USB_PCD_Init:
 469              		@ args = 0, pretend = 0, frame = 0
 470              		@ frame_needed = 0, uses_anonymous_args = 0
 471 0000 08B5     		push	{r3, lr}
 472 0002 0948     		ldr	r0, .L44
 473 0004 094B     		ldr	r3, .L44+4
ARM GAS  C:\Temp\ccUZRZMp.s 			page 9


 474 0006 0360     		str	r3, [r0]
 475 0008 0823     		movs	r3, #8
 476 000a 0371     		strb	r3, [r0, #4]
 477 000c 0223     		movs	r3, #2
 478 000e 4371     		strb	r3, [r0, #5]
 479 0010 C371     		strb	r3, [r0, #7]
 480 0012 0023     		movs	r3, #0
 481 0014 4372     		strb	r3, [r0, #9]
 482 0016 8372     		strb	r3, [r0, #10]
 483 0018 C372     		strb	r3, [r0, #11]
 484 001a FFF7FEFF 		bl	HAL_PCD_Init
 485 001e 00B9     		cbnz	r0, .L43
 486 0020 08BD     		pop	{r3, pc}
 487              	.L43:
 488 0022 FFF7FEFF 		bl	Error_Handler
 489              	.L45:
 490 0026 00BF     		.align	2
 491              	.L44:
 492 0028 00000000 		.word	hpcd_USB_FS
 493 002c 005C0040 		.word	1073765376
 495              		.section	.text.MX_TIM2_Init,"ax",%progbits
 496              		.align	1
 497              		.syntax unified
 498              		.thumb
 499              		.thumb_func
 501              	MX_TIM2_Init:
 502              		@ args = 0, pretend = 0, frame = 32
 503              		@ frame_needed = 0, uses_anonymous_args = 0
 504 0000 00B5     		push	{lr}
 505 0002 89B0     		sub	sp, sp, #36
 506 0004 0023     		movs	r3, #0
 507 0006 0493     		str	r3, [sp, #16]
 508 0008 0593     		str	r3, [sp, #20]
 509 000a 0693     		str	r3, [sp, #24]
 510 000c 0793     		str	r3, [sp, #28]
 511 000e 0193     		str	r3, [sp, #4]
 512 0010 0293     		str	r3, [sp, #8]
 513 0012 0393     		str	r3, [sp, #12]
 514 0014 1348     		ldr	r0, .L54
 515 0016 4FF08042 		mov	r2, #1073741824
 516 001a 0260     		str	r2, [r0]
 517 001c 6322     		movs	r2, #99
 518 001e 4260     		str	r2, [r0, #4]
 519 0020 8360     		str	r3, [r0, #8]
 520 0022 C260     		str	r2, [r0, #12]
 521 0024 0361     		str	r3, [r0, #16]
 522 0026 8023     		movs	r3, #128
 523 0028 8361     		str	r3, [r0, #24]
 524 002a FFF7FEFF 		bl	HAL_TIM_Base_Init
 525 002e 90B9     		cbnz	r0, .L51
 526 0030 4FF48053 		mov	r3, #4096
 527 0034 0493     		str	r3, [sp, #16]
 528 0036 04A9     		add	r1, sp, #16
 529 0038 0A48     		ldr	r0, .L54
 530 003a FFF7FEFF 		bl	HAL_TIM_ConfigClockSource
 531 003e 60B9     		cbnz	r0, .L52
 532 0040 0023     		movs	r3, #0
ARM GAS  C:\Temp\ccUZRZMp.s 			page 10


 533 0042 0193     		str	r3, [sp, #4]
 534 0044 0393     		str	r3, [sp, #12]
 535 0046 01A9     		add	r1, sp, #4
 536 0048 0648     		ldr	r0, .L54
 537 004a FFF7FEFF 		bl	HAL_TIMEx_MasterConfigSynchronization
 538 004e 30B9     		cbnz	r0, .L53
 539 0050 09B0     		add	sp, sp, #36
 540              		@ sp needed
 541 0052 5DF804FB 		ldr	pc, [sp], #4
 542              	.L51:
 543 0056 FFF7FEFF 		bl	Error_Handler
 544              	.L52:
 545 005a FFF7FEFF 		bl	Error_Handler
 546              	.L53:
 547 005e FFF7FEFF 		bl	Error_Handler
 548              	.L55:
 549 0062 00BF     		.align	2
 550              	.L54:
 551 0064 00000000 		.word	htim2
 553              		.section	.text.SystemClock_Config,"ax",%progbits
 554              		.align	1
 555              		.global	SystemClock_Config
 556              		.syntax unified
 557              		.thumb
 558              		.thumb_func
 560              	SystemClock_Config:
 561              		@ args = 0, pretend = 0, frame = 152
 562              		@ frame_needed = 0, uses_anonymous_args = 0
 563 0000 00B5     		push	{lr}
 564 0002 A7B0     		sub	sp, sp, #156
 565 0004 2822     		movs	r2, #40
 566 0006 0021     		movs	r1, #0
 567 0008 1CA8     		add	r0, sp, #112
 568 000a FFF7FEFF 		bl	memset
 569 000e 0021     		movs	r1, #0
 570 0010 1791     		str	r1, [sp, #92]
 571 0012 1891     		str	r1, [sp, #96]
 572 0014 1991     		str	r1, [sp, #100]
 573 0016 1A91     		str	r1, [sp, #104]
 574 0018 1B91     		str	r1, [sp, #108]
 575 001a 5822     		movs	r2, #88
 576 001c 01A8     		add	r0, sp, #4
 577 001e FFF7FEFF 		bl	memset
 578 0022 0B23     		movs	r3, #11
 579 0024 1C93     		str	r3, [sp, #112]
 580 0026 4FF4A023 		mov	r3, #327680
 581 002a 1D93     		str	r3, [sp, #116]
 582 002c 0123     		movs	r3, #1
 583 002e 1F93     		str	r3, [sp, #124]
 584 0030 1022     		movs	r2, #16
 585 0032 2092     		str	r2, [sp, #128]
 586 0034 2193     		str	r3, [sp, #132]
 587 0036 0223     		movs	r3, #2
 588 0038 2293     		str	r3, [sp, #136]
 589 003a 4FF48033 		mov	r3, #65536
 590 003e 2393     		str	r3, [sp, #140]
 591 0040 4FF4E013 		mov	r3, #1835008
ARM GAS  C:\Temp\ccUZRZMp.s 			page 11


 592 0044 2493     		str	r3, [sp, #144]
 593 0046 1CA8     		add	r0, sp, #112
 594 0048 FFF7FEFF 		bl	HAL_RCC_OscConfig
 595 004c F0B9     		cbnz	r0, .L61
 596 004e 0F23     		movs	r3, #15
 597 0050 1793     		str	r3, [sp, #92]
 598 0052 0221     		movs	r1, #2
 599 0054 1891     		str	r1, [sp, #96]
 600 0056 0023     		movs	r3, #0
 601 0058 1993     		str	r3, [sp, #100]
 602 005a 4FF48062 		mov	r2, #1024
 603 005e 1A92     		str	r2, [sp, #104]
 604 0060 1B93     		str	r3, [sp, #108]
 605 0062 17A8     		add	r0, sp, #92
 606 0064 FFF7FEFF 		bl	HAL_RCC_ClockConfig
 607 0068 90B9     		cbnz	r0, .L62
 608 006a 0B4B     		ldr	r3, .L64
 609 006c 0193     		str	r3, [sp, #4]
 610 006e 0023     		movs	r3, #0
 611 0070 0593     		str	r3, [sp, #20]
 612 0072 0893     		str	r3, [sp, #32]
 613 0074 4FF40072 		mov	r2, #512
 614 0078 0292     		str	r2, [sp, #8]
 615 007a 1693     		str	r3, [sp, #88]
 616 007c 0F93     		str	r3, [sp, #60]
 617 007e 01A8     		add	r0, sp, #4
 618 0080 FFF7FEFF 		bl	HAL_RCCEx_PeriphCLKConfig
 619 0084 30B9     		cbnz	r0, .L63
 620 0086 27B0     		add	sp, sp, #156
 621              		@ sp needed
 622 0088 5DF804FB 		ldr	pc, [sp], #4
 623              	.L61:
 624 008c FFF7FEFF 		bl	Error_Handler
 625              	.L62:
 626 0090 FFF7FEFF 		bl	Error_Handler
 627              	.L63:
 628 0094 FFF7FEFF 		bl	Error_Handler
 629              	.L65:
 630              		.align	2
 631              	.L64:
 632 0098 24001300 		.word	1245220
 634              		.section	.text.main,"ax",%progbits
 635              		.align	1
 636              		.global	main
 637              		.syntax unified
 638              		.thumb
 639              		.thumb_func
 641              	main:
 642              		@ Volatile: function does not return.
 643              		@ args = 0, pretend = 0, frame = 0
 644              		@ frame_needed = 0, uses_anonymous_args = 0
 645 0000 08B5     		push	{r3, lr}
 646 0002 FFF7FEFF 		bl	HAL_Init
 647 0006 FFF7FEFF 		bl	SystemClock_Config
 648 000a 0022     		movs	r2, #0
 649 000c 0121     		movs	r1, #1
 650 000e 0D48     		ldr	r0, .L71
ARM GAS  C:\Temp\ccUZRZMp.s 			page 12


 651 0010 FFF7FEFF 		bl	HAL_GPIO_WritePin
 652 0014 FFF7FEFF 		bl	MX_GPIO_Init
 653 0018 FFF7FEFF 		bl	MX_DMA_Init
 654 001c FFF7FEFF 		bl	MX_RTC_Init
 655 0020 FFF7FEFF 		bl	MX_USART3_UART_Init
 656 0024 FFF7FEFF 		bl	MX_USB_PCD_Init
 657 0028 FFF7FEFF 		bl	MX_TIM2_Init
 658 002c FFF7FEFF 		bl	initIKS02A1
 659 0030 01E0     		b	.L67
 660              	.L68:
 661 0032 FFF7FEFF 		bl	initialCalibration
 662              	.L67:
 663 0036 044B     		ldr	r3, .L71+4
 664 0038 1B78     		ldrb	r3, [r3]	@ zero_extendqisi2
 665 003a 012B     		cmp	r3, #1
 666 003c F9D1     		bne	.L68
 667              	.L69:
 668 003e FFF7FEFF 		bl	getIKS02A1
 669 0042 FCE7     		b	.L69
 670              	.L72:
 671              		.align	2
 672              	.L71:
 673 0044 00040048 		.word	1207960576
 674 0048 00000000 		.word	calibrated
 676              		.global	counter
 677              		.section	.bss.counter,"aw",%nobits
 678              		.align	2
 681              	counter:
 682 0000 00000000 		.space	4
 683              		.global	calibrated
 684              		.section	.bss.calibrated,"aw",%nobits
 687              	calibrated:
 688 0000 00       		.space	1
 689              		.global	clearToSend
 690              		.section	.bss.clearToSend,"aw",%nobits
 693              	clearToSend:
 694 0000 00       		.space	1
 695              		.global	bigBuffer
 696              		.section	.bss.bigBuffer,"aw",%nobits
 697              		.align	2
 700              	bigBuffer:
 701 0000 00000000 		.space	14
 701      00000000 
 701      00000000 
 701      0000
 702              		.global	numberOfSimulinkBytes
 703              		.section	.rodata.numberOfSimulinkBytes,"a"
 704              		.align	2
 707              	numberOfSimulinkBytes:
 708 0000 08000000 		.word	8
 709              		.global	expectedTerminator
 710              		.section	.rodata.expectedTerminator,"a"
 711              		.align	2
 714              	expectedTerminator:
 715 0000 415F4A   		.ascii	"A_J"
 716              		.global	expectedHeader
 717              		.section	.rodata.expectedHeader,"a"
ARM GAS  C:\Temp\ccUZRZMp.s 			page 13


 718              		.align	2
 721              	expectedHeader:
 722 0000 4A5F41   		.ascii	"J_A"
 723              		.global	mag_axis
 724              		.section	.bss.mag_axis,"aw",%nobits
 725              		.align	2
 728              	mag_axis:
 729 0000 00000000 		.space	12
 729      00000000 
 729      00000000 
 730              		.global	accel2_axis
 731              		.section	.bss.accel2_axis,"aw",%nobits
 732              		.align	2
 735              	accel2_axis:
 736 0000 00000000 		.space	12
 736      00000000 
 736      00000000 
 737              		.global	gyro_axis
 738              		.section	.bss.gyro_axis,"aw",%nobits
 739              		.align	2
 742              	gyro_axis:
 743 0000 00000000 		.space	12
 743      00000000 
 743      00000000 
 744              		.global	accel1_axis
 745              		.section	.bss.accel1_axis,"aw",%nobits
 746              		.align	2
 749              	accel1_axis:
 750 0000 00000000 		.space	12
 750      00000000 
 750      00000000 
 751              		.global	hpcd_USB_FS
 752              		.section	.bss.hpcd_USB_FS,"aw",%nobits
 753              		.align	2
 756              	hpcd_USB_FS:
 757 0000 00000000 		.space	724
 757      00000000 
 757      00000000 
 757      00000000 
 757      00000000 
 758              		.global	hdma_usart3_rx
 759              		.section	.bss.hdma_usart3_rx,"aw",%nobits
 760              		.align	2
 763              	hdma_usart3_rx:
 764 0000 00000000 		.space	68
 764      00000000 
 764      00000000 
 764      00000000 
 764      00000000 
 765              		.global	huart3
 766              		.section	.bss.huart3,"aw",%nobits
 767              		.align	2
 770              	huart3:
 771 0000 00000000 		.space	136
 771      00000000 
 771      00000000 
 771      00000000 
ARM GAS  C:\Temp\ccUZRZMp.s 			page 14


 771      00000000 
 772              		.global	htim2
 773              		.section	.bss.htim2,"aw",%nobits
 774              		.align	2
 777              	htim2:
 778 0000 00000000 		.space	76
 778      00000000 
 778      00000000 
 778      00000000 
 778      00000000 
 779              		.global	hrtc
 780              		.section	.bss.hrtc,"aw",%nobits
 781              		.align	2
 784              	hrtc:
 785 0000 00000000 		.space	32
 785      00000000 
 785      00000000 
 785      00000000 
 785      00000000 
 786              		.ident	"GCC: (xPack GNU Arm Embedded GCC x86_64) 12.3.1 20230626"
ARM GAS  C:\Temp\ccUZRZMp.s 			page 15


DEFINED SYMBOLS
                            *ABS*:00000000 main.c
  C:\Temp\ccUZRZMp.s:18     .text.MX_GPIO_Init:00000000 $t
  C:\Temp\ccUZRZMp.s:23     .text.MX_GPIO_Init:00000000 MX_GPIO_Init
  C:\Temp\ccUZRZMp.s:197    .text.MX_GPIO_Init:000001b0 $d
  C:\Temp\ccUZRZMp.s:207    .text.MX_DMA_Init:00000000 $t
  C:\Temp\ccUZRZMp.s:212    .text.MX_DMA_Init:00000000 MX_DMA_Init
  C:\Temp\ccUZRZMp.s:237    .text.MX_DMA_Init:00000030 $d
  C:\Temp\ccUZRZMp.s:240    .text.configureTimer:00000000 $t
  C:\Temp\ccUZRZMp.s:246    .text.configureTimer:00000000 configureTimer
  C:\Temp\ccUZRZMp.s:274    .text.configureTimer:00000044 $d
  C:\Temp\ccUZRZMp.s:278    .text.initialCalibration:00000000 $t
  C:\Temp\ccUZRZMp.s:284    .text.initialCalibration:00000000 initialCalibration
  C:\Temp\ccUZRZMp.s:337    .text.initialCalibration:00000068 $d
  C:\Temp\ccUZRZMp.s:700    .bss.bigBuffer:00000000 bigBuffer
  C:\Temp\ccUZRZMp.s:770    .bss.huart3:00000000 huart3
  C:\Temp\ccUZRZMp.s:687    .bss.calibrated:00000000 calibrated
  C:\Temp\ccUZRZMp.s:777    .bss.htim2:00000000 htim2
  C:\Temp\ccUZRZMp.s:345    .text.HAL_TIM_PeriodElapsedCallback:00000000 $t
  C:\Temp\ccUZRZMp.s:351    .text.HAL_TIM_PeriodElapsedCallback:00000000 HAL_TIM_PeriodElapsedCallback
  C:\Temp\ccUZRZMp.s:367    .text.HAL_TIM_PeriodElapsedCallback:00000014 $d
  C:\Temp\ccUZRZMp.s:370    .text.Error_Handler:00000000 $t
  C:\Temp\ccUZRZMp.s:376    .text.Error_Handler:00000000 Error_Handler
  C:\Temp\ccUZRZMp.s:391    .text.MX_RTC_Init:00000000 $t
  C:\Temp\ccUZRZMp.s:396    .text.MX_RTC_Init:00000000 MX_RTC_Init
  C:\Temp\ccUZRZMp.s:420    .text.MX_RTC_Init:00000028 $d
  C:\Temp\ccUZRZMp.s:784    .bss.hrtc:00000000 hrtc
  C:\Temp\ccUZRZMp.s:424    .text.MX_USART3_UART_Init:00000000 $t
  C:\Temp\ccUZRZMp.s:429    .text.MX_USART3_UART_Init:00000000 MX_USART3_UART_Init
  C:\Temp\ccUZRZMp.s:459    .text.MX_USART3_UART_Init:0000003c $d
  C:\Temp\ccUZRZMp.s:463    .text.MX_USB_PCD_Init:00000000 $t
  C:\Temp\ccUZRZMp.s:468    .text.MX_USB_PCD_Init:00000000 MX_USB_PCD_Init
  C:\Temp\ccUZRZMp.s:492    .text.MX_USB_PCD_Init:00000028 $d
  C:\Temp\ccUZRZMp.s:756    .bss.hpcd_USB_FS:00000000 hpcd_USB_FS
  C:\Temp\ccUZRZMp.s:496    .text.MX_TIM2_Init:00000000 $t
  C:\Temp\ccUZRZMp.s:501    .text.MX_TIM2_Init:00000000 MX_TIM2_Init
  C:\Temp\ccUZRZMp.s:551    .text.MX_TIM2_Init:00000064 $d
  C:\Temp\ccUZRZMp.s:554    .text.SystemClock_Config:00000000 $t
  C:\Temp\ccUZRZMp.s:560    .text.SystemClock_Config:00000000 SystemClock_Config
  C:\Temp\ccUZRZMp.s:632    .text.SystemClock_Config:00000098 $d
  C:\Temp\ccUZRZMp.s:635    .text.main:00000000 $t
  C:\Temp\ccUZRZMp.s:641    .text.main:00000000 main
  C:\Temp\ccUZRZMp.s:673    .text.main:00000044 $d
  C:\Temp\ccUZRZMp.s:681    .bss.counter:00000000 counter
  C:\Temp\ccUZRZMp.s:678    .bss.counter:00000000 $d
  C:\Temp\ccUZRZMp.s:688    .bss.calibrated:00000000 $d
  C:\Temp\ccUZRZMp.s:693    .bss.clearToSend:00000000 clearToSend
  C:\Temp\ccUZRZMp.s:694    .bss.clearToSend:00000000 $d
  C:\Temp\ccUZRZMp.s:697    .bss.bigBuffer:00000000 $d
  C:\Temp\ccUZRZMp.s:707    .rodata.numberOfSimulinkBytes:00000000 numberOfSimulinkBytes
  C:\Temp\ccUZRZMp.s:704    .rodata.numberOfSimulinkBytes:00000000 $d
  C:\Temp\ccUZRZMp.s:714    .rodata.expectedTerminator:00000000 expectedTerminator
  C:\Temp\ccUZRZMp.s:711    .rodata.expectedTerminator:00000000 $d
  C:\Temp\ccUZRZMp.s:721    .rodata.expectedHeader:00000000 expectedHeader
  C:\Temp\ccUZRZMp.s:718    .rodata.expectedHeader:00000000 $d
  C:\Temp\ccUZRZMp.s:728    .bss.mag_axis:00000000 mag_axis
  C:\Temp\ccUZRZMp.s:725    .bss.mag_axis:00000000 $d
ARM GAS  C:\Temp\ccUZRZMp.s 			page 16


  C:\Temp\ccUZRZMp.s:735    .bss.accel2_axis:00000000 accel2_axis
  C:\Temp\ccUZRZMp.s:732    .bss.accel2_axis:00000000 $d
  C:\Temp\ccUZRZMp.s:742    .bss.gyro_axis:00000000 gyro_axis
  C:\Temp\ccUZRZMp.s:739    .bss.gyro_axis:00000000 $d
  C:\Temp\ccUZRZMp.s:749    .bss.accel1_axis:00000000 accel1_axis
  C:\Temp\ccUZRZMp.s:746    .bss.accel1_axis:00000000 $d
  C:\Temp\ccUZRZMp.s:753    .bss.hpcd_USB_FS:00000000 $d
  C:\Temp\ccUZRZMp.s:763    .bss.hdma_usart3_rx:00000000 hdma_usart3_rx
  C:\Temp\ccUZRZMp.s:760    .bss.hdma_usart3_rx:00000000 $d
  C:\Temp\ccUZRZMp.s:767    .bss.huart3:00000000 $d
  C:\Temp\ccUZRZMp.s:774    .bss.htim2:00000000 $d
  C:\Temp\ccUZRZMp.s:781    .bss.hrtc:00000000 $d

UNDEFINED SYMBOLS
HAL_GPIO_WritePin
HAL_GPIO_Init
HAL_NVIC_SetPriority
HAL_NVIC_EnableIRQ
HAL_UART_Receive
receivedFromSimulink
HAL_TIM_Base_Start_IT
accel2_odr
HAL_IncTick
HAL_RTC_Init
HAL_UART_Init
HAL_PCD_Init
HAL_TIM_Base_Init
HAL_TIM_ConfigClockSource
HAL_TIMEx_MasterConfigSynchronization
memset
HAL_RCC_OscConfig
HAL_RCC_ClockConfig
HAL_RCCEx_PeriphCLKConfig
HAL_Init
initIKS02A1
getIKS02A1
