ARM GAS  C:\Temp\ccPlol7I.s 			page 1


   1              		.cpu cortex-m4
   2              		.arch armv7e-m
   3              		.fpu fpv4-sp-d16
   4              		.eabi_attribute 27, 1
   5              		.eabi_attribute 28, 1
   6              		.eabi_attribute 20, 1
   7              		.eabi_attribute 21, 1
   8              		.eabi_attribute 23, 3
   9              		.eabi_attribute 24, 1
  10              		.eabi_attribute 25, 1
  11              		.eabi_attribute 26, 1
  12              		.eabi_attribute 30, 1
  13              		.eabi_attribute 34, 1
  14              		.eabi_attribute 18, 4
  15              		.file	"stm32f3xx_hal_rcc_ex.c"
  16              		.text
  17              		.section	.text.RCC_GetPLLCLKFreq,"ax",%progbits
  18              		.align	1
  19              		.syntax unified
  20              		.thumb
  21              		.thumb_func
  23              	RCC_GetPLLCLKFreq:
  24              		@ args = 0, pretend = 0, frame = 0
  25              		@ frame_needed = 0, uses_anonymous_args = 0
  26              		@ link register save eliminated.
  27 0000 0D4B     		ldr	r3, .L5
  28 0002 5868     		ldr	r0, [r3, #4]
  29 0004 C0F38340 		ubfx	r0, r0, #18, #4
  30 0008 0230     		adds	r0, r0, #2
  31 000a 5A68     		ldr	r2, [r3, #4]
  32 000c 02F4C032 		and	r2, r2, #98304
  33 0010 DB6A     		ldr	r3, [r3, #44]
  34 0012 03F00F03 		and	r3, r3, #15
  35 0016 0133     		adds	r3, r3, #1
  36 0018 B2F5803F 		cmp	r2, #65536
  37 001c 05D0     		beq	.L4
  38 001e 074A     		ldr	r2, .L5+4
  39 0020 B2FBF3F3 		udiv	r3, r2, r3
  40 0024 03FB00F0 		mul	r0, r3, r0
  41 0028 7047     		bx	lr
  42              	.L4:
  43 002a 044A     		ldr	r2, .L5+4
  44 002c B2FBF3F3 		udiv	r3, r2, r3
  45 0030 03FB00F0 		mul	r0, r3, r0
  46 0034 7047     		bx	lr
  47              	.L6:
  48 0036 00BF     		.align	2
  49              	.L5:
  50 0038 00100240 		.word	1073876992
  51 003c 00127A00 		.word	8000000
  53              		.section	.text.HAL_RCCEx_PeriphCLKConfig,"ax",%progbits
  54              		.align	1
  55              		.global	HAL_RCCEx_PeriphCLKConfig
  56              		.syntax unified
  57              		.thumb
  58              		.thumb_func
  60              	HAL_RCCEx_PeriphCLKConfig:
ARM GAS  C:\Temp\ccPlol7I.s 			page 2


  61              		@ args = 0, pretend = 0, frame = 8
  62              		@ frame_needed = 0, uses_anonymous_args = 0
  63 0000 F0B5     		push	{r4, r5, r6, r7, lr}
  64 0002 83B0     		sub	sp, sp, #12
  65 0004 0446     		mov	r4, r0
  66 0006 0368     		ldr	r3, [r0]
  67 0008 13F4803F 		tst	r3, #65536
  68 000c 48D0     		beq	.L8
  69 000e A14B     		ldr	r3, .L46
  70 0010 DB69     		ldr	r3, [r3, #28]
  71 0012 13F0805F 		tst	r3, #268435456
  72 0016 40F02181 		bne	.L38
  73 001a 9E4B     		ldr	r3, .L46
  74 001c DA69     		ldr	r2, [r3, #28]
  75 001e 42F08052 		orr	r2, r2, #268435456
  76 0022 DA61     		str	r2, [r3, #28]
  77 0024 DB69     		ldr	r3, [r3, #28]
  78 0026 03F08053 		and	r3, r3, #268435456
  79 002a 0193     		str	r3, [sp, #4]
  80 002c 019B     		ldr	r3, [sp, #4]
  81 002e 0125     		movs	r5, #1
  82              	.L9:
  83 0030 994B     		ldr	r3, .L46+4
  84 0032 1B68     		ldr	r3, [r3]
  85 0034 13F4807F 		tst	r3, #256
  86 0038 00F01281 		beq	.L43
  87              	.L10:
  88 003c 954B     		ldr	r3, .L46
  89 003e 1B6A     		ldr	r3, [r3, #32]
  90 0040 13F44073 		ands	r3, r3, #768
  91 0044 22D0     		beq	.L14
  92 0046 6268     		ldr	r2, [r4, #4]
  93 0048 02F44072 		and	r2, r2, #768
  94 004c 9A42     		cmp	r2, r3
  95 004e 1DD0     		beq	.L14
  96 0050 9048     		ldr	r0, .L46
  97 0052 016A     		ldr	r1, [r0, #32]
  98 0054 21F44076 		bic	r6, r1, #768
  99 0058 4FF48033 		mov	r3, #65536
 100              		.syntax unified
 101              	@ 988 "Drivers/CMSIS/Include/cmsis_gcc.h" 1
 102 005c 93FAA3F2 		rbit r2, r3
 103              	@ 0 "" 2
 104              		.thumb
 105              		.syntax unified
 106 0060 B2FA82F2 		clz	r2, r2
 107 0064 8D4F     		ldr	r7, .L46+8
 108 0066 3A44     		add	r2, r2, r7
 109 0068 9200     		lsls	r2, r2, #2
 110 006a 4FF0010C 		mov	ip, #1
 111 006e C2F800C0 		str	ip, [r2]
 112              		.syntax unified
 113              	@ 988 "Drivers/CMSIS/Include/cmsis_gcc.h" 1
 114 0072 93FAA3F3 		rbit r3, r3
 115              	@ 0 "" 2
 116              		.thumb
 117              		.syntax unified
ARM GAS  C:\Temp\ccPlol7I.s 			page 3


 118 0076 B3FA83F3 		clz	r3, r3
 119 007a 3B44     		add	r3, r3, r7
 120 007c 9B00     		lsls	r3, r3, #2
 121 007e 0022     		movs	r2, #0
 122 0080 1A60     		str	r2, [r3]
 123 0082 0662     		str	r6, [r0, #32]
 124 0084 11F0010F 		tst	r1, #1
 125 0088 40F0FF80 		bne	.L44
 126              	.L14:
 127 008c 814A     		ldr	r2, .L46
 128 008e 136A     		ldr	r3, [r2, #32]
 129 0090 23F44073 		bic	r3, r3, #768
 130 0094 6168     		ldr	r1, [r4, #4]
 131 0096 0B43     		orrs	r3, r3, r1
 132 0098 1362     		str	r3, [r2, #32]
 133 009a 002D     		cmp	r5, #0
 134 009c 40F02381 		bne	.L45
 135              	.L8:
 136 00a0 2368     		ldr	r3, [r4]
 137 00a2 13F0010F 		tst	r3, #1
 138 00a6 06D0     		beq	.L19
 139 00a8 7A4A     		ldr	r2, .L46
 140 00aa 136B     		ldr	r3, [r2, #48]
 141 00ac 23F00303 		bic	r3, r3, #3
 142 00b0 A168     		ldr	r1, [r4, #8]
 143 00b2 0B43     		orrs	r3, r3, r1
 144 00b4 1363     		str	r3, [r2, #48]
 145              	.L19:
 146 00b6 2368     		ldr	r3, [r4]
 147 00b8 13F0020F 		tst	r3, #2
 148 00bc 06D0     		beq	.L20
 149 00be 754A     		ldr	r2, .L46
 150 00c0 136B     		ldr	r3, [r2, #48]
 151 00c2 23F44033 		bic	r3, r3, #196608
 152 00c6 E168     		ldr	r1, [r4, #12]
 153 00c8 0B43     		orrs	r3, r3, r1
 154 00ca 1363     		str	r3, [r2, #48]
 155              	.L20:
 156 00cc 2368     		ldr	r3, [r4]
 157 00ce 13F0040F 		tst	r3, #4
 158 00d2 06D0     		beq	.L21
 159 00d4 6F4A     		ldr	r2, .L46
 160 00d6 136B     		ldr	r3, [r2, #48]
 161 00d8 23F44023 		bic	r3, r3, #786432
 162 00dc 2169     		ldr	r1, [r4, #16]
 163 00de 0B43     		orrs	r3, r3, r1
 164 00e0 1363     		str	r3, [r2, #48]
 165              	.L21:
 166 00e2 2368     		ldr	r3, [r4]
 167 00e4 13F0200F 		tst	r3, #32
 168 00e8 06D0     		beq	.L22
 169 00ea 6A4A     		ldr	r2, .L46
 170 00ec 136B     		ldr	r3, [r2, #48]
 171 00ee 23F01003 		bic	r3, r3, #16
 172 00f2 E169     		ldr	r1, [r4, #28]
 173 00f4 0B43     		orrs	r3, r3, r1
 174 00f6 1363     		str	r3, [r2, #48]
ARM GAS  C:\Temp\ccPlol7I.s 			page 4


 175              	.L22:
 176 00f8 2368     		ldr	r3, [r4]
 177 00fa 13F4003F 		tst	r3, #131072
 178 00fe 06D0     		beq	.L23
 179 0100 644A     		ldr	r2, .L46
 180 0102 5368     		ldr	r3, [r2, #4]
 181 0104 23F48003 		bic	r3, r3, #4194304
 182 0108 616D     		ldr	r1, [r4, #84]
 183 010a 0B43     		orrs	r3, r3, r1
 184 010c 5360     		str	r3, [r2, #4]
 185              	.L23:
 186 010e 2368     		ldr	r3, [r4]
 187 0110 13F0400F 		tst	r3, #64
 188 0114 06D0     		beq	.L24
 189 0116 5F4A     		ldr	r2, .L46
 190 0118 136B     		ldr	r3, [r2, #48]
 191 011a 23F02003 		bic	r3, r3, #32
 192 011e 216A     		ldr	r1, [r4, #32]
 193 0120 0B43     		orrs	r3, r3, r1
 194 0122 1363     		str	r3, [r2, #48]
 195              	.L24:
 196 0124 2368     		ldr	r3, [r4]
 197 0126 13F4802F 		tst	r3, #262144
 198 012a 06D0     		beq	.L25
 199 012c 594A     		ldr	r2, .L46
 200 012e 136B     		ldr	r3, [r2, #48]
 201 0130 23F04003 		bic	r3, r3, #64
 202 0134 616A     		ldr	r1, [r4, #36]
 203 0136 0B43     		orrs	r3, r3, r1
 204 0138 1363     		str	r3, [r2, #48]
 205              	.L25:
 206 013a 2368     		ldr	r3, [r4]
 207 013c 13F0080F 		tst	r3, #8
 208 0140 06D0     		beq	.L26
 209 0142 544A     		ldr	r2, .L46
 210 0144 136B     		ldr	r3, [r2, #48]
 211 0146 23F44013 		bic	r3, r3, #3145728
 212 014a 6169     		ldr	r1, [r4, #20]
 213 014c 0B43     		orrs	r3, r3, r1
 214 014e 1363     		str	r3, [r2, #48]
 215              	.L26:
 216 0150 2368     		ldr	r3, [r4]
 217 0152 13F0100F 		tst	r3, #16
 218 0156 06D0     		beq	.L27
 219 0158 4E4A     		ldr	r2, .L46
 220 015a 136B     		ldr	r3, [r2, #48]
 221 015c 23F44003 		bic	r3, r3, #12582912
 222 0160 A169     		ldr	r1, [r4, #24]
 223 0162 0B43     		orrs	r3, r3, r1
 224 0164 1363     		str	r3, [r2, #48]
 225              	.L27:
 226 0166 2368     		ldr	r3, [r4]
 227 0168 13F4007F 		tst	r3, #512
 228 016c 06D0     		beq	.L28
 229 016e 494A     		ldr	r2, .L46
 230 0170 5368     		ldr	r3, [r2, #4]
 231 0172 23F40003 		bic	r3, r3, #8388608
ARM GAS  C:\Temp\ccPlol7I.s 			page 5


 232 0176 216B     		ldr	r1, [r4, #48]
 233 0178 0B43     		orrs	r3, r3, r1
 234 017a 5360     		str	r3, [r2, #4]
 235              	.L28:
 236 017c 2368     		ldr	r3, [r4]
 237 017e 13F0800F 		tst	r3, #128
 238 0182 06D0     		beq	.L29
 239 0184 434A     		ldr	r2, .L46
 240 0186 D36A     		ldr	r3, [r2, #44]
 241 0188 23F4F873 		bic	r3, r3, #496
 242 018c A16A     		ldr	r1, [r4, #40]
 243 018e 0B43     		orrs	r3, r3, r1
 244 0190 D362     		str	r3, [r2, #44]
 245              	.L29:
 246 0192 2368     		ldr	r3, [r4]
 247 0194 13F4807F 		tst	r3, #256
 248 0198 06D0     		beq	.L30
 249 019a 3E4A     		ldr	r2, .L46
 250 019c D36A     		ldr	r3, [r2, #44]
 251 019e 23F47853 		bic	r3, r3, #15872
 252 01a2 E16A     		ldr	r1, [r4, #44]
 253 01a4 0B43     		orrs	r3, r3, r1
 254 01a6 D362     		str	r3, [r2, #44]
 255              	.L30:
 256 01a8 2368     		ldr	r3, [r4]
 257 01aa 13F4805F 		tst	r3, #4096
 258 01ae 06D0     		beq	.L31
 259 01b0 384A     		ldr	r2, .L46
 260 01b2 136B     		ldr	r3, [r2, #48]
 261 01b4 23F48073 		bic	r3, r3, #256
 262 01b8 616B     		ldr	r1, [r4, #52]
 263 01ba 0B43     		orrs	r3, r3, r1
 264 01bc 1363     		str	r3, [r2, #48]
 265              	.L31:
 266 01be 2368     		ldr	r3, [r4]
 267 01c0 13F4005F 		tst	r3, #8192
 268 01c4 06D0     		beq	.L32
 269 01c6 334A     		ldr	r2, .L46
 270 01c8 136B     		ldr	r3, [r2, #48]
 271 01ca 23F40073 		bic	r3, r3, #512
 272 01ce 216C     		ldr	r1, [r4, #64]
 273 01d0 0B43     		orrs	r3, r3, r1
 274 01d2 1363     		str	r3, [r2, #48]
 275              	.L32:
 276 01d4 2368     		ldr	r3, [r4]
 277 01d6 13F4801F 		tst	r3, #1048576
 278 01da 06D0     		beq	.L33
 279 01dc 2D4A     		ldr	r2, .L46
 280 01de 136B     		ldr	r3, [r2, #48]
 281 01e0 23F08073 		bic	r3, r3, #16777216
 282 01e4 A16B     		ldr	r1, [r4, #56]
 283 01e6 0B43     		orrs	r3, r3, r1
 284 01e8 1363     		str	r3, [r2, #48]
 285              	.L33:
 286 01ea 2368     		ldr	r3, [r4]
 287 01ec 13F4001F 		tst	r3, #2097152
 288 01f0 06D0     		beq	.L34
ARM GAS  C:\Temp\ccPlol7I.s 			page 6


 289 01f2 284A     		ldr	r2, .L46
 290 01f4 136B     		ldr	r3, [r2, #48]
 291 01f6 23F00073 		bic	r3, r3, #33554432
 292 01fa E16B     		ldr	r1, [r4, #60]
 293 01fc 0B43     		orrs	r3, r3, r1
 294 01fe 1363     		str	r3, [r2, #48]
 295              	.L34:
 296 0200 2368     		ldr	r3, [r4]
 297 0202 13F4800F 		tst	r3, #4194304
 298 0206 06D0     		beq	.L35
 299 0208 224A     		ldr	r2, .L46
 300 020a 136B     		ldr	r3, [r2, #48]
 301 020c 23F48063 		bic	r3, r3, #1024
 302 0210 616C     		ldr	r1, [r4, #68]
 303 0212 0B43     		orrs	r3, r3, r1
 304 0214 1363     		str	r3, [r2, #48]
 305              	.L35:
 306 0216 2368     		ldr	r3, [r4]
 307 0218 13F4000F 		tst	r3, #8388608
 308 021c 06D0     		beq	.L36
 309 021e 1D4A     		ldr	r2, .L46
 310 0220 136B     		ldr	r3, [r2, #48]
 311 0222 23F40063 		bic	r3, r3, #2048
 312 0226 A16C     		ldr	r1, [r4, #72]
 313 0228 0B43     		orrs	r3, r3, r1
 314 022a 1363     		str	r3, [r2, #48]
 315              	.L36:
 316 022c 2368     		ldr	r3, [r4]
 317 022e 13F0807F 		tst	r3, #16777216
 318 0232 06D0     		beq	.L37
 319 0234 174A     		ldr	r2, .L46
 320 0236 136B     		ldr	r3, [r2, #48]
 321 0238 23F40053 		bic	r3, r3, #8192
 322 023c E16C     		ldr	r1, [r4, #76]
 323 023e 0B43     		orrs	r3, r3, r1
 324 0240 1363     		str	r3, [r2, #48]
 325              	.L37:
 326 0242 2368     		ldr	r3, [r4]
 327 0244 13F0007F 		tst	r3, #33554432
 328 0248 54D0     		beq	.L41
 329 024a 124A     		ldr	r2, .L46
 330 024c 136B     		ldr	r3, [r2, #48]
 331 024e 23F40043 		bic	r3, r3, #32768
 332 0252 216D     		ldr	r1, [r4, #80]
 333 0254 0B43     		orrs	r3, r3, r1
 334 0256 1363     		str	r3, [r2, #48]
 335 0258 0020     		movs	r0, #0
 336 025a 4CE0     		b	.L12
 337              	.L38:
 338 025c 0025     		movs	r5, #0
 339 025e E7E6     		b	.L9
 340              	.L43:
 341 0260 0D4A     		ldr	r2, .L46+4
 342 0262 1368     		ldr	r3, [r2]
 343 0264 43F48073 		orr	r3, r3, #256
 344 0268 1360     		str	r3, [r2]
 345 026a FFF7FEFF 		bl	HAL_GetTick
ARM GAS  C:\Temp\ccPlol7I.s 			page 7


 346 026e 0646     		mov	r6, r0
 347              	.L11:
 348 0270 094B     		ldr	r3, .L46+4
 349 0272 1B68     		ldr	r3, [r3]
 350 0274 13F4807F 		tst	r3, #256
 351 0278 7FF4E0AE 		bne	.L10
 352 027c FFF7FEFF 		bl	HAL_GetTick
 353 0280 801B     		subs	r0, r0, r6
 354 0282 6428     		cmp	r0, #100
 355 0284 F4D9     		bls	.L11
 356 0286 0320     		movs	r0, #3
 357 0288 35E0     		b	.L12
 358              	.L44:
 359 028a FFF7FEFF 		bl	HAL_GetTick
 360 028e 0646     		mov	r6, r0
 361 0290 1FE0     		b	.L15
 362              	.L47:
 363 0292 00BF     		.align	2
 364              	.L46:
 365 0294 00100240 		.word	1073876992
 366 0298 00700040 		.word	1073770496
 367 029c 00819010 		.word	277905664
 368              	.L16:
 369 02a0 0223     		movs	r3, #2
 370              		.syntax unified
 371              	@ 988 "Drivers/CMSIS/Include/cmsis_gcc.h" 1
 372 02a2 93FAA3F3 		rbit r3, r3
 373              	@ 0 "" 2
 374              		.thumb
 375              		.syntax unified
 376 02a6 154B     		ldr	r3, .L48
 377 02a8 596A     		ldr	r1, [r3, #36]
 378              	.L17:
 379 02aa 0223     		movs	r3, #2
 380              		.syntax unified
 381              	@ 988 "Drivers/CMSIS/Include/cmsis_gcc.h" 1
 382 02ac 93FAA3F3 		rbit r3, r3
 383              	@ 0 "" 2
 384              		.thumb
 385              		.syntax unified
 386 02b0 B3FA83F3 		clz	r3, r3
 387 02b4 03F01F03 		and	r3, r3, #31
 388 02b8 0122     		movs	r2, #1
 389 02ba 02FA03F3 		lsl	r3, r2, r3
 390 02be 0B42     		tst	r3, r1
 391 02c0 7FF4E4AE 		bne	.L14
 392 02c4 FFF7FEFF 		bl	HAL_GetTick
 393 02c8 801B     		subs	r0, r0, r6
 394 02ca 41F28833 		movw	r3, #5000
 395 02ce 9842     		cmp	r0, r3
 396 02d0 0ED8     		bhi	.L40
 397              	.L15:
 398 02d2 0223     		movs	r3, #2
 399              		.syntax unified
 400              	@ 988 "Drivers/CMSIS/Include/cmsis_gcc.h" 1
 401 02d4 93FAA3F2 		rbit r2, r3
 402              	@ 0 "" 2
ARM GAS  C:\Temp\ccPlol7I.s 			page 8


 403              	@ 988 "Drivers/CMSIS/Include/cmsis_gcc.h" 1
 404 02d8 93FAA3F3 		rbit r3, r3
 405              	@ 0 "" 2
 406              		.thumb
 407              		.syntax unified
 408 02dc 002B     		cmp	r3, #0
 409 02de DFD0     		beq	.L16
 410 02e0 064B     		ldr	r3, .L48
 411 02e2 196A     		ldr	r1, [r3, #32]
 412 02e4 E1E7     		b	.L17
 413              	.L45:
 414 02e6 D369     		ldr	r3, [r2, #28]
 415 02e8 23F08053 		bic	r3, r3, #268435456
 416 02ec D361     		str	r3, [r2, #28]
 417 02ee D7E6     		b	.L8
 418              	.L40:
 419 02f0 0320     		movs	r0, #3
 420 02f2 00E0     		b	.L12
 421              	.L41:
 422 02f4 0020     		movs	r0, #0
 423              	.L12:
 424 02f6 03B0     		add	sp, sp, #12
 425              		@ sp needed
 426 02f8 F0BD     		pop	{r4, r5, r6, r7, pc}
 427              	.L49:
 428 02fa 00BF     		.align	2
 429              	.L48:
 430 02fc 00100240 		.word	1073876992
 432              		.section	.text.HAL_RCCEx_GetPeriphCLKConfig,"ax",%progbits
 433              		.align	1
 434              		.global	HAL_RCCEx_GetPeriphCLKConfig
 435              		.syntax unified
 436              		.thumb
 437              		.thumb_func
 439              	HAL_RCCEx_GetPeriphCLKConfig:
 440              		@ args = 0, pretend = 0, frame = 0
 441              		@ frame_needed = 0, uses_anonymous_args = 0
 442              		@ link register save eliminated.
 443 0000 3A4B     		ldr	r3, .L51
 444 0002 0360     		str	r3, [r0]
 445 0004 3A4B     		ldr	r3, .L51+4
 446 0006 1A6A     		ldr	r2, [r3, #32]
 447 0008 02F44072 		and	r2, r2, #768
 448 000c 4260     		str	r2, [r0, #4]
 449 000e 1A6B     		ldr	r2, [r3, #48]
 450 0010 02F00302 		and	r2, r2, #3
 451 0014 8260     		str	r2, [r0, #8]
 452 0016 1A6B     		ldr	r2, [r3, #48]
 453 0018 02F44032 		and	r2, r2, #196608
 454 001c C260     		str	r2, [r0, #12]
 455 001e 1A6B     		ldr	r2, [r3, #48]
 456 0020 02F44022 		and	r2, r2, #786432
 457 0024 0261     		str	r2, [r0, #16]
 458 0026 1A6B     		ldr	r2, [r3, #48]
 459 0028 02F01002 		and	r2, r2, #16
 460 002c C261     		str	r2, [r0, #28]
 461 002e 314A     		ldr	r2, .L51+8
ARM GAS  C:\Temp\ccPlol7I.s 			page 9


 462 0030 0260     		str	r2, [r0]
 463 0032 5A68     		ldr	r2, [r3, #4]
 464 0034 02F48002 		and	r2, r2, #4194304
 465 0038 4265     		str	r2, [r0, #84]
 466 003a 2F4A     		ldr	r2, .L51+12
 467 003c 0260     		str	r2, [r0]
 468 003e 1A6B     		ldr	r2, [r3, #48]
 469 0040 02F02002 		and	r2, r2, #32
 470 0044 0262     		str	r2, [r0, #32]
 471 0046 2D4A     		ldr	r2, .L51+16
 472 0048 0260     		str	r2, [r0]
 473 004a 1A6B     		ldr	r2, [r3, #48]
 474 004c 02F04002 		and	r2, r2, #64
 475 0050 4262     		str	r2, [r0, #36]
 476 0052 2B4A     		ldr	r2, .L51+20
 477 0054 0260     		str	r2, [r0]
 478 0056 1A6B     		ldr	r2, [r3, #48]
 479 0058 02F44012 		and	r2, r2, #3145728
 480 005c 4261     		str	r2, [r0, #20]
 481 005e 1A6B     		ldr	r2, [r3, #48]
 482 0060 02F44002 		and	r2, r2, #12582912
 483 0064 8261     		str	r2, [r0, #24]
 484 0066 274A     		ldr	r2, .L51+24
 485 0068 0260     		str	r2, [r0]
 486 006a 5A68     		ldr	r2, [r3, #4]
 487 006c 02F40002 		and	r2, r2, #8388608
 488 0070 0263     		str	r2, [r0, #48]
 489 0072 254A     		ldr	r2, .L51+28
 490 0074 0260     		str	r2, [r0]
 491 0076 DA6A     		ldr	r2, [r3, #44]
 492 0078 02F4F872 		and	r2, r2, #496
 493 007c 8262     		str	r2, [r0, #40]
 494 007e 234A     		ldr	r2, .L51+32
 495 0080 0260     		str	r2, [r0]
 496 0082 DA6A     		ldr	r2, [r3, #44]
 497 0084 02F47852 		and	r2, r2, #15872
 498 0088 C262     		str	r2, [r0, #44]
 499 008a 214A     		ldr	r2, .L51+36
 500 008c 0260     		str	r2, [r0]
 501 008e 1A6B     		ldr	r2, [r3, #48]
 502 0090 02F48072 		and	r2, r2, #256
 503 0094 4263     		str	r2, [r0, #52]
 504 0096 1F4A     		ldr	r2, .L51+40
 505 0098 0260     		str	r2, [r0]
 506 009a 1A6B     		ldr	r2, [r3, #48]
 507 009c 02F40072 		and	r2, r2, #512
 508 00a0 0264     		str	r2, [r0, #64]
 509 00a2 1D4A     		ldr	r2, .L51+44
 510 00a4 0260     		str	r2, [r0]
 511 00a6 1A6B     		ldr	r2, [r3, #48]
 512 00a8 02F08072 		and	r2, r2, #16777216
 513 00ac 8263     		str	r2, [r0, #56]
 514 00ae 1B4A     		ldr	r2, .L51+48
 515 00b0 0260     		str	r2, [r0]
 516 00b2 1A6B     		ldr	r2, [r3, #48]
 517 00b4 02F00072 		and	r2, r2, #33554432
 518 00b8 C263     		str	r2, [r0, #60]
ARM GAS  C:\Temp\ccPlol7I.s 			page 10


 519 00ba 194A     		ldr	r2, .L51+52
 520 00bc 0260     		str	r2, [r0]
 521 00be 1A6B     		ldr	r2, [r3, #48]
 522 00c0 02F48062 		and	r2, r2, #1024
 523 00c4 4264     		str	r2, [r0, #68]
 524 00c6 174A     		ldr	r2, .L51+56
 525 00c8 0260     		str	r2, [r0]
 526 00ca 1A6B     		ldr	r2, [r3, #48]
 527 00cc 02F40062 		and	r2, r2, #2048
 528 00d0 8264     		str	r2, [r0, #72]
 529 00d2 154A     		ldr	r2, .L51+60
 530 00d4 0260     		str	r2, [r0]
 531 00d6 1A6B     		ldr	r2, [r3, #48]
 532 00d8 02F40052 		and	r2, r2, #8192
 533 00dc C264     		str	r2, [r0, #76]
 534 00de 134A     		ldr	r2, .L51+64
 535 00e0 0260     		str	r2, [r0]
 536 00e2 1B6B     		ldr	r3, [r3, #48]
 537 00e4 03F40043 		and	r3, r3, #32768
 538 00e8 0365     		str	r3, [r0, #80]
 539 00ea 7047     		bx	lr
 540              	.L52:
 541              		.align	2
 542              	.L51:
 543 00ec 27000100 		.word	65575
 544 00f0 00100240 		.word	1073876992
 545 00f4 27000300 		.word	196647
 546 00f8 67000300 		.word	196711
 547 00fc 67000700 		.word	458855
 548 0100 7F000700 		.word	458879
 549 0104 7F020700 		.word	459391
 550 0108 FF020700 		.word	459519
 551 010c FF030700 		.word	459775
 552 0110 FF130700 		.word	463871
 553 0114 FF330700 		.word	472063
 554 0118 FF331700 		.word	1520639
 555 011c FF333700 		.word	3617791
 556 0120 FF337700 		.word	7812095
 557 0124 FF33F700 		.word	16200703
 558 0128 FF33F701 		.word	32977919
 559 012c FF33F703 		.word	66532351
 561              		.section	.text.HAL_RCCEx_GetPeriphCLKFreq,"ax",%progbits
 562              		.align	1
 563              		.global	HAL_RCCEx_GetPeriphCLKFreq
 564              		.syntax unified
 565              		.thumb
 566              		.thumb_func
 568              	HAL_RCCEx_GetPeriphCLKFreq:
 569              		@ args = 0, pretend = 0, frame = 0
 570              		@ frame_needed = 0, uses_anonymous_args = 0
 571 0000 10B5     		push	{r4, lr}
 572 0002 B0F5805F 		cmp	r0, #4096
 573 0006 00F00C82 		beq	.L54
 574 000a 4CD8     		bhi	.L55
 575 000c 2028     		cmp	r0, #32
 576 000e 28D8     		bhi	.L56
 577 0010 0028     		cmp	r0, #0
ARM GAS  C:\Temp\ccPlol7I.s 			page 11


 578 0012 00F05F82 		beq	.L114
 579 0016 0138     		subs	r0, r0, #1
 580 0018 1F28     		cmp	r0, #31
 581 001a 00F25D82 		bhi	.L115
 582 001e DFE810F0 		tbh	[pc, r0, lsl #1]
 583              	.L59:
 584 0022 C500     		.2byte	(.L64-.L59)/2
 585 0024 E800     		.2byte	(.L63-.L59)/2
 586 0026 5B02     		.2byte	(.L115-.L59)/2
 587 0028 1101     		.2byte	(.L62-.L59)/2
 588 002a 5B02     		.2byte	(.L115-.L59)/2
 589 002c 5B02     		.2byte	(.L115-.L59)/2
 590 002e 5B02     		.2byte	(.L115-.L59)/2
 591 0030 3A01     		.2byte	(.L61-.L59)/2
 592 0032 5B02     		.2byte	(.L115-.L59)/2
 593 0034 5B02     		.2byte	(.L115-.L59)/2
 594 0036 5B02     		.2byte	(.L115-.L59)/2
 595 0038 5B02     		.2byte	(.L115-.L59)/2
 596 003a 5B02     		.2byte	(.L115-.L59)/2
 597 003c 5B02     		.2byte	(.L115-.L59)/2
 598 003e 5B02     		.2byte	(.L115-.L59)/2
 599 0040 6B01     		.2byte	(.L60-.L59)/2
 600 0042 5B02     		.2byte	(.L115-.L59)/2
 601 0044 5B02     		.2byte	(.L115-.L59)/2
 602 0046 5B02     		.2byte	(.L115-.L59)/2
 603 0048 5B02     		.2byte	(.L115-.L59)/2
 604 004a 5B02     		.2byte	(.L115-.L59)/2
 605 004c 5B02     		.2byte	(.L115-.L59)/2
 606 004e 5B02     		.2byte	(.L115-.L59)/2
 607 0050 5B02     		.2byte	(.L115-.L59)/2
 608 0052 5B02     		.2byte	(.L115-.L59)/2
 609 0054 5B02     		.2byte	(.L115-.L59)/2
 610 0056 5B02     		.2byte	(.L115-.L59)/2
 611 0058 5B02     		.2byte	(.L115-.L59)/2
 612 005a 5B02     		.2byte	(.L115-.L59)/2
 613 005c 5B02     		.2byte	(.L115-.L59)/2
 614 005e 5B02     		.2byte	(.L115-.L59)/2
 615 0060 9401     		.2byte	(.L58-.L59)/2
 616              		.p2align 1
 617              	.L56:
 618 0062 B0F5807F 		cmp	r0, #256
 619 0066 00F0C581 		beq	.L65
 620 006a 0AD9     		bls	.L137
 621 006c B0F5007F 		cmp	r0, #512
 622 0070 17D1     		bne	.L138
 623 0072 9C4B     		ldr	r3, .L171
 624 0074 5B68     		ldr	r3, [r3, #4]
 625 0076 13F4000F 		tst	r3, #8388608
 626 007a 00F09681 		beq	.L139
 627 007e 9A48     		ldr	r0, .L171+4
 628 0080 2BE2     		b	.L53
 629              	.L137:
 630 0082 4028     		cmp	r0, #64
 631 0084 00F07181 		beq	.L67
 632 0088 8028     		cmp	r0, #128
 633 008a 08D1     		bne	.L140
 634 008c 954B     		ldr	r3, .L171
ARM GAS  C:\Temp\ccPlol7I.s 			page 12


 635 008e DC6A     		ldr	r4, [r3, #44]
 636 0090 14F4F874 		ands	r4, r4, #496
 637 0094 40F09F81 		bne	.L104
 638 0098 944B     		ldr	r3, .L171+8
 639 009a 1868     		ldr	r0, [r3]
 640 009c 1DE2     		b	.L53
 641              	.L140:
 642 009e 0020     		movs	r0, #0
 643 00a0 1BE2     		b	.L53
 644              	.L138:
 645 00a2 0020     		movs	r0, #0
 646 00a4 19E2     		b	.L53
 647              	.L55:
 648 00a6 B0F5001F 		cmp	r0, #2097152
 649 00aa 00F00382 		beq	.L70
 650 00ae 16D9     		bls	.L141
 651 00b0 B0F1807F 		cmp	r0, #16777216
 652 00b4 00F0EB81 		beq	.L78
 653 00b8 46D9     		bls	.L142
 654 00ba B0F1007F 		cmp	r0, #33554432
 655 00be 5BD1     		bne	.L143
 656 00c0 884B     		ldr	r3, .L171
 657 00c2 1B6B     		ldr	r3, [r3, #48]
 658 00c4 13F4004F 		tst	r3, #32768
 659 00c8 00F0F181 		beq	.L112
 660 00cc 854B     		ldr	r3, .L171
 661 00ce 1868     		ldr	r0, [r3]
 662 00d0 10F00070 		ands	r0, r0, #33554432
 663 00d4 00F00182 		beq	.L53
 664 00d8 FFF7FEFF 		bl	RCC_GetPLLCLKFreq
 665 00dc FDE1     		b	.L53
 666              	.L141:
 667 00de B0F5003F 		cmp	r0, #131072
 668 00e2 00F06581 		beq	.L72
 669 00e6 15D9     		bls	.L144
 670 00e8 B0F5802F 		cmp	r0, #262144
 671 00ec 00F04D81 		beq	.L76
 672 00f0 B0F5801F 		cmp	r0, #1048576
 673 00f4 26D1     		bne	.L145
 674 00f6 7B4B     		ldr	r3, .L171
 675 00f8 1B6B     		ldr	r3, [r3, #48]
 676 00fa 13F0807F 		tst	r3, #16777216
 677 00fe 00F0A081 		beq	.L107
 678 0102 784B     		ldr	r3, .L171
 679 0104 1868     		ldr	r0, [r3]
 680 0106 10F00070 		ands	r0, r0, #33554432
 681 010a 00F0E681 		beq	.L53
 682 010e FFF7FEFF 		bl	RCC_GetPLLCLKFreq
 683 0112 E2E1     		b	.L53
 684              	.L144:
 685 0114 B0F5005F 		cmp	r0, #8192
 686 0118 00F09681 		beq	.L74
 687 011c B0F5803F 		cmp	r0, #65536
 688 0120 0ED1     		bne	.L146
 689 0122 704B     		ldr	r3, .L171
 690 0124 1B6A     		ldr	r3, [r3, #32]
 691 0126 03F44073 		and	r3, r3, #768
ARM GAS  C:\Temp\ccPlol7I.s 			page 13


 692 012a B3F5807F 		cmp	r3, #256
 693 012e 25D0     		beq	.L147
 694              	.L83:
 695 0130 B3F5007F 		cmp	r3, #512
 696 0134 2AD0     		beq	.L148
 697              	.L84:
 698 0136 B3F5407F 		cmp	r3, #768
 699 013a 2FD0     		beq	.L149
 700 013c 0020     		movs	r0, #0
 701 013e CCE1     		b	.L53
 702              	.L146:
 703 0140 0020     		movs	r0, #0
 704 0142 CAE1     		b	.L53
 705              	.L145:
 706 0144 0020     		movs	r0, #0
 707 0146 C8E1     		b	.L53
 708              	.L142:
 709 0148 B0F5800F 		cmp	r0, #4194304
 710 014c 00F08C81 		beq	.L80
 711 0150 B0F5000F 		cmp	r0, #8388608
 712 0154 0ED1     		bne	.L150
 713 0156 634B     		ldr	r3, .L171
 714 0158 1B6B     		ldr	r3, [r3, #48]
 715 015a 13F4006F 		tst	r3, #2048
 716 015e 00F09381 		beq	.L110
 717 0162 604B     		ldr	r3, .L171
 718 0164 1868     		ldr	r0, [r3]
 719 0166 10F00070 		ands	r0, r0, #33554432
 720 016a 00F0B681 		beq	.L53
 721 016e FFF7FEFF 		bl	RCC_GetPLLCLKFreq
 722 0172 B2E1     		b	.L53
 723              	.L150:
 724 0174 0020     		movs	r0, #0
 725 0176 B0E1     		b	.L53
 726              	.L143:
 727 0178 0020     		movs	r0, #0
 728 017a AEE1     		b	.L53
 729              	.L147:
 730 017c 594A     		ldr	r2, .L171
 731 017e 126A     		ldr	r2, [r2, #32]
 732 0180 12F0020F 		tst	r2, #2
 733 0184 D4D0     		beq	.L83
 734 0186 4FF40040 		mov	r0, #32768
 735 018a A6E1     		b	.L53
 736              	.L148:
 737 018c 554A     		ldr	r2, .L171
 738 018e 526A     		ldr	r2, [r2, #36]
 739 0190 12F0020F 		tst	r2, #2
 740 0194 CFD0     		beq	.L84
 741 0196 49F64040 		movw	r0, #40000
 742 019a 9EE1     		b	.L53
 743              	.L149:
 744 019c 514B     		ldr	r3, .L171
 745 019e 1868     		ldr	r0, [r3]
 746 01a0 10F40030 		ands	r0, r0, #131072
 747 01a4 00F09981 		beq	.L53
 748 01a8 5148     		ldr	r0, .L171+12
ARM GAS  C:\Temp\ccPlol7I.s 			page 14


 749 01aa 96E1     		b	.L53
 750              	.L64:
 751 01ac 4D4B     		ldr	r3, .L171
 752 01ae 1B6B     		ldr	r3, [r3, #48]
 753 01b0 13F00303 		ands	r3, r3, #3
 754 01b4 07D0     		beq	.L151
 755 01b6 032B     		cmp	r3, #3
 756 01b8 08D0     		beq	.L152
 757              	.L86:
 758 01ba 012B     		cmp	r3, #1
 759 01bc 0DD0     		beq	.L153
 760 01be 022B     		cmp	r3, #2
 761 01c0 0ED0     		beq	.L154
 762 01c2 0020     		movs	r0, #0
 763 01c4 89E1     		b	.L53
 764              	.L151:
 765 01c6 FFF7FEFF 		bl	HAL_RCC_GetPCLK2Freq
 766 01ca 86E1     		b	.L53
 767              	.L152:
 768 01cc 454A     		ldr	r2, .L171
 769 01ce 1268     		ldr	r2, [r2]
 770 01d0 12F0020F 		tst	r2, #2
 771 01d4 F1D0     		beq	.L86
 772 01d6 4748     		ldr	r0, .L171+16
 773 01d8 7FE1     		b	.L53
 774              	.L153:
 775 01da FFF7FEFF 		bl	HAL_RCC_GetSysClockFreq
 776 01de 7CE1     		b	.L53
 777              	.L154:
 778 01e0 404B     		ldr	r3, .L171
 779 01e2 186A     		ldr	r0, [r3, #32]
 780 01e4 10F00200 		ands	r0, r0, #2
 781 01e8 00F07781 		beq	.L53
 782 01ec 4FF40040 		mov	r0, #32768
 783 01f0 73E1     		b	.L53
 784              	.L63:
 785 01f2 3C4B     		ldr	r3, .L171
 786 01f4 1B6B     		ldr	r3, [r3, #48]
 787 01f6 13F44033 		ands	r3, r3, #196608
 788 01fa 0AD0     		beq	.L155
 789 01fc B3F5403F 		cmp	r3, #196608
 790 0200 0AD0     		beq	.L156
 791              	.L89:
 792 0202 B3F5803F 		cmp	r3, #65536
 793 0206 0ED0     		beq	.L157
 794 0208 B3F5003F 		cmp	r3, #131072
 795 020c 0ED0     		beq	.L158
 796 020e 0020     		movs	r0, #0
 797 0210 63E1     		b	.L53
 798              	.L155:
 799 0212 FFF7FEFF 		bl	HAL_RCC_GetPCLK1Freq
 800 0216 60E1     		b	.L53
 801              	.L156:
 802 0218 324A     		ldr	r2, .L171
 803 021a 1268     		ldr	r2, [r2]
 804 021c 12F0020F 		tst	r2, #2
 805 0220 EFD0     		beq	.L89
ARM GAS  C:\Temp\ccPlol7I.s 			page 15


 806 0222 3448     		ldr	r0, .L171+16
 807 0224 59E1     		b	.L53
 808              	.L157:
 809 0226 FFF7FEFF 		bl	HAL_RCC_GetSysClockFreq
 810 022a 56E1     		b	.L53
 811              	.L158:
 812 022c 03F18043 		add	r3, r3, #1073741824
 813 0230 03F58053 		add	r3, r3, #4096
 814 0234 186A     		ldr	r0, [r3, #32]
 815 0236 10F00200 		ands	r0, r0, #2
 816 023a 00F04E81 		beq	.L53
 817 023e 4FF40040 		mov	r0, #32768
 818 0242 4AE1     		b	.L53
 819              	.L62:
 820 0244 274B     		ldr	r3, .L171
 821 0246 1B6B     		ldr	r3, [r3, #48]
 822 0248 13F44023 		ands	r3, r3, #786432
 823 024c 0AD0     		beq	.L159
 824 024e B3F5402F 		cmp	r3, #786432
 825 0252 0AD0     		beq	.L160
 826              	.L92:
 827 0254 B3F5802F 		cmp	r3, #262144
 828 0258 0ED0     		beq	.L161
 829 025a B3F5002F 		cmp	r3, #524288
 830 025e 0ED0     		beq	.L162
 831 0260 0020     		movs	r0, #0
 832 0262 3AE1     		b	.L53
 833              	.L159:
 834 0264 FFF7FEFF 		bl	HAL_RCC_GetPCLK1Freq
 835 0268 37E1     		b	.L53
 836              	.L160:
 837 026a 1E4A     		ldr	r2, .L171
 838 026c 1268     		ldr	r2, [r2]
 839 026e 12F0020F 		tst	r2, #2
 840 0272 EFD0     		beq	.L92
 841 0274 1F48     		ldr	r0, .L171+16
 842 0276 30E1     		b	.L53
 843              	.L161:
 844 0278 FFF7FEFF 		bl	HAL_RCC_GetSysClockFreq
 845 027c 2DE1     		b	.L53
 846              	.L162:
 847 027e 03F18043 		add	r3, r3, #1073741824
 848 0282 A3F5BE23 		sub	r3, r3, #389120
 849 0286 186A     		ldr	r0, [r3, #32]
 850 0288 10F00200 		ands	r0, r0, #2
 851 028c 00F02581 		beq	.L53
 852 0290 4FF40040 		mov	r0, #32768
 853 0294 21E1     		b	.L53
 854              	.L61:
 855 0296 134B     		ldr	r3, .L171
 856 0298 1B6B     		ldr	r3, [r3, #48]
 857 029a 13F44013 		ands	r3, r3, #3145728
 858 029e 0AD0     		beq	.L163
 859 02a0 B3F5401F 		cmp	r3, #3145728
 860 02a4 0AD0     		beq	.L164
 861              	.L95:
 862 02a6 B3F5801F 		cmp	r3, #1048576
ARM GAS  C:\Temp\ccPlol7I.s 			page 16


 863 02aa 0ED0     		beq	.L165
 864 02ac B3F5001F 		cmp	r3, #2097152
 865 02b0 0ED0     		beq	.L166
 866 02b2 0020     		movs	r0, #0
 867 02b4 11E1     		b	.L53
 868              	.L163:
 869 02b6 FFF7FEFF 		bl	HAL_RCC_GetPCLK1Freq
 870 02ba 0EE1     		b	.L53
 871              	.L164:
 872 02bc 094A     		ldr	r2, .L171
 873 02be 1268     		ldr	r2, [r2]
 874 02c0 12F0020F 		tst	r2, #2
 875 02c4 EFD0     		beq	.L95
 876 02c6 0B48     		ldr	r0, .L171+16
 877 02c8 07E1     		b	.L53
 878              	.L165:
 879 02ca FFF7FEFF 		bl	HAL_RCC_GetSysClockFreq
 880 02ce 04E1     		b	.L53
 881              	.L166:
 882 02d0 044B     		ldr	r3, .L171
 883 02d2 186A     		ldr	r0, [r3, #32]
 884 02d4 10F00200 		ands	r0, r0, #2
 885 02d8 00F0FF80 		beq	.L53
 886 02dc 4FF40040 		mov	r0, #32768
 887 02e0 FBE0     		b	.L53
 888              	.L172:
 889 02e2 00BF     		.align	2
 890              	.L171:
 891 02e4 00100240 		.word	1073876992
 892 02e8 ADDEADDE 		.word	-559030611
 893 02ec 00000000 		.word	SystemCoreClock
 894 02f0 90D00300 		.word	250000
 895 02f4 00127A00 		.word	8000000
 896              	.L60:
 897 02f8 784B     		ldr	r3, .L173
 898 02fa 1B6B     		ldr	r3, [r3, #48]
 899 02fc 13F44003 		ands	r3, r3, #12582912
 900 0300 0AD0     		beq	.L167
 901 0302 B3F5400F 		cmp	r3, #12582912
 902 0306 0AD0     		beq	.L168
 903              	.L98:
 904 0308 B3F5800F 		cmp	r3, #4194304
 905 030c 0ED0     		beq	.L169
 906 030e B3F5000F 		cmp	r3, #8388608
 907 0312 0ED0     		beq	.L170
 908 0314 0020     		movs	r0, #0
 909 0316 E0E0     		b	.L53
 910              	.L167:
 911 0318 FFF7FEFF 		bl	HAL_RCC_GetPCLK1Freq
 912 031c DDE0     		b	.L53
 913              	.L168:
 914 031e 6F4A     		ldr	r2, .L173
 915 0320 1268     		ldr	r2, [r2]
 916 0322 12F0020F 		tst	r2, #2
 917 0326 EFD0     		beq	.L98
 918 0328 6D48     		ldr	r0, .L173+4
 919 032a D6E0     		b	.L53
ARM GAS  C:\Temp\ccPlol7I.s 			page 17


 920              	.L169:
 921 032c FFF7FEFF 		bl	HAL_RCC_GetSysClockFreq
 922 0330 D3E0     		b	.L53
 923              	.L170:
 924 0332 03F17E53 		add	r3, r3, #1065353216
 925 0336 03F50433 		add	r3, r3, #135168
 926 033a 186A     		ldr	r0, [r3, #32]
 927 033c 10F00200 		ands	r0, r0, #2
 928 0340 00F0CB80 		beq	.L53
 929 0344 4FF40040 		mov	r0, #32768
 930 0348 C7E0     		b	.L53
 931              	.L58:
 932 034a 644B     		ldr	r3, .L173
 933 034c 1B6B     		ldr	r3, [r3, #48]
 934 034e 13F0100F 		tst	r3, #16
 935 0352 07D1     		bne	.L100
 936 0354 614B     		ldr	r3, .L173
 937 0356 1868     		ldr	r0, [r3]
 938 0358 10F00200 		ands	r0, r0, #2
 939 035c 00F0BD80 		beq	.L53
 940 0360 5F48     		ldr	r0, .L173+4
 941 0362 BAE0     		b	.L53
 942              	.L100:
 943 0364 FFF7FEFF 		bl	HAL_RCC_GetSysClockFreq
 944 0368 B7E0     		b	.L53
 945              	.L67:
 946 036a 5C4B     		ldr	r3, .L173
 947 036c 1B6B     		ldr	r3, [r3, #48]
 948 036e 13F0200F 		tst	r3, #32
 949 0372 07D1     		bne	.L101
 950 0374 594B     		ldr	r3, .L173
 951 0376 1868     		ldr	r0, [r3]
 952 0378 10F00200 		ands	r0, r0, #2
 953 037c 00F0AD80 		beq	.L53
 954 0380 5748     		ldr	r0, .L173+4
 955 0382 AAE0     		b	.L53
 956              	.L101:
 957 0384 FFF7FEFF 		bl	HAL_RCC_GetSysClockFreq
 958 0388 A7E0     		b	.L53
 959              	.L76:
 960 038a 544B     		ldr	r3, .L173
 961 038c 1B6B     		ldr	r3, [r3, #48]
 962 038e 13F0400F 		tst	r3, #64
 963 0392 07D1     		bne	.L102
 964 0394 514B     		ldr	r3, .L173
 965 0396 1868     		ldr	r0, [r3]
 966 0398 10F00200 		ands	r0, r0, #2
 967 039c 00F09D80 		beq	.L53
 968 03a0 4F48     		ldr	r0, .L173+4
 969 03a2 9AE0     		b	.L53
 970              	.L102:
 971 03a4 FFF7FEFF 		bl	HAL_RCC_GetSysClockFreq
 972 03a8 97E0     		b	.L53
 973              	.L139:
 974 03aa FFF7FEFF 		bl	HAL_RCC_GetSysClockFreq
 975 03ae 94E0     		b	.L53
 976              	.L72:
ARM GAS  C:\Temp\ccPlol7I.s 			page 18


 977 03b0 4A4B     		ldr	r3, .L173
 978 03b2 1868     		ldr	r0, [r3]
 979 03b4 10F00070 		ands	r0, r0, #33554432
 980 03b8 00F08F80 		beq	.L53
 981 03bc 5B68     		ldr	r3, [r3, #4]
 982 03be 13F4800F 		tst	r3, #4194304
 983 03c2 02D0     		beq	.L103
 984 03c4 FFF7FEFF 		bl	RCC_GetPLLCLKFreq
 985 03c8 87E0     		b	.L53
 986              	.L103:
 987 03ca FFF7FEFF 		bl	RCC_GetPLLCLKFreq
 988 03ce 00EB4000 		add	r0, r0, r0, lsl #1
 989 03d2 4008     		lsrs	r0, r0, #1
 990 03d4 81E0     		b	.L53
 991              	.L104:
 992 03d6 414B     		ldr	r3, .L173
 993 03d8 1868     		ldr	r0, [r3]
 994 03da 10F00070 		ands	r0, r0, #33554432
 995 03de 7CD0     		beq	.L53
 996 03e0 FFF7FEFF 		bl	RCC_GetPLLCLKFreq
 997 03e4 C4F30313 		ubfx	r3, r4, #4, #4
 998 03e8 3E4A     		ldr	r2, .L173+8
 999 03ea 32F81330 		ldrh	r3, [r2, r3, lsl #1]
 1000 03ee B0FBF3F0 		udiv	r0, r0, r3
 1001 03f2 72E0     		b	.L53
 1002              	.L65:
 1003 03f4 394B     		ldr	r3, .L173
 1004 03f6 DC6A     		ldr	r4, [r3, #44]
 1005 03f8 14F47854 		ands	r4, r4, #15872
 1006 03fc 02D1     		bne	.L105
 1007 03fe 3A4B     		ldr	r3, .L173+12
 1008 0400 1868     		ldr	r0, [r3]
 1009 0402 6AE0     		b	.L53
 1010              	.L105:
 1011 0404 354B     		ldr	r3, .L173
 1012 0406 1868     		ldr	r0, [r3]
 1013 0408 10F00070 		ands	r0, r0, #33554432
 1014 040c 65D0     		beq	.L53
 1015 040e FFF7FEFF 		bl	RCC_GetPLLCLKFreq
 1016 0412 C4F34323 		ubfx	r3, r4, #9, #4
 1017 0416 334A     		ldr	r2, .L173+8
 1018 0418 32F81330 		ldrh	r3, [r2, r3, lsl #1]
 1019 041c B0FBF3F0 		udiv	r0, r0, r3
 1020 0420 5BE0     		b	.L53
 1021              	.L54:
 1022 0422 2E4B     		ldr	r3, .L173
 1023 0424 1B6B     		ldr	r3, [r3, #48]
 1024 0426 13F4807F 		tst	r3, #256
 1025 042a 07D0     		beq	.L106
 1026 042c 2B4B     		ldr	r3, .L173
 1027 042e 1868     		ldr	r0, [r3]
 1028 0430 10F00070 		ands	r0, r0, #33554432
 1029 0434 51D0     		beq	.L53
 1030 0436 FFF7FEFF 		bl	RCC_GetPLLCLKFreq
 1031 043a 4EE0     		b	.L53
 1032              	.L106:
 1033 043c 2A4B     		ldr	r3, .L173+12
ARM GAS  C:\Temp\ccPlol7I.s 			page 19


 1034 043e 1868     		ldr	r0, [r3]
 1035 0440 4BE0     		b	.L53
 1036              	.L107:
 1037 0442 294B     		ldr	r3, .L173+12
 1038 0444 1868     		ldr	r0, [r3]
 1039 0446 48E0     		b	.L53
 1040              	.L74:
 1041 0448 244B     		ldr	r3, .L173
 1042 044a 1B6B     		ldr	r3, [r3, #48]
 1043 044c 13F4007F 		tst	r3, #512
 1044 0450 07D0     		beq	.L108
 1045 0452 224B     		ldr	r3, .L173
 1046 0454 1868     		ldr	r0, [r3]
 1047 0456 10F00070 		ands	r0, r0, #33554432
 1048 045a 3ED0     		beq	.L53
 1049 045c FFF7FEFF 		bl	RCC_GetPLLCLKFreq
 1050 0460 3BE0     		b	.L53
 1051              	.L108:
 1052 0462 214B     		ldr	r3, .L173+12
 1053 0464 1868     		ldr	r0, [r3]
 1054 0466 38E0     		b	.L53
 1055              	.L80:
 1056 0468 1C4B     		ldr	r3, .L173
 1057 046a 1B6B     		ldr	r3, [r3, #48]
 1058 046c 13F4806F 		tst	r3, #1024
 1059 0470 07D0     		beq	.L109
 1060 0472 1A4B     		ldr	r3, .L173
 1061 0474 1868     		ldr	r0, [r3]
 1062 0476 10F00070 		ands	r0, r0, #33554432
 1063 047a 2ED0     		beq	.L53
 1064 047c FFF7FEFF 		bl	RCC_GetPLLCLKFreq
 1065 0480 2BE0     		b	.L53
 1066              	.L109:
 1067 0482 194B     		ldr	r3, .L173+12
 1068 0484 1868     		ldr	r0, [r3]
 1069 0486 28E0     		b	.L53
 1070              	.L110:
 1071 0488 174B     		ldr	r3, .L173+12
 1072 048a 1868     		ldr	r0, [r3]
 1073 048c 25E0     		b	.L53
 1074              	.L78:
 1075 048e 134B     		ldr	r3, .L173
 1076 0490 1B6B     		ldr	r3, [r3, #48]
 1077 0492 13F4005F 		tst	r3, #8192
 1078 0496 07D0     		beq	.L111
 1079 0498 104B     		ldr	r3, .L173
 1080 049a 1868     		ldr	r0, [r3]
 1081 049c 10F00070 		ands	r0, r0, #33554432
 1082 04a0 1BD0     		beq	.L53
 1083 04a2 FFF7FEFF 		bl	RCC_GetPLLCLKFreq
 1084 04a6 18E0     		b	.L53
 1085              	.L111:
 1086 04a8 0F4B     		ldr	r3, .L173+12
 1087 04aa 1868     		ldr	r0, [r3]
 1088 04ac 15E0     		b	.L53
 1089              	.L112:
 1090 04ae 0E4B     		ldr	r3, .L173+12
ARM GAS  C:\Temp\ccPlol7I.s 			page 20


 1091 04b0 1868     		ldr	r0, [r3]
 1092 04b2 12E0     		b	.L53
 1093              	.L70:
 1094 04b4 094B     		ldr	r3, .L173
 1095 04b6 1B6B     		ldr	r3, [r3, #48]
 1096 04b8 13F0007F 		tst	r3, #33554432
 1097 04bc 07D0     		beq	.L113
 1098 04be 074B     		ldr	r3, .L173
 1099 04c0 1868     		ldr	r0, [r3]
 1100 04c2 10F00070 		ands	r0, r0, #33554432
 1101 04c6 08D0     		beq	.L53
 1102 04c8 FFF7FEFF 		bl	RCC_GetPLLCLKFreq
 1103 04cc 05E0     		b	.L53
 1104              	.L113:
 1105 04ce 064B     		ldr	r3, .L173+12
 1106 04d0 1868     		ldr	r0, [r3]
 1107 04d2 02E0     		b	.L53
 1108              	.L114:
 1109 04d4 0020     		movs	r0, #0
 1110 04d6 00E0     		b	.L53
 1111              	.L115:
 1112 04d8 0020     		movs	r0, #0
 1113              	.L53:
 1114 04da 10BD     		pop	{r4, pc}
 1115              	.L174:
 1116              		.align	2
 1117              	.L173:
 1118 04dc 00100240 		.word	1073876992
 1119 04e0 00127A00 		.word	8000000
 1120 04e4 00000000 		.word	adc_pll_prediv_table.0
 1121 04e8 00000000 		.word	SystemCoreClock
 1123              		.section	.rodata.adc_pll_prediv_table.0,"a"
 1124              		.align	2
 1127              	adc_pll_prediv_table.0:
 1128 0000 0100     		.short	1
 1129 0002 0200     		.short	2
 1130 0004 0400     		.short	4
 1131 0006 0600     		.short	6
 1132 0008 0800     		.short	8
 1133 000a 0A00     		.short	10
 1134 000c 0C00     		.short	12
 1135 000e 1000     		.short	16
 1136 0010 2000     		.short	32
 1137 0012 4000     		.short	64
 1138 0014 8000     		.short	128
 1139 0016 0001     		.short	256
 1140 0018 0001     		.short	256
 1141 001a 0001     		.short	256
 1142 001c 0001     		.short	256
 1143 001e 0001     		.short	256
 1144              		.ident	"GCC: (xPack GNU Arm Embedded GCC x86_64) 12.3.1 20230626"
ARM GAS  C:\Temp\ccPlol7I.s 			page 21


DEFINED SYMBOLS
                            *ABS*:00000000 stm32f3xx_hal_rcc_ex.c
  C:\Temp\ccPlol7I.s:18     .text.RCC_GetPLLCLKFreq:00000000 $t
  C:\Temp\ccPlol7I.s:23     .text.RCC_GetPLLCLKFreq:00000000 RCC_GetPLLCLKFreq
  C:\Temp\ccPlol7I.s:50     .text.RCC_GetPLLCLKFreq:00000038 $d
  C:\Temp\ccPlol7I.s:54     .text.HAL_RCCEx_PeriphCLKConfig:00000000 $t
  C:\Temp\ccPlol7I.s:60     .text.HAL_RCCEx_PeriphCLKConfig:00000000 HAL_RCCEx_PeriphCLKConfig
  C:\Temp\ccPlol7I.s:365    .text.HAL_RCCEx_PeriphCLKConfig:00000294 $d
  C:\Temp\ccPlol7I.s:369    .text.HAL_RCCEx_PeriphCLKConfig:000002a0 $t
  C:\Temp\ccPlol7I.s:430    .text.HAL_RCCEx_PeriphCLKConfig:000002fc $d
  C:\Temp\ccPlol7I.s:433    .text.HAL_RCCEx_GetPeriphCLKConfig:00000000 $t
  C:\Temp\ccPlol7I.s:439    .text.HAL_RCCEx_GetPeriphCLKConfig:00000000 HAL_RCCEx_GetPeriphCLKConfig
  C:\Temp\ccPlol7I.s:543    .text.HAL_RCCEx_GetPeriphCLKConfig:000000ec $d
  C:\Temp\ccPlol7I.s:562    .text.HAL_RCCEx_GetPeriphCLKFreq:00000000 $t
  C:\Temp\ccPlol7I.s:568    .text.HAL_RCCEx_GetPeriphCLKFreq:00000000 HAL_RCCEx_GetPeriphCLKFreq
  C:\Temp\ccPlol7I.s:584    .text.HAL_RCCEx_GetPeriphCLKFreq:00000022 $d
  C:\Temp\ccPlol7I.s:616    .text.HAL_RCCEx_GetPeriphCLKFreq:00000062 $t
  C:\Temp\ccPlol7I.s:891    .text.HAL_RCCEx_GetPeriphCLKFreq:000002e4 $d
  C:\Temp\ccPlol7I.s:897    .text.HAL_RCCEx_GetPeriphCLKFreq:000002f8 $t
  C:\Temp\ccPlol7I.s:1118   .text.HAL_RCCEx_GetPeriphCLKFreq:000004dc $d
  C:\Temp\ccPlol7I.s:1127   .rodata.adc_pll_prediv_table.0:00000000 adc_pll_prediv_table.0
  C:\Temp\ccPlol7I.s:1124   .rodata.adc_pll_prediv_table.0:00000000 $d

UNDEFINED SYMBOLS
HAL_GetTick
HAL_RCC_GetPCLK2Freq
HAL_RCC_GetSysClockFreq
HAL_RCC_GetPCLK1Freq
SystemCoreClock
