ARM GAS  C:\Temp\cccH6kdb.s 			page 1


   1              		.cpu cortex-m4
   2              		.arch armv7e-m
   3              		.fpu fpv4-sp-d16
   4              		.eabi_attribute 27, 1
   5              		.eabi_attribute 28, 1
   6              		.eabi_attribute 20, 1
   7              		.eabi_attribute 21, 1
   8              		.eabi_attribute 23, 3
   9              		.eabi_attribute 24, 1
  10              		.eabi_attribute 25, 1
  11              		.eabi_attribute 26, 1
  12              		.eabi_attribute 30, 1
  13              		.eabi_attribute 34, 1
  14              		.eabi_attribute 18, 4
  15              		.file	"stm32f3xx_hal_timebase_tim.c"
  16              		.text
  17              		.section	.text.HAL_InitTick,"ax",%progbits
  18              		.align	1
  19              		.global	HAL_InitTick
  20              		.syntax unified
  21              		.thumb
  22              		.thumb_func
  24              	HAL_InitTick:
  25              		@ args = 0, pretend = 0, frame = 32
  26              		@ frame_needed = 0, uses_anonymous_args = 0
  27 0000 30B5     		push	{r4, r5, lr}
  28 0002 89B0     		sub	sp, sp, #36
  29 0004 0446     		mov	r4, r0
  30 0006 1E4B     		ldr	r3, .L7
  31 0008 9A69     		ldr	r2, [r3, #24]
  32 000a 42F40062 		orr	r2, r2, #2048
  33 000e 9A61     		str	r2, [r3, #24]
  34 0010 9B69     		ldr	r3, [r3, #24]
  35 0012 03F40063 		and	r3, r3, #2048
  36 0016 0193     		str	r3, [sp, #4]
  37 0018 019B     		ldr	r3, [sp, #4]
  38 001a 02A9     		add	r1, sp, #8
  39 001c 03A8     		add	r0, sp, #12
  40 001e FFF7FEFF 		bl	HAL_RCC_GetClockConfig
  41 0022 FFF7FEFF 		bl	HAL_RCC_GetPCLK2Freq
  42 0026 174A     		ldr	r2, .L7+4
  43 0028 A2FB0023 		umull	r2, r3, r2, r0
  44 002c 9B0C     		lsrs	r3, r3, #18
  45 002e 013B     		subs	r3, r3, #1
  46 0030 1548     		ldr	r0, .L7+8
  47 0032 164A     		ldr	r2, .L7+12
  48 0034 0260     		str	r2, [r0]
  49 0036 40F2E732 		movw	r2, #999
  50 003a C260     		str	r2, [r0, #12]
  51 003c 4360     		str	r3, [r0, #4]
  52 003e 0023     		movs	r3, #0
  53 0040 0361     		str	r3, [r0, #16]
  54 0042 8360     		str	r3, [r0, #8]
  55 0044 8361     		str	r3, [r0, #24]
  56 0046 FFF7FEFF 		bl	HAL_TIM_Base_Init
  57 004a 0546     		mov	r5, r0
  58 004c 10B1     		cbz	r0, .L5
ARM GAS  C:\Temp\cccH6kdb.s 			page 2


  59              	.L2:
  60 004e 2846     		mov	r0, r5
  61 0050 09B0     		add	sp, sp, #36
  62              		@ sp needed
  63 0052 30BD     		pop	{r4, r5, pc}
  64              	.L5:
  65 0054 0C48     		ldr	r0, .L7+8
  66 0056 FFF7FEFF 		bl	HAL_TIM_Base_Start_IT
  67 005a 0546     		mov	r5, r0
  68 005c 0028     		cmp	r0, #0
  69 005e F6D1     		bne	.L2
  70 0060 1920     		movs	r0, #25
  71 0062 FFF7FEFF 		bl	HAL_NVIC_EnableIRQ
  72 0066 0F2C     		cmp	r4, #15
  73 0068 01D9     		bls	.L6
  74 006a 0125     		movs	r5, #1
  75 006c EFE7     		b	.L2
  76              	.L6:
  77 006e 0022     		movs	r2, #0
  78 0070 2146     		mov	r1, r4
  79 0072 1920     		movs	r0, #25
  80 0074 FFF7FEFF 		bl	HAL_NVIC_SetPriority
  81 0078 054B     		ldr	r3, .L7+16
  82 007a 1C60     		str	r4, [r3]
  83 007c E7E7     		b	.L2
  84              	.L8:
  85 007e 00BF     		.align	2
  86              	.L7:
  87 0080 00100240 		.word	1073876992
  88 0084 83DE1B43 		.word	1125899907
  89 0088 00000000 		.word	htim1
  90 008c 002C0140 		.word	1073818624
  91 0090 00000000 		.word	uwTickPrio
  93              		.section	.text.HAL_SuspendTick,"ax",%progbits
  94              		.align	1
  95              		.global	HAL_SuspendTick
  96              		.syntax unified
  97              		.thumb
  98              		.thumb_func
 100              	HAL_SuspendTick:
 101              		@ args = 0, pretend = 0, frame = 0
 102              		@ frame_needed = 0, uses_anonymous_args = 0
 103              		@ link register save eliminated.
 104 0000 034B     		ldr	r3, .L10
 105 0002 1A68     		ldr	r2, [r3]
 106 0004 D368     		ldr	r3, [r2, #12]
 107 0006 23F00103 		bic	r3, r3, #1
 108 000a D360     		str	r3, [r2, #12]
 109 000c 7047     		bx	lr
 110              	.L11:
 111 000e 00BF     		.align	2
 112              	.L10:
 113 0010 00000000 		.word	htim1
 115              		.section	.text.HAL_ResumeTick,"ax",%progbits
 116              		.align	1
 117              		.global	HAL_ResumeTick
 118              		.syntax unified
ARM GAS  C:\Temp\cccH6kdb.s 			page 3


 119              		.thumb
 120              		.thumb_func
 122              	HAL_ResumeTick:
 123              		@ args = 0, pretend = 0, frame = 0
 124              		@ frame_needed = 0, uses_anonymous_args = 0
 125              		@ link register save eliminated.
 126 0000 034B     		ldr	r3, .L13
 127 0002 1A68     		ldr	r2, [r3]
 128 0004 D368     		ldr	r3, [r2, #12]
 129 0006 43F00103 		orr	r3, r3, #1
 130 000a D360     		str	r3, [r2, #12]
 131 000c 7047     		bx	lr
 132              	.L14:
 133 000e 00BF     		.align	2
 134              	.L13:
 135 0010 00000000 		.word	htim1
 137              		.global	htim1
 138              		.section	.bss.htim1,"aw",%nobits
 139              		.align	2
 142              	htim1:
 143 0000 00000000 		.space	76
 143      00000000 
 143      00000000 
 143      00000000 
 143      00000000 
 144              		.ident	"GCC: (xPack GNU Arm Embedded GCC x86_64) 12.3.1 20230626"
ARM GAS  C:\Temp\cccH6kdb.s 			page 4


DEFINED SYMBOLS
                            *ABS*:00000000 stm32f3xx_hal_timebase_tim.c
  C:\Temp\cccH6kdb.s:18     .text.HAL_InitTick:00000000 $t
  C:\Temp\cccH6kdb.s:24     .text.HAL_InitTick:00000000 HAL_InitTick
  C:\Temp\cccH6kdb.s:87     .text.HAL_InitTick:00000080 $d
  C:\Temp\cccH6kdb.s:142    .bss.htim1:00000000 htim1
  C:\Temp\cccH6kdb.s:94     .text.HAL_SuspendTick:00000000 $t
  C:\Temp\cccH6kdb.s:100    .text.HAL_SuspendTick:00000000 HAL_SuspendTick
  C:\Temp\cccH6kdb.s:113    .text.HAL_SuspendTick:00000010 $d
  C:\Temp\cccH6kdb.s:116    .text.HAL_ResumeTick:00000000 $t
  C:\Temp\cccH6kdb.s:122    .text.HAL_ResumeTick:00000000 HAL_ResumeTick
  C:\Temp\cccH6kdb.s:135    .text.HAL_ResumeTick:00000010 $d
  C:\Temp\cccH6kdb.s:139    .bss.htim1:00000000 $d

UNDEFINED SYMBOLS
HAL_RCC_GetClockConfig
HAL_RCC_GetPCLK2Freq
HAL_TIM_Base_Init
HAL_TIM_Base_Start_IT
HAL_NVIC_EnableIRQ
HAL_NVIC_SetPriority
uwTickPrio
