ARM GAS  C:\Temp\ccTmkmZ0.s 			page 1


   1              		.cpu cortex-m4
   2              		.arch armv7e-m
   3              		.fpu fpv4-sp-d16
   4              		.eabi_attribute 27, 1
   5              		.eabi_attribute 28, 1
   6              		.eabi_attribute 20, 1
   7              		.eabi_attribute 21, 1
   8              		.eabi_attribute 23, 3
   9              		.eabi_attribute 24, 1
  10              		.eabi_attribute 25, 1
  11              		.eabi_attribute 26, 1
  12              		.eabi_attribute 30, 1
  13              		.eabi_attribute 34, 1
  14              		.eabi_attribute 18, 4
  15              		.file	"stm32f3xx_hal.c"
  16              		.text
  17              		.section	.text.HAL_MspInit,"ax",%progbits
  18              		.align	1
  19              		.weak	HAL_MspInit
  20              		.syntax unified
  21              		.thumb
  22              		.thumb_func
  24              	HAL_MspInit:
  25              		@ args = 0, pretend = 0, frame = 0
  26              		@ frame_needed = 0, uses_anonymous_args = 0
  27              		@ link register save eliminated.
  28 0000 7047     		bx	lr
  30              		.section	.text.HAL_MspDeInit,"ax",%progbits
  31              		.align	1
  32              		.weak	HAL_MspDeInit
  33              		.syntax unified
  34              		.thumb
  35              		.thumb_func
  37              	HAL_MspDeInit:
  38              		@ args = 0, pretend = 0, frame = 0
  39              		@ frame_needed = 0, uses_anonymous_args = 0
  40              		@ link register save eliminated.
  41 0000 7047     		bx	lr
  43              		.section	.text.HAL_DeInit,"ax",%progbits
  44              		.align	1
  45              		.global	HAL_DeInit
  46              		.syntax unified
  47              		.thumb
  48              		.thumb_func
  50              	HAL_DeInit:
  51              		@ args = 0, pretend = 0, frame = 0
  52              		@ frame_needed = 0, uses_anonymous_args = 0
  53 0000 10B5     		push	{r4, lr}
  54 0002 074B     		ldr	r3, .L5
  55 0004 4FF0FF32 		mov	r2, #-1
  56 0008 1A61     		str	r2, [r3, #16]
  57 000a 0024     		movs	r4, #0
  58 000c 1C61     		str	r4, [r3, #16]
  59 000e DA60     		str	r2, [r3, #12]
  60 0010 DC60     		str	r4, [r3, #12]
  61 0012 9A62     		str	r2, [r3, #40]
  62 0014 9C62     		str	r4, [r3, #40]
ARM GAS  C:\Temp\ccTmkmZ0.s 			page 2


  63 0016 FFF7FEFF 		bl	HAL_MspDeInit
  64 001a 2046     		mov	r0, r4
  65 001c 10BD     		pop	{r4, pc}
  66              	.L6:
  67 001e 00BF     		.align	2
  68              	.L5:
  69 0020 00100240 		.word	1073876992
  71              		.section	.text.HAL_InitTick,"ax",%progbits
  72              		.align	1
  73              		.weak	HAL_InitTick
  74              		.syntax unified
  75              		.thumb
  76              		.thumb_func
  78              	HAL_InitTick:
  79              		@ args = 0, pretend = 0, frame = 0
  80              		@ frame_needed = 0, uses_anonymous_args = 0
  81 0000 10B5     		push	{r4, lr}
  82 0002 0446     		mov	r4, r0
  83 0004 0E4B     		ldr	r3, .L13
  84 0006 1A78     		ldrb	r2, [r3]	@ zero_extendqisi2
  85 0008 4FF47A73 		mov	r3, #1000
  86 000c B3FBF2F3 		udiv	r3, r3, r2
  87 0010 0C4A     		ldr	r2, .L13+4
  88 0012 1068     		ldr	r0, [r2]
  89 0014 B0FBF3F0 		udiv	r0, r0, r3
  90 0018 FFF7FEFF 		bl	HAL_SYSTICK_Config
  91 001c 68B9     		cbnz	r0, .L9
  92 001e 0F2C     		cmp	r4, #15
  93 0020 01D9     		bls	.L12
  94 0022 0120     		movs	r0, #1
  95 0024 0AE0     		b	.L8
  96              	.L12:
  97 0026 0022     		movs	r2, #0
  98 0028 2146     		mov	r1, r4
  99 002a 4FF0FF30 		mov	r0, #-1
 100 002e FFF7FEFF 		bl	HAL_NVIC_SetPriority
 101 0032 054B     		ldr	r3, .L13+8
 102 0034 1C60     		str	r4, [r3]
 103 0036 0020     		movs	r0, #0
 104 0038 00E0     		b	.L8
 105              	.L9:
 106 003a 0120     		movs	r0, #1
 107              	.L8:
 108 003c 10BD     		pop	{r4, pc}
 109              	.L14:
 110 003e 00BF     		.align	2
 111              	.L13:
 112 0040 00000000 		.word	uwTickFreq
 113 0044 00000000 		.word	SystemCoreClock
 114 0048 00000000 		.word	uwTickPrio
 116              		.section	.text.HAL_Init,"ax",%progbits
 117              		.align	1
 118              		.global	HAL_Init
 119              		.syntax unified
 120              		.thumb
 121              		.thumb_func
 123              	HAL_Init:
ARM GAS  C:\Temp\ccTmkmZ0.s 			page 3


 124              		@ args = 0, pretend = 0, frame = 0
 125              		@ frame_needed = 0, uses_anonymous_args = 0
 126 0000 08B5     		push	{r3, lr}
 127 0002 074A     		ldr	r2, .L17
 128 0004 1368     		ldr	r3, [r2]
 129 0006 43F01003 		orr	r3, r3, #16
 130 000a 1360     		str	r3, [r2]
 131 000c 0320     		movs	r0, #3
 132 000e FFF7FEFF 		bl	HAL_NVIC_SetPriorityGrouping
 133 0012 0F20     		movs	r0, #15
 134 0014 FFF7FEFF 		bl	HAL_InitTick
 135 0018 FFF7FEFF 		bl	HAL_MspInit
 136 001c 0020     		movs	r0, #0
 137 001e 08BD     		pop	{r3, pc}
 138              	.L18:
 139              		.align	2
 140              	.L17:
 141 0020 00200240 		.word	1073881088
 143              		.section	.text.HAL_IncTick,"ax",%progbits
 144              		.align	1
 145              		.weak	HAL_IncTick
 146              		.syntax unified
 147              		.thumb
 148              		.thumb_func
 150              	HAL_IncTick:
 151              		@ args = 0, pretend = 0, frame = 0
 152              		@ frame_needed = 0, uses_anonymous_args = 0
 153              		@ link register save eliminated.
 154 0000 034A     		ldr	r2, .L20
 155 0002 1168     		ldr	r1, [r2]
 156 0004 034B     		ldr	r3, .L20+4
 157 0006 1B78     		ldrb	r3, [r3]	@ zero_extendqisi2
 158 0008 0B44     		add	r3, r3, r1
 159 000a 1360     		str	r3, [r2]
 160 000c 7047     		bx	lr
 161              	.L21:
 162 000e 00BF     		.align	2
 163              	.L20:
 164 0010 00000000 		.word	uwTick
 165 0014 00000000 		.word	uwTickFreq
 167              		.section	.text.HAL_GetTick,"ax",%progbits
 168              		.align	1
 169              		.weak	HAL_GetTick
 170              		.syntax unified
 171              		.thumb
 172              		.thumb_func
 174              	HAL_GetTick:
 175              		@ args = 0, pretend = 0, frame = 0
 176              		@ frame_needed = 0, uses_anonymous_args = 0
 177              		@ link register save eliminated.
 178 0000 014B     		ldr	r3, .L23
 179 0002 1868     		ldr	r0, [r3]
 180 0004 7047     		bx	lr
 181              	.L24:
 182 0006 00BF     		.align	2
 183              	.L23:
 184 0008 00000000 		.word	uwTick
ARM GAS  C:\Temp\ccTmkmZ0.s 			page 4


 186              		.section	.text.HAL_GetTickPrio,"ax",%progbits
 187              		.align	1
 188              		.global	HAL_GetTickPrio
 189              		.syntax unified
 190              		.thumb
 191              		.thumb_func
 193              	HAL_GetTickPrio:
 194              		@ args = 0, pretend = 0, frame = 0
 195              		@ frame_needed = 0, uses_anonymous_args = 0
 196              		@ link register save eliminated.
 197 0000 014B     		ldr	r3, .L26
 198 0002 1868     		ldr	r0, [r3]
 199 0004 7047     		bx	lr
 200              	.L27:
 201 0006 00BF     		.align	2
 202              	.L26:
 203 0008 00000000 		.word	uwTickPrio
 205              		.section	.text.HAL_SetTickFreq,"ax",%progbits
 206              		.align	1
 207              		.global	HAL_SetTickFreq
 208              		.syntax unified
 209              		.thumb
 210              		.thumb_func
 212              	HAL_SetTickFreq:
 213              		@ args = 0, pretend = 0, frame = 0
 214              		@ frame_needed = 0, uses_anonymous_args = 0
 215 0000 10B5     		push	{r4, lr}
 216 0002 084B     		ldr	r3, .L33
 217 0004 1C78     		ldrb	r4, [r3]	@ zero_extendqisi2
 218 0006 8442     		cmp	r4, r0
 219 0008 01D1     		bne	.L32
 220 000a 0020     		movs	r0, #0
 221              	.L29:
 222 000c 10BD     		pop	{r4, pc}
 223              	.L32:
 224 000e 1870     		strb	r0, [r3]
 225 0010 054B     		ldr	r3, .L33+4
 226 0012 1868     		ldr	r0, [r3]
 227 0014 FFF7FEFF 		bl	HAL_InitTick
 228 0018 0028     		cmp	r0, #0
 229 001a F7D0     		beq	.L29
 230 001c 014B     		ldr	r3, .L33
 231 001e 1C70     		strb	r4, [r3]
 232 0020 F4E7     		b	.L29
 233              	.L34:
 234 0022 00BF     		.align	2
 235              	.L33:
 236 0024 00000000 		.word	uwTickFreq
 237 0028 00000000 		.word	uwTickPrio
 239              		.section	.text.HAL_GetTickFreq,"ax",%progbits
 240              		.align	1
 241              		.global	HAL_GetTickFreq
 242              		.syntax unified
 243              		.thumb
 244              		.thumb_func
 246              	HAL_GetTickFreq:
 247              		@ args = 0, pretend = 0, frame = 0
ARM GAS  C:\Temp\ccTmkmZ0.s 			page 5


 248              		@ frame_needed = 0, uses_anonymous_args = 0
 249              		@ link register save eliminated.
 250 0000 014B     		ldr	r3, .L36
 251 0002 1878     		ldrb	r0, [r3]	@ zero_extendqisi2
 252 0004 7047     		bx	lr
 253              	.L37:
 254 0006 00BF     		.align	2
 255              	.L36:
 256 0008 00000000 		.word	uwTickFreq
 258              		.section	.text.HAL_Delay,"ax",%progbits
 259              		.align	1
 260              		.weak	HAL_Delay
 261              		.syntax unified
 262              		.thumb
 263              		.thumb_func
 265              	HAL_Delay:
 266              		@ args = 0, pretend = 0, frame = 0
 267              		@ frame_needed = 0, uses_anonymous_args = 0
 268 0000 38B5     		push	{r3, r4, r5, lr}
 269 0002 0446     		mov	r4, r0
 270 0004 FFF7FEFF 		bl	HAL_GetTick
 271 0008 0546     		mov	r5, r0
 272 000a B4F1FF3F 		cmp	r4, #-1
 273 000e 02D0     		beq	.L40
 274 0010 044B     		ldr	r3, .L42
 275 0012 1B78     		ldrb	r3, [r3]	@ zero_extendqisi2
 276 0014 1C44     		add	r4, r4, r3
 277              	.L40:
 278 0016 FFF7FEFF 		bl	HAL_GetTick
 279 001a 401B     		subs	r0, r0, r5
 280 001c A042     		cmp	r0, r4
 281 001e FAD3     		bcc	.L40
 282 0020 38BD     		pop	{r3, r4, r5, pc}
 283              	.L43:
 284 0022 00BF     		.align	2
 285              	.L42:
 286 0024 00000000 		.word	uwTickFreq
 288              		.section	.text.HAL_SuspendTick,"ax",%progbits
 289              		.align	1
 290              		.weak	HAL_SuspendTick
 291              		.syntax unified
 292              		.thumb
 293              		.thumb_func
 295              	HAL_SuspendTick:
 296              		@ args = 0, pretend = 0, frame = 0
 297              		@ frame_needed = 0, uses_anonymous_args = 0
 298              		@ link register save eliminated.
 299 0000 4FF0E022 		mov	r2, #-536813568
 300 0004 1369     		ldr	r3, [r2, #16]
 301 0006 23F00203 		bic	r3, r3, #2
 302 000a 1361     		str	r3, [r2, #16]
 303 000c 7047     		bx	lr
 305              		.section	.text.HAL_ResumeTick,"ax",%progbits
 306              		.align	1
 307              		.weak	HAL_ResumeTick
 308              		.syntax unified
 309              		.thumb
ARM GAS  C:\Temp\ccTmkmZ0.s 			page 6


 310              		.thumb_func
 312              	HAL_ResumeTick:
 313              		@ args = 0, pretend = 0, frame = 0
 314              		@ frame_needed = 0, uses_anonymous_args = 0
 315              		@ link register save eliminated.
 316 0000 4FF0E022 		mov	r2, #-536813568
 317 0004 1369     		ldr	r3, [r2, #16]
 318 0006 43F00203 		orr	r3, r3, #2
 319 000a 1361     		str	r3, [r2, #16]
 320 000c 7047     		bx	lr
 322              		.section	.text.HAL_GetHalVersion,"ax",%progbits
 323              		.align	1
 324              		.global	HAL_GetHalVersion
 325              		.syntax unified
 326              		.thumb
 327              		.thumb_func
 329              	HAL_GetHalVersion:
 330              		@ args = 0, pretend = 0, frame = 0
 331              		@ frame_needed = 0, uses_anonymous_args = 0
 332              		@ link register save eliminated.
 333 0000 0048     		ldr	r0, .L47
 334 0002 7047     		bx	lr
 335              	.L48:
 336              		.align	2
 337              	.L47:
 338 0004 00080501 		.word	17106944
 340              		.section	.text.HAL_GetREVID,"ax",%progbits
 341              		.align	1
 342              		.global	HAL_GetREVID
 343              		.syntax unified
 344              		.thumb
 345              		.thumb_func
 347              	HAL_GetREVID:
 348              		@ args = 0, pretend = 0, frame = 0
 349              		@ frame_needed = 0, uses_anonymous_args = 0
 350              		@ link register save eliminated.
 351 0000 014B     		ldr	r3, .L50
 352 0002 1868     		ldr	r0, [r3]
 353 0004 000C     		lsrs	r0, r0, #16
 354 0006 7047     		bx	lr
 355              	.L51:
 356              		.align	2
 357              	.L50:
 358 0008 002004E0 		.word	-536600576
 360              		.section	.text.HAL_GetDEVID,"ax",%progbits
 361              		.align	1
 362              		.global	HAL_GetDEVID
 363              		.syntax unified
 364              		.thumb
 365              		.thumb_func
 367              	HAL_GetDEVID:
 368              		@ args = 0, pretend = 0, frame = 0
 369              		@ frame_needed = 0, uses_anonymous_args = 0
 370              		@ link register save eliminated.
 371 0000 024B     		ldr	r3, .L53
 372 0002 1868     		ldr	r0, [r3]
 373 0004 C0F30B00 		ubfx	r0, r0, #0, #12
ARM GAS  C:\Temp\ccTmkmZ0.s 			page 7


 374 0008 7047     		bx	lr
 375              	.L54:
 376 000a 00BF     		.align	2
 377              	.L53:
 378 000c 002004E0 		.word	-536600576
 380              		.section	.text.HAL_GetUIDw0,"ax",%progbits
 381              		.align	1
 382              		.global	HAL_GetUIDw0
 383              		.syntax unified
 384              		.thumb
 385              		.thumb_func
 387              	HAL_GetUIDw0:
 388              		@ args = 0, pretend = 0, frame = 0
 389              		@ frame_needed = 0, uses_anonymous_args = 0
 390              		@ link register save eliminated.
 391 0000 014B     		ldr	r3, .L56
 392 0002 D3F8AC07 		ldr	r0, [r3, #1964]
 393 0006 7047     		bx	lr
 394              	.L57:
 395              		.align	2
 396              	.L56:
 397 0008 00F0FF1F 		.word	536866816
 399              		.section	.text.HAL_GetUIDw1,"ax",%progbits
 400              		.align	1
 401              		.global	HAL_GetUIDw1
 402              		.syntax unified
 403              		.thumb
 404              		.thumb_func
 406              	HAL_GetUIDw1:
 407              		@ args = 0, pretend = 0, frame = 0
 408              		@ frame_needed = 0, uses_anonymous_args = 0
 409              		@ link register save eliminated.
 410 0000 014B     		ldr	r3, .L59
 411 0002 D3F8B007 		ldr	r0, [r3, #1968]
 412 0006 7047     		bx	lr
 413              	.L60:
 414              		.align	2
 415              	.L59:
 416 0008 00F0FF1F 		.word	536866816
 418              		.section	.text.HAL_GetUIDw2,"ax",%progbits
 419              		.align	1
 420              		.global	HAL_GetUIDw2
 421              		.syntax unified
 422              		.thumb
 423              		.thumb_func
 425              	HAL_GetUIDw2:
 426              		@ args = 0, pretend = 0, frame = 0
 427              		@ frame_needed = 0, uses_anonymous_args = 0
 428              		@ link register save eliminated.
 429 0000 014B     		ldr	r3, .L62
 430 0002 D3F8B407 		ldr	r0, [r3, #1972]
 431 0006 7047     		bx	lr
 432              	.L63:
 433              		.align	2
 434              	.L62:
 435 0008 00F0FF1F 		.word	536866816
 437              		.section	.text.HAL_DBGMCU_EnableDBGSleepMode,"ax",%progbits
ARM GAS  C:\Temp\ccTmkmZ0.s 			page 8


 438              		.align	1
 439              		.global	HAL_DBGMCU_EnableDBGSleepMode
 440              		.syntax unified
 441              		.thumb
 442              		.thumb_func
 444              	HAL_DBGMCU_EnableDBGSleepMode:
 445              		@ args = 0, pretend = 0, frame = 0
 446              		@ frame_needed = 0, uses_anonymous_args = 0
 447              		@ link register save eliminated.
 448 0000 024A     		ldr	r2, .L65
 449 0002 5368     		ldr	r3, [r2, #4]
 450 0004 43F00103 		orr	r3, r3, #1
 451 0008 5360     		str	r3, [r2, #4]
 452 000a 7047     		bx	lr
 453              	.L66:
 454              		.align	2
 455              	.L65:
 456 000c 002004E0 		.word	-536600576
 458              		.section	.text.HAL_DBGMCU_DisableDBGSleepMode,"ax",%progbits
 459              		.align	1
 460              		.global	HAL_DBGMCU_DisableDBGSleepMode
 461              		.syntax unified
 462              		.thumb
 463              		.thumb_func
 465              	HAL_DBGMCU_DisableDBGSleepMode:
 466              		@ args = 0, pretend = 0, frame = 0
 467              		@ frame_needed = 0, uses_anonymous_args = 0
 468              		@ link register save eliminated.
 469 0000 024A     		ldr	r2, .L68
 470 0002 5368     		ldr	r3, [r2, #4]
 471 0004 23F00103 		bic	r3, r3, #1
 472 0008 5360     		str	r3, [r2, #4]
 473 000a 7047     		bx	lr
 474              	.L69:
 475              		.align	2
 476              	.L68:
 477 000c 002004E0 		.word	-536600576
 479              		.section	.text.HAL_DBGMCU_EnableDBGStopMode,"ax",%progbits
 480              		.align	1
 481              		.global	HAL_DBGMCU_EnableDBGStopMode
 482              		.syntax unified
 483              		.thumb
 484              		.thumb_func
 486              	HAL_DBGMCU_EnableDBGStopMode:
 487              		@ args = 0, pretend = 0, frame = 0
 488              		@ frame_needed = 0, uses_anonymous_args = 0
 489              		@ link register save eliminated.
 490 0000 024A     		ldr	r2, .L71
 491 0002 5368     		ldr	r3, [r2, #4]
 492 0004 43F00203 		orr	r3, r3, #2
 493 0008 5360     		str	r3, [r2, #4]
 494 000a 7047     		bx	lr
 495              	.L72:
 496              		.align	2
 497              	.L71:
 498 000c 002004E0 		.word	-536600576
 500              		.section	.text.HAL_DBGMCU_DisableDBGStopMode,"ax",%progbits
ARM GAS  C:\Temp\ccTmkmZ0.s 			page 9


 501              		.align	1
 502              		.global	HAL_DBGMCU_DisableDBGStopMode
 503              		.syntax unified
 504              		.thumb
 505              		.thumb_func
 507              	HAL_DBGMCU_DisableDBGStopMode:
 508              		@ args = 0, pretend = 0, frame = 0
 509              		@ frame_needed = 0, uses_anonymous_args = 0
 510              		@ link register save eliminated.
 511 0000 024A     		ldr	r2, .L74
 512 0002 5368     		ldr	r3, [r2, #4]
 513 0004 23F00203 		bic	r3, r3, #2
 514 0008 5360     		str	r3, [r2, #4]
 515 000a 7047     		bx	lr
 516              	.L75:
 517              		.align	2
 518              	.L74:
 519 000c 002004E0 		.word	-536600576
 521              		.section	.text.HAL_DBGMCU_EnableDBGStandbyMode,"ax",%progbits
 522              		.align	1
 523              		.global	HAL_DBGMCU_EnableDBGStandbyMode
 524              		.syntax unified
 525              		.thumb
 526              		.thumb_func
 528              	HAL_DBGMCU_EnableDBGStandbyMode:
 529              		@ args = 0, pretend = 0, frame = 0
 530              		@ frame_needed = 0, uses_anonymous_args = 0
 531              		@ link register save eliminated.
 532 0000 024A     		ldr	r2, .L77
 533 0002 5368     		ldr	r3, [r2, #4]
 534 0004 43F00403 		orr	r3, r3, #4
 535 0008 5360     		str	r3, [r2, #4]
 536 000a 7047     		bx	lr
 537              	.L78:
 538              		.align	2
 539              	.L77:
 540 000c 002004E0 		.word	-536600576
 542              		.section	.text.HAL_DBGMCU_DisableDBGStandbyMode,"ax",%progbits
 543              		.align	1
 544              		.global	HAL_DBGMCU_DisableDBGStandbyMode
 545              		.syntax unified
 546              		.thumb
 547              		.thumb_func
 549              	HAL_DBGMCU_DisableDBGStandbyMode:
 550              		@ args = 0, pretend = 0, frame = 0
 551              		@ frame_needed = 0, uses_anonymous_args = 0
 552              		@ link register save eliminated.
 553 0000 024A     		ldr	r2, .L80
 554 0002 5368     		ldr	r3, [r2, #4]
 555 0004 23F00403 		bic	r3, r3, #4
 556 0008 5360     		str	r3, [r2, #4]
 557 000a 7047     		bx	lr
 558              	.L81:
 559              		.align	2
 560              	.L80:
 561 000c 002004E0 		.word	-536600576
 563              		.global	uwTickFreq
ARM GAS  C:\Temp\ccTmkmZ0.s 			page 10


 564              		.section	.data.uwTickFreq,"aw"
 567              	uwTickFreq:
 568 0000 01       		.byte	1
 569              		.global	uwTickPrio
 570              		.section	.data.uwTickPrio,"aw"
 571              		.align	2
 574              	uwTickPrio:
 575 0000 10000000 		.word	16
 576              		.global	uwTick
 577              		.section	.bss.uwTick,"aw",%nobits
 578              		.align	2
 581              	uwTick:
 582 0000 00000000 		.space	4
 583              		.ident	"GCC: (xPack GNU Arm Embedded GCC x86_64) 12.3.1 20230626"
ARM GAS  C:\Temp\ccTmkmZ0.s 			page 11


DEFINED SYMBOLS
                            *ABS*:00000000 stm32f3xx_hal.c
  C:\Temp\ccTmkmZ0.s:18     .text.HAL_MspInit:00000000 $t
  C:\Temp\ccTmkmZ0.s:24     .text.HAL_MspInit:00000000 HAL_MspInit
  C:\Temp\ccTmkmZ0.s:31     .text.HAL_MspDeInit:00000000 $t
  C:\Temp\ccTmkmZ0.s:37     .text.HAL_MspDeInit:00000000 HAL_MspDeInit
  C:\Temp\ccTmkmZ0.s:44     .text.HAL_DeInit:00000000 $t
  C:\Temp\ccTmkmZ0.s:50     .text.HAL_DeInit:00000000 HAL_DeInit
  C:\Temp\ccTmkmZ0.s:69     .text.HAL_DeInit:00000020 $d
  C:\Temp\ccTmkmZ0.s:72     .text.HAL_InitTick:00000000 $t
  C:\Temp\ccTmkmZ0.s:78     .text.HAL_InitTick:00000000 HAL_InitTick
  C:\Temp\ccTmkmZ0.s:112    .text.HAL_InitTick:00000040 $d
  C:\Temp\ccTmkmZ0.s:567    .data.uwTickFreq:00000000 uwTickFreq
  C:\Temp\ccTmkmZ0.s:574    .data.uwTickPrio:00000000 uwTickPrio
  C:\Temp\ccTmkmZ0.s:117    .text.HAL_Init:00000000 $t
  C:\Temp\ccTmkmZ0.s:123    .text.HAL_Init:00000000 HAL_Init
  C:\Temp\ccTmkmZ0.s:141    .text.HAL_Init:00000020 $d
  C:\Temp\ccTmkmZ0.s:144    .text.HAL_IncTick:00000000 $t
  C:\Temp\ccTmkmZ0.s:150    .text.HAL_IncTick:00000000 HAL_IncTick
  C:\Temp\ccTmkmZ0.s:164    .text.HAL_IncTick:00000010 $d
  C:\Temp\ccTmkmZ0.s:581    .bss.uwTick:00000000 uwTick
  C:\Temp\ccTmkmZ0.s:168    .text.HAL_GetTick:00000000 $t
  C:\Temp\ccTmkmZ0.s:174    .text.HAL_GetTick:00000000 HAL_GetTick
  C:\Temp\ccTmkmZ0.s:184    .text.HAL_GetTick:00000008 $d
  C:\Temp\ccTmkmZ0.s:187    .text.HAL_GetTickPrio:00000000 $t
  C:\Temp\ccTmkmZ0.s:193    .text.HAL_GetTickPrio:00000000 HAL_GetTickPrio
  C:\Temp\ccTmkmZ0.s:203    .text.HAL_GetTickPrio:00000008 $d
  C:\Temp\ccTmkmZ0.s:206    .text.HAL_SetTickFreq:00000000 $t
  C:\Temp\ccTmkmZ0.s:212    .text.HAL_SetTickFreq:00000000 HAL_SetTickFreq
  C:\Temp\ccTmkmZ0.s:236    .text.HAL_SetTickFreq:00000024 $d
  C:\Temp\ccTmkmZ0.s:240    .text.HAL_GetTickFreq:00000000 $t
  C:\Temp\ccTmkmZ0.s:246    .text.HAL_GetTickFreq:00000000 HAL_GetTickFreq
  C:\Temp\ccTmkmZ0.s:256    .text.HAL_GetTickFreq:00000008 $d
  C:\Temp\ccTmkmZ0.s:259    .text.HAL_Delay:00000000 $t
  C:\Temp\ccTmkmZ0.s:265    .text.HAL_Delay:00000000 HAL_Delay
  C:\Temp\ccTmkmZ0.s:286    .text.HAL_Delay:00000024 $d
  C:\Temp\ccTmkmZ0.s:289    .text.HAL_SuspendTick:00000000 $t
  C:\Temp\ccTmkmZ0.s:295    .text.HAL_SuspendTick:00000000 HAL_SuspendTick
  C:\Temp\ccTmkmZ0.s:306    .text.HAL_ResumeTick:00000000 $t
  C:\Temp\ccTmkmZ0.s:312    .text.HAL_ResumeTick:00000000 HAL_ResumeTick
  C:\Temp\ccTmkmZ0.s:323    .text.HAL_GetHalVersion:00000000 $t
  C:\Temp\ccTmkmZ0.s:329    .text.HAL_GetHalVersion:00000000 HAL_GetHalVersion
  C:\Temp\ccTmkmZ0.s:338    .text.HAL_GetHalVersion:00000004 $d
  C:\Temp\ccTmkmZ0.s:341    .text.HAL_GetREVID:00000000 $t
  C:\Temp\ccTmkmZ0.s:347    .text.HAL_GetREVID:00000000 HAL_GetREVID
  C:\Temp\ccTmkmZ0.s:358    .text.HAL_GetREVID:00000008 $d
  C:\Temp\ccTmkmZ0.s:361    .text.HAL_GetDEVID:00000000 $t
  C:\Temp\ccTmkmZ0.s:367    .text.HAL_GetDEVID:00000000 HAL_GetDEVID
  C:\Temp\ccTmkmZ0.s:378    .text.HAL_GetDEVID:0000000c $d
  C:\Temp\ccTmkmZ0.s:381    .text.HAL_GetUIDw0:00000000 $t
  C:\Temp\ccTmkmZ0.s:387    .text.HAL_GetUIDw0:00000000 HAL_GetUIDw0
  C:\Temp\ccTmkmZ0.s:397    .text.HAL_GetUIDw0:00000008 $d
  C:\Temp\ccTmkmZ0.s:400    .text.HAL_GetUIDw1:00000000 $t
  C:\Temp\ccTmkmZ0.s:406    .text.HAL_GetUIDw1:00000000 HAL_GetUIDw1
  C:\Temp\ccTmkmZ0.s:416    .text.HAL_GetUIDw1:00000008 $d
  C:\Temp\ccTmkmZ0.s:419    .text.HAL_GetUIDw2:00000000 $t
  C:\Temp\ccTmkmZ0.s:425    .text.HAL_GetUIDw2:00000000 HAL_GetUIDw2
ARM GAS  C:\Temp\ccTmkmZ0.s 			page 12


  C:\Temp\ccTmkmZ0.s:435    .text.HAL_GetUIDw2:00000008 $d
  C:\Temp\ccTmkmZ0.s:438    .text.HAL_DBGMCU_EnableDBGSleepMode:00000000 $t
  C:\Temp\ccTmkmZ0.s:444    .text.HAL_DBGMCU_EnableDBGSleepMode:00000000 HAL_DBGMCU_EnableDBGSleepMode
  C:\Temp\ccTmkmZ0.s:456    .text.HAL_DBGMCU_EnableDBGSleepMode:0000000c $d
  C:\Temp\ccTmkmZ0.s:459    .text.HAL_DBGMCU_DisableDBGSleepMode:00000000 $t
  C:\Temp\ccTmkmZ0.s:465    .text.HAL_DBGMCU_DisableDBGSleepMode:00000000 HAL_DBGMCU_DisableDBGSleepMode
  C:\Temp\ccTmkmZ0.s:477    .text.HAL_DBGMCU_DisableDBGSleepMode:0000000c $d
  C:\Temp\ccTmkmZ0.s:480    .text.HAL_DBGMCU_EnableDBGStopMode:00000000 $t
  C:\Temp\ccTmkmZ0.s:486    .text.HAL_DBGMCU_EnableDBGStopMode:00000000 HAL_DBGMCU_EnableDBGStopMode
  C:\Temp\ccTmkmZ0.s:498    .text.HAL_DBGMCU_EnableDBGStopMode:0000000c $d
  C:\Temp\ccTmkmZ0.s:501    .text.HAL_DBGMCU_DisableDBGStopMode:00000000 $t
  C:\Temp\ccTmkmZ0.s:507    .text.HAL_DBGMCU_DisableDBGStopMode:00000000 HAL_DBGMCU_DisableDBGStopMode
  C:\Temp\ccTmkmZ0.s:519    .text.HAL_DBGMCU_DisableDBGStopMode:0000000c $d
  C:\Temp\ccTmkmZ0.s:522    .text.HAL_DBGMCU_EnableDBGStandbyMode:00000000 $t
  C:\Temp\ccTmkmZ0.s:528    .text.HAL_DBGMCU_EnableDBGStandbyMode:00000000 HAL_DBGMCU_EnableDBGStandbyMode
  C:\Temp\ccTmkmZ0.s:540    .text.HAL_DBGMCU_EnableDBGStandbyMode:0000000c $d
  C:\Temp\ccTmkmZ0.s:543    .text.HAL_DBGMCU_DisableDBGStandbyMode:00000000 $t
  C:\Temp\ccTmkmZ0.s:549    .text.HAL_DBGMCU_DisableDBGStandbyMode:00000000 HAL_DBGMCU_DisableDBGStandbyMode
  C:\Temp\ccTmkmZ0.s:561    .text.HAL_DBGMCU_DisableDBGStandbyMode:0000000c $d
  C:\Temp\ccTmkmZ0.s:571    .data.uwTickPrio:00000000 $d
  C:\Temp\ccTmkmZ0.s:578    .bss.uwTick:00000000 $d

UNDEFINED SYMBOLS
HAL_SYSTICK_Config
HAL_NVIC_SetPriority
SystemCoreClock
HAL_NVIC_SetPriorityGrouping
