ARM GAS  C:\Temp\ccAnrbsT.s 			page 1


   1              		.cpu cortex-m4
   2              		.arch armv7e-m
   3              		.fpu fpv4-sp-d16
   4              		.eabi_attribute 27, 1
   5              		.eabi_attribute 28, 1
   6              		.eabi_attribute 20, 1
   7              		.eabi_attribute 21, 1
   8              		.eabi_attribute 23, 3
   9              		.eabi_attribute 24, 1
  10              		.eabi_attribute 25, 1
  11              		.eabi_attribute 26, 1
  12              		.eabi_attribute 30, 1
  13              		.eabi_attribute 34, 1
  14              		.eabi_attribute 18, 4
  15              		.file	"platform.c"
  16              		.text
  17              	.Ltext0:
  18              		.cfi_sections	.debug_frame
  19              		.file 1 "Drivers/BSP/Components/vl53l8cx/porting/platform.c"
  20              		.section	.text.VL53L8CX_RdByte,"ax",%progbits
  21              		.align	1
  22              		.global	VL53L8CX_RdByte
  23              		.syntax unified
  24              		.thumb
  25              		.thumb_func
  27              	VL53L8CX_RdByte:
  28              	.LVL0:
  29              	.LFB0:
   1:Drivers/BSP/Components/vl53l8cx/porting/platform.c **** /**
   2:Drivers/BSP/Components/vl53l8cx/porting/platform.c ****   *
   3:Drivers/BSP/Components/vl53l8cx/porting/platform.c ****   * Copyright (c) 2021 STMicroelectronics.
   4:Drivers/BSP/Components/vl53l8cx/porting/platform.c ****   * All rights reserved.
   5:Drivers/BSP/Components/vl53l8cx/porting/platform.c ****   *
   6:Drivers/BSP/Components/vl53l8cx/porting/platform.c ****   * This software is licensed under terms that can be found in the LICENSE file
   7:Drivers/BSP/Components/vl53l8cx/porting/platform.c ****   * in the root directory of this software component.
   8:Drivers/BSP/Components/vl53l8cx/porting/platform.c ****   * If no LICENSE file comes with this software, it is provided AS-IS.
   9:Drivers/BSP/Components/vl53l8cx/porting/platform.c ****   *
  10:Drivers/BSP/Components/vl53l8cx/porting/platform.c ****   ******************************************************************************
  11:Drivers/BSP/Components/vl53l8cx/porting/platform.c ****   */
  12:Drivers/BSP/Components/vl53l8cx/porting/platform.c **** 
  13:Drivers/BSP/Components/vl53l8cx/porting/platform.c **** #include "platform.h"
  14:Drivers/BSP/Components/vl53l8cx/porting/platform.c **** 
  15:Drivers/BSP/Components/vl53l8cx/porting/platform.c **** uint8_t VL53L8CX_RdByte(
  16:Drivers/BSP/Components/vl53l8cx/porting/platform.c **** 		VL53L8CX_Platform *p_platform,
  17:Drivers/BSP/Components/vl53l8cx/porting/platform.c **** 		uint16_t RegisterAdress,
  18:Drivers/BSP/Components/vl53l8cx/porting/platform.c **** 		uint8_t *p_value)
  19:Drivers/BSP/Components/vl53l8cx/porting/platform.c **** {
  30              		.loc 1 19 1 view -0
  31              		.cfi_startproc
  32              		@ args = 0, pretend = 0, frame = 0
  33              		@ frame_needed = 0, uses_anonymous_args = 0
  34              		.loc 1 19 1 is_stmt 0 view .LVU1
  35 0000 10B5     		push	{r4, lr}
  36              		.cfi_def_cfa_offset 8
  37              		.cfi_offset 4, -8
  38              		.cfi_offset 14, -4
  20:Drivers/BSP/Components/vl53l8cx/porting/platform.c ****   return p_platform->Read(p_platform->address, RegisterAdress, p_value, 1U);
ARM GAS  C:\Temp\ccAnrbsT.s 			page 2


  39              		.loc 1 20 3 is_stmt 1 view .LVU2
  40              		.loc 1 20 20 is_stmt 0 view .LVU3
  41 0002 8468     		ldr	r4, [r0, #8]
  42              		.loc 1 20 10 view .LVU4
  43 0004 0123     		movs	r3, #1
  44 0006 0088     		ldrh	r0, [r0]
  45              	.LVL1:
  46              		.loc 1 20 10 view .LVU5
  47 0008 A047     		blx	r4
  48              	.LVL2:
  21:Drivers/BSP/Components/vl53l8cx/porting/platform.c **** }
  49              		.loc 1 21 1 view .LVU6
  50 000a C0B2     		uxtb	r0, r0
  51 000c 10BD     		pop	{r4, pc}
  52              		.cfi_endproc
  53              	.LFE0:
  55              		.section	.text.VL53L8CX_WrByte,"ax",%progbits
  56              		.align	1
  57              		.global	VL53L8CX_WrByte
  58              		.syntax unified
  59              		.thumb
  60              		.thumb_func
  62              	VL53L8CX_WrByte:
  63              	.LVL3:
  64              	.LFB1:
  22:Drivers/BSP/Components/vl53l8cx/porting/platform.c **** 
  23:Drivers/BSP/Components/vl53l8cx/porting/platform.c **** uint8_t VL53L8CX_WrByte(
  24:Drivers/BSP/Components/vl53l8cx/porting/platform.c **** 		VL53L8CX_Platform *p_platform,
  25:Drivers/BSP/Components/vl53l8cx/porting/platform.c **** 		uint16_t RegisterAdress,
  26:Drivers/BSP/Components/vl53l8cx/porting/platform.c **** 		uint8_t value)
  27:Drivers/BSP/Components/vl53l8cx/porting/platform.c **** {
  65              		.loc 1 27 1 is_stmt 1 view -0
  66              		.cfi_startproc
  67              		@ args = 0, pretend = 0, frame = 8
  68              		@ frame_needed = 0, uses_anonymous_args = 0
  69              		.loc 1 27 1 is_stmt 0 view .LVU8
  70 0000 10B5     		push	{r4, lr}
  71              		.cfi_def_cfa_offset 8
  72              		.cfi_offset 4, -8
  73              		.cfi_offset 14, -4
  74 0002 82B0     		sub	sp, sp, #8
  75              		.cfi_def_cfa_offset 16
  76 0004 8DF80720 		strb	r2, [sp, #7]
  28:Drivers/BSP/Components/vl53l8cx/porting/platform.c ****   return p_platform->Write(p_platform->address, RegisterAdress, &value, 1U);
  77              		.loc 1 28 3 is_stmt 1 view .LVU9
  78              		.loc 1 28 20 is_stmt 0 view .LVU10
  79 0008 4468     		ldr	r4, [r0, #4]
  80              		.loc 1 28 10 view .LVU11
  81 000a 0123     		movs	r3, #1
  82 000c 0DF10702 		add	r2, sp, #7
  83              	.LVL4:
  84              		.loc 1 28 10 view .LVU12
  85 0010 0088     		ldrh	r0, [r0]
  86              	.LVL5:
  87              		.loc 1 28 10 view .LVU13
  88 0012 A047     		blx	r4
  89              	.LVL6:
ARM GAS  C:\Temp\ccAnrbsT.s 			page 3


  29:Drivers/BSP/Components/vl53l8cx/porting/platform.c **** }
  90              		.loc 1 29 1 view .LVU14
  91 0014 C0B2     		uxtb	r0, r0
  92 0016 02B0     		add	sp, sp, #8
  93              		.cfi_def_cfa_offset 8
  94              		@ sp needed
  95 0018 10BD     		pop	{r4, pc}
  96              		.cfi_endproc
  97              	.LFE1:
  99              		.section	.text.VL53L8CX_WrMulti,"ax",%progbits
 100              		.align	1
 101              		.global	VL53L8CX_WrMulti
 102              		.syntax unified
 103              		.thumb
 104              		.thumb_func
 106              	VL53L8CX_WrMulti:
 107              	.LVL7:
 108              	.LFB2:
  30:Drivers/BSP/Components/vl53l8cx/porting/platform.c **** 
  31:Drivers/BSP/Components/vl53l8cx/porting/platform.c **** uint8_t VL53L8CX_WrMulti(
  32:Drivers/BSP/Components/vl53l8cx/porting/platform.c **** 		VL53L8CX_Platform *p_platform,
  33:Drivers/BSP/Components/vl53l8cx/porting/platform.c **** 		uint16_t RegisterAdress,
  34:Drivers/BSP/Components/vl53l8cx/porting/platform.c **** 		uint8_t *p_values,
  35:Drivers/BSP/Components/vl53l8cx/porting/platform.c **** 		uint32_t size)
  36:Drivers/BSP/Components/vl53l8cx/porting/platform.c **** {
 109              		.loc 1 36 1 is_stmt 1 view -0
 110              		.cfi_startproc
 111              		@ args = 0, pretend = 0, frame = 0
 112              		@ frame_needed = 0, uses_anonymous_args = 0
 113              		.loc 1 36 1 is_stmt 0 view .LVU16
 114 0000 10B5     		push	{r4, lr}
 115              		.cfi_def_cfa_offset 8
 116              		.cfi_offset 4, -8
 117              		.cfi_offset 14, -4
  37:Drivers/BSP/Components/vl53l8cx/porting/platform.c ****   return p_platform->Write(p_platform->address, RegisterAdress, p_values, size);
 118              		.loc 1 37 3 is_stmt 1 view .LVU17
 119              		.loc 1 37 20 is_stmt 0 view .LVU18
 120 0002 4468     		ldr	r4, [r0, #4]
 121              		.loc 1 37 10 view .LVU19
 122 0004 9BB2     		uxth	r3, r3
 123              	.LVL8:
 124              		.loc 1 37 10 view .LVU20
 125 0006 0088     		ldrh	r0, [r0]
 126              	.LVL9:
 127              		.loc 1 37 10 view .LVU21
 128 0008 A047     		blx	r4
 129              	.LVL10:
  38:Drivers/BSP/Components/vl53l8cx/porting/platform.c **** }
 130              		.loc 1 38 1 view .LVU22
 131 000a C0B2     		uxtb	r0, r0
 132 000c 10BD     		pop	{r4, pc}
 133              		.cfi_endproc
 134              	.LFE2:
 136              		.section	.text.VL53L8CX_RdMulti,"ax",%progbits
 137              		.align	1
 138              		.global	VL53L8CX_RdMulti
 139              		.syntax unified
ARM GAS  C:\Temp\ccAnrbsT.s 			page 4


 140              		.thumb
 141              		.thumb_func
 143              	VL53L8CX_RdMulti:
 144              	.LVL11:
 145              	.LFB3:
  39:Drivers/BSP/Components/vl53l8cx/porting/platform.c **** 
  40:Drivers/BSP/Components/vl53l8cx/porting/platform.c **** uint8_t VL53L8CX_RdMulti(
  41:Drivers/BSP/Components/vl53l8cx/porting/platform.c **** 		VL53L8CX_Platform *p_platform,
  42:Drivers/BSP/Components/vl53l8cx/porting/platform.c **** 		uint16_t RegisterAdress,
  43:Drivers/BSP/Components/vl53l8cx/porting/platform.c **** 		uint8_t *p_values,
  44:Drivers/BSP/Components/vl53l8cx/porting/platform.c **** 		uint32_t size)
  45:Drivers/BSP/Components/vl53l8cx/porting/platform.c **** {
 146              		.loc 1 45 1 is_stmt 1 view -0
 147              		.cfi_startproc
 148              		@ args = 0, pretend = 0, frame = 0
 149              		@ frame_needed = 0, uses_anonymous_args = 0
 150              		.loc 1 45 1 is_stmt 0 view .LVU24
 151 0000 10B5     		push	{r4, lr}
 152              		.cfi_def_cfa_offset 8
 153              		.cfi_offset 4, -8
 154              		.cfi_offset 14, -4
  46:Drivers/BSP/Components/vl53l8cx/porting/platform.c ****   return p_platform->Read(p_platform->address, RegisterAdress, p_values, size);
 155              		.loc 1 46 3 is_stmt 1 view .LVU25
 156              		.loc 1 46 20 is_stmt 0 view .LVU26
 157 0002 8468     		ldr	r4, [r0, #8]
 158              		.loc 1 46 10 view .LVU27
 159 0004 9BB2     		uxth	r3, r3
 160              	.LVL12:
 161              		.loc 1 46 10 view .LVU28
 162 0006 0088     		ldrh	r0, [r0]
 163              	.LVL13:
 164              		.loc 1 46 10 view .LVU29
 165 0008 A047     		blx	r4
 166              	.LVL14:
  47:Drivers/BSP/Components/vl53l8cx/porting/platform.c **** }
 167              		.loc 1 47 1 view .LVU30
 168 000a C0B2     		uxtb	r0, r0
 169 000c 10BD     		pop	{r4, pc}
 170              		.cfi_endproc
 171              	.LFE3:
 173              		.section	.text.VL53L8CX_SwapBuffer,"ax",%progbits
 174              		.align	1
 175              		.global	VL53L8CX_SwapBuffer
 176              		.syntax unified
 177              		.thumb
 178              		.thumb_func
 180              	VL53L8CX_SwapBuffer:
 181              	.LVL15:
 182              	.LFB4:
  48:Drivers/BSP/Components/vl53l8cx/porting/platform.c **** 
  49:Drivers/BSP/Components/vl53l8cx/porting/platform.c **** void VL53L8CX_SwapBuffer(
  50:Drivers/BSP/Components/vl53l8cx/porting/platform.c **** 		uint8_t 		*buffer,
  51:Drivers/BSP/Components/vl53l8cx/porting/platform.c **** 		uint16_t 	 	 size)
  52:Drivers/BSP/Components/vl53l8cx/porting/platform.c **** {
 183              		.loc 1 52 1 is_stmt 1 view -0
 184              		.cfi_startproc
 185              		@ args = 0, pretend = 0, frame = 0
ARM GAS  C:\Temp\ccAnrbsT.s 			page 5


 186              		@ frame_needed = 0, uses_anonymous_args = 0
  53:Drivers/BSP/Components/vl53l8cx/porting/platform.c **** 	uint32_t i, tmp;
 187              		.loc 1 53 2 view .LVU32
  54:Drivers/BSP/Components/vl53l8cx/porting/platform.c **** 	
  55:Drivers/BSP/Components/vl53l8cx/porting/platform.c **** 	/* Example of possible implementation using <string.h> */
  56:Drivers/BSP/Components/vl53l8cx/porting/platform.c **** 	for(i = 0; i < size; i = i + 4) 
 188              		.loc 1 56 2 view .LVU33
 189              		.loc 1 56 8 is_stmt 0 view .LVU34
 190 0000 0022     		movs	r2, #0
 191              	.LVL16:
 192              		.loc 1 56 15 is_stmt 1 view .LVU35
 193 0002 9142     		cmp	r1, r2
 194 0004 17D9     		bls	.L15
  52:Drivers/BSP/Components/vl53l8cx/porting/platform.c **** 	uint32_t i, tmp;
 195              		.loc 1 52 1 is_stmt 0 view .LVU36
 196 0006 00B5     		push	{lr}
 197              		.cfi_def_cfa_offset 4
 198              		.cfi_offset 14, -4
 199              	.L11:
  57:Drivers/BSP/Components/vl53l8cx/porting/platform.c **** 	{
  58:Drivers/BSP/Components/vl53l8cx/porting/platform.c **** 		tmp = (
 200              		.loc 1 58 3 is_stmt 1 discriminator 3 view .LVU37
  59:Drivers/BSP/Components/vl53l8cx/porting/platform.c **** 		  buffer[i]<<24)
 201              		.loc 1 59 11 is_stmt 0 discriminator 3 view .LVU38
 202 0008 00EB020C 		add	ip, r0, r2
 203 000c 10F802E0 		ldrb	lr, [r0, r2]	@ zero_extendqisi2
  60:Drivers/BSP/Components/vl53l8cx/porting/platform.c **** 		|(buffer[i+1]<<16)
 204              		.loc 1 60 11 discriminator 3 view .LVU39
 205 0010 9CF80130 		ldrb	r3, [ip, #1]	@ zero_extendqisi2
 206              		.loc 1 60 16 discriminator 3 view .LVU40
 207 0014 1B04     		lsls	r3, r3, #16
 208              		.loc 1 60 3 discriminator 3 view .LVU41
 209 0016 43EA0E63 		orr	r3, r3, lr, lsl #24
  61:Drivers/BSP/Components/vl53l8cx/porting/platform.c **** 		|(buffer[i+2]<<8)
 210              		.loc 1 61 11 discriminator 3 view .LVU42
 211 001a 9CF802E0 		ldrb	lr, [ip, #2]	@ zero_extendqisi2
 212              		.loc 1 61 3 discriminator 3 view .LVU43
 213 001e 43EA0E23 		orr	r3, r3, lr, lsl #8
  62:Drivers/BSP/Components/vl53l8cx/porting/platform.c **** 		|(buffer[i+3]);
 214              		.loc 1 62 11 discriminator 3 view .LVU44
 215 0022 9CF803C0 		ldrb	ip, [ip, #3]	@ zero_extendqisi2
 216              		.loc 1 62 3 discriminator 3 view .LVU45
 217 0026 43EA0C03 		orr	r3, r3, ip
 218              	.LVL17:
  63:Drivers/BSP/Components/vl53l8cx/porting/platform.c **** 		
  64:Drivers/BSP/Components/vl53l8cx/porting/platform.c **** 		memcpy(&(buffer[i]), &tmp, 4);
 219              		.loc 1 64 3 is_stmt 1 discriminator 3 view .LVU46
 220 002a 8350     		str	r3, [r0, r2]	@ unaligned
  56:Drivers/BSP/Components/vl53l8cx/porting/platform.c **** 	{
 221              		.loc 1 56 25 discriminator 3 view .LVU47
 222 002c 0432     		adds	r2, r2, #4
 223              	.LVL18:
  56:Drivers/BSP/Components/vl53l8cx/porting/platform.c **** 	{
 224              		.loc 1 56 15 discriminator 3 view .LVU48
 225 002e 9142     		cmp	r1, r2
 226 0030 EAD8     		bhi	.L11
  65:Drivers/BSP/Components/vl53l8cx/porting/platform.c **** 	}
ARM GAS  C:\Temp\ccAnrbsT.s 			page 6


  66:Drivers/BSP/Components/vl53l8cx/porting/platform.c **** }	
 227              		.loc 1 66 1 is_stmt 0 view .LVU49
 228 0032 5DF804FB 		ldr	pc, [sp], #4
 229              	.LVL19:
 230              	.L15:
 231              		.cfi_def_cfa_offset 0
 232              		.cfi_restore 14
 233              		.loc 1 66 1 view .LVU50
 234 0036 7047     		bx	lr
 235              		.cfi_endproc
 236              	.LFE4:
 238              		.section	.text.VL53L8CX_WaitMs,"ax",%progbits
 239              		.align	1
 240              		.global	VL53L8CX_WaitMs
 241              		.syntax unified
 242              		.thumb
 243              		.thumb_func
 245              	VL53L8CX_WaitMs:
 246              	.LVL20:
 247              	.LFB5:
  67:Drivers/BSP/Components/vl53l8cx/porting/platform.c **** 
  68:Drivers/BSP/Components/vl53l8cx/porting/platform.c **** uint8_t VL53L8CX_WaitMs(
  69:Drivers/BSP/Components/vl53l8cx/porting/platform.c **** 		VL53L8CX_Platform *p_platform,
  70:Drivers/BSP/Components/vl53l8cx/porting/platform.c **** 		uint32_t TimeMs)
  71:Drivers/BSP/Components/vl53l8cx/porting/platform.c **** {
 248              		.loc 1 71 1 is_stmt 1 view -0
 249              		.cfi_startproc
 250              		@ args = 0, pretend = 0, frame = 0
 251              		@ frame_needed = 0, uses_anonymous_args = 0
 252              		.loc 1 71 1 is_stmt 0 view .LVU52
 253 0000 70B5     		push	{r4, r5, r6, lr}
 254              		.cfi_def_cfa_offset 16
 255              		.cfi_offset 4, -16
 256              		.cfi_offset 5, -12
 257              		.cfi_offset 6, -8
 258              		.cfi_offset 14, -4
 259 0002 0446     		mov	r4, r0
 260 0004 0E46     		mov	r6, r1
  72:Drivers/BSP/Components/vl53l8cx/porting/platform.c ****   uint32_t tickstart;
 261              		.loc 1 72 3 is_stmt 1 view .LVU53
  73:Drivers/BSP/Components/vl53l8cx/porting/platform.c ****   tickstart = p_platform->GetTick();
 262              		.loc 1 73 3 view .LVU54
 263              		.loc 1 73 25 is_stmt 0 view .LVU55
 264 0006 C368     		ldr	r3, [r0, #12]
 265              		.loc 1 73 15 view .LVU56
 266 0008 9847     		blx	r3
 267              	.LVL21:
 268              		.loc 1 73 15 view .LVU57
 269 000a 0546     		mov	r5, r0
 270              	.LVL22:
  74:Drivers/BSP/Components/vl53l8cx/porting/platform.c **** 
  75:Drivers/BSP/Components/vl53l8cx/porting/platform.c ****   while ((p_platform->GetTick() - tickstart) < TimeMs);
 271              		.loc 1 75 3 is_stmt 1 view .LVU58
 272              	.L17:
 273              		.loc 1 75 46 discriminator 1 view .LVU59
 274              		.loc 1 75 21 is_stmt 0 discriminator 1 view .LVU60
 275 000c E368     		ldr	r3, [r4, #12]
ARM GAS  C:\Temp\ccAnrbsT.s 			page 7


 276              		.loc 1 75 11 discriminator 1 view .LVU61
 277 000e 9847     		blx	r3
 278              	.LVL23:
 279              		.loc 1 75 33 discriminator 1 view .LVU62
 280 0010 401B     		subs	r0, r0, r5
 281              		.loc 1 75 46 discriminator 1 view .LVU63
 282 0012 B042     		cmp	r0, r6
 283 0014 FAD3     		bcc	.L17
  76:Drivers/BSP/Components/vl53l8cx/porting/platform.c **** 
  77:Drivers/BSP/Components/vl53l8cx/porting/platform.c ****   return 0;
 284              		.loc 1 77 3 is_stmt 1 view .LVU64
  78:Drivers/BSP/Components/vl53l8cx/porting/platform.c **** }
 285              		.loc 1 78 1 is_stmt 0 view .LVU65
 286 0016 0020     		movs	r0, #0
 287 0018 70BD     		pop	{r4, r5, r6, pc}
 288              		.loc 1 78 1 view .LVU66
 289              		.cfi_endproc
 290              	.LFE5:
 292              		.text
 293              	.Letext0:
 294              		.file 2 "c:\\users\\jessejabezarendse\\appdata\\roaming\\code\\user\\globalstorage\\bmd.stm32-for-
 295              		.file 3 "c:\\users\\jessejabezarendse\\appdata\\roaming\\code\\user\\globalstorage\\bmd.stm32-for-
 296              		.file 4 "Drivers/BSP/Components/vl53l8cx/porting/platform.h"
ARM GAS  C:\Temp\ccAnrbsT.s 			page 8


DEFINED SYMBOLS
                            *ABS*:00000000 platform.c
  C:\Temp\ccAnrbsT.s:21     .text.VL53L8CX_RdByte:00000000 $t
  C:\Temp\ccAnrbsT.s:27     .text.VL53L8CX_RdByte:00000000 VL53L8CX_RdByte
  C:\Temp\ccAnrbsT.s:56     .text.VL53L8CX_WrByte:00000000 $t
  C:\Temp\ccAnrbsT.s:62     .text.VL53L8CX_WrByte:00000000 VL53L8CX_WrByte
  C:\Temp\ccAnrbsT.s:100    .text.VL53L8CX_WrMulti:00000000 $t
  C:\Temp\ccAnrbsT.s:106    .text.VL53L8CX_WrMulti:00000000 VL53L8CX_WrMulti
  C:\Temp\ccAnrbsT.s:137    .text.VL53L8CX_RdMulti:00000000 $t
  C:\Temp\ccAnrbsT.s:143    .text.VL53L8CX_RdMulti:00000000 VL53L8CX_RdMulti
  C:\Temp\ccAnrbsT.s:174    .text.VL53L8CX_SwapBuffer:00000000 $t
  C:\Temp\ccAnrbsT.s:180    .text.VL53L8CX_SwapBuffer:00000000 VL53L8CX_SwapBuffer
  C:\Temp\ccAnrbsT.s:239    .text.VL53L8CX_WaitMs:00000000 $t
  C:\Temp\ccAnrbsT.s:245    .text.VL53L8CX_WaitMs:00000000 VL53L8CX_WaitMs

NO UNDEFINED SYMBOLS
