ARM GAS  C:\Temp\ccVnrN0u.s 			page 1


   1              		.cpu cortex-m4
   2              		.arch armv7e-m
   3              		.fpu fpv4-sp-d16
   4              		.eabi_attribute 27, 1
   5              		.eabi_attribute 28, 1
   6              		.eabi_attribute 20, 1
   7              		.eabi_attribute 21, 1
   8              		.eabi_attribute 23, 3
   9              		.eabi_attribute 24, 1
  10              		.eabi_attribute 25, 1
  11              		.eabi_attribute 26, 1
  12              		.eabi_attribute 30, 1
  13              		.eabi_attribute 34, 1
  14              		.eabi_attribute 18, 4
  15              		.file	"stm32f4xx_hal_msp.c"
  16              		.text
  17              	.Ltext0:
  18              		.cfi_sections	.debug_frame
  19              		.file 1 "Core/Src/stm32f4xx_hal_msp.c"
  20              		.section	.text.HAL_MspInit,"ax",%progbits
  21              		.align	1
  22              		.global	HAL_MspInit
  23              		.syntax unified
  24              		.thumb
  25              		.thumb_func
  27              	HAL_MspInit:
  28              	.LFB134:
   1:Core/Src/stm32f4xx_hal_msp.c **** /* USER CODE BEGIN Header */
   2:Core/Src/stm32f4xx_hal_msp.c **** /**
   3:Core/Src/stm32f4xx_hal_msp.c ****   ******************************************************************************
   4:Core/Src/stm32f4xx_hal_msp.c ****   * @file         stm32f4xx_hal_msp.c
   5:Core/Src/stm32f4xx_hal_msp.c ****   * @brief        This file provides code for the MSP Initialization
   6:Core/Src/stm32f4xx_hal_msp.c ****   *               and de-Initialization codes.
   7:Core/Src/stm32f4xx_hal_msp.c ****   ******************************************************************************
   8:Core/Src/stm32f4xx_hal_msp.c ****   * @attention
   9:Core/Src/stm32f4xx_hal_msp.c ****   *
  10:Core/Src/stm32f4xx_hal_msp.c ****   * Copyright (c) 2024 STMicroelectronics.
  11:Core/Src/stm32f4xx_hal_msp.c ****   * All rights reserved.
  12:Core/Src/stm32f4xx_hal_msp.c ****   *
  13:Core/Src/stm32f4xx_hal_msp.c ****   * This software is licensed under terms that can be found in the LICENSE file
  14:Core/Src/stm32f4xx_hal_msp.c ****   * in the root directory of this software component.
  15:Core/Src/stm32f4xx_hal_msp.c ****   * If no LICENSE file comes with this software, it is provided AS-IS.
  16:Core/Src/stm32f4xx_hal_msp.c ****   *
  17:Core/Src/stm32f4xx_hal_msp.c ****   ******************************************************************************
  18:Core/Src/stm32f4xx_hal_msp.c ****   */
  19:Core/Src/stm32f4xx_hal_msp.c **** /* USER CODE END Header */
  20:Core/Src/stm32f4xx_hal_msp.c **** 
  21:Core/Src/stm32f4xx_hal_msp.c **** /* Includes ------------------------------------------------------------------*/
  22:Core/Src/stm32f4xx_hal_msp.c **** #include "main.h"
  23:Core/Src/stm32f4xx_hal_msp.c **** /* USER CODE BEGIN Includes */
  24:Core/Src/stm32f4xx_hal_msp.c **** 
  25:Core/Src/stm32f4xx_hal_msp.c **** /* USER CODE END Includes */
  26:Core/Src/stm32f4xx_hal_msp.c **** 
  27:Core/Src/stm32f4xx_hal_msp.c **** /* Private typedef -----------------------------------------------------------*/
  28:Core/Src/stm32f4xx_hal_msp.c **** /* USER CODE BEGIN TD */
  29:Core/Src/stm32f4xx_hal_msp.c **** 
  30:Core/Src/stm32f4xx_hal_msp.c **** /* USER CODE END TD */
ARM GAS  C:\Temp\ccVnrN0u.s 			page 2


  31:Core/Src/stm32f4xx_hal_msp.c **** 
  32:Core/Src/stm32f4xx_hal_msp.c **** /* Private define ------------------------------------------------------------*/
  33:Core/Src/stm32f4xx_hal_msp.c **** /* USER CODE BEGIN Define */
  34:Core/Src/stm32f4xx_hal_msp.c **** 
  35:Core/Src/stm32f4xx_hal_msp.c **** /* USER CODE END Define */
  36:Core/Src/stm32f4xx_hal_msp.c **** 
  37:Core/Src/stm32f4xx_hal_msp.c **** /* Private macro -------------------------------------------------------------*/
  38:Core/Src/stm32f4xx_hal_msp.c **** /* USER CODE BEGIN Macro */
  39:Core/Src/stm32f4xx_hal_msp.c **** 
  40:Core/Src/stm32f4xx_hal_msp.c **** /* USER CODE END Macro */
  41:Core/Src/stm32f4xx_hal_msp.c **** 
  42:Core/Src/stm32f4xx_hal_msp.c **** /* Private variables ---------------------------------------------------------*/
  43:Core/Src/stm32f4xx_hal_msp.c **** /* USER CODE BEGIN PV */
  44:Core/Src/stm32f4xx_hal_msp.c **** 
  45:Core/Src/stm32f4xx_hal_msp.c **** /* USER CODE END PV */
  46:Core/Src/stm32f4xx_hal_msp.c **** 
  47:Core/Src/stm32f4xx_hal_msp.c **** /* Private function prototypes -----------------------------------------------*/
  48:Core/Src/stm32f4xx_hal_msp.c **** /* USER CODE BEGIN PFP */
  49:Core/Src/stm32f4xx_hal_msp.c **** 
  50:Core/Src/stm32f4xx_hal_msp.c **** /* USER CODE END PFP */
  51:Core/Src/stm32f4xx_hal_msp.c **** 
  52:Core/Src/stm32f4xx_hal_msp.c **** /* External functions --------------------------------------------------------*/
  53:Core/Src/stm32f4xx_hal_msp.c **** /* USER CODE BEGIN ExternalFunctions */
  54:Core/Src/stm32f4xx_hal_msp.c **** 
  55:Core/Src/stm32f4xx_hal_msp.c **** /* USER CODE END ExternalFunctions */
  56:Core/Src/stm32f4xx_hal_msp.c **** 
  57:Core/Src/stm32f4xx_hal_msp.c **** /* USER CODE BEGIN 0 */
  58:Core/Src/stm32f4xx_hal_msp.c **** 
  59:Core/Src/stm32f4xx_hal_msp.c **** /* USER CODE END 0 */
  60:Core/Src/stm32f4xx_hal_msp.c **** /**
  61:Core/Src/stm32f4xx_hal_msp.c ****   * Initializes the Global MSP.
  62:Core/Src/stm32f4xx_hal_msp.c ****   */
  63:Core/Src/stm32f4xx_hal_msp.c **** void HAL_MspInit(void)
  64:Core/Src/stm32f4xx_hal_msp.c **** {
  29              		.loc 1 64 1 view -0
  30              		.cfi_startproc
  31              		@ args = 0, pretend = 0, frame = 8
  32              		@ frame_needed = 0, uses_anonymous_args = 0
  33 0000 00B5     		push	{lr}
  34              		.cfi_def_cfa_offset 4
  35              		.cfi_offset 14, -4
  36 0002 83B0     		sub	sp, sp, #12
  37              		.cfi_def_cfa_offset 16
  65:Core/Src/stm32f4xx_hal_msp.c **** 
  66:Core/Src/stm32f4xx_hal_msp.c ****   /* USER CODE BEGIN MspInit 0 */
  67:Core/Src/stm32f4xx_hal_msp.c **** 
  68:Core/Src/stm32f4xx_hal_msp.c ****   /* USER CODE END MspInit 0 */
  69:Core/Src/stm32f4xx_hal_msp.c **** 
  70:Core/Src/stm32f4xx_hal_msp.c ****   __HAL_RCC_SYSCFG_CLK_ENABLE();
  38              		.loc 1 70 3 view .LVU1
  39              	.LBB2:
  40              		.loc 1 70 3 view .LVU2
  41 0004 0021     		movs	r1, #0
  42 0006 0091     		str	r1, [sp]
  43              		.loc 1 70 3 view .LVU3
  44 0008 0C4B     		ldr	r3, .L3
  45 000a 5A6C     		ldr	r2, [r3, #68]
ARM GAS  C:\Temp\ccVnrN0u.s 			page 3


  46 000c 42F48042 		orr	r2, r2, #16384
  47 0010 5A64     		str	r2, [r3, #68]
  48              		.loc 1 70 3 view .LVU4
  49 0012 5A6C     		ldr	r2, [r3, #68]
  50 0014 02F48042 		and	r2, r2, #16384
  51 0018 0092     		str	r2, [sp]
  52              		.loc 1 70 3 view .LVU5
  53 001a 009A     		ldr	r2, [sp]
  54              	.LBE2:
  55              		.loc 1 70 3 view .LVU6
  71:Core/Src/stm32f4xx_hal_msp.c ****   __HAL_RCC_PWR_CLK_ENABLE();
  56              		.loc 1 71 3 view .LVU7
  57              	.LBB3:
  58              		.loc 1 71 3 view .LVU8
  59 001c 0191     		str	r1, [sp, #4]
  60              		.loc 1 71 3 view .LVU9
  61 001e 1A6C     		ldr	r2, [r3, #64]
  62 0020 42F08052 		orr	r2, r2, #268435456
  63 0024 1A64     		str	r2, [r3, #64]
  64              		.loc 1 71 3 view .LVU10
  65 0026 1B6C     		ldr	r3, [r3, #64]
  66 0028 03F08053 		and	r3, r3, #268435456
  67 002c 0193     		str	r3, [sp, #4]
  68              		.loc 1 71 3 view .LVU11
  69 002e 019B     		ldr	r3, [sp, #4]
  70              	.LBE3:
  71              		.loc 1 71 3 view .LVU12
  72:Core/Src/stm32f4xx_hal_msp.c **** 
  73:Core/Src/stm32f4xx_hal_msp.c ****   HAL_NVIC_SetPriorityGrouping(NVIC_PRIORITYGROUP_0);
  72              		.loc 1 73 3 view .LVU13
  73 0030 0720     		movs	r0, #7
  74 0032 FFF7FEFF 		bl	HAL_NVIC_SetPriorityGrouping
  75              	.LVL0:
  74:Core/Src/stm32f4xx_hal_msp.c **** 
  75:Core/Src/stm32f4xx_hal_msp.c ****   /* System interrupt init*/
  76:Core/Src/stm32f4xx_hal_msp.c **** 
  77:Core/Src/stm32f4xx_hal_msp.c ****   /* USER CODE BEGIN MspInit 1 */
  78:Core/Src/stm32f4xx_hal_msp.c **** 
  79:Core/Src/stm32f4xx_hal_msp.c ****   /* USER CODE END MspInit 1 */
  80:Core/Src/stm32f4xx_hal_msp.c **** }
  76              		.loc 1 80 1 is_stmt 0 view .LVU14
  77 0036 03B0     		add	sp, sp, #12
  78              		.cfi_def_cfa_offset 4
  79              		@ sp needed
  80 0038 5DF804FB 		ldr	pc, [sp], #4
  81              	.L4:
  82              		.align	2
  83              	.L3:
  84 003c 00380240 		.word	1073887232
  85              		.cfi_endproc
  86              	.LFE134:
  88              		.section	.text.HAL_TIM_Base_MspInit,"ax",%progbits
  89              		.align	1
  90              		.global	HAL_TIM_Base_MspInit
  91              		.syntax unified
  92              		.thumb
  93              		.thumb_func
ARM GAS  C:\Temp\ccVnrN0u.s 			page 4


  95              	HAL_TIM_Base_MspInit:
  96              	.LVL1:
  97              	.LFB135:
  81:Core/Src/stm32f4xx_hal_msp.c **** 
  82:Core/Src/stm32f4xx_hal_msp.c **** /**
  83:Core/Src/stm32f4xx_hal_msp.c **** * @brief TIM_Base MSP Initialization
  84:Core/Src/stm32f4xx_hal_msp.c **** * This function configures the hardware resources used in this example
  85:Core/Src/stm32f4xx_hal_msp.c **** * @param htim_base: TIM_Base handle pointer
  86:Core/Src/stm32f4xx_hal_msp.c **** * @retval None
  87:Core/Src/stm32f4xx_hal_msp.c **** */
  88:Core/Src/stm32f4xx_hal_msp.c **** void HAL_TIM_Base_MspInit(TIM_HandleTypeDef* htim_base)
  89:Core/Src/stm32f4xx_hal_msp.c **** {
  98              		.loc 1 89 1 is_stmt 1 view -0
  99              		.cfi_startproc
 100              		@ args = 0, pretend = 0, frame = 8
 101              		@ frame_needed = 0, uses_anonymous_args = 0
  90:Core/Src/stm32f4xx_hal_msp.c ****   if(htim_base->Instance==TIM2)
 102              		.loc 1 90 3 view .LVU16
 103              		.loc 1 90 15 is_stmt 0 view .LVU17
 104 0000 0368     		ldr	r3, [r0]
 105              		.loc 1 90 5 view .LVU18
 106 0002 B3F1804F 		cmp	r3, #1073741824
 107 0006 00D0     		beq	.L11
 108 0008 7047     		bx	lr
 109              	.L11:
  89:Core/Src/stm32f4xx_hal_msp.c ****   if(htim_base->Instance==TIM2)
 110              		.loc 1 89 1 view .LVU19
 111 000a 00B5     		push	{lr}
 112              		.cfi_def_cfa_offset 4
 113              		.cfi_offset 14, -4
 114 000c 83B0     		sub	sp, sp, #12
 115              		.cfi_def_cfa_offset 16
  91:Core/Src/stm32f4xx_hal_msp.c ****   {
  92:Core/Src/stm32f4xx_hal_msp.c ****   /* USER CODE BEGIN TIM2_MspInit 0 */
  93:Core/Src/stm32f4xx_hal_msp.c **** 
  94:Core/Src/stm32f4xx_hal_msp.c ****   /* USER CODE END TIM2_MspInit 0 */
  95:Core/Src/stm32f4xx_hal_msp.c ****     /* Peripheral clock enable */
  96:Core/Src/stm32f4xx_hal_msp.c ****     __HAL_RCC_TIM2_CLK_ENABLE();
 116              		.loc 1 96 5 is_stmt 1 view .LVU20
 117              	.LBB4:
 118              		.loc 1 96 5 view .LVU21
 119 000e 0021     		movs	r1, #0
 120 0010 0191     		str	r1, [sp, #4]
 121              		.loc 1 96 5 view .LVU22
 122 0012 03F50E33 		add	r3, r3, #145408
 123 0016 1A6C     		ldr	r2, [r3, #64]
 124 0018 42F00102 		orr	r2, r2, #1
 125 001c 1A64     		str	r2, [r3, #64]
 126              		.loc 1 96 5 view .LVU23
 127 001e 1B6C     		ldr	r3, [r3, #64]
 128 0020 03F00103 		and	r3, r3, #1
 129 0024 0193     		str	r3, [sp, #4]
 130              		.loc 1 96 5 view .LVU24
 131 0026 019B     		ldr	r3, [sp, #4]
 132              	.LBE4:
 133              		.loc 1 96 5 view .LVU25
  97:Core/Src/stm32f4xx_hal_msp.c ****     /* TIM2 interrupt Init */
ARM GAS  C:\Temp\ccVnrN0u.s 			page 5


  98:Core/Src/stm32f4xx_hal_msp.c ****     HAL_NVIC_SetPriority(TIM2_IRQn, 0, 0);
 134              		.loc 1 98 5 view .LVU26
 135 0028 0A46     		mov	r2, r1
 136 002a 1C20     		movs	r0, #28
 137              	.LVL2:
 138              		.loc 1 98 5 is_stmt 0 view .LVU27
 139 002c FFF7FEFF 		bl	HAL_NVIC_SetPriority
 140              	.LVL3:
  99:Core/Src/stm32f4xx_hal_msp.c ****     HAL_NVIC_EnableIRQ(TIM2_IRQn);
 141              		.loc 1 99 5 is_stmt 1 view .LVU28
 142 0030 1C20     		movs	r0, #28
 143 0032 FFF7FEFF 		bl	HAL_NVIC_EnableIRQ
 144              	.LVL4:
 100:Core/Src/stm32f4xx_hal_msp.c ****   /* USER CODE BEGIN TIM2_MspInit 1 */
 101:Core/Src/stm32f4xx_hal_msp.c **** 
 102:Core/Src/stm32f4xx_hal_msp.c ****   /* USER CODE END TIM2_MspInit 1 */
 103:Core/Src/stm32f4xx_hal_msp.c **** 
 104:Core/Src/stm32f4xx_hal_msp.c ****   }
 105:Core/Src/stm32f4xx_hal_msp.c **** 
 106:Core/Src/stm32f4xx_hal_msp.c **** }
 145              		.loc 1 106 1 is_stmt 0 view .LVU29
 146 0036 03B0     		add	sp, sp, #12
 147              		.cfi_def_cfa_offset 4
 148              		@ sp needed
 149 0038 5DF804FB 		ldr	pc, [sp], #4
 150              		.cfi_endproc
 151              	.LFE135:
 153              		.section	.text.HAL_TIM_Base_MspDeInit,"ax",%progbits
 154              		.align	1
 155              		.global	HAL_TIM_Base_MspDeInit
 156              		.syntax unified
 157              		.thumb
 158              		.thumb_func
 160              	HAL_TIM_Base_MspDeInit:
 161              	.LVL5:
 162              	.LFB136:
 107:Core/Src/stm32f4xx_hal_msp.c **** 
 108:Core/Src/stm32f4xx_hal_msp.c **** /**
 109:Core/Src/stm32f4xx_hal_msp.c **** * @brief TIM_Base MSP De-Initialization
 110:Core/Src/stm32f4xx_hal_msp.c **** * This function freeze the hardware resources used in this example
 111:Core/Src/stm32f4xx_hal_msp.c **** * @param htim_base: TIM_Base handle pointer
 112:Core/Src/stm32f4xx_hal_msp.c **** * @retval None
 113:Core/Src/stm32f4xx_hal_msp.c **** */
 114:Core/Src/stm32f4xx_hal_msp.c **** void HAL_TIM_Base_MspDeInit(TIM_HandleTypeDef* htim_base)
 115:Core/Src/stm32f4xx_hal_msp.c **** {
 163              		.loc 1 115 1 is_stmt 1 view -0
 164              		.cfi_startproc
 165              		@ args = 0, pretend = 0, frame = 0
 166              		@ frame_needed = 0, uses_anonymous_args = 0
 167              		.loc 1 115 1 is_stmt 0 view .LVU31
 168 0000 08B5     		push	{r3, lr}
 169              		.cfi_def_cfa_offset 8
 170              		.cfi_offset 3, -8
 171              		.cfi_offset 14, -4
 116:Core/Src/stm32f4xx_hal_msp.c ****   if(htim_base->Instance==TIM2)
 172              		.loc 1 116 3 is_stmt 1 view .LVU32
 173              		.loc 1 116 15 is_stmt 0 view .LVU33
ARM GAS  C:\Temp\ccVnrN0u.s 			page 6


 174 0002 0368     		ldr	r3, [r0]
 175              		.loc 1 116 5 view .LVU34
 176 0004 B3F1804F 		cmp	r3, #1073741824
 177 0008 00D0     		beq	.L15
 178              	.LVL6:
 179              	.L12:
 117:Core/Src/stm32f4xx_hal_msp.c ****   {
 118:Core/Src/stm32f4xx_hal_msp.c ****   /* USER CODE BEGIN TIM2_MspDeInit 0 */
 119:Core/Src/stm32f4xx_hal_msp.c **** 
 120:Core/Src/stm32f4xx_hal_msp.c ****   /* USER CODE END TIM2_MspDeInit 0 */
 121:Core/Src/stm32f4xx_hal_msp.c ****     /* Peripheral clock disable */
 122:Core/Src/stm32f4xx_hal_msp.c ****     __HAL_RCC_TIM2_CLK_DISABLE();
 123:Core/Src/stm32f4xx_hal_msp.c **** 
 124:Core/Src/stm32f4xx_hal_msp.c ****     /* TIM2 interrupt DeInit */
 125:Core/Src/stm32f4xx_hal_msp.c ****     HAL_NVIC_DisableIRQ(TIM2_IRQn);
 126:Core/Src/stm32f4xx_hal_msp.c ****   /* USER CODE BEGIN TIM2_MspDeInit 1 */
 127:Core/Src/stm32f4xx_hal_msp.c **** 
 128:Core/Src/stm32f4xx_hal_msp.c ****   /* USER CODE END TIM2_MspDeInit 1 */
 129:Core/Src/stm32f4xx_hal_msp.c ****   }
 130:Core/Src/stm32f4xx_hal_msp.c **** 
 131:Core/Src/stm32f4xx_hal_msp.c **** }
 180              		.loc 1 131 1 view .LVU35
 181 000a 08BD     		pop	{r3, pc}
 182              	.LVL7:
 183              	.L15:
 122:Core/Src/stm32f4xx_hal_msp.c **** 
 184              		.loc 1 122 5 is_stmt 1 view .LVU36
 185 000c 044A     		ldr	r2, .L16
 186 000e 136C     		ldr	r3, [r2, #64]
 187 0010 23F00103 		bic	r3, r3, #1
 188 0014 1364     		str	r3, [r2, #64]
 125:Core/Src/stm32f4xx_hal_msp.c ****   /* USER CODE BEGIN TIM2_MspDeInit 1 */
 189              		.loc 1 125 5 view .LVU37
 190 0016 1C20     		movs	r0, #28
 191              	.LVL8:
 125:Core/Src/stm32f4xx_hal_msp.c ****   /* USER CODE BEGIN TIM2_MspDeInit 1 */
 192              		.loc 1 125 5 is_stmt 0 view .LVU38
 193 0018 FFF7FEFF 		bl	HAL_NVIC_DisableIRQ
 194              	.LVL9:
 195              		.loc 1 131 1 view .LVU39
 196 001c F5E7     		b	.L12
 197              	.L17:
 198 001e 00BF     		.align	2
 199              	.L16:
 200 0020 00380240 		.word	1073887232
 201              		.cfi_endproc
 202              	.LFE136:
 204              		.section	.text.HAL_UART_MspInit,"ax",%progbits
 205              		.align	1
 206              		.global	HAL_UART_MspInit
 207              		.syntax unified
 208              		.thumb
 209              		.thumb_func
 211              	HAL_UART_MspInit:
 212              	.LVL10:
 213              	.LFB137:
 132:Core/Src/stm32f4xx_hal_msp.c **** 
ARM GAS  C:\Temp\ccVnrN0u.s 			page 7


 133:Core/Src/stm32f4xx_hal_msp.c **** /**
 134:Core/Src/stm32f4xx_hal_msp.c **** * @brief UART MSP Initialization
 135:Core/Src/stm32f4xx_hal_msp.c **** * This function configures the hardware resources used in this example
 136:Core/Src/stm32f4xx_hal_msp.c **** * @param huart: UART handle pointer
 137:Core/Src/stm32f4xx_hal_msp.c **** * @retval None
 138:Core/Src/stm32f4xx_hal_msp.c **** */
 139:Core/Src/stm32f4xx_hal_msp.c **** void HAL_UART_MspInit(UART_HandleTypeDef* huart)
 140:Core/Src/stm32f4xx_hal_msp.c **** {
 214              		.loc 1 140 1 is_stmt 1 view -0
 215              		.cfi_startproc
 216              		@ args = 0, pretend = 0, frame = 32
 217              		@ frame_needed = 0, uses_anonymous_args = 0
 218              		.loc 1 140 1 is_stmt 0 view .LVU41
 219 0000 00B5     		push	{lr}
 220              		.cfi_def_cfa_offset 4
 221              		.cfi_offset 14, -4
 222 0002 89B0     		sub	sp, sp, #36
 223              		.cfi_def_cfa_offset 40
 141:Core/Src/stm32f4xx_hal_msp.c ****   GPIO_InitTypeDef GPIO_InitStruct = {0};
 224              		.loc 1 141 3 is_stmt 1 view .LVU42
 225              		.loc 1 141 20 is_stmt 0 view .LVU43
 226 0004 0023     		movs	r3, #0
 227 0006 0393     		str	r3, [sp, #12]
 228 0008 0493     		str	r3, [sp, #16]
 229 000a 0593     		str	r3, [sp, #20]
 230 000c 0693     		str	r3, [sp, #24]
 231 000e 0793     		str	r3, [sp, #28]
 142:Core/Src/stm32f4xx_hal_msp.c ****   if(huart->Instance==USART2)
 232              		.loc 1 142 3 is_stmt 1 view .LVU44
 233              		.loc 1 142 11 is_stmt 0 view .LVU45
 234 0010 0268     		ldr	r2, [r0]
 235              		.loc 1 142 5 view .LVU46
 236 0012 154B     		ldr	r3, .L22
 237 0014 9A42     		cmp	r2, r3
 238 0016 02D0     		beq	.L21
 239              	.LVL11:
 240              	.L18:
 143:Core/Src/stm32f4xx_hal_msp.c ****   {
 144:Core/Src/stm32f4xx_hal_msp.c ****   /* USER CODE BEGIN USART2_MspInit 0 */
 145:Core/Src/stm32f4xx_hal_msp.c **** 
 146:Core/Src/stm32f4xx_hal_msp.c ****   /* USER CODE END USART2_MspInit 0 */
 147:Core/Src/stm32f4xx_hal_msp.c ****     /* Peripheral clock enable */
 148:Core/Src/stm32f4xx_hal_msp.c ****     __HAL_RCC_USART2_CLK_ENABLE();
 149:Core/Src/stm32f4xx_hal_msp.c **** 
 150:Core/Src/stm32f4xx_hal_msp.c ****     __HAL_RCC_GPIOA_CLK_ENABLE();
 151:Core/Src/stm32f4xx_hal_msp.c ****     /**USART2 GPIO Configuration
 152:Core/Src/stm32f4xx_hal_msp.c ****     PA2     ------> USART2_TX
 153:Core/Src/stm32f4xx_hal_msp.c ****     PA3     ------> USART2_RX
 154:Core/Src/stm32f4xx_hal_msp.c ****     */
 155:Core/Src/stm32f4xx_hal_msp.c ****     GPIO_InitStruct.Pin = USART_TX_Pin|USART_RX_Pin;
 156:Core/Src/stm32f4xx_hal_msp.c ****     GPIO_InitStruct.Mode = GPIO_MODE_AF_PP;
 157:Core/Src/stm32f4xx_hal_msp.c ****     GPIO_InitStruct.Pull = GPIO_NOPULL;
 158:Core/Src/stm32f4xx_hal_msp.c ****     GPIO_InitStruct.Speed = GPIO_SPEED_FREQ_VERY_HIGH;
 159:Core/Src/stm32f4xx_hal_msp.c ****     GPIO_InitStruct.Alternate = GPIO_AF7_USART2;
 160:Core/Src/stm32f4xx_hal_msp.c ****     HAL_GPIO_Init(GPIOA, &GPIO_InitStruct);
 161:Core/Src/stm32f4xx_hal_msp.c **** 
 162:Core/Src/stm32f4xx_hal_msp.c ****   /* USER CODE BEGIN USART2_MspInit 1 */
ARM GAS  C:\Temp\ccVnrN0u.s 			page 8


 163:Core/Src/stm32f4xx_hal_msp.c **** 
 164:Core/Src/stm32f4xx_hal_msp.c ****   /* USER CODE END USART2_MspInit 1 */
 165:Core/Src/stm32f4xx_hal_msp.c **** 
 166:Core/Src/stm32f4xx_hal_msp.c ****   }
 167:Core/Src/stm32f4xx_hal_msp.c **** 
 168:Core/Src/stm32f4xx_hal_msp.c **** }
 241              		.loc 1 168 1 view .LVU47
 242 0018 09B0     		add	sp, sp, #36
 243              		.cfi_remember_state
 244              		.cfi_def_cfa_offset 4
 245              		@ sp needed
 246 001a 5DF804FB 		ldr	pc, [sp], #4
 247              	.LVL12:
 248              	.L21:
 249              		.cfi_restore_state
 148:Core/Src/stm32f4xx_hal_msp.c **** 
 250              		.loc 1 148 5 is_stmt 1 view .LVU48
 251              	.LBB5:
 148:Core/Src/stm32f4xx_hal_msp.c **** 
 252              		.loc 1 148 5 view .LVU49
 253 001e 0021     		movs	r1, #0
 254 0020 0191     		str	r1, [sp, #4]
 148:Core/Src/stm32f4xx_hal_msp.c **** 
 255              		.loc 1 148 5 view .LVU50
 256 0022 03F5FA33 		add	r3, r3, #128000
 257 0026 1A6C     		ldr	r2, [r3, #64]
 258 0028 42F40032 		orr	r2, r2, #131072
 259 002c 1A64     		str	r2, [r3, #64]
 148:Core/Src/stm32f4xx_hal_msp.c **** 
 260              		.loc 1 148 5 view .LVU51
 261 002e 1A6C     		ldr	r2, [r3, #64]
 262 0030 02F40032 		and	r2, r2, #131072
 263 0034 0192     		str	r2, [sp, #4]
 148:Core/Src/stm32f4xx_hal_msp.c **** 
 264              		.loc 1 148 5 view .LVU52
 265 0036 019A     		ldr	r2, [sp, #4]
 266              	.LBE5:
 148:Core/Src/stm32f4xx_hal_msp.c **** 
 267              		.loc 1 148 5 view .LVU53
 150:Core/Src/stm32f4xx_hal_msp.c ****     /**USART2 GPIO Configuration
 268              		.loc 1 150 5 view .LVU54
 269              	.LBB6:
 150:Core/Src/stm32f4xx_hal_msp.c ****     /**USART2 GPIO Configuration
 270              		.loc 1 150 5 view .LVU55
 271 0038 0291     		str	r1, [sp, #8]
 150:Core/Src/stm32f4xx_hal_msp.c ****     /**USART2 GPIO Configuration
 272              		.loc 1 150 5 view .LVU56
 273 003a 1A6B     		ldr	r2, [r3, #48]
 274 003c 42F00102 		orr	r2, r2, #1
 275 0040 1A63     		str	r2, [r3, #48]
 150:Core/Src/stm32f4xx_hal_msp.c ****     /**USART2 GPIO Configuration
 276              		.loc 1 150 5 view .LVU57
 277 0042 1B6B     		ldr	r3, [r3, #48]
 278 0044 03F00103 		and	r3, r3, #1
 279 0048 0293     		str	r3, [sp, #8]
 150:Core/Src/stm32f4xx_hal_msp.c ****     /**USART2 GPIO Configuration
 280              		.loc 1 150 5 view .LVU58
ARM GAS  C:\Temp\ccVnrN0u.s 			page 9


 281 004a 029B     		ldr	r3, [sp, #8]
 282              	.LBE6:
 150:Core/Src/stm32f4xx_hal_msp.c ****     /**USART2 GPIO Configuration
 283              		.loc 1 150 5 view .LVU59
 155:Core/Src/stm32f4xx_hal_msp.c ****     GPIO_InitStruct.Mode = GPIO_MODE_AF_PP;
 284              		.loc 1 155 5 view .LVU60
 155:Core/Src/stm32f4xx_hal_msp.c ****     GPIO_InitStruct.Mode = GPIO_MODE_AF_PP;
 285              		.loc 1 155 25 is_stmt 0 view .LVU61
 286 004c 0C23     		movs	r3, #12
 287 004e 0393     		str	r3, [sp, #12]
 156:Core/Src/stm32f4xx_hal_msp.c ****     GPIO_InitStruct.Pull = GPIO_NOPULL;
 288              		.loc 1 156 5 is_stmt 1 view .LVU62
 156:Core/Src/stm32f4xx_hal_msp.c ****     GPIO_InitStruct.Pull = GPIO_NOPULL;
 289              		.loc 1 156 26 is_stmt 0 view .LVU63
 290 0050 0223     		movs	r3, #2
 291 0052 0493     		str	r3, [sp, #16]
 157:Core/Src/stm32f4xx_hal_msp.c ****     GPIO_InitStruct.Speed = GPIO_SPEED_FREQ_VERY_HIGH;
 292              		.loc 1 157 5 is_stmt 1 view .LVU64
 158:Core/Src/stm32f4xx_hal_msp.c ****     GPIO_InitStruct.Alternate = GPIO_AF7_USART2;
 293              		.loc 1 158 5 view .LVU65
 158:Core/Src/stm32f4xx_hal_msp.c ****     GPIO_InitStruct.Alternate = GPIO_AF7_USART2;
 294              		.loc 1 158 27 is_stmt 0 view .LVU66
 295 0054 0323     		movs	r3, #3
 296 0056 0693     		str	r3, [sp, #24]
 159:Core/Src/stm32f4xx_hal_msp.c ****     HAL_GPIO_Init(GPIOA, &GPIO_InitStruct);
 297              		.loc 1 159 5 is_stmt 1 view .LVU67
 159:Core/Src/stm32f4xx_hal_msp.c ****     HAL_GPIO_Init(GPIOA, &GPIO_InitStruct);
 298              		.loc 1 159 31 is_stmt 0 view .LVU68
 299 0058 0723     		movs	r3, #7
 300 005a 0793     		str	r3, [sp, #28]
 160:Core/Src/stm32f4xx_hal_msp.c **** 
 301              		.loc 1 160 5 is_stmt 1 view .LVU69
 302 005c 03A9     		add	r1, sp, #12
 303 005e 0348     		ldr	r0, .L22+4
 304              	.LVL13:
 160:Core/Src/stm32f4xx_hal_msp.c **** 
 305              		.loc 1 160 5 is_stmt 0 view .LVU70
 306 0060 FFF7FEFF 		bl	HAL_GPIO_Init
 307              	.LVL14:
 308              		.loc 1 168 1 view .LVU71
 309 0064 D8E7     		b	.L18
 310              	.L23:
 311 0066 00BF     		.align	2
 312              	.L22:
 313 0068 00440040 		.word	1073759232
 314 006c 00000240 		.word	1073872896
 315              		.cfi_endproc
 316              	.LFE137:
 318              		.section	.text.HAL_UART_MspDeInit,"ax",%progbits
 319              		.align	1
 320              		.global	HAL_UART_MspDeInit
 321              		.syntax unified
 322              		.thumb
 323              		.thumb_func
 325              	HAL_UART_MspDeInit:
 326              	.LVL15:
 327              	.LFB138:
ARM GAS  C:\Temp\ccVnrN0u.s 			page 10


 169:Core/Src/stm32f4xx_hal_msp.c **** 
 170:Core/Src/stm32f4xx_hal_msp.c **** /**
 171:Core/Src/stm32f4xx_hal_msp.c **** * @brief UART MSP De-Initialization
 172:Core/Src/stm32f4xx_hal_msp.c **** * This function freeze the hardware resources used in this example
 173:Core/Src/stm32f4xx_hal_msp.c **** * @param huart: UART handle pointer
 174:Core/Src/stm32f4xx_hal_msp.c **** * @retval None
 175:Core/Src/stm32f4xx_hal_msp.c **** */
 176:Core/Src/stm32f4xx_hal_msp.c **** void HAL_UART_MspDeInit(UART_HandleTypeDef* huart)
 177:Core/Src/stm32f4xx_hal_msp.c **** {
 328              		.loc 1 177 1 is_stmt 1 view -0
 329              		.cfi_startproc
 330              		@ args = 0, pretend = 0, frame = 0
 331              		@ frame_needed = 0, uses_anonymous_args = 0
 332              		.loc 1 177 1 is_stmt 0 view .LVU73
 333 0000 08B5     		push	{r3, lr}
 334              		.cfi_def_cfa_offset 8
 335              		.cfi_offset 3, -8
 336              		.cfi_offset 14, -4
 178:Core/Src/stm32f4xx_hal_msp.c ****   if(huart->Instance==USART2)
 337              		.loc 1 178 3 is_stmt 1 view .LVU74
 338              		.loc 1 178 11 is_stmt 0 view .LVU75
 339 0002 0268     		ldr	r2, [r0]
 340              		.loc 1 178 5 view .LVU76
 341 0004 064B     		ldr	r3, .L28
 342 0006 9A42     		cmp	r2, r3
 343 0008 00D0     		beq	.L27
 344              	.LVL16:
 345              	.L24:
 179:Core/Src/stm32f4xx_hal_msp.c ****   {
 180:Core/Src/stm32f4xx_hal_msp.c ****   /* USER CODE BEGIN USART2_MspDeInit 0 */
 181:Core/Src/stm32f4xx_hal_msp.c **** 
 182:Core/Src/stm32f4xx_hal_msp.c ****   /* USER CODE END USART2_MspDeInit 0 */
 183:Core/Src/stm32f4xx_hal_msp.c ****     /* Peripheral clock disable */
 184:Core/Src/stm32f4xx_hal_msp.c ****     __HAL_RCC_USART2_CLK_DISABLE();
 185:Core/Src/stm32f4xx_hal_msp.c **** 
 186:Core/Src/stm32f4xx_hal_msp.c ****     /**USART2 GPIO Configuration
 187:Core/Src/stm32f4xx_hal_msp.c ****     PA2     ------> USART2_TX
 188:Core/Src/stm32f4xx_hal_msp.c ****     PA3     ------> USART2_RX
 189:Core/Src/stm32f4xx_hal_msp.c ****     */
 190:Core/Src/stm32f4xx_hal_msp.c ****     HAL_GPIO_DeInit(GPIOA, USART_TX_Pin|USART_RX_Pin);
 191:Core/Src/stm32f4xx_hal_msp.c **** 
 192:Core/Src/stm32f4xx_hal_msp.c ****   /* USER CODE BEGIN USART2_MspDeInit 1 */
 193:Core/Src/stm32f4xx_hal_msp.c **** 
 194:Core/Src/stm32f4xx_hal_msp.c ****   /* USER CODE END USART2_MspDeInit 1 */
 195:Core/Src/stm32f4xx_hal_msp.c ****   }
 196:Core/Src/stm32f4xx_hal_msp.c **** 
 197:Core/Src/stm32f4xx_hal_msp.c **** }
 346              		.loc 1 197 1 view .LVU77
 347 000a 08BD     		pop	{r3, pc}
 348              	.LVL17:
 349              	.L27:
 184:Core/Src/stm32f4xx_hal_msp.c **** 
 350              		.loc 1 184 5 is_stmt 1 view .LVU78
 351 000c 054A     		ldr	r2, .L28+4
 352 000e 136C     		ldr	r3, [r2, #64]
 353 0010 23F40033 		bic	r3, r3, #131072
 354 0014 1364     		str	r3, [r2, #64]
ARM GAS  C:\Temp\ccVnrN0u.s 			page 11


 190:Core/Src/stm32f4xx_hal_msp.c **** 
 355              		.loc 1 190 5 view .LVU79
 356 0016 0C21     		movs	r1, #12
 357 0018 0348     		ldr	r0, .L28+8
 358              	.LVL18:
 190:Core/Src/stm32f4xx_hal_msp.c **** 
 359              		.loc 1 190 5 is_stmt 0 view .LVU80
 360 001a FFF7FEFF 		bl	HAL_GPIO_DeInit
 361              	.LVL19:
 362              		.loc 1 197 1 view .LVU81
 363 001e F4E7     		b	.L24
 364              	.L29:
 365              		.align	2
 366              	.L28:
 367 0020 00440040 		.word	1073759232
 368 0024 00380240 		.word	1073887232
 369 0028 00000240 		.word	1073872896
 370              		.cfi_endproc
 371              	.LFE138:
 373              		.text
 374              	.Letext0:
 375              		.file 2 "Drivers/CMSIS/Device/ST/STM32F4xx/Include/stm32f411xe.h"
 376              		.file 3 "c:\\users\\jessejabezarendse\\appdata\\roaming\\code\\user\\globalstorage\\bmd.stm32-for-
 377              		.file 4 "c:\\users\\jessejabezarendse\\appdata\\roaming\\code\\user\\globalstorage\\bmd.stm32-for-
 378              		.file 5 "Drivers/STM32F4xx_HAL_Driver/Inc/stm32f4xx_hal_def.h"
 379              		.file 6 "Drivers/STM32F4xx_HAL_Driver/Inc/stm32f4xx_hal_gpio.h"
 380              		.file 7 "Drivers/STM32F4xx_HAL_Driver/Inc/stm32f4xx_hal_dma.h"
 381              		.file 8 "Drivers/STM32F4xx_HAL_Driver/Inc/stm32f4xx_hal_tim.h"
 382              		.file 9 "Drivers/STM32F4xx_HAL_Driver/Inc/stm32f4xx_hal_uart.h"
 383              		.file 10 "Drivers/STM32F4xx_HAL_Driver/Inc/stm32f4xx_hal_cortex.h"
ARM GAS  C:\Temp\ccVnrN0u.s 			page 12


DEFINED SYMBOLS
                            *ABS*:00000000 stm32f4xx_hal_msp.c
  C:\Temp\ccVnrN0u.s:21     .text.HAL_MspInit:00000000 $t
  C:\Temp\ccVnrN0u.s:27     .text.HAL_MspInit:00000000 HAL_MspInit
  C:\Temp\ccVnrN0u.s:84     .text.HAL_MspInit:0000003c $d
  C:\Temp\ccVnrN0u.s:89     .text.HAL_TIM_Base_MspInit:00000000 $t
  C:\Temp\ccVnrN0u.s:95     .text.HAL_TIM_Base_MspInit:00000000 HAL_TIM_Base_MspInit
  C:\Temp\ccVnrN0u.s:154    .text.HAL_TIM_Base_MspDeInit:00000000 $t
  C:\Temp\ccVnrN0u.s:160    .text.HAL_TIM_Base_MspDeInit:00000000 HAL_TIM_Base_MspDeInit
  C:\Temp\ccVnrN0u.s:200    .text.HAL_TIM_Base_MspDeInit:00000020 $d
  C:\Temp\ccVnrN0u.s:205    .text.HAL_UART_MspInit:00000000 $t
  C:\Temp\ccVnrN0u.s:211    .text.HAL_UART_MspInit:00000000 HAL_UART_MspInit
  C:\Temp\ccVnrN0u.s:313    .text.HAL_UART_MspInit:00000068 $d
  C:\Temp\ccVnrN0u.s:319    .text.HAL_UART_MspDeInit:00000000 $t
  C:\Temp\ccVnrN0u.s:325    .text.HAL_UART_MspDeInit:00000000 HAL_UART_MspDeInit
  C:\Temp\ccVnrN0u.s:367    .text.HAL_UART_MspDeInit:00000020 $d

UNDEFINED SYMBOLS
HAL_NVIC_SetPriorityGrouping
HAL_NVIC_SetPriority
HAL_NVIC_EnableIRQ
HAL_NVIC_DisableIRQ
HAL_GPIO_Init
HAL_GPIO_DeInit
