ARM GAS  C:\Temp\ccZUeYDw.s 			page 1


   1              		.cpu cortex-m4
   2              		.arch armv7e-m
   3              		.fpu fpv4-sp-d16
   4              		.eabi_attribute 27, 1
   5              		.eabi_attribute 28, 1
   6              		.eabi_attribute 20, 1
   7              		.eabi_attribute 21, 1
   8              		.eabi_attribute 23, 3
   9              		.eabi_attribute 24, 1
  10              		.eabi_attribute 25, 1
  11              		.eabi_attribute 26, 1
  12              		.eabi_attribute 30, 1
  13              		.eabi_attribute 34, 1
  14              		.eabi_attribute 18, 4
  15              		.file	"stm32f4xx_it.c"
  16              		.text
  17              	.Ltext0:
  18              		.cfi_sections	.debug_frame
  19              		.file 1 "Core/Src/stm32f4xx_it.c"
  20              		.section	.text.NMI_Handler,"ax",%progbits
  21              		.align	1
  22              		.global	NMI_Handler
  23              		.syntax unified
  24              		.thumb
  25              		.thumb_func
  27              	NMI_Handler:
  28              	.LFB134:
   1:Core/Src/stm32f4xx_it.c **** /* USER CODE BEGIN Header */
   2:Core/Src/stm32f4xx_it.c **** /**
   3:Core/Src/stm32f4xx_it.c ****   ******************************************************************************
   4:Core/Src/stm32f4xx_it.c ****   * @file    stm32f4xx_it.c
   5:Core/Src/stm32f4xx_it.c ****   * @brief   Interrupt Service Routines.
   6:Core/Src/stm32f4xx_it.c ****   ******************************************************************************
   7:Core/Src/stm32f4xx_it.c ****   * @attention
   8:Core/Src/stm32f4xx_it.c ****   *
   9:Core/Src/stm32f4xx_it.c ****   * Copyright (c) 2024 STMicroelectronics.
  10:Core/Src/stm32f4xx_it.c ****   * All rights reserved.
  11:Core/Src/stm32f4xx_it.c ****   *
  12:Core/Src/stm32f4xx_it.c ****   * This software is licensed under terms that can be found in the LICENSE file
  13:Core/Src/stm32f4xx_it.c ****   * in the root directory of this software component.
  14:Core/Src/stm32f4xx_it.c ****   * If no LICENSE file comes with this software, it is provided AS-IS.
  15:Core/Src/stm32f4xx_it.c ****   *
  16:Core/Src/stm32f4xx_it.c ****   ******************************************************************************
  17:Core/Src/stm32f4xx_it.c ****   */
  18:Core/Src/stm32f4xx_it.c **** /* USER CODE END Header */
  19:Core/Src/stm32f4xx_it.c **** 
  20:Core/Src/stm32f4xx_it.c **** /* Includes ------------------------------------------------------------------*/
  21:Core/Src/stm32f4xx_it.c **** #include "main.h"
  22:Core/Src/stm32f4xx_it.c **** #include "stm32f4xx_it.h"
  23:Core/Src/stm32f4xx_it.c **** /* Private includes ----------------------------------------------------------*/
  24:Core/Src/stm32f4xx_it.c **** /* USER CODE BEGIN Includes */
  25:Core/Src/stm32f4xx_it.c **** /* USER CODE END Includes */
  26:Core/Src/stm32f4xx_it.c **** 
  27:Core/Src/stm32f4xx_it.c **** /* Private typedef -----------------------------------------------------------*/
  28:Core/Src/stm32f4xx_it.c **** /* USER CODE BEGIN TD */
  29:Core/Src/stm32f4xx_it.c **** 
  30:Core/Src/stm32f4xx_it.c **** /* USER CODE END TD */
ARM GAS  C:\Temp\ccZUeYDw.s 			page 2


  31:Core/Src/stm32f4xx_it.c **** 
  32:Core/Src/stm32f4xx_it.c **** /* Private define ------------------------------------------------------------*/
  33:Core/Src/stm32f4xx_it.c **** /* USER CODE BEGIN PD */
  34:Core/Src/stm32f4xx_it.c **** 
  35:Core/Src/stm32f4xx_it.c **** /* USER CODE END PD */
  36:Core/Src/stm32f4xx_it.c **** 
  37:Core/Src/stm32f4xx_it.c **** /* Private macro -------------------------------------------------------------*/
  38:Core/Src/stm32f4xx_it.c **** /* USER CODE BEGIN PM */
  39:Core/Src/stm32f4xx_it.c **** 
  40:Core/Src/stm32f4xx_it.c **** /* USER CODE END PM */
  41:Core/Src/stm32f4xx_it.c **** 
  42:Core/Src/stm32f4xx_it.c **** /* Private variables ---------------------------------------------------------*/
  43:Core/Src/stm32f4xx_it.c **** /* USER CODE BEGIN PV */
  44:Core/Src/stm32f4xx_it.c **** 
  45:Core/Src/stm32f4xx_it.c **** /* USER CODE END PV */
  46:Core/Src/stm32f4xx_it.c **** 
  47:Core/Src/stm32f4xx_it.c **** /* Private function prototypes -----------------------------------------------*/
  48:Core/Src/stm32f4xx_it.c **** /* USER CODE BEGIN PFP */
  49:Core/Src/stm32f4xx_it.c **** 
  50:Core/Src/stm32f4xx_it.c **** /* USER CODE END PFP */
  51:Core/Src/stm32f4xx_it.c **** 
  52:Core/Src/stm32f4xx_it.c **** /* Private user code ---------------------------------------------------------*/
  53:Core/Src/stm32f4xx_it.c **** /* USER CODE BEGIN 0 */
  54:Core/Src/stm32f4xx_it.c **** 
  55:Core/Src/stm32f4xx_it.c **** /* USER CODE END 0 */
  56:Core/Src/stm32f4xx_it.c **** 
  57:Core/Src/stm32f4xx_it.c **** /* External variables --------------------------------------------------------*/
  58:Core/Src/stm32f4xx_it.c **** extern TIM_HandleTypeDef htim2;
  59:Core/Src/stm32f4xx_it.c **** extern TIM_HandleTypeDef htim3;
  60:Core/Src/stm32f4xx_it.c **** extern DMA_HandleTypeDef hdma_usart2_rx;
  61:Core/Src/stm32f4xx_it.c **** extern TIM_HandleTypeDef htim1;
  62:Core/Src/stm32f4xx_it.c **** 
  63:Core/Src/stm32f4xx_it.c **** /* USER CODE BEGIN EV */
  64:Core/Src/stm32f4xx_it.c **** extern uint8_t clearToSend;
  65:Core/Src/stm32f4xx_it.c **** extern uint8_t clearToGetL1;
  66:Core/Src/stm32f4xx_it.c **** extern int32_t counter;
  67:Core/Src/stm32f4xx_it.c **** /* USER CODE END EV */
  68:Core/Src/stm32f4xx_it.c **** 
  69:Core/Src/stm32f4xx_it.c **** /******************************************************************************/
  70:Core/Src/stm32f4xx_it.c **** /*           Cortex-M4 Processor Interruption and Exception Handlers          */
  71:Core/Src/stm32f4xx_it.c **** /******************************************************************************/
  72:Core/Src/stm32f4xx_it.c **** /**
  73:Core/Src/stm32f4xx_it.c ****   * @brief This function handles Non maskable interrupt.
  74:Core/Src/stm32f4xx_it.c ****   */
  75:Core/Src/stm32f4xx_it.c **** void NMI_Handler(void)
  76:Core/Src/stm32f4xx_it.c **** {
  29              		.loc 1 76 1 view -0
  30              		.cfi_startproc
  31              		@ Volatile: function does not return.
  32              		@ args = 0, pretend = 0, frame = 0
  33              		@ frame_needed = 0, uses_anonymous_args = 0
  34              		@ link register save eliminated.
  35              	.L2:
  77:Core/Src/stm32f4xx_it.c ****   /* USER CODE BEGIN NonMaskableInt_IRQn 0 */
  78:Core/Src/stm32f4xx_it.c **** 
  79:Core/Src/stm32f4xx_it.c ****   /* USER CODE END NonMaskableInt_IRQn 0 */
  80:Core/Src/stm32f4xx_it.c ****   /* USER CODE BEGIN NonMaskableInt_IRQn 1 */
ARM GAS  C:\Temp\ccZUeYDw.s 			page 3


  81:Core/Src/stm32f4xx_it.c ****    while (1)
  36              		.loc 1 81 4 discriminator 1 view .LVU1
  82:Core/Src/stm32f4xx_it.c ****   {
  83:Core/Src/stm32f4xx_it.c ****   }
  37              		.loc 1 83 3 discriminator 1 view .LVU2
  81:Core/Src/stm32f4xx_it.c ****   {
  38              		.loc 1 81 10 discriminator 1 view .LVU3
  39 0000 FEE7     		b	.L2
  40              		.cfi_endproc
  41              	.LFE134:
  43              		.section	.text.HardFault_Handler,"ax",%progbits
  44              		.align	1
  45              		.global	HardFault_Handler
  46              		.syntax unified
  47              		.thumb
  48              		.thumb_func
  50              	HardFault_Handler:
  51              	.LFB135:
  84:Core/Src/stm32f4xx_it.c ****   /* USER CODE END NonMaskableInt_IRQn 1 */
  85:Core/Src/stm32f4xx_it.c **** }
  86:Core/Src/stm32f4xx_it.c **** 
  87:Core/Src/stm32f4xx_it.c **** /**
  88:Core/Src/stm32f4xx_it.c ****   * @brief This function handles Hard fault interrupt.
  89:Core/Src/stm32f4xx_it.c ****   */
  90:Core/Src/stm32f4xx_it.c **** void HardFault_Handler(void)
  91:Core/Src/stm32f4xx_it.c **** {
  52              		.loc 1 91 1 view -0
  53              		.cfi_startproc
  54              		@ Volatile: function does not return.
  55              		@ args = 0, pretend = 0, frame = 0
  56              		@ frame_needed = 0, uses_anonymous_args = 0
  57              		@ link register save eliminated.
  58              	.L4:
  92:Core/Src/stm32f4xx_it.c ****   /* USER CODE BEGIN HardFault_IRQn 0 */
  93:Core/Src/stm32f4xx_it.c **** 
  94:Core/Src/stm32f4xx_it.c ****   /* USER CODE END HardFault_IRQn 0 */
  95:Core/Src/stm32f4xx_it.c ****   while (1)
  59              		.loc 1 95 3 discriminator 1 view .LVU5
  96:Core/Src/stm32f4xx_it.c ****   {
  97:Core/Src/stm32f4xx_it.c ****     /* USER CODE BEGIN W1_HardFault_IRQn 0 */
  98:Core/Src/stm32f4xx_it.c ****     /* USER CODE END W1_HardFault_IRQn 0 */
  99:Core/Src/stm32f4xx_it.c ****   }
  60              		.loc 1 99 3 discriminator 1 view .LVU6
  95:Core/Src/stm32f4xx_it.c ****   {
  61              		.loc 1 95 9 discriminator 1 view .LVU7
  62 0000 FEE7     		b	.L4
  63              		.cfi_endproc
  64              	.LFE135:
  66              		.section	.text.MemManage_Handler,"ax",%progbits
  67              		.align	1
  68              		.global	MemManage_Handler
  69              		.syntax unified
  70              		.thumb
  71              		.thumb_func
  73              	MemManage_Handler:
  74              	.LFB136:
 100:Core/Src/stm32f4xx_it.c **** }
ARM GAS  C:\Temp\ccZUeYDw.s 			page 4


 101:Core/Src/stm32f4xx_it.c **** 
 102:Core/Src/stm32f4xx_it.c **** /**
 103:Core/Src/stm32f4xx_it.c ****   * @brief This function handles Memory management fault.
 104:Core/Src/stm32f4xx_it.c ****   */
 105:Core/Src/stm32f4xx_it.c **** void MemManage_Handler(void)
 106:Core/Src/stm32f4xx_it.c **** {
  75              		.loc 1 106 1 view -0
  76              		.cfi_startproc
  77              		@ Volatile: function does not return.
  78              		@ args = 0, pretend = 0, frame = 0
  79              		@ frame_needed = 0, uses_anonymous_args = 0
  80              		@ link register save eliminated.
  81              	.L6:
 107:Core/Src/stm32f4xx_it.c ****   /* USER CODE BEGIN MemoryManagement_IRQn 0 */
 108:Core/Src/stm32f4xx_it.c **** 
 109:Core/Src/stm32f4xx_it.c ****   /* USER CODE END MemoryManagement_IRQn 0 */
 110:Core/Src/stm32f4xx_it.c ****   while (1)
  82              		.loc 1 110 3 discriminator 1 view .LVU9
 111:Core/Src/stm32f4xx_it.c ****   {
 112:Core/Src/stm32f4xx_it.c ****     /* USER CODE BEGIN W1_MemoryManagement_IRQn 0 */
 113:Core/Src/stm32f4xx_it.c ****     /* USER CODE END W1_MemoryManagement_IRQn 0 */
 114:Core/Src/stm32f4xx_it.c ****   }
  83              		.loc 1 114 3 discriminator 1 view .LVU10
 110:Core/Src/stm32f4xx_it.c ****   {
  84              		.loc 1 110 9 discriminator 1 view .LVU11
  85 0000 FEE7     		b	.L6
  86              		.cfi_endproc
  87              	.LFE136:
  89              		.section	.text.BusFault_Handler,"ax",%progbits
  90              		.align	1
  91              		.global	BusFault_Handler
  92              		.syntax unified
  93              		.thumb
  94              		.thumb_func
  96              	BusFault_Handler:
  97              	.LFB137:
 115:Core/Src/stm32f4xx_it.c **** }
 116:Core/Src/stm32f4xx_it.c **** 
 117:Core/Src/stm32f4xx_it.c **** /**
 118:Core/Src/stm32f4xx_it.c ****   * @brief This function handles Pre-fetch fault, memory access fault.
 119:Core/Src/stm32f4xx_it.c ****   */
 120:Core/Src/stm32f4xx_it.c **** void BusFault_Handler(void)
 121:Core/Src/stm32f4xx_it.c **** {
  98              		.loc 1 121 1 view -0
  99              		.cfi_startproc
 100              		@ Volatile: function does not return.
 101              		@ args = 0, pretend = 0, frame = 0
 102              		@ frame_needed = 0, uses_anonymous_args = 0
 103              		@ link register save eliminated.
 104              	.L8:
 122:Core/Src/stm32f4xx_it.c ****   /* USER CODE BEGIN BusFault_IRQn 0 */
 123:Core/Src/stm32f4xx_it.c **** 
 124:Core/Src/stm32f4xx_it.c ****   /* USER CODE END BusFault_IRQn 0 */
 125:Core/Src/stm32f4xx_it.c ****   while (1)
 105              		.loc 1 125 3 discriminator 1 view .LVU13
 126:Core/Src/stm32f4xx_it.c ****   {
 127:Core/Src/stm32f4xx_it.c ****     /* USER CODE BEGIN W1_BusFault_IRQn 0 */
ARM GAS  C:\Temp\ccZUeYDw.s 			page 5


 128:Core/Src/stm32f4xx_it.c ****     /* USER CODE END W1_BusFault_IRQn 0 */
 129:Core/Src/stm32f4xx_it.c ****   }
 106              		.loc 1 129 3 discriminator 1 view .LVU14
 125:Core/Src/stm32f4xx_it.c ****   {
 107              		.loc 1 125 9 discriminator 1 view .LVU15
 108 0000 FEE7     		b	.L8
 109              		.cfi_endproc
 110              	.LFE137:
 112              		.section	.text.UsageFault_Handler,"ax",%progbits
 113              		.align	1
 114              		.global	UsageFault_Handler
 115              		.syntax unified
 116              		.thumb
 117              		.thumb_func
 119              	UsageFault_Handler:
 120              	.LFB138:
 130:Core/Src/stm32f4xx_it.c **** }
 131:Core/Src/stm32f4xx_it.c **** 
 132:Core/Src/stm32f4xx_it.c **** /**
 133:Core/Src/stm32f4xx_it.c ****   * @brief This function handles Undefined instruction or illegal state.
 134:Core/Src/stm32f4xx_it.c ****   */
 135:Core/Src/stm32f4xx_it.c **** void UsageFault_Handler(void)
 136:Core/Src/stm32f4xx_it.c **** {
 121              		.loc 1 136 1 view -0
 122              		.cfi_startproc
 123              		@ Volatile: function does not return.
 124              		@ args = 0, pretend = 0, frame = 0
 125              		@ frame_needed = 0, uses_anonymous_args = 0
 126              		@ link register save eliminated.
 127              	.L10:
 137:Core/Src/stm32f4xx_it.c ****   /* USER CODE BEGIN UsageFault_IRQn 0 */
 138:Core/Src/stm32f4xx_it.c **** 
 139:Core/Src/stm32f4xx_it.c ****   /* USER CODE END UsageFault_IRQn 0 */
 140:Core/Src/stm32f4xx_it.c ****   while (1)
 128              		.loc 1 140 3 discriminator 1 view .LVU17
 141:Core/Src/stm32f4xx_it.c ****   {
 142:Core/Src/stm32f4xx_it.c ****     /* USER CODE BEGIN W1_UsageFault_IRQn 0 */
 143:Core/Src/stm32f4xx_it.c ****     /* USER CODE END W1_UsageFault_IRQn 0 */
 144:Core/Src/stm32f4xx_it.c ****   }
 129              		.loc 1 144 3 discriminator 1 view .LVU18
 140:Core/Src/stm32f4xx_it.c ****   {
 130              		.loc 1 140 9 discriminator 1 view .LVU19
 131 0000 FEE7     		b	.L10
 132              		.cfi_endproc
 133              	.LFE138:
 135              		.section	.text.SVC_Handler,"ax",%progbits
 136              		.align	1
 137              		.global	SVC_Handler
 138              		.syntax unified
 139              		.thumb
 140              		.thumb_func
 142              	SVC_Handler:
 143              	.LFB139:
 145:Core/Src/stm32f4xx_it.c **** }
 146:Core/Src/stm32f4xx_it.c **** 
 147:Core/Src/stm32f4xx_it.c **** /**
 148:Core/Src/stm32f4xx_it.c ****   * @brief This function handles System service call via SWI instruction.
ARM GAS  C:\Temp\ccZUeYDw.s 			page 6


 149:Core/Src/stm32f4xx_it.c ****   */
 150:Core/Src/stm32f4xx_it.c **** void SVC_Handler(void)
 151:Core/Src/stm32f4xx_it.c **** {
 144              		.loc 1 151 1 view -0
 145              		.cfi_startproc
 146              		@ args = 0, pretend = 0, frame = 0
 147              		@ frame_needed = 0, uses_anonymous_args = 0
 148              		@ link register save eliminated.
 152:Core/Src/stm32f4xx_it.c ****   /* USER CODE BEGIN SVCall_IRQn 0 */
 153:Core/Src/stm32f4xx_it.c **** 
 154:Core/Src/stm32f4xx_it.c ****   /* USER CODE END SVCall_IRQn 0 */
 155:Core/Src/stm32f4xx_it.c ****   /* USER CODE BEGIN SVCall_IRQn 1 */
 156:Core/Src/stm32f4xx_it.c **** 
 157:Core/Src/stm32f4xx_it.c ****   /* USER CODE END SVCall_IRQn 1 */
 158:Core/Src/stm32f4xx_it.c **** }
 149              		.loc 1 158 1 view .LVU21
 150 0000 7047     		bx	lr
 151              		.cfi_endproc
 152              	.LFE139:
 154              		.section	.text.DebugMon_Handler,"ax",%progbits
 155              		.align	1
 156              		.global	DebugMon_Handler
 157              		.syntax unified
 158              		.thumb
 159              		.thumb_func
 161              	DebugMon_Handler:
 162              	.LFB140:
 159:Core/Src/stm32f4xx_it.c **** 
 160:Core/Src/stm32f4xx_it.c **** /**
 161:Core/Src/stm32f4xx_it.c ****   * @brief This function handles Debug monitor.
 162:Core/Src/stm32f4xx_it.c ****   */
 163:Core/Src/stm32f4xx_it.c **** void DebugMon_Handler(void)
 164:Core/Src/stm32f4xx_it.c **** {
 163              		.loc 1 164 1 view -0
 164              		.cfi_startproc
 165              		@ args = 0, pretend = 0, frame = 0
 166              		@ frame_needed = 0, uses_anonymous_args = 0
 167              		@ link register save eliminated.
 165:Core/Src/stm32f4xx_it.c ****   /* USER CODE BEGIN DebugMonitor_IRQn 0 */
 166:Core/Src/stm32f4xx_it.c **** 
 167:Core/Src/stm32f4xx_it.c ****   /* USER CODE END DebugMonitor_IRQn 0 */
 168:Core/Src/stm32f4xx_it.c ****   /* USER CODE BEGIN DebugMonitor_IRQn 1 */
 169:Core/Src/stm32f4xx_it.c **** 
 170:Core/Src/stm32f4xx_it.c ****   /* USER CODE END DebugMonitor_IRQn 1 */
 171:Core/Src/stm32f4xx_it.c **** }
 168              		.loc 1 171 1 view .LVU23
 169 0000 7047     		bx	lr
 170              		.cfi_endproc
 171              	.LFE140:
 173              		.section	.text.PendSV_Handler,"ax",%progbits
 174              		.align	1
 175              		.global	PendSV_Handler
 176              		.syntax unified
 177              		.thumb
 178              		.thumb_func
 180              	PendSV_Handler:
 181              	.LFB141:
ARM GAS  C:\Temp\ccZUeYDw.s 			page 7


 172:Core/Src/stm32f4xx_it.c **** 
 173:Core/Src/stm32f4xx_it.c **** /**
 174:Core/Src/stm32f4xx_it.c ****   * @brief This function handles Pendable request for system service.
 175:Core/Src/stm32f4xx_it.c ****   */
 176:Core/Src/stm32f4xx_it.c **** void PendSV_Handler(void)
 177:Core/Src/stm32f4xx_it.c **** {
 182              		.loc 1 177 1 view -0
 183              		.cfi_startproc
 184              		@ args = 0, pretend = 0, frame = 0
 185              		@ frame_needed = 0, uses_anonymous_args = 0
 186              		@ link register save eliminated.
 178:Core/Src/stm32f4xx_it.c ****   /* USER CODE BEGIN PendSV_IRQn 0 */
 179:Core/Src/stm32f4xx_it.c **** 
 180:Core/Src/stm32f4xx_it.c ****   /* USER CODE END PendSV_IRQn 0 */
 181:Core/Src/stm32f4xx_it.c ****   /* USER CODE BEGIN PendSV_IRQn 1 */
 182:Core/Src/stm32f4xx_it.c **** 
 183:Core/Src/stm32f4xx_it.c ****   /* USER CODE END PendSV_IRQn 1 */
 184:Core/Src/stm32f4xx_it.c **** }
 187              		.loc 1 184 1 view .LVU25
 188 0000 7047     		bx	lr
 189              		.cfi_endproc
 190              	.LFE141:
 192              		.section	.text.SysTick_Handler,"ax",%progbits
 193              		.align	1
 194              		.global	SysTick_Handler
 195              		.syntax unified
 196              		.thumb
 197              		.thumb_func
 199              	SysTick_Handler:
 200              	.LFB142:
 185:Core/Src/stm32f4xx_it.c **** 
 186:Core/Src/stm32f4xx_it.c **** /**
 187:Core/Src/stm32f4xx_it.c ****   * @brief This function handles System tick timer.
 188:Core/Src/stm32f4xx_it.c ****   */
 189:Core/Src/stm32f4xx_it.c **** void SysTick_Handler(void)
 190:Core/Src/stm32f4xx_it.c **** {
 201              		.loc 1 190 1 view -0
 202              		.cfi_startproc
 203              		@ args = 0, pretend = 0, frame = 0
 204              		@ frame_needed = 0, uses_anonymous_args = 0
 205              		@ link register save eliminated.
 191:Core/Src/stm32f4xx_it.c ****   /* USER CODE BEGIN SysTick_IRQn 0 */
 192:Core/Src/stm32f4xx_it.c **** 
 193:Core/Src/stm32f4xx_it.c ****   /* USER CODE END SysTick_IRQn 0 */
 194:Core/Src/stm32f4xx_it.c **** 
 195:Core/Src/stm32f4xx_it.c ****   /* USER CODE BEGIN SysTick_IRQn 1 */
 196:Core/Src/stm32f4xx_it.c **** 
 197:Core/Src/stm32f4xx_it.c ****   /* USER CODE END SysTick_IRQn 1 */
 198:Core/Src/stm32f4xx_it.c **** }
 206              		.loc 1 198 1 view .LVU27
 207 0000 7047     		bx	lr
 208              		.cfi_endproc
 209              	.LFE142:
 211              		.section	.text.EXTI4_IRQHandler,"ax",%progbits
 212              		.align	1
 213              		.global	EXTI4_IRQHandler
 214              		.syntax unified
ARM GAS  C:\Temp\ccZUeYDw.s 			page 8


 215              		.thumb
 216              		.thumb_func
 218              	EXTI4_IRQHandler:
 219              	.LFB143:
 199:Core/Src/stm32f4xx_it.c **** 
 200:Core/Src/stm32f4xx_it.c **** /******************************************************************************/
 201:Core/Src/stm32f4xx_it.c **** /* STM32F4xx Peripheral Interrupt Handlers                                    */
 202:Core/Src/stm32f4xx_it.c **** /* Add here the Interrupt Handlers for the used peripherals.                  */
 203:Core/Src/stm32f4xx_it.c **** /* For the available peripheral interrupt handler names,                      */
 204:Core/Src/stm32f4xx_it.c **** /* please refer to the startup file (startup_stm32f4xx.s).                    */
 205:Core/Src/stm32f4xx_it.c **** /******************************************************************************/
 206:Core/Src/stm32f4xx_it.c **** 
 207:Core/Src/stm32f4xx_it.c **** /**
 208:Core/Src/stm32f4xx_it.c ****   * @brief This function handles EXTI line4 interrupt.
 209:Core/Src/stm32f4xx_it.c ****   */
 210:Core/Src/stm32f4xx_it.c **** void EXTI4_IRQHandler(void)
 211:Core/Src/stm32f4xx_it.c **** {
 220              		.loc 1 211 1 view -0
 221              		.cfi_startproc
 222              		@ args = 0, pretend = 0, frame = 0
 223              		@ frame_needed = 0, uses_anonymous_args = 0
 224 0000 08B5     		push	{r3, lr}
 225              		.cfi_def_cfa_offset 8
 226              		.cfi_offset 3, -8
 227              		.cfi_offset 14, -4
 212:Core/Src/stm32f4xx_it.c ****   /* USER CODE BEGIN EXTI4_IRQn 0 */
 213:Core/Src/stm32f4xx_it.c **** 
 214:Core/Src/stm32f4xx_it.c ****   /* USER CODE END EXTI4_IRQn 0 */
 215:Core/Src/stm32f4xx_it.c ****   HAL_GPIO_EXTI_IRQHandler(VL53L1X_INT_Pin);
 228              		.loc 1 215 3 view .LVU29
 229 0002 1020     		movs	r0, #16
 230 0004 FFF7FEFF 		bl	HAL_GPIO_EXTI_IRQHandler
 231              	.LVL0:
 216:Core/Src/stm32f4xx_it.c ****   /* USER CODE BEGIN EXTI4_IRQn 1 */
 217:Core/Src/stm32f4xx_it.c **** 
 218:Core/Src/stm32f4xx_it.c ****   /* USER CODE END EXTI4_IRQn 1 */
 219:Core/Src/stm32f4xx_it.c **** }
 232              		.loc 1 219 1 is_stmt 0 view .LVU30
 233 0008 08BD     		pop	{r3, pc}
 234              		.cfi_endproc
 235              	.LFE143:
 237              		.section	.text.DMA1_Stream5_IRQHandler,"ax",%progbits
 238              		.align	1
 239              		.global	DMA1_Stream5_IRQHandler
 240              		.syntax unified
 241              		.thumb
 242              		.thumb_func
 244              	DMA1_Stream5_IRQHandler:
 245              	.LFB144:
 220:Core/Src/stm32f4xx_it.c **** 
 221:Core/Src/stm32f4xx_it.c **** /**
 222:Core/Src/stm32f4xx_it.c ****   * @brief This function handles DMA1 stream5 global interrupt.
 223:Core/Src/stm32f4xx_it.c ****   */
 224:Core/Src/stm32f4xx_it.c **** void DMA1_Stream5_IRQHandler(void)
 225:Core/Src/stm32f4xx_it.c **** {
 246              		.loc 1 225 1 is_stmt 1 view -0
 247              		.cfi_startproc
ARM GAS  C:\Temp\ccZUeYDw.s 			page 9


 248              		@ args = 0, pretend = 0, frame = 0
 249              		@ frame_needed = 0, uses_anonymous_args = 0
 250 0000 08B5     		push	{r3, lr}
 251              		.cfi_def_cfa_offset 8
 252              		.cfi_offset 3, -8
 253              		.cfi_offset 14, -4
 226:Core/Src/stm32f4xx_it.c ****   /* USER CODE BEGIN DMA1_Stream5_IRQn 0 */
 227:Core/Src/stm32f4xx_it.c **** 
 228:Core/Src/stm32f4xx_it.c ****   /* USER CODE END DMA1_Stream5_IRQn 0 */
 229:Core/Src/stm32f4xx_it.c ****   HAL_DMA_IRQHandler(&hdma_usart2_rx);
 254              		.loc 1 229 3 view .LVU32
 255 0002 0248     		ldr	r0, .L19
 256 0004 FFF7FEFF 		bl	HAL_DMA_IRQHandler
 257              	.LVL1:
 230:Core/Src/stm32f4xx_it.c ****   /* USER CODE BEGIN DMA1_Stream5_IRQn 1 */
 231:Core/Src/stm32f4xx_it.c **** 
 232:Core/Src/stm32f4xx_it.c ****   /* USER CODE END DMA1_Stream5_IRQn 1 */
 233:Core/Src/stm32f4xx_it.c **** }
 258              		.loc 1 233 1 is_stmt 0 view .LVU33
 259 0008 08BD     		pop	{r3, pc}
 260              	.L20:
 261 000a 00BF     		.align	2
 262              	.L19:
 263 000c 00000000 		.word	hdma_usart2_rx
 264              		.cfi_endproc
 265              	.LFE144:
 267              		.section	.text.TIM1_UP_TIM10_IRQHandler,"ax",%progbits
 268              		.align	1
 269              		.global	TIM1_UP_TIM10_IRQHandler
 270              		.syntax unified
 271              		.thumb
 272              		.thumb_func
 274              	TIM1_UP_TIM10_IRQHandler:
 275              	.LFB145:
 234:Core/Src/stm32f4xx_it.c **** 
 235:Core/Src/stm32f4xx_it.c **** /**
 236:Core/Src/stm32f4xx_it.c ****   * @brief This function handles TIM1 update interrupt and TIM10 global interrupt.
 237:Core/Src/stm32f4xx_it.c ****   */
 238:Core/Src/stm32f4xx_it.c **** void TIM1_UP_TIM10_IRQHandler(void)
 239:Core/Src/stm32f4xx_it.c **** {
 276              		.loc 1 239 1 is_stmt 1 view -0
 277              		.cfi_startproc
 278              		@ args = 0, pretend = 0, frame = 0
 279              		@ frame_needed = 0, uses_anonymous_args = 0
 280 0000 08B5     		push	{r3, lr}
 281              		.cfi_def_cfa_offset 8
 282              		.cfi_offset 3, -8
 283              		.cfi_offset 14, -4
 240:Core/Src/stm32f4xx_it.c ****   /* USER CODE BEGIN TIM1_UP_TIM10_IRQn 0 */
 241:Core/Src/stm32f4xx_it.c **** 
 242:Core/Src/stm32f4xx_it.c ****   /* USER CODE END TIM1_UP_TIM10_IRQn 0 */
 243:Core/Src/stm32f4xx_it.c ****   HAL_TIM_IRQHandler(&htim1);
 284              		.loc 1 243 3 view .LVU35
 285 0002 0248     		ldr	r0, .L23
 286 0004 FFF7FEFF 		bl	HAL_TIM_IRQHandler
 287              	.LVL2:
 244:Core/Src/stm32f4xx_it.c ****   /* USER CODE BEGIN TIM1_UP_TIM10_IRQn 1 */
ARM GAS  C:\Temp\ccZUeYDw.s 			page 10


 245:Core/Src/stm32f4xx_it.c **** 
 246:Core/Src/stm32f4xx_it.c ****   /* USER CODE END TIM1_UP_TIM10_IRQn 1 */
 247:Core/Src/stm32f4xx_it.c **** }
 288              		.loc 1 247 1 is_stmt 0 view .LVU36
 289 0008 08BD     		pop	{r3, pc}
 290              	.L24:
 291 000a 00BF     		.align	2
 292              	.L23:
 293 000c 00000000 		.word	htim1
 294              		.cfi_endproc
 295              	.LFE145:
 297              		.section	.text.TIM2_IRQHandler,"ax",%progbits
 298              		.align	1
 299              		.global	TIM2_IRQHandler
 300              		.syntax unified
 301              		.thumb
 302              		.thumb_func
 304              	TIM2_IRQHandler:
 305              	.LFB146:
 248:Core/Src/stm32f4xx_it.c **** 
 249:Core/Src/stm32f4xx_it.c **** /**
 250:Core/Src/stm32f4xx_it.c ****   * @brief This function handles TIM2 global interrupt.
 251:Core/Src/stm32f4xx_it.c ****   */
 252:Core/Src/stm32f4xx_it.c **** void TIM2_IRQHandler(void)
 253:Core/Src/stm32f4xx_it.c **** {
 306              		.loc 1 253 1 is_stmt 1 view -0
 307              		.cfi_startproc
 308              		@ args = 0, pretend = 0, frame = 0
 309              		@ frame_needed = 0, uses_anonymous_args = 0
 310 0000 10B5     		push	{r4, lr}
 311              		.cfi_def_cfa_offset 8
 312              		.cfi_offset 4, -8
 313              		.cfi_offset 14, -4
 254:Core/Src/stm32f4xx_it.c ****   /* USER CODE BEGIN TIM2_IRQn 0 */
 255:Core/Src/stm32f4xx_it.c ****   clearToSend = 1;
 314              		.loc 1 255 3 view .LVU38
 315              		.loc 1 255 15 is_stmt 0 view .LVU39
 316 0002 094C     		ldr	r4, .L27
 317 0004 0123     		movs	r3, #1
 318 0006 2370     		strb	r3, [r4]
 256:Core/Src/stm32f4xx_it.c ****   if (clearToSend == 1){
 319              		.loc 1 256 3 is_stmt 1 view .LVU40
 320              	.LBB2:
 257:Core/Src/stm32f4xx_it.c ****     counter++;
 321              		.loc 1 257 5 view .LVU41
 322              		.loc 1 257 12 is_stmt 0 view .LVU42
 323 0008 084A     		ldr	r2, .L27+4
 324 000a 1368     		ldr	r3, [r2]
 325 000c 0133     		adds	r3, r3, #1
 326 000e 1360     		str	r3, [r2]
 258:Core/Src/stm32f4xx_it.c ****     HAL_GPIO_TogglePin(GREEN_LED_GPIO_Port,GREEN_LED_Pin);
 327              		.loc 1 258 5 is_stmt 1 view .LVU43
 328 0010 2021     		movs	r1, #32
 329 0012 0748     		ldr	r0, .L27+8
 330 0014 FFF7FEFF 		bl	HAL_GPIO_TogglePin
 331              	.LVL3:
 259:Core/Src/stm32f4xx_it.c ****     sendToSimulink();
ARM GAS  C:\Temp\ccZUeYDw.s 			page 11


 332              		.loc 1 259 5 view .LVU44
 333 0018 FFF7FEFF 		bl	sendToSimulink
 334              	.LVL4:
 260:Core/Src/stm32f4xx_it.c ****     clearToSend = 0;
 335              		.loc 1 260 5 view .LVU45
 336              		.loc 1 260 17 is_stmt 0 view .LVU46
 337 001c 0023     		movs	r3, #0
 338 001e 2370     		strb	r3, [r4]
 339              	.LBE2:
 261:Core/Src/stm32f4xx_it.c ****     }
 262:Core/Src/stm32f4xx_it.c ****   /* USER CODE END TIM2_IRQn 0 */
 263:Core/Src/stm32f4xx_it.c ****   HAL_TIM_IRQHandler(&htim2);
 340              		.loc 1 263 3 is_stmt 1 view .LVU47
 341 0020 0448     		ldr	r0, .L27+12
 342 0022 FFF7FEFF 		bl	HAL_TIM_IRQHandler
 343              	.LVL5:
 264:Core/Src/stm32f4xx_it.c ****   /* USER CODE BEGIN TIM2_IRQn 1 */
 265:Core/Src/stm32f4xx_it.c **** 
 266:Core/Src/stm32f4xx_it.c ****   /* USER CODE END TIM2_IRQn 1 */
 267:Core/Src/stm32f4xx_it.c **** }
 344              		.loc 1 267 1 is_stmt 0 view .LVU48
 345 0026 10BD     		pop	{r4, pc}
 346              	.L28:
 347              		.align	2
 348              	.L27:
 349 0028 00000000 		.word	clearToSend
 350 002c 00000000 		.word	counter
 351 0030 00000240 		.word	1073872896
 352 0034 00000000 		.word	htim2
 353              		.cfi_endproc
 354              	.LFE146:
 356              		.section	.text.TIM3_IRQHandler,"ax",%progbits
 357              		.align	1
 358              		.global	TIM3_IRQHandler
 359              		.syntax unified
 360              		.thumb
 361              		.thumb_func
 363              	TIM3_IRQHandler:
 364              	.LFB147:
 268:Core/Src/stm32f4xx_it.c **** 
 269:Core/Src/stm32f4xx_it.c **** /**
 270:Core/Src/stm32f4xx_it.c ****   * @brief This function handles TIM3 global interrupt.
 271:Core/Src/stm32f4xx_it.c ****   */
 272:Core/Src/stm32f4xx_it.c **** void TIM3_IRQHandler(void)
 273:Core/Src/stm32f4xx_it.c **** {
 365              		.loc 1 273 1 is_stmt 1 view -0
 366              		.cfi_startproc
 367              		@ args = 0, pretend = 0, frame = 0
 368              		@ frame_needed = 0, uses_anonymous_args = 0
 369 0000 08B5     		push	{r3, lr}
 370              		.cfi_def_cfa_offset 8
 371              		.cfi_offset 3, -8
 372              		.cfi_offset 14, -4
 274:Core/Src/stm32f4xx_it.c ****   /* USER CODE BEGIN TIM3_IRQn 0 */
 275:Core/Src/stm32f4xx_it.c ****   clearToGetL1 = 1;
 373              		.loc 1 275 3 view .LVU50
 374              		.loc 1 275 16 is_stmt 0 view .LVU51
ARM GAS  C:\Temp\ccZUeYDw.s 			page 12


 375 0002 034B     		ldr	r3, .L31
 376 0004 0122     		movs	r2, #1
 377 0006 1A70     		strb	r2, [r3]
 276:Core/Src/stm32f4xx_it.c ****   /* USER CODE END TIM3_IRQn 0 */
 277:Core/Src/stm32f4xx_it.c ****   HAL_TIM_IRQHandler(&htim3);
 378              		.loc 1 277 3 is_stmt 1 view .LVU52
 379 0008 0248     		ldr	r0, .L31+4
 380 000a FFF7FEFF 		bl	HAL_TIM_IRQHandler
 381              	.LVL6:
 278:Core/Src/stm32f4xx_it.c ****   /* USER CODE BEGIN TIM3_IRQn 1 */
 279:Core/Src/stm32f4xx_it.c **** 
 280:Core/Src/stm32f4xx_it.c ****   /* USER CODE END TIM3_IRQn 1 */
 281:Core/Src/stm32f4xx_it.c **** }
 382              		.loc 1 281 1 is_stmt 0 view .LVU53
 383 000e 08BD     		pop	{r3, pc}
 384              	.L32:
 385              		.align	2
 386              	.L31:
 387 0010 00000000 		.word	clearToGetL1
 388 0014 00000000 		.word	htim3
 389              		.cfi_endproc
 390              	.LFE147:
 392              		.section	.text.EXTI15_10_IRQHandler,"ax",%progbits
 393              		.align	1
 394              		.global	EXTI15_10_IRQHandler
 395              		.syntax unified
 396              		.thumb
 397              		.thumb_func
 399              	EXTI15_10_IRQHandler:
 400              	.LFB148:
 282:Core/Src/stm32f4xx_it.c **** 
 283:Core/Src/stm32f4xx_it.c **** /**
 284:Core/Src/stm32f4xx_it.c ****   * @brief This function handles EXTI line[15:10] interrupts.
 285:Core/Src/stm32f4xx_it.c ****   */
 286:Core/Src/stm32f4xx_it.c **** void EXTI15_10_IRQHandler(void)
 287:Core/Src/stm32f4xx_it.c **** {
 401              		.loc 1 287 1 is_stmt 1 view -0
 402              		.cfi_startproc
 403              		@ args = 0, pretend = 0, frame = 0
 404              		@ frame_needed = 0, uses_anonymous_args = 0
 405 0000 08B5     		push	{r3, lr}
 406              		.cfi_def_cfa_offset 8
 407              		.cfi_offset 3, -8
 408              		.cfi_offset 14, -4
 288:Core/Src/stm32f4xx_it.c ****   /* USER CODE BEGIN EXTI15_10_IRQn 0 */
 289:Core/Src/stm32f4xx_it.c **** 
 290:Core/Src/stm32f4xx_it.c ****   /* USER CODE END EXTI15_10_IRQn 0 */
 291:Core/Src/stm32f4xx_it.c ****   HAL_GPIO_EXTI_IRQHandler(BLUE_BUTTON_Pin);
 409              		.loc 1 291 3 view .LVU55
 410 0002 4FF40050 		mov	r0, #8192
 411 0006 FFF7FEFF 		bl	HAL_GPIO_EXTI_IRQHandler
 412              	.LVL7:
 292:Core/Src/stm32f4xx_it.c ****   /* USER CODE BEGIN EXTI15_10_IRQn 1 */
 293:Core/Src/stm32f4xx_it.c **** 
 294:Core/Src/stm32f4xx_it.c ****   /* USER CODE END EXTI15_10_IRQn 1 */
 295:Core/Src/stm32f4xx_it.c **** }
 413              		.loc 1 295 1 is_stmt 0 view .LVU56
ARM GAS  C:\Temp\ccZUeYDw.s 			page 13


 414 000a 08BD     		pop	{r3, pc}
 415              		.cfi_endproc
 416              	.LFE148:
 418              		.text
 419              	.Letext0:
 420              		.file 2 "c:\\users\\jessejabezarendse\\appdata\\roaming\\code\\user\\globalstorage\\bmd.stm32-for-
 421              		.file 3 "c:\\users\\jessejabezarendse\\appdata\\roaming\\code\\user\\globalstorage\\bmd.stm32-for-
 422              		.file 4 "Drivers/CMSIS/Device/ST/STM32F4xx/Include/stm32f411xe.h"
 423              		.file 5 "Drivers/STM32F4xx_HAL_Driver/Inc/stm32f4xx_hal_def.h"
 424              		.file 6 "Drivers/STM32F4xx_HAL_Driver/Inc/stm32f4xx_hal_dma.h"
 425              		.file 7 "Drivers/STM32F4xx_HAL_Driver/Inc/stm32f4xx_hal_tim.h"
 426              		.file 8 "Drivers/STM32F4xx_HAL_Driver/Inc/stm32f4xx_hal_gpio.h"
ARM GAS  C:\Temp\ccZUeYDw.s 			page 14


DEFINED SYMBOLS
                            *ABS*:00000000 stm32f4xx_it.c
  C:\Temp\ccZUeYDw.s:21     .text.NMI_Handler:00000000 $t
  C:\Temp\ccZUeYDw.s:27     .text.NMI_Handler:00000000 NMI_Handler
  C:\Temp\ccZUeYDw.s:44     .text.HardFault_Handler:00000000 $t
  C:\Temp\ccZUeYDw.s:50     .text.HardFault_Handler:00000000 HardFault_Handler
  C:\Temp\ccZUeYDw.s:67     .text.MemManage_Handler:00000000 $t
  C:\Temp\ccZUeYDw.s:73     .text.MemManage_Handler:00000000 MemManage_Handler
  C:\Temp\ccZUeYDw.s:90     .text.BusFault_Handler:00000000 $t
  C:\Temp\ccZUeYDw.s:96     .text.BusFault_Handler:00000000 BusFault_Handler
  C:\Temp\ccZUeYDw.s:113    .text.UsageFault_Handler:00000000 $t
  C:\Temp\ccZUeYDw.s:119    .text.UsageFault_Handler:00000000 UsageFault_Handler
  C:\Temp\ccZUeYDw.s:136    .text.SVC_Handler:00000000 $t
  C:\Temp\ccZUeYDw.s:142    .text.SVC_Handler:00000000 SVC_Handler
  C:\Temp\ccZUeYDw.s:155    .text.DebugMon_Handler:00000000 $t
  C:\Temp\ccZUeYDw.s:161    .text.DebugMon_Handler:00000000 DebugMon_Handler
  C:\Temp\ccZUeYDw.s:174    .text.PendSV_Handler:00000000 $t
  C:\Temp\ccZUeYDw.s:180    .text.PendSV_Handler:00000000 PendSV_Handler
  C:\Temp\ccZUeYDw.s:193    .text.SysTick_Handler:00000000 $t
  C:\Temp\ccZUeYDw.s:199    .text.SysTick_Handler:00000000 SysTick_Handler
  C:\Temp\ccZUeYDw.s:212    .text.EXTI4_IRQHandler:00000000 $t
  C:\Temp\ccZUeYDw.s:218    .text.EXTI4_IRQHandler:00000000 EXTI4_IRQHandler
  C:\Temp\ccZUeYDw.s:238    .text.DMA1_Stream5_IRQHandler:00000000 $t
  C:\Temp\ccZUeYDw.s:244    .text.DMA1_Stream5_IRQHandler:00000000 DMA1_Stream5_IRQHandler
  C:\Temp\ccZUeYDw.s:263    .text.DMA1_Stream5_IRQHandler:0000000c $d
  C:\Temp\ccZUeYDw.s:268    .text.TIM1_UP_TIM10_IRQHandler:00000000 $t
  C:\Temp\ccZUeYDw.s:274    .text.TIM1_UP_TIM10_IRQHandler:00000000 TIM1_UP_TIM10_IRQHandler
  C:\Temp\ccZUeYDw.s:293    .text.TIM1_UP_TIM10_IRQHandler:0000000c $d
  C:\Temp\ccZUeYDw.s:298    .text.TIM2_IRQHandler:00000000 $t
  C:\Temp\ccZUeYDw.s:304    .text.TIM2_IRQHandler:00000000 TIM2_IRQHandler
  C:\Temp\ccZUeYDw.s:349    .text.TIM2_IRQHandler:00000028 $d
  C:\Temp\ccZUeYDw.s:357    .text.TIM3_IRQHandler:00000000 $t
  C:\Temp\ccZUeYDw.s:363    .text.TIM3_IRQHandler:00000000 TIM3_IRQHandler
  C:\Temp\ccZUeYDw.s:387    .text.TIM3_IRQHandler:00000010 $d
  C:\Temp\ccZUeYDw.s:393    .text.EXTI15_10_IRQHandler:00000000 $t
  C:\Temp\ccZUeYDw.s:399    .text.EXTI15_10_IRQHandler:00000000 EXTI15_10_IRQHandler

UNDEFINED SYMBOLS
HAL_GPIO_EXTI_IRQHandler
HAL_DMA_IRQHandler
hdma_usart2_rx
HAL_TIM_IRQHandler
htim1
HAL_GPIO_TogglePin
sendToSimulink
clearToSend
counter
htim2
clearToGetL1
htim3
