ARM GAS  C:\Temp\ccV0fdBV.s 			page 1


   1              		.cpu cortex-m4
   2              		.arch armv7e-m
   3              		.fpu fpv4-sp-d16
   4              		.eabi_attribute 27, 1
   5              		.eabi_attribute 28, 1
   6              		.eabi_attribute 20, 1
   7              		.eabi_attribute 21, 1
   8              		.eabi_attribute 23, 3
   9              		.eabi_attribute 24, 1
  10              		.eabi_attribute 25, 1
  11              		.eabi_attribute 26, 1
  12              		.eabi_attribute 30, 1
  13              		.eabi_attribute 34, 1
  14              		.eabi_attribute 18, 4
  15              		.file	"stm32f4xx_hal_dma.c"
  16              		.text
  17              		.section	.text.DMA_SetConfig,"ax",%progbits
  18              		.align	1
  19              		.syntax unified
  20              		.thumb
  21              		.thumb_func
  23              	DMA_SetConfig:
  24              		@ args = 0, pretend = 0, frame = 0
  25              		@ frame_needed = 0, uses_anonymous_args = 0
  26              		@ link register save eliminated.
  27 0000 30B4     		push	{r4, r5}
  28 0002 0568     		ldr	r5, [r0]
  29 0004 2C68     		ldr	r4, [r5]
  30 0006 24F48024 		bic	r4, r4, #262144
  31 000a 2C60     		str	r4, [r5]
  32 000c 0468     		ldr	r4, [r0]
  33 000e 6360     		str	r3, [r4, #4]
  34 0010 8368     		ldr	r3, [r0, #8]
  35 0012 402B     		cmp	r3, #64
  36 0014 05D0     		beq	.L5
  37 0016 0368     		ldr	r3, [r0]
  38 0018 9960     		str	r1, [r3, #8]
  39 001a 0368     		ldr	r3, [r0]
  40 001c DA60     		str	r2, [r3, #12]
  41              	.L1:
  42 001e 30BC     		pop	{r4, r5}
  43 0020 7047     		bx	lr
  44              	.L5:
  45 0022 0368     		ldr	r3, [r0]
  46 0024 9A60     		str	r2, [r3, #8]
  47 0026 0368     		ldr	r3, [r0]
  48 0028 D960     		str	r1, [r3, #12]
  49 002a F8E7     		b	.L1
  51              		.section	.text.DMA_CalcBaseAndBitshift,"ax",%progbits
  52              		.align	1
  53              		.syntax unified
  54              		.thumb
  55              		.thumb_func
  57              	DMA_CalcBaseAndBitshift:
  58              		@ args = 0, pretend = 0, frame = 0
  59              		@ frame_needed = 0, uses_anonymous_args = 0
  60              		@ link register save eliminated.
ARM GAS  C:\Temp\ccV0fdBV.s 			page 2


  61 0000 10B4     		push	{r4}
  62 0002 0368     		ldr	r3, [r0]
  63 0004 D9B2     		uxtb	r1, r3
  64 0006 1039     		subs	r1, r1, #16
  65 0008 0C4A     		ldr	r2, .L10
  66 000a A2FB0142 		umull	r4, r2, r2, r1
  67 000e 1209     		lsrs	r2, r2, #4
  68 0010 0B4C     		ldr	r4, .L10+4
  69 0012 A25C     		ldrb	r2, [r4, r2]	@ zero_extendqisi2
  70 0014 C265     		str	r2, [r0, #92]
  71 0016 5F29     		cmp	r1, #95
  72 0018 09D9     		bls	.L7
  73 001a 23F47F73 		bic	r3, r3, #1020
  74 001e 23F00303 		bic	r3, r3, #3
  75 0022 0433     		adds	r3, r3, #4
  76 0024 8365     		str	r3, [r0, #88]
  77              	.L8:
  78 0026 806D     		ldr	r0, [r0, #88]
  79 0028 5DF8044B 		ldr	r4, [sp], #4
  80 002c 7047     		bx	lr
  81              	.L7:
  82 002e 23F47F73 		bic	r3, r3, #1020
  83 0032 23F00303 		bic	r3, r3, #3
  84 0036 8365     		str	r3, [r0, #88]
  85 0038 F5E7     		b	.L8
  86              	.L11:
  87 003a 00BF     		.align	2
  88              	.L10:
  89 003c ABAAAAAA 		.word	-1431655765
  90 0040 00000000 		.word	flagBitshiftOffset.0
  92              		.section	.text.DMA_CheckFifoParam,"ax",%progbits
  93              		.align	1
  94              		.syntax unified
  95              		.thumb
  96              		.thumb_func
  98              	DMA_CheckFifoParam:
  99              		@ args = 0, pretend = 0, frame = 0
 100              		@ frame_needed = 0, uses_anonymous_args = 0
 101              		@ link register save eliminated.
 102 0000 836A     		ldr	r3, [r0, #40]
 103 0002 8269     		ldr	r2, [r0, #24]
 104 0004 92B9     		cbnz	r2, .L13
 105 0006 012B     		cmp	r3, #1
 106 0008 0AD0     		beq	.L14
 107 000a 022B     		cmp	r3, #2
 108 000c 02D0     		beq	.L15
 109 000e 0BB1     		cbz	r3, .L15
 110 0010 0020     		movs	r0, #0
 111 0012 7047     		bx	lr
 112              	.L15:
 113 0014 C36A     		ldr	r3, [r0, #44]
 114 0016 13F0807F 		tst	r3, #16777216
 115 001a 28D1     		bne	.L23
 116 001c 0020     		movs	r0, #0
 117 001e 7047     		bx	lr
 118              	.L14:
 119 0020 C36A     		ldr	r3, [r0, #44]
ARM GAS  C:\Temp\ccV0fdBV.s 			page 3


 120 0022 B3F1C07F 		cmp	r3, #25165824
 121 0026 24D0     		beq	.L24
 122 0028 0020     		movs	r0, #0
 123 002a 7047     		bx	lr
 124              	.L13:
 125 002c B2F5005F 		cmp	r2, #8192
 126 0030 09D0     		beq	.L31
 127 0032 022B     		cmp	r3, #2
 128 0034 25D9     		bls	.L28
 129 0036 032B     		cmp	r3, #3
 130 0038 25D1     		bne	.L29
 131 003a C36A     		ldr	r3, [r0, #44]
 132 003c 13F0807F 		tst	r3, #16777216
 133 0040 23D1     		bne	.L30
 134 0042 0020     		movs	r0, #0
 135 0044 7047     		bx	lr
 136              	.L31:
 137 0046 032B     		cmp	r3, #3
 138 0048 03D8     		bhi	.L18
 139 004a DFE803F0 		tbb	[pc, r3]
 140              	.L20:
 141 004e 14       		.byte	(.L25-.L20)/2
 142 004f 04       		.byte	(.L21-.L20)/2
 143 0050 14       		.byte	(.L25-.L20)/2
 144 0051 0A       		.byte	(.L19-.L20)/2
 145              		.p2align 1
 146              	.L18:
 147 0052 0020     		movs	r0, #0
 148 0054 7047     		bx	lr
 149              	.L21:
 150 0056 C36A     		ldr	r3, [r0, #44]
 151 0058 13F0807F 		tst	r3, #16777216
 152 005c 0DD1     		bne	.L26
 153 005e 0020     		movs	r0, #0
 154 0060 7047     		bx	lr
 155              	.L19:
 156 0062 C36A     		ldr	r3, [r0, #44]
 157 0064 B3F1C07F 		cmp	r3, #25165824
 158 0068 09D0     		beq	.L27
 159 006a 0020     		movs	r0, #0
 160 006c 7047     		bx	lr
 161              	.L23:
 162 006e 0120     		movs	r0, #1
 163 0070 7047     		bx	lr
 164              	.L24:
 165 0072 0120     		movs	r0, #1
 166 0074 7047     		bx	lr
 167              	.L25:
 168 0076 0120     		movs	r0, #1
 169 0078 7047     		bx	lr
 170              	.L26:
 171 007a 0120     		movs	r0, #1
 172 007c 7047     		bx	lr
 173              	.L27:
 174 007e 0120     		movs	r0, #1
 175 0080 7047     		bx	lr
 176              	.L28:
ARM GAS  C:\Temp\ccV0fdBV.s 			page 4


 177 0082 0120     		movs	r0, #1
 178 0084 7047     		bx	lr
 179              	.L29:
 180 0086 0020     		movs	r0, #0
 181 0088 7047     		bx	lr
 182              	.L30:
 183 008a 0120     		movs	r0, #1
 184 008c 7047     		bx	lr
 186              		.section	.text.HAL_DMA_Init,"ax",%progbits
 187              		.align	1
 188              		.global	HAL_DMA_Init
 189              		.syntax unified
 190              		.thumb
 191              		.thumb_func
 193              	HAL_DMA_Init:
 194              		@ args = 0, pretend = 0, frame = 0
 195              		@ frame_needed = 0, uses_anonymous_args = 0
 196 0000 70B5     		push	{r4, r5, r6, lr}
 197 0002 0446     		mov	r4, r0
 198 0004 FFF7FEFF 		bl	HAL_GetTick
 199 0008 002C     		cmp	r4, #0
 200 000a 5BD0     		beq	.L38
 201 000c 0546     		mov	r5, r0
 202 000e 0223     		movs	r3, #2
 203 0010 84F83530 		strb	r3, [r4, #53]
 204 0014 0023     		movs	r3, #0
 205 0016 84F83430 		strb	r3, [r4, #52]
 206 001a 2268     		ldr	r2, [r4]
 207 001c 1368     		ldr	r3, [r2]
 208 001e 23F00103 		bic	r3, r3, #1
 209 0022 1360     		str	r3, [r2]
 210              	.L34:
 211 0024 2368     		ldr	r3, [r4]
 212 0026 1A68     		ldr	r2, [r3]
 213 0028 12F0010F 		tst	r2, #1
 214 002c 0AD0     		beq	.L40
 215 002e FFF7FEFF 		bl	HAL_GetTick
 216 0032 431B     		subs	r3, r0, r5
 217 0034 052B     		cmp	r3, #5
 218 0036 F5D9     		bls	.L34
 219 0038 2023     		movs	r3, #32
 220 003a 6365     		str	r3, [r4, #84]
 221 003c 0320     		movs	r0, #3
 222 003e 84F83500 		strb	r0, [r4, #53]
 223              	.L33:
 224 0042 70BD     		pop	{r4, r5, r6, pc}
 225              	.L40:
 226 0044 1A68     		ldr	r2, [r3]
 227 0046 2049     		ldr	r1, .L43
 228 0048 1140     		ands	r1, r1, r2
 229 004a 6268     		ldr	r2, [r4, #4]
 230 004c A068     		ldr	r0, [r4, #8]
 231 004e 0243     		orrs	r2, r2, r0
 232 0050 E068     		ldr	r0, [r4, #12]
 233 0052 0243     		orrs	r2, r2, r0
 234 0054 2069     		ldr	r0, [r4, #16]
 235 0056 0243     		orrs	r2, r2, r0
ARM GAS  C:\Temp\ccV0fdBV.s 			page 5


 236 0058 6069     		ldr	r0, [r4, #20]
 237 005a 0243     		orrs	r2, r2, r0
 238 005c A069     		ldr	r0, [r4, #24]
 239 005e 0243     		orrs	r2, r2, r0
 240 0060 E069     		ldr	r0, [r4, #28]
 241 0062 0243     		orrs	r2, r2, r0
 242 0064 206A     		ldr	r0, [r4, #32]
 243 0066 0243     		orrs	r2, r2, r0
 244 0068 0A43     		orrs	r2, r2, r1
 245 006a 616A     		ldr	r1, [r4, #36]
 246 006c 0429     		cmp	r1, #4
 247 006e 1ED0     		beq	.L41
 248              	.L36:
 249 0070 1A60     		str	r2, [r3]
 250 0072 2668     		ldr	r6, [r4]
 251 0074 7569     		ldr	r5, [r6, #20]
 252 0076 25F00705 		bic	r5, r5, #7
 253 007a 636A     		ldr	r3, [r4, #36]
 254 007c 1D43     		orrs	r5, r5, r3
 255 007e 042B     		cmp	r3, #4
 256 0080 07D1     		bne	.L37
 257 0082 A36A     		ldr	r3, [r4, #40]
 258 0084 1D43     		orrs	r5, r5, r3
 259 0086 E36A     		ldr	r3, [r4, #44]
 260 0088 1BB1     		cbz	r3, .L37
 261 008a 2046     		mov	r0, r4
 262 008c FFF7FEFF 		bl	DMA_CheckFifoParam
 263 0090 90B9     		cbnz	r0, .L42
 264              	.L37:
 265 0092 7561     		str	r5, [r6, #20]
 266 0094 2046     		mov	r0, r4
 267 0096 FFF7FEFF 		bl	DMA_CalcBaseAndBitshift
 268 009a E26D     		ldr	r2, [r4, #92]
 269 009c 3F23     		movs	r3, #63
 270 009e 9340     		lsls	r3, r3, r2
 271 00a0 8360     		str	r3, [r0, #8]
 272 00a2 0020     		movs	r0, #0
 273 00a4 6065     		str	r0, [r4, #84]
 274 00a6 0123     		movs	r3, #1
 275 00a8 84F83530 		strb	r3, [r4, #53]
 276 00ac C9E7     		b	.L33
 277              	.L41:
 278 00ae E16A     		ldr	r1, [r4, #44]
 279 00b0 206B     		ldr	r0, [r4, #48]
 280 00b2 0143     		orrs	r1, r1, r0
 281 00b4 0A43     		orrs	r2, r2, r1
 282 00b6 DBE7     		b	.L36
 283              	.L42:
 284 00b8 4023     		movs	r3, #64
 285 00ba 6365     		str	r3, [r4, #84]
 286 00bc 0120     		movs	r0, #1
 287 00be 84F83500 		strb	r0, [r4, #53]
 288 00c2 BEE7     		b	.L33
 289              	.L38:
 290 00c4 0120     		movs	r0, #1
 291 00c6 BCE7     		b	.L33
 292              	.L44:
ARM GAS  C:\Temp\ccV0fdBV.s 			page 6


 293              		.align	2
 294              	.L43:
 295 00c8 3F8010F0 		.word	-267354049
 297              		.section	.text.HAL_DMA_DeInit,"ax",%progbits
 298              		.align	1
 299              		.global	HAL_DMA_DeInit
 300              		.syntax unified
 301              		.thumb
 302              		.thumb_func
 304              	HAL_DMA_DeInit:
 305              		@ args = 0, pretend = 0, frame = 0
 306              		@ frame_needed = 0, uses_anonymous_args = 0
 307 0000 0028     		cmp	r0, #0
 308 0002 2DD0     		beq	.L47
 309 0004 38B5     		push	{r3, r4, r5, lr}
 310 0006 0546     		mov	r5, r0
 311 0008 90F83500 		ldrb	r0, [r0, #53]	@ zero_extendqisi2
 312 000c C0B2     		uxtb	r0, r0
 313 000e 0228     		cmp	r0, #2
 314 0010 25D0     		beq	.L46
 315 0012 2A68     		ldr	r2, [r5]
 316 0014 1368     		ldr	r3, [r2]
 317 0016 23F00103 		bic	r3, r3, #1
 318 001a 1360     		str	r3, [r2]
 319 001c 2B68     		ldr	r3, [r5]
 320 001e 0024     		movs	r4, #0
 321 0020 1C60     		str	r4, [r3]
 322 0022 2B68     		ldr	r3, [r5]
 323 0024 5C60     		str	r4, [r3, #4]
 324 0026 2B68     		ldr	r3, [r5]
 325 0028 9C60     		str	r4, [r3, #8]
 326 002a 2B68     		ldr	r3, [r5]
 327 002c DC60     		str	r4, [r3, #12]
 328 002e 2B68     		ldr	r3, [r5]
 329 0030 1C61     		str	r4, [r3, #16]
 330 0032 2B68     		ldr	r3, [r5]
 331 0034 2122     		movs	r2, #33
 332 0036 5A61     		str	r2, [r3, #20]
 333 0038 2846     		mov	r0, r5
 334 003a FFF7FEFF 		bl	DMA_CalcBaseAndBitshift
 335 003e EC63     		str	r4, [r5, #60]
 336 0040 2C64     		str	r4, [r5, #64]
 337 0042 6C64     		str	r4, [r5, #68]
 338 0044 AC64     		str	r4, [r5, #72]
 339 0046 EC64     		str	r4, [r5, #76]
 340 0048 2C65     		str	r4, [r5, #80]
 341 004a EA6D     		ldr	r2, [r5, #92]
 342 004c 3F23     		movs	r3, #63
 343 004e 9340     		lsls	r3, r3, r2
 344 0050 8360     		str	r3, [r0, #8]
 345 0052 6C65     		str	r4, [r5, #84]
 346 0054 85F83540 		strb	r4, [r5, #53]
 347 0058 85F83440 		strb	r4, [r5, #52]
 348 005c 2046     		mov	r0, r4
 349              	.L46:
 350 005e 38BD     		pop	{r3, r4, r5, pc}
 351              	.L47:
ARM GAS  C:\Temp\ccV0fdBV.s 			page 7


 352 0060 0120     		movs	r0, #1
 353 0062 7047     		bx	lr
 355              		.section	.text.HAL_DMA_Start,"ax",%progbits
 356              		.align	1
 357              		.global	HAL_DMA_Start
 358              		.syntax unified
 359              		.thumb
 360              		.thumb_func
 362              	HAL_DMA_Start:
 363              		@ args = 0, pretend = 0, frame = 0
 364              		@ frame_needed = 0, uses_anonymous_args = 0
 365 0000 38B5     		push	{r3, r4, r5, lr}
 366 0002 0446     		mov	r4, r0
 367 0004 90F83400 		ldrb	r0, [r0, #52]	@ zero_extendqisi2
 368 0008 0128     		cmp	r0, #1
 369 000a 1BD0     		beq	.L55
 370 000c 0120     		movs	r0, #1
 371 000e 84F83400 		strb	r0, [r4, #52]
 372 0012 94F83500 		ldrb	r0, [r4, #53]	@ zero_extendqisi2
 373 0016 C0B2     		uxtb	r0, r0
 374 0018 0128     		cmp	r0, #1
 375 001a 04D0     		beq	.L57
 376 001c 0023     		movs	r3, #0
 377 001e 84F83430 		strb	r3, [r4, #52]
 378 0022 0220     		movs	r0, #2
 379              	.L53:
 380 0024 38BD     		pop	{r3, r4, r5, pc}
 381              	.L57:
 382 0026 0220     		movs	r0, #2
 383 0028 84F83500 		strb	r0, [r4, #53]
 384 002c 0025     		movs	r5, #0
 385 002e 6565     		str	r5, [r4, #84]
 386 0030 2046     		mov	r0, r4
 387 0032 FFF7FEFF 		bl	DMA_SetConfig
 388 0036 2268     		ldr	r2, [r4]
 389 0038 1368     		ldr	r3, [r2]
 390 003a 43F00103 		orr	r3, r3, #1
 391 003e 1360     		str	r3, [r2]
 392 0040 2846     		mov	r0, r5
 393 0042 EFE7     		b	.L53
 394              	.L55:
 395 0044 0220     		movs	r0, #2
 396 0046 EDE7     		b	.L53
 398              		.section	.text.HAL_DMA_Start_IT,"ax",%progbits
 399              		.align	1
 400              		.global	HAL_DMA_Start_IT
 401              		.syntax unified
 402              		.thumb
 403              		.thumb_func
 405              	HAL_DMA_Start_IT:
 406              		@ args = 0, pretend = 0, frame = 0
 407              		@ frame_needed = 0, uses_anonymous_args = 0
 408 0000 38B5     		push	{r3, r4, r5, lr}
 409 0002 0446     		mov	r4, r0
 410 0004 856D     		ldr	r5, [r0, #88]
 411 0006 90F83400 		ldrb	r0, [r0, #52]	@ zero_extendqisi2
 412 000a 0128     		cmp	r0, #1
ARM GAS  C:\Temp\ccV0fdBV.s 			page 8


 413 000c 2BD0     		beq	.L62
 414 000e 0120     		movs	r0, #1
 415 0010 84F83400 		strb	r0, [r4, #52]
 416 0014 94F83500 		ldrb	r0, [r4, #53]	@ zero_extendqisi2
 417 0018 C0B2     		uxtb	r0, r0
 418 001a 0128     		cmp	r0, #1
 419 001c 04D0     		beq	.L64
 420 001e 0023     		movs	r3, #0
 421 0020 84F83430 		strb	r3, [r4, #52]
 422 0024 0220     		movs	r0, #2
 423              	.L59:
 424 0026 38BD     		pop	{r3, r4, r5, pc}
 425              	.L64:
 426 0028 0220     		movs	r0, #2
 427 002a 84F83500 		strb	r0, [r4, #53]
 428 002e 0020     		movs	r0, #0
 429 0030 6065     		str	r0, [r4, #84]
 430 0032 2046     		mov	r0, r4
 431 0034 FFF7FEFF 		bl	DMA_SetConfig
 432 0038 E26D     		ldr	r2, [r4, #92]
 433 003a 3F23     		movs	r3, #63
 434 003c 9340     		lsls	r3, r3, r2
 435 003e AB60     		str	r3, [r5, #8]
 436 0040 2268     		ldr	r2, [r4]
 437 0042 1368     		ldr	r3, [r2]
 438 0044 43F01603 		orr	r3, r3, #22
 439 0048 1360     		str	r3, [r2]
 440 004a 236C     		ldr	r3, [r4, #64]
 441 004c 23B1     		cbz	r3, .L61
 442 004e 2268     		ldr	r2, [r4]
 443 0050 1368     		ldr	r3, [r2]
 444 0052 43F00803 		orr	r3, r3, #8
 445 0056 1360     		str	r3, [r2]
 446              	.L61:
 447 0058 2268     		ldr	r2, [r4]
 448 005a 1368     		ldr	r3, [r2]
 449 005c 43F00103 		orr	r3, r3, #1
 450 0060 1360     		str	r3, [r2]
 451 0062 0020     		movs	r0, #0
 452 0064 DFE7     		b	.L59
 453              	.L62:
 454 0066 0220     		movs	r0, #2
 455 0068 DDE7     		b	.L59
 457              		.section	.text.HAL_DMA_Abort,"ax",%progbits
 458              		.align	1
 459              		.global	HAL_DMA_Abort
 460              		.syntax unified
 461              		.thumb
 462              		.thumb_func
 464              	HAL_DMA_Abort:
 465              		@ args = 0, pretend = 0, frame = 0
 466              		@ frame_needed = 0, uses_anonymous_args = 0
 467 0000 70B5     		push	{r4, r5, r6, lr}
 468 0002 0446     		mov	r4, r0
 469 0004 866D     		ldr	r6, [r0, #88]
 470 0006 FFF7FEFF 		bl	HAL_GetTick
 471 000a 94F83530 		ldrb	r3, [r4, #53]	@ zero_extendqisi2
ARM GAS  C:\Temp\ccV0fdBV.s 			page 9


 472 000e DBB2     		uxtb	r3, r3
 473 0010 022B     		cmp	r3, #2
 474 0012 06D0     		beq	.L66
 475 0014 8023     		movs	r3, #128
 476 0016 6365     		str	r3, [r4, #84]
 477 0018 0023     		movs	r3, #0
 478 001a 84F83430 		strb	r3, [r4, #52]
 479 001e 0120     		movs	r0, #1
 480              	.L67:
 481 0020 70BD     		pop	{r4, r5, r6, pc}
 482              	.L66:
 483 0022 0546     		mov	r5, r0
 484 0024 2268     		ldr	r2, [r4]
 485 0026 1368     		ldr	r3, [r2]
 486 0028 23F01603 		bic	r3, r3, #22
 487 002c 1360     		str	r3, [r2]
 488 002e 2268     		ldr	r2, [r4]
 489 0030 5369     		ldr	r3, [r2, #20]
 490 0032 23F08003 		bic	r3, r3, #128
 491 0036 5361     		str	r3, [r2, #20]
 492 0038 236C     		ldr	r3, [r4, #64]
 493 003a E3B1     		cbz	r3, .L73
 494              	.L68:
 495 003c 2268     		ldr	r2, [r4]
 496 003e 1368     		ldr	r3, [r2]
 497 0040 23F00803 		bic	r3, r3, #8
 498 0044 1360     		str	r3, [r2]
 499              	.L69:
 500 0046 2268     		ldr	r2, [r4]
 501 0048 1368     		ldr	r3, [r2]
 502 004a 23F00103 		bic	r3, r3, #1
 503 004e 1360     		str	r3, [r2]
 504              	.L70:
 505 0050 2368     		ldr	r3, [r4]
 506 0052 1B68     		ldr	r3, [r3]
 507 0054 13F0010F 		tst	r3, #1
 508 0058 11D0     		beq	.L74
 509 005a FFF7FEFF 		bl	HAL_GetTick
 510 005e 431B     		subs	r3, r0, r5
 511 0060 052B     		cmp	r3, #5
 512 0062 F5D9     		bls	.L70
 513 0064 2023     		movs	r3, #32
 514 0066 6365     		str	r3, [r4, #84]
 515 0068 0320     		movs	r0, #3
 516 006a 84F83500 		strb	r0, [r4, #53]
 517 006e 0023     		movs	r3, #0
 518 0070 84F83430 		strb	r3, [r4, #52]
 519 0074 D4E7     		b	.L67
 520              	.L73:
 521 0076 A36C     		ldr	r3, [r4, #72]
 522 0078 002B     		cmp	r3, #0
 523 007a DFD1     		bne	.L68
 524 007c E3E7     		b	.L69
 525              	.L74:
 526 007e E26D     		ldr	r2, [r4, #92]
 527 0080 3F23     		movs	r3, #63
 528 0082 9340     		lsls	r3, r3, r2
ARM GAS  C:\Temp\ccV0fdBV.s 			page 10


 529 0084 B360     		str	r3, [r6, #8]
 530 0086 0123     		movs	r3, #1
 531 0088 84F83530 		strb	r3, [r4, #53]
 532 008c 0020     		movs	r0, #0
 533 008e 84F83400 		strb	r0, [r4, #52]
 534 0092 C5E7     		b	.L67
 536              		.section	.text.HAL_DMA_Abort_IT,"ax",%progbits
 537              		.align	1
 538              		.global	HAL_DMA_Abort_IT
 539              		.syntax unified
 540              		.thumb
 541              		.thumb_func
 543              	HAL_DMA_Abort_IT:
 544              		@ args = 0, pretend = 0, frame = 0
 545              		@ frame_needed = 0, uses_anonymous_args = 0
 546              		@ link register save eliminated.
 547 0000 90F83530 		ldrb	r3, [r0, #53]	@ zero_extendqisi2
 548 0004 DBB2     		uxtb	r3, r3
 549 0006 022B     		cmp	r3, #2
 550 0008 03D0     		beq	.L76
 551 000a 8023     		movs	r3, #128
 552 000c 4365     		str	r3, [r0, #84]
 553 000e 0120     		movs	r0, #1
 554 0010 7047     		bx	lr
 555              	.L76:
 556 0012 0523     		movs	r3, #5
 557 0014 80F83530 		strb	r3, [r0, #53]
 558 0018 0268     		ldr	r2, [r0]
 559 001a 1368     		ldr	r3, [r2]
 560 001c 23F00103 		bic	r3, r3, #1
 561 0020 1360     		str	r3, [r2]
 562 0022 0020     		movs	r0, #0
 563 0024 7047     		bx	lr
 565              		.section	.text.HAL_DMA_PollForTransfer,"ax",%progbits
 566              		.align	1
 567              		.global	HAL_DMA_PollForTransfer
 568              		.syntax unified
 569              		.thumb
 570              		.thumb_func
 572              	HAL_DMA_PollForTransfer:
 573              		@ args = 0, pretend = 0, frame = 0
 574              		@ frame_needed = 0, uses_anonymous_args = 0
 575 0000 2DE9F047 		push	{r4, r5, r6, r7, r8, r9, r10, lr}
 576 0004 0446     		mov	r4, r0
 577 0006 8846     		mov	r8, r1
 578 0008 1646     		mov	r6, r2
 579 000a FFF7FEFF 		bl	HAL_GetTick
 580 000e 94F83530 		ldrb	r3, [r4, #53]	@ zero_extendqisi2
 581 0012 DBB2     		uxtb	r3, r3
 582 0014 022B     		cmp	r3, #2
 583 0016 07D0     		beq	.L79
 584 0018 8023     		movs	r3, #128
 585 001a 6365     		str	r3, [r4, #84]
 586 001c 0023     		movs	r3, #0
 587 001e 84F83430 		strb	r3, [r4, #52]
 588 0022 0120     		movs	r0, #1
 589              	.L80:
ARM GAS  C:\Temp\ccV0fdBV.s 			page 11


 590 0024 BDE8F087 		pop	{r4, r5, r6, r7, r8, r9, r10, pc}
 591              	.L79:
 592 0028 8146     		mov	r9, r0
 593 002a 2368     		ldr	r3, [r4]
 594 002c 1B68     		ldr	r3, [r3]
 595 002e 13F4807F 		tst	r3, #256
 596 0032 3BD1     		bne	.L95
 597 0034 B8F1000F 		cmp	r8, #0
 598 0038 3DD1     		bne	.L82
 599 003a E36D     		ldr	r3, [r4, #92]
 600 003c 4FF0200A 		mov	r10, #32
 601 0040 0AFA03FA 		lsl	r10, r10, r3
 602              	.L83:
 603 0044 A76D     		ldr	r7, [r4, #88]
 604 0046 3B68     		ldr	r3, [r7]
 605              	.L84:
 606 0048 1AEA030F 		tst	r10, r3
 607 004c 43D1     		bne	.L90
 608 004e 636D     		ldr	r3, [r4, #84]
 609 0050 13F0010F 		tst	r3, #1
 610 0054 3FD1     		bne	.L90
 611 0056 B6F1FF3F 		cmp	r6, #-1
 612 005a 07D0     		beq	.L85
 613 005c 002E     		cmp	r6, #0
 614 005e 30D0     		beq	.L86
 615 0060 FFF7FEFF 		bl	HAL_GetTick
 616 0064 A0EB0900 		sub	r0, r0, r9
 617 0068 B042     		cmp	r0, r6
 618 006a 2AD8     		bhi	.L86
 619              	.L85:
 620 006c 3B68     		ldr	r3, [r7]
 621 006e E16D     		ldr	r1, [r4, #92]
 622 0070 0822     		movs	r2, #8
 623 0072 8A40     		lsls	r2, r2, r1
 624 0074 1A42     		tst	r2, r3
 625 0076 04D0     		beq	.L87
 626 0078 616D     		ldr	r1, [r4, #84]
 627 007a 41F00101 		orr	r1, r1, #1
 628 007e 6165     		str	r1, [r4, #84]
 629 0080 BA60     		str	r2, [r7, #8]
 630              	.L87:
 631 0082 E16D     		ldr	r1, [r4, #92]
 632 0084 0122     		movs	r2, #1
 633 0086 8A40     		lsls	r2, r2, r1
 634 0088 1A42     		tst	r2, r3
 635 008a 04D0     		beq	.L88
 636 008c 616D     		ldr	r1, [r4, #84]
 637 008e 41F00201 		orr	r1, r1, #2
 638 0092 6165     		str	r1, [r4, #84]
 639 0094 BA60     		str	r2, [r7, #8]
 640              	.L88:
 641 0096 E26D     		ldr	r2, [r4, #92]
 642 0098 0425     		movs	r5, #4
 643 009a 9540     		lsls	r5, r5, r2
 644 009c 1D42     		tst	r5, r3
 645 009e D3D0     		beq	.L84
 646 00a0 626D     		ldr	r2, [r4, #84]
ARM GAS  C:\Temp\ccV0fdBV.s 			page 12


 647 00a2 42F00402 		orr	r2, r2, #4
 648 00a6 6265     		str	r2, [r4, #84]
 649 00a8 BD60     		str	r5, [r7, #8]
 650 00aa CDE7     		b	.L84
 651              	.L95:
 652 00ac 4FF48073 		mov	r3, #256
 653 00b0 6365     		str	r3, [r4, #84]
 654 00b2 0120     		movs	r0, #1
 655 00b4 B6E7     		b	.L80
 656              	.L82:
 657 00b6 E36D     		ldr	r3, [r4, #92]
 658 00b8 4FF0100A 		mov	r10, #16
 659 00bc 0AFA03FA 		lsl	r10, r10, r3
 660 00c0 C0E7     		b	.L83
 661              	.L86:
 662 00c2 2023     		movs	r3, #32
 663 00c4 6365     		str	r3, [r4, #84]
 664 00c6 0123     		movs	r3, #1
 665 00c8 84F83530 		strb	r3, [r4, #53]
 666 00cc 0023     		movs	r3, #0
 667 00ce 84F83430 		strb	r3, [r4, #52]
 668 00d2 0320     		movs	r0, #3
 669 00d4 A6E7     		b	.L80
 670              	.L90:
 671 00d6 636D     		ldr	r3, [r4, #84]
 672 00d8 1BB1     		cbz	r3, .L92
 673 00da 636D     		ldr	r3, [r4, #84]
 674 00dc 13F0010F 		tst	r3, #1
 675 00e0 0ED1     		bne	.L96
 676              	.L92:
 677 00e2 B8F1000F 		cmp	r8, #0
 678 00e6 19D1     		bne	.L93
 679 00e8 E26D     		ldr	r2, [r4, #92]
 680 00ea 3023     		movs	r3, #48
 681 00ec 9340     		lsls	r3, r3, r2
 682 00ee BB60     		str	r3, [r7, #8]
 683 00f0 0123     		movs	r3, #1
 684 00f2 84F83530 		strb	r3, [r4, #53]
 685 00f6 0023     		movs	r3, #0
 686 00f8 84F83430 		strb	r3, [r4, #52]
 687 00fc 4046     		mov	r0, r8
 688 00fe 91E7     		b	.L80
 689              	.L96:
 690 0100 2046     		mov	r0, r4
 691 0102 FFF7FEFF 		bl	HAL_DMA_Abort
 692 0106 E26D     		ldr	r2, [r4, #92]
 693 0108 3023     		movs	r3, #48
 694 010a 9340     		lsls	r3, r3, r2
 695 010c BB60     		str	r3, [r7, #8]
 696 010e 0120     		movs	r0, #1
 697 0110 84F83500 		strb	r0, [r4, #53]
 698 0114 0023     		movs	r3, #0
 699 0116 84F83430 		strb	r3, [r4, #52]
 700 011a 83E7     		b	.L80
 701              	.L93:
 702 011c E26D     		ldr	r2, [r4, #92]
 703 011e 1023     		movs	r3, #16
ARM GAS  C:\Temp\ccV0fdBV.s 			page 13


 704 0120 9340     		lsls	r3, r3, r2
 705 0122 BB60     		str	r3, [r7, #8]
 706 0124 0020     		movs	r0, #0
 707 0126 7DE7     		b	.L80
 709              		.section	.text.HAL_DMA_IRQHandler,"ax",%progbits
 710              		.align	1
 711              		.global	HAL_DMA_IRQHandler
 712              		.syntax unified
 713              		.thumb
 714              		.thumb_func
 716              	HAL_DMA_IRQHandler:
 717              		@ args = 0, pretend = 0, frame = 8
 718              		@ frame_needed = 0, uses_anonymous_args = 0
 719 0000 F0B5     		push	{r4, r5, r6, r7, lr}
 720 0002 83B0     		sub	sp, sp, #12
 721 0004 0446     		mov	r4, r0
 722 0006 0023     		movs	r3, #0
 723 0008 0193     		str	r3, [sp, #4]
 724 000a 724B     		ldr	r3, .L120
 725 000c 1D68     		ldr	r5, [r3]
 726 000e 724B     		ldr	r3, .L120+4
 727 0010 A3FB0535 		umull	r3, r5, r3, r5
 728 0014 AD0A     		lsrs	r5, r5, #10
 729 0016 876D     		ldr	r7, [r0, #88]
 730 0018 3E68     		ldr	r6, [r7]
 731 001a C26D     		ldr	r2, [r0, #92]
 732 001c 0823     		movs	r3, #8
 733 001e 9340     		lsls	r3, r3, r2
 734 0020 3342     		tst	r3, r6
 735 0022 10D0     		beq	.L98
 736 0024 0368     		ldr	r3, [r0]
 737 0026 1A68     		ldr	r2, [r3]
 738 0028 12F0040F 		tst	r2, #4
 739 002c 0BD0     		beq	.L98
 740 002e 1A68     		ldr	r2, [r3]
 741 0030 22F00402 		bic	r2, r2, #4
 742 0034 1A60     		str	r2, [r3]
 743 0036 C26D     		ldr	r2, [r0, #92]
 744 0038 0823     		movs	r3, #8
 745 003a 9340     		lsls	r3, r3, r2
 746 003c BB60     		str	r3, [r7, #8]
 747 003e 436D     		ldr	r3, [r0, #84]
 748 0040 43F00103 		orr	r3, r3, #1
 749 0044 4365     		str	r3, [r0, #84]
 750              	.L98:
 751 0046 E26D     		ldr	r2, [r4, #92]
 752 0048 0123     		movs	r3, #1
 753 004a 9340     		lsls	r3, r3, r2
 754 004c 3342     		tst	r3, r6
 755 004e 09D0     		beq	.L99
 756 0050 2268     		ldr	r2, [r4]
 757 0052 5269     		ldr	r2, [r2, #20]
 758 0054 12F0800F 		tst	r2, #128
 759 0058 04D0     		beq	.L99
 760 005a BB60     		str	r3, [r7, #8]
 761 005c 636D     		ldr	r3, [r4, #84]
 762 005e 43F00203 		orr	r3, r3, #2
ARM GAS  C:\Temp\ccV0fdBV.s 			page 14


 763 0062 6365     		str	r3, [r4, #84]
 764              	.L99:
 765 0064 E26D     		ldr	r2, [r4, #92]
 766 0066 0423     		movs	r3, #4
 767 0068 9340     		lsls	r3, r3, r2
 768 006a 3342     		tst	r3, r6
 769 006c 09D0     		beq	.L100
 770 006e 2268     		ldr	r2, [r4]
 771 0070 1268     		ldr	r2, [r2]
 772 0072 12F0020F 		tst	r2, #2
 773 0076 04D0     		beq	.L100
 774 0078 BB60     		str	r3, [r7, #8]
 775 007a 636D     		ldr	r3, [r4, #84]
 776 007c 43F00403 		orr	r3, r3, #4
 777 0080 6365     		str	r3, [r4, #84]
 778              	.L100:
 779 0082 E26D     		ldr	r2, [r4, #92]
 780 0084 1023     		movs	r3, #16
 781 0086 9340     		lsls	r3, r3, r2
 782 0088 3342     		tst	r3, r6
 783 008a 24D0     		beq	.L101
 784 008c 2268     		ldr	r2, [r4]
 785 008e 1268     		ldr	r2, [r2]
 786 0090 12F0080F 		tst	r2, #8
 787 0094 1FD0     		beq	.L101
 788 0096 BB60     		str	r3, [r7, #8]
 789 0098 2368     		ldr	r3, [r4]
 790 009a 1A68     		ldr	r2, [r3]
 791 009c 12F4802F 		tst	r2, #262144
 792 00a0 0DD0     		beq	.L102
 793 00a2 1B68     		ldr	r3, [r3]
 794 00a4 13F4002F 		tst	r3, #524288
 795 00a8 04D1     		bne	.L103
 796 00aa 236C     		ldr	r3, [r4, #64]
 797 00ac 9BB1     		cbz	r3, .L101
 798 00ae 2046     		mov	r0, r4
 799 00b0 9847     		blx	r3
 800 00b2 10E0     		b	.L101
 801              	.L103:
 802 00b4 A36C     		ldr	r3, [r4, #72]
 803 00b6 73B1     		cbz	r3, .L101
 804 00b8 2046     		mov	r0, r4
 805 00ba 9847     		blx	r3
 806 00bc 0BE0     		b	.L101
 807              	.L102:
 808 00be 1A68     		ldr	r2, [r3]
 809 00c0 12F4807F 		tst	r2, #256
 810 00c4 03D1     		bne	.L104
 811 00c6 1A68     		ldr	r2, [r3]
 812 00c8 22F00802 		bic	r2, r2, #8
 813 00cc 1A60     		str	r2, [r3]
 814              	.L104:
 815 00ce 236C     		ldr	r3, [r4, #64]
 816 00d0 0BB1     		cbz	r3, .L101
 817 00d2 2046     		mov	r0, r4
 818 00d4 9847     		blx	r3
 819              	.L101:
ARM GAS  C:\Temp\ccV0fdBV.s 			page 15


 820 00d6 E26D     		ldr	r2, [r4, #92]
 821 00d8 2023     		movs	r3, #32
 822 00da 9340     		lsls	r3, r3, r2
 823 00dc 3342     		tst	r3, r6
 824 00de 55D0     		beq	.L105
 825 00e0 2268     		ldr	r2, [r4]
 826 00e2 1268     		ldr	r2, [r2]
 827 00e4 12F0100F 		tst	r2, #16
 828 00e8 50D0     		beq	.L105
 829 00ea BB60     		str	r3, [r7, #8]
 830 00ec 94F83530 		ldrb	r3, [r4, #53]	@ zero_extendqisi2
 831 00f0 DBB2     		uxtb	r3, r3
 832 00f2 052B     		cmp	r3, #5
 833 00f4 0ED0     		beq	.L118
 834 00f6 2368     		ldr	r3, [r4]
 835 00f8 1A68     		ldr	r2, [r3]
 836 00fa 12F4802F 		tst	r2, #262144
 837 00fe 33D0     		beq	.L111
 838 0100 1B68     		ldr	r3, [r3]
 839 0102 13F4002F 		tst	r3, #524288
 840 0106 2AD1     		bne	.L112
 841 0108 636C     		ldr	r3, [r4, #68]
 842 010a 002B     		cmp	r3, #0
 843 010c 3ED0     		beq	.L105
 844 010e 2046     		mov	r0, r4
 845 0110 9847     		blx	r3
 846 0112 3BE0     		b	.L105
 847              	.L118:
 848 0114 2268     		ldr	r2, [r4]
 849 0116 1368     		ldr	r3, [r2]
 850 0118 23F01603 		bic	r3, r3, #22
 851 011c 1360     		str	r3, [r2]
 852 011e 2268     		ldr	r2, [r4]
 853 0120 5369     		ldr	r3, [r2, #20]
 854 0122 23F08003 		bic	r3, r3, #128
 855 0126 5361     		str	r3, [r2, #20]
 856 0128 236C     		ldr	r3, [r4, #64]
 857 012a A3B1     		cbz	r3, .L119
 858              	.L107:
 859 012c 2268     		ldr	r2, [r4]
 860 012e 1368     		ldr	r3, [r2]
 861 0130 23F00803 		bic	r3, r3, #8
 862 0134 1360     		str	r3, [r2]
 863              	.L108:
 864 0136 E26D     		ldr	r2, [r4, #92]
 865 0138 3F23     		movs	r3, #63
 866 013a 9340     		lsls	r3, r3, r2
 867 013c BB60     		str	r3, [r7, #8]
 868 013e 0123     		movs	r3, #1
 869 0140 84F83530 		strb	r3, [r4, #53]
 870 0144 0023     		movs	r3, #0
 871 0146 84F83430 		strb	r3, [r4, #52]
 872 014a 236D     		ldr	r3, [r4, #80]
 873 014c 002B     		cmp	r3, #0
 874 014e 3FD0     		beq	.L97
 875 0150 2046     		mov	r0, r4
 876 0152 9847     		blx	r3
ARM GAS  C:\Temp\ccV0fdBV.s 			page 16


 877 0154 3CE0     		b	.L97
 878              	.L119:
 879 0156 A36C     		ldr	r3, [r4, #72]
 880 0158 002B     		cmp	r3, #0
 881 015a E7D1     		bne	.L107
 882 015c EBE7     		b	.L108
 883              	.L112:
 884 015e E36B     		ldr	r3, [r4, #60]
 885 0160 A3B1     		cbz	r3, .L105
 886 0162 2046     		mov	r0, r4
 887 0164 9847     		blx	r3
 888 0166 11E0     		b	.L105
 889              	.L111:
 890 0168 1A68     		ldr	r2, [r3]
 891 016a 12F4807F 		tst	r2, #256
 892 016e 09D1     		bne	.L113
 893 0170 1A68     		ldr	r2, [r3]
 894 0172 22F01002 		bic	r2, r2, #16
 895 0176 1A60     		str	r2, [r3]
 896 0178 0123     		movs	r3, #1
 897 017a 84F83530 		strb	r3, [r4, #53]
 898 017e 0023     		movs	r3, #0
 899 0180 84F83430 		strb	r3, [r4, #52]
 900              	.L113:
 901 0184 E36B     		ldr	r3, [r4, #60]
 902 0186 0BB1     		cbz	r3, .L105
 903 0188 2046     		mov	r0, r4
 904 018a 9847     		blx	r3
 905              	.L105:
 906 018c 636D     		ldr	r3, [r4, #84]
 907 018e FBB1     		cbz	r3, .L97
 908 0190 636D     		ldr	r3, [r4, #84]
 909 0192 13F0010F 		tst	r3, #1
 910 0196 17D0     		beq	.L114
 911 0198 0523     		movs	r3, #5
 912 019a 84F83530 		strb	r3, [r4, #53]
 913 019e 2268     		ldr	r2, [r4]
 914 01a0 1368     		ldr	r3, [r2]
 915 01a2 23F00103 		bic	r3, r3, #1
 916 01a6 1360     		str	r3, [r2]
 917              	.L116:
 918 01a8 019B     		ldr	r3, [sp, #4]
 919 01aa 0133     		adds	r3, r3, #1
 920 01ac 0193     		str	r3, [sp, #4]
 921 01ae AB42     		cmp	r3, r5
 922 01b0 04D8     		bhi	.L115
 923 01b2 2368     		ldr	r3, [r4]
 924 01b4 1B68     		ldr	r3, [r3]
 925 01b6 13F0010F 		tst	r3, #1
 926 01ba F5D1     		bne	.L116
 927              	.L115:
 928 01bc 0123     		movs	r3, #1
 929 01be 84F83530 		strb	r3, [r4, #53]
 930 01c2 0023     		movs	r3, #0
 931 01c4 84F83430 		strb	r3, [r4, #52]
 932              	.L114:
 933 01c8 E36C     		ldr	r3, [r4, #76]
ARM GAS  C:\Temp\ccV0fdBV.s 			page 17


 934 01ca 0BB1     		cbz	r3, .L97
 935 01cc 2046     		mov	r0, r4
 936 01ce 9847     		blx	r3
 937              	.L97:
 938 01d0 03B0     		add	sp, sp, #12
 939              		@ sp needed
 940 01d2 F0BD     		pop	{r4, r5, r6, r7, pc}
 941              	.L121:
 942              		.align	2
 943              	.L120:
 944 01d4 00000000 		.word	SystemCoreClock
 945 01d8 B5814E1B 		.word	458129845
 947              		.section	.text.HAL_DMA_RegisterCallback,"ax",%progbits
 948              		.align	1
 949              		.global	HAL_DMA_RegisterCallback
 950              		.syntax unified
 951              		.thumb
 952              		.thumb_func
 954              	HAL_DMA_RegisterCallback:
 955              		@ args = 0, pretend = 0, frame = 0
 956              		@ frame_needed = 0, uses_anonymous_args = 0
 957              		@ link register save eliminated.
 958 0000 0346     		mov	r3, r0
 959 0002 90F83400 		ldrb	r0, [r0, #52]	@ zero_extendqisi2
 960 0006 0128     		cmp	r0, #1
 961 0008 25D0     		beq	.L132
 962 000a 0120     		movs	r0, #1
 963 000c 83F83400 		strb	r0, [r3, #52]
 964 0010 93F83500 		ldrb	r0, [r3, #53]	@ zero_extendqisi2
 965 0014 C0B2     		uxtb	r0, r0
 966 0016 0128     		cmp	r0, #1
 967 0018 04D0     		beq	.L135
 968 001a 0120     		movs	r0, #1
 969              	.L124:
 970 001c 0022     		movs	r2, #0
 971 001e 83F83420 		strb	r2, [r3, #52]
 972 0022 7047     		bx	lr
 973              	.L135:
 974 0024 0529     		cmp	r1, #5
 975 0026 F9D8     		bhi	.L124
 976 0028 DFE801F0 		tbb	[pc, r1]
 977              	.L126:
 978 002c 03       		.byte	(.L131-.L126)/2
 979 002d 06       		.byte	(.L130-.L126)/2
 980 002e 09       		.byte	(.L129-.L126)/2
 981 002f 0C       		.byte	(.L128-.L126)/2
 982 0030 0F       		.byte	(.L127-.L126)/2
 983 0031 12       		.byte	(.L125-.L126)/2
 984              		.p2align 1
 985              	.L131:
 986 0032 DA63     		str	r2, [r3, #60]
 987 0034 0846     		mov	r0, r1
 988 0036 F1E7     		b	.L124
 989              	.L130:
 990 0038 1A64     		str	r2, [r3, #64]
 991 003a 0020     		movs	r0, #0
 992 003c EEE7     		b	.L124
ARM GAS  C:\Temp\ccV0fdBV.s 			page 18


 993              	.L129:
 994 003e 5A64     		str	r2, [r3, #68]
 995 0040 0020     		movs	r0, #0
 996 0042 EBE7     		b	.L124
 997              	.L128:
 998 0044 9A64     		str	r2, [r3, #72]
 999 0046 0020     		movs	r0, #0
 1000 0048 E8E7     		b	.L124
 1001              	.L127:
 1002 004a DA64     		str	r2, [r3, #76]
 1003 004c 0020     		movs	r0, #0
 1004 004e E5E7     		b	.L124
 1005              	.L125:
 1006 0050 1A65     		str	r2, [r3, #80]
 1007 0052 0020     		movs	r0, #0
 1008 0054 E2E7     		b	.L124
 1009              	.L132:
 1010 0056 0220     		movs	r0, #2
 1011 0058 7047     		bx	lr
 1013              		.section	.text.HAL_DMA_UnRegisterCallback,"ax",%progbits
 1014              		.align	1
 1015              		.global	HAL_DMA_UnRegisterCallback
 1016              		.syntax unified
 1017              		.thumb
 1018              		.thumb_func
 1020              	HAL_DMA_UnRegisterCallback:
 1021              		@ args = 0, pretend = 0, frame = 0
 1022              		@ frame_needed = 0, uses_anonymous_args = 0
 1023              		@ link register save eliminated.
 1024 0000 0346     		mov	r3, r0
 1025 0002 90F83420 		ldrb	r2, [r0, #52]	@ zero_extendqisi2
 1026 0006 012A     		cmp	r2, #1
 1027 0008 2FD0     		beq	.L147
 1028 000a 0122     		movs	r2, #1
 1029 000c 80F83420 		strb	r2, [r0, #52]
 1030 0010 90F83500 		ldrb	r0, [r0, #53]	@ zero_extendqisi2
 1031 0014 C0B2     		uxtb	r0, r0
 1032 0016 9042     		cmp	r0, r2
 1033 0018 04D0     		beq	.L150
 1034 001a 0120     		movs	r0, #1
 1035              	.L138:
 1036 001c 0022     		movs	r2, #0
 1037 001e 83F83420 		strb	r2, [r3, #52]
 1038 0022 7047     		bx	lr
 1039              	.L150:
 1040 0024 0629     		cmp	r1, #6
 1041 0026 F9D8     		bhi	.L138
 1042 0028 DFE801F0 		tbb	[pc, r1]
 1043              	.L140:
 1044 002c 04       		.byte	(.L146-.L140)/2
 1045 002d 08       		.byte	(.L145-.L140)/2
 1046 002e 0B       		.byte	(.L144-.L140)/2
 1047 002f 0E       		.byte	(.L143-.L140)/2
 1048 0030 11       		.byte	(.L142-.L140)/2
 1049 0031 14       		.byte	(.L141-.L140)/2
 1050 0032 17       		.byte	(.L139-.L140)/2
 1051 0033 00       		.p2align 1
ARM GAS  C:\Temp\ccV0fdBV.s 			page 19


 1052              	.L146:
 1053 0034 0022     		movs	r2, #0
 1054 0036 DA63     		str	r2, [r3, #60]
 1055 0038 0846     		mov	r0, r1
 1056 003a EFE7     		b	.L138
 1057              	.L145:
 1058 003c 0020     		movs	r0, #0
 1059 003e 1864     		str	r0, [r3, #64]
 1060 0040 ECE7     		b	.L138
 1061              	.L144:
 1062 0042 0020     		movs	r0, #0
 1063 0044 5864     		str	r0, [r3, #68]
 1064 0046 E9E7     		b	.L138
 1065              	.L143:
 1066 0048 0020     		movs	r0, #0
 1067 004a 9864     		str	r0, [r3, #72]
 1068 004c E6E7     		b	.L138
 1069              	.L142:
 1070 004e 0020     		movs	r0, #0
 1071 0050 D864     		str	r0, [r3, #76]
 1072 0052 E3E7     		b	.L138
 1073              	.L141:
 1074 0054 0020     		movs	r0, #0
 1075 0056 1865     		str	r0, [r3, #80]
 1076 0058 E0E7     		b	.L138
 1077              	.L139:
 1078 005a 0020     		movs	r0, #0
 1079 005c D863     		str	r0, [r3, #60]
 1080 005e 1864     		str	r0, [r3, #64]
 1081 0060 5864     		str	r0, [r3, #68]
 1082 0062 9864     		str	r0, [r3, #72]
 1083 0064 D864     		str	r0, [r3, #76]
 1084 0066 1865     		str	r0, [r3, #80]
 1085 0068 D8E7     		b	.L138
 1086              	.L147:
 1087 006a 0220     		movs	r0, #2
 1088 006c 7047     		bx	lr
 1090              		.section	.text.HAL_DMA_GetState,"ax",%progbits
 1091              		.align	1
 1092              		.global	HAL_DMA_GetState
 1093              		.syntax unified
 1094              		.thumb
 1095              		.thumb_func
 1097              	HAL_DMA_GetState:
 1098              		@ args = 0, pretend = 0, frame = 0
 1099              		@ frame_needed = 0, uses_anonymous_args = 0
 1100              		@ link register save eliminated.
 1101 0000 90F83500 		ldrb	r0, [r0, #53]	@ zero_extendqisi2
 1102 0004 7047     		bx	lr
 1104              		.section	.text.HAL_DMA_GetError,"ax",%progbits
 1105              		.align	1
 1106              		.global	HAL_DMA_GetError
 1107              		.syntax unified
 1108              		.thumb
 1109              		.thumb_func
 1111              	HAL_DMA_GetError:
 1112              		@ args = 0, pretend = 0, frame = 0
ARM GAS  C:\Temp\ccV0fdBV.s 			page 20


 1113              		@ frame_needed = 0, uses_anonymous_args = 0
 1114              		@ link register save eliminated.
 1115 0000 406D     		ldr	r0, [r0, #84]
 1116 0002 7047     		bx	lr
 1118              		.section	.rodata.flagBitshiftOffset.0,"a"
 1119              		.align	2
 1122              	flagBitshiftOffset.0:
 1123 0000 00061016 		.ascii	"\000\006\020\026\000\006\020\026"
 1123      00061016 
 1124              		.ident	"GCC: (xPack GNU Arm Embedded GCC x86_64) 12.3.1 20230626"
ARM GAS  C:\Temp\ccV0fdBV.s 			page 21


DEFINED SYMBOLS
                            *ABS*:00000000 stm32f4xx_hal_dma.c
  C:\Temp\ccV0fdBV.s:18     .text.DMA_SetConfig:00000000 $t
  C:\Temp\ccV0fdBV.s:23     .text.DMA_SetConfig:00000000 DMA_SetConfig
  C:\Temp\ccV0fdBV.s:52     .text.DMA_CalcBaseAndBitshift:00000000 $t
  C:\Temp\ccV0fdBV.s:57     .text.DMA_CalcBaseAndBitshift:00000000 DMA_CalcBaseAndBitshift
  C:\Temp\ccV0fdBV.s:89     .text.DMA_CalcBaseAndBitshift:0000003c $d
  C:\Temp\ccV0fdBV.s:1122   .rodata.flagBitshiftOffset.0:00000000 flagBitshiftOffset.0
  C:\Temp\ccV0fdBV.s:93     .text.DMA_CheckFifoParam:00000000 $t
  C:\Temp\ccV0fdBV.s:98     .text.DMA_CheckFifoParam:00000000 DMA_CheckFifoParam
  C:\Temp\ccV0fdBV.s:141    .text.DMA_CheckFifoParam:0000004e $d
  C:\Temp\ccV0fdBV.s:145    .text.DMA_CheckFifoParam:00000052 $t
  C:\Temp\ccV0fdBV.s:187    .text.HAL_DMA_Init:00000000 $t
  C:\Temp\ccV0fdBV.s:193    .text.HAL_DMA_Init:00000000 HAL_DMA_Init
  C:\Temp\ccV0fdBV.s:295    .text.HAL_DMA_Init:000000c8 $d
  C:\Temp\ccV0fdBV.s:298    .text.HAL_DMA_DeInit:00000000 $t
  C:\Temp\ccV0fdBV.s:304    .text.HAL_DMA_DeInit:00000000 HAL_DMA_DeInit
  C:\Temp\ccV0fdBV.s:356    .text.HAL_DMA_Start:00000000 $t
  C:\Temp\ccV0fdBV.s:362    .text.HAL_DMA_Start:00000000 HAL_DMA_Start
  C:\Temp\ccV0fdBV.s:399    .text.HAL_DMA_Start_IT:00000000 $t
  C:\Temp\ccV0fdBV.s:405    .text.HAL_DMA_Start_IT:00000000 HAL_DMA_Start_IT
  C:\Temp\ccV0fdBV.s:458    .text.HAL_DMA_Abort:00000000 $t
  C:\Temp\ccV0fdBV.s:464    .text.HAL_DMA_Abort:00000000 HAL_DMA_Abort
  C:\Temp\ccV0fdBV.s:537    .text.HAL_DMA_Abort_IT:00000000 $t
  C:\Temp\ccV0fdBV.s:543    .text.HAL_DMA_Abort_IT:00000000 HAL_DMA_Abort_IT
  C:\Temp\ccV0fdBV.s:566    .text.HAL_DMA_PollForTransfer:00000000 $t
  C:\Temp\ccV0fdBV.s:572    .text.HAL_DMA_PollForTransfer:00000000 HAL_DMA_PollForTransfer
  C:\Temp\ccV0fdBV.s:710    .text.HAL_DMA_IRQHandler:00000000 $t
  C:\Temp\ccV0fdBV.s:716    .text.HAL_DMA_IRQHandler:00000000 HAL_DMA_IRQHandler
  C:\Temp\ccV0fdBV.s:944    .text.HAL_DMA_IRQHandler:000001d4 $d
  C:\Temp\ccV0fdBV.s:948    .text.HAL_DMA_RegisterCallback:00000000 $t
  C:\Temp\ccV0fdBV.s:954    .text.HAL_DMA_RegisterCallback:00000000 HAL_DMA_RegisterCallback
  C:\Temp\ccV0fdBV.s:978    .text.HAL_DMA_RegisterCallback:0000002c $d
  C:\Temp\ccV0fdBV.s:984    .text.HAL_DMA_RegisterCallback:00000032 $t
  C:\Temp\ccV0fdBV.s:1014   .text.HAL_DMA_UnRegisterCallback:00000000 $t
  C:\Temp\ccV0fdBV.s:1020   .text.HAL_DMA_UnRegisterCallback:00000000 HAL_DMA_UnRegisterCallback
  C:\Temp\ccV0fdBV.s:1044   .text.HAL_DMA_UnRegisterCallback:0000002c $d
  C:\Temp\ccV0fdBV.s:1091   .text.HAL_DMA_GetState:00000000 $t
  C:\Temp\ccV0fdBV.s:1097   .text.HAL_DMA_GetState:00000000 HAL_DMA_GetState
  C:\Temp\ccV0fdBV.s:1105   .text.HAL_DMA_GetError:00000000 $t
  C:\Temp\ccV0fdBV.s:1111   .text.HAL_DMA_GetError:00000000 HAL_DMA_GetError
  C:\Temp\ccV0fdBV.s:1119   .rodata.flagBitshiftOffset.0:00000000 $d
  C:\Temp\ccV0fdBV.s:1051   .text.HAL_DMA_UnRegisterCallback:00000033 $d
  C:\Temp\ccV0fdBV.s:1051   .text.HAL_DMA_UnRegisterCallback:00000034 $t

UNDEFINED SYMBOLS
HAL_GetTick
SystemCoreClock
