ARM GAS  C:\Temp\ccVpTaJH.s 			page 1


   1              		.cpu cortex-m4
   2              		.arch armv7e-m
   3              		.fpu fpv4-sp-d16
   4              		.eabi_attribute 27, 1
   5              		.eabi_attribute 28, 1
   6              		.eabi_attribute 20, 1
   7              		.eabi_attribute 21, 1
   8              		.eabi_attribute 23, 3
   9              		.eabi_attribute 24, 1
  10              		.eabi_attribute 25, 1
  11              		.eabi_attribute 26, 1
  12              		.eabi_attribute 30, 1
  13              		.eabi_attribute 34, 1
  14              		.eabi_attribute 18, 4
  15              		.file	"vl53l1_xtalk.c"
  16              		.text
  17              		.section	.text.VL53L1_f_050,"ax",%progbits
  18              		.align	1
  19              		.global	VL53L1_f_050
  20              		.syntax unified
  21              		.thumb
  22              		.thumb_func
  24              	VL53L1_f_050:
  25              		@ args = 8, pretend = 0, frame = 176
  26              		@ frame_needed = 0, uses_anonymous_args = 0
  27 0000 70B5     		push	{r4, r5, r6, lr}
  28 0002 ACB0     		sub	sp, sp, #176
  29 0004 0446     		mov	r4, r0
  30 0006 0D46     		mov	r5, r1
  31 0008 012B     		cmp	r3, #1
  32 000a 0BD0     		beq	.L6
  33              	.L2:
  34 000c 9DF8C030 		ldrb	r3, [sp, #192]	@ zero_extendqisi2
  35 0010 012B     		cmp	r3, #1
  36 0012 16D0     		beq	.L7
  37 0014 01AA     		add	r2, sp, #4
  38 0016 2946     		mov	r1, r5
  39 0018 2046     		mov	r0, r4
  40 001a FFF7FEFF 		bl	VL53L1_f_004
  41              	.L4:
  42 001e 0020     		movs	r0, #0
  43 0020 2CB0     		add	sp, sp, #176
  44              		@ sp needed
  45 0022 70BD     		pop	{r4, r5, r6, pc}
  46              	.L6:
  47 0024 D0F8A410 		ldr	r1, [r0, #164]
  48 0028 FFF7FEFF 		bl	VL53L1_f_037
  49 002c 0026     		movs	r6, #0
  50 002e C4F8A460 		str	r6, [r4, #164]
  51 0032 D5F8A410 		ldr	r1, [r5, #164]
  52 0036 2846     		mov	r0, r5
  53 0038 FFF7FEFF 		bl	VL53L1_f_037
  54 003c C5F8A460 		str	r6, [r5, #164]
  55 0040 E4E7     		b	.L2
  56              	.L7:
  57 0042 01AA     		add	r2, sp, #4
  58 0044 2146     		mov	r1, r4
ARM GAS  C:\Temp\ccVpTaJH.s 			page 2


  59 0046 2846     		mov	r0, r5
  60 0048 FFF7FEFF 		bl	VL53L1_f_004
  61 004c E7E7     		b	.L4
  63              		.section	.text.VL53L1_generate_dual_reflectance_xtalk_samples,"ax",%progbits
  64              		.align	1
  65              		.global	VL53L1_generate_dual_reflectance_xtalk_samples
  66              		.syntax unified
  67              		.thumb
  68              		.thumb_func
  70              	VL53L1_generate_dual_reflectance_xtalk_samples:
  71              		@ args = 0, pretend = 0, frame = 0
  72              		@ frame_needed = 0, uses_anonymous_args = 0
  73 0000 2DE9F04F 		push	{r4, r5, r6, r7, r8, r9, r10, fp, lr}
  74 0004 83B0     		sub	sp, sp, #12
  75 0006 8946     		mov	r9, r1
  76 0008 9246     		mov	r10, r2
  77 000a 1F46     		mov	r7, r3
  78 000c 00F50678 		add	r8, r0, #536
  79 0010 00F27456 		addw	r6, r0, #1396
  80 0014 B346     		mov	fp, r6
  81 0016 4546     		mov	r5, r8
  82 0018 0024     		movs	r4, #0
  83 001a 0DE0     		b	.L9
  84              	.L10:
  85 001c 2A46     		mov	r2, r5
  86 001e 0021     		movs	r1, #0
  87 0020 0846     		mov	r0, r1
  88 0022 FFF7FEFF 		bl	VL53L1_init_histogram_bin_data_struct
  89 0026 5A46     		mov	r2, fp
  90 0028 0021     		movs	r1, #0
  91 002a 0846     		mov	r0, r1
  92 002c FFF7FEFF 		bl	VL53L1_init_histogram_bin_data_struct
  93 0030 AC35     		adds	r5, r5, #172
  94 0032 0BF1AC0B 		add	fp, fp, #172
  95 0036 0134     		adds	r4, r4, #1
  96              	.L9:
  97 0038 042C     		cmp	r4, #4
  98 003a EFDD     		ble	.L10
  99 003c 0024     		movs	r4, #0
 100 003e 2046     		mov	r0, r4
 101 0040 00E0     		b	.L11
 102              	.L12:
 103 0042 0134     		adds	r4, r4, #1
 104              	.L11:
 105 0044 042C     		cmp	r4, #4
 106 0046 0FDC     		bgt	.L15
 107 0048 0028     		cmp	r0, #0
 108 004a FAD1     		bne	.L12
 109 004c 0197     		str	r7, [sp, #4]
 110 004e CDF800A0 		str	r10, [sp]
 111 0052 0123     		movs	r3, #1
 112 0054 4A46     		mov	r2, r9
 113 0056 3146     		mov	r1, r6
 114 0058 4046     		mov	r0, r8
 115 005a FFF7FEFF 		bl	VL53L1_f_050
 116 005e 08F1AC08 		add	r8, r8, #172
 117 0062 AC36     		adds	r6, r6, #172
ARM GAS  C:\Temp\ccVpTaJH.s 			page 3


 118 0064 AC37     		adds	r7, r7, #172
 119 0066 ECE7     		b	.L12
 120              	.L15:
 121 0068 03B0     		add	sp, sp, #12
 122              		@ sp needed
 123 006a BDE8F08F 		pop	{r4, r5, r6, r7, r8, r9, r10, fp, pc}
 125              		.section	.text.VL53L1_f_047,"ax",%progbits
 126              		.align	1
 127              		.global	VL53L1_f_047
 128              		.syntax unified
 129              		.thumb
 130              		.thumb_func
 132              	VL53L1_f_047:
 133              		@ args = 0, pretend = 0, frame = 16
 134              		@ frame_needed = 0, uses_anonymous_args = 0
 135 0000 30B5     		push	{r4, r5, lr}
 136 0002 85B0     		sub	sp, sp, #20
 137 0004 4FF0000C 		mov	ip, #0
 138 0008 A2F800C0 		strh	ip, [r2]	@ movhi
 139 000c A3F800C0 		strh	ip, [r3]	@ movhi
 140 0010 07E0     		b	.L17
 141              	.L18:
 142 0012 04AC     		add	r4, sp, #16
 143 0014 04EB8C04 		add	r4, r4, ip, lsl #2
 144 0018 0025     		movs	r5, #0
 145 001a 44F8105C 		str	r5, [r4, #-16]
 146 001e 0CF1010C 		add	ip, ip, #1
 147              	.L17:
 148 0022 BCF1030F 		cmp	ip, #3
 149 0026 F4DD     		ble	.L18
 150 0028 0025     		movs	r5, #0
 151 002a AC46     		mov	ip, r5
 152 002c 0FE0     		b	.L19
 153              	.L20:
 154 002e 0CEBCC0E 		add	lr, ip, ip, lsl #3
 155 0032 00EB8E0E 		add	lr, r0, lr, lsl #2
 156 0036 DEF81040 		ldr	r4, [lr, #16]
 157 003a 0DF1100E 		add	lr, sp, #16
 158 003e 0EEB8C0E 		add	lr, lr, ip, lsl #2
 159 0042 4EF8104C 		str	r4, [lr, #-16]
 160 0046 41F82C40 		str	r4, [r1, ip, lsl #2]
 161              	.L21:
 162 004a 0CF1010C 		add	ip, ip, #1
 163              	.L19:
 164 004e BCF1030F 		cmp	ip, #3
 165 0052 0BDC     		bgt	.L34
 166 0054 0CEBCC0E 		add	lr, ip, ip, lsl #3
 167 0058 00EB8E0E 		add	lr, r0, lr, lsl #2
 168 005c 9EF80840 		ldrb	r4, [lr, #8]	@ zero_extendqisi2
 169 0060 002C     		cmp	r4, #0
 170 0062 E4D1     		bne	.L20
 171 0064 41F82C40 		str	r4, [r1, ip, lsl #2]
 172 0068 0125     		movs	r5, #1
 173 006a EEE7     		b	.L21
 174              	.L34:
 175 006c 7DBB     		cbnz	r5, .L23
 176 006e 0198     		ldr	r0, [sp, #4]
ARM GAS  C:\Temp\ccVpTaJH.s 			page 4


 177 0070 009C     		ldr	r4, [sp]
 178 0072 A0EB040C 		sub	ip, r0, r4
 179 0076 6046     		mov	r0, ip
 180 0078 BCF1000F 		cmp	ip, #0
 181 007c 10DB     		blt	.L35
 182              	.L24:
 183 007e C010     		asrs	r0, r0, #3
 184 0080 039D     		ldr	r5, [sp, #12]
 185 0082 029C     		ldr	r4, [sp, #8]
 186 0084 2D1B     		subs	r5, r5, r4
 187 0086 2C46     		mov	r4, r5
 188 0088 002D     		cmp	r5, #0
 189 008a 0CDB     		blt	.L36
 190              	.L25:
 191 008c E410     		asrs	r4, r4, #3
 192 008e 1CF5802F 		cmn	ip, #262144
 193 0092 0ADD     		ble	.L29
 194 0094 BCF5802F 		cmp	ip, #262144
 195 0098 08DB     		blt	.L26
 196 009a 47F6FF70 		movw	r0, #32767
 197 009e 05E0     		b	.L26
 198              	.L35:
 199 00a0 0CF10700 		add	r0, ip, #7
 200 00a4 EBE7     		b	.L24
 201              	.L36:
 202 00a6 EC1D     		adds	r4, r5, #7
 203 00a8 F0E7     		b	.L25
 204              	.L29:
 205 00aa 0B48     		ldr	r0, .L37
 206              	.L26:
 207 00ac 15F5802F 		cmn	r5, #262144
 208 00b0 05DD     		ble	.L31
 209 00b2 B5F5802F 		cmp	r5, #262144
 210 00b6 03DB     		blt	.L27
 211 00b8 47F6FF74 		movw	r4, #32767
 212 00bc 00E0     		b	.L27
 213              	.L31:
 214 00be 064C     		ldr	r4, .L37
 215              	.L27:
 216 00c0 0882     		strh	r0, [r1, #16]	@ movhi
 217 00c2 4C82     		strh	r4, [r1, #18]	@ movhi
 218              	.L28:
 219 00c4 1080     		strh	r0, [r2]	@ movhi
 220 00c6 1C80     		strh	r4, [r3]	@ movhi
 221 00c8 0020     		movs	r0, #0
 222 00ca 05B0     		add	sp, sp, #20
 223              		@ sp needed
 224 00cc 30BD     		pop	{r4, r5, pc}
 225              	.L23:
 226 00ce 0020     		movs	r0, #0
 227 00d0 0882     		strh	r0, [r1, #16]	@ movhi
 228 00d2 4882     		strh	r0, [r1, #18]	@ movhi
 229 00d4 0446     		mov	r4, r0
 230 00d6 F5E7     		b	.L28
 231              	.L38:
 232              		.align	2
 233              	.L37:
ARM GAS  C:\Temp\ccVpTaJH.s 			page 5


 234 00d8 0180FFFF 		.word	-32767
 236              		.section	.text.VL53L1_f_048,"ax",%progbits
 237              		.align	1
 238              		.global	VL53L1_f_048
 239              		.syntax unified
 240              		.thumb
 241              		.thumb_func
 243              	VL53L1_f_048:
 244              		@ args = 0, pretend = 0, frame = 0
 245              		@ frame_needed = 0, uses_anonymous_args = 0
 246              		@ link register save eliminated.
 247 0000 0023     		movs	r3, #0
 248 0002 1360     		str	r3, [r2]
 249 0004 0378     		ldrb	r3, [r0]	@ zero_extendqisi2
 250 0006 4BB1     		cbz	r3, .L40
 251 0008 8368     		ldr	r3, [r0, #8]
 252 000a 9B08     		lsrs	r3, r3, #2
 253 000c C1F86C31 		str	r3, [r1, #364]
 254 0010 0649     		ldr	r1, .L45
 255 0012 8B42     		cmp	r3, r1
 256 0014 07D9     		bls	.L41
 257 0016 064B     		ldr	r3, .L45+4
 258 0018 1360     		str	r3, [r2]
 259 001a 02E0     		b	.L43
 260              	.L40:
 261 001c 0023     		movs	r3, #0
 262 001e C1F86C31 		str	r3, [r1, #364]
 263              	.L43:
 264 0022 0020     		movs	r0, #0
 265 0024 7047     		bx	lr
 266              	.L41:
 267 0026 1360     		str	r3, [r2]
 268 0028 FBE7     		b	.L43
 269              	.L46:
 270 002a 00BF     		.align	2
 271              	.L45:
 272 002c FEFF0300 		.word	262142
 273 0030 FFFF0300 		.word	262143
 275              		.global	__aeabi_uldivmod
 276              		.section	.text.VL53L1_f_053,"ax",%progbits
 277              		.align	1
 278              		.global	VL53L1_f_053
 279              		.syntax unified
 280              		.thumb
 281              		.thumb_func
 283              	VL53L1_f_053:
 284              		@ args = 0, pretend = 0, frame = 96
 285              		@ frame_needed = 0, uses_anonymous_args = 0
 286 0000 2DE9F043 		push	{r4, r5, r6, r7, r8, r9, lr}
 287 0004 99B0     		sub	sp, sp, #100
 288 0006 0746     		mov	r7, r0
 289 0008 0E46     		mov	r6, r1
 290 000a 1546     		mov	r5, r2
 291 000c 1C46     		mov	r4, r3
 292 000e 437A     		ldrb	r3, [r0, #9]	@ zero_extendqisi2
 293 0010 6372     		strb	r3, [r4, #9]
 294 0012 90F88130 		ldrb	r3, [r0, #129]	@ zero_extendqisi2
ARM GAS  C:\Temp\ccVpTaJH.s 			page 6


 295 0016 84F83F30 		strb	r3, [r4, #63]
 296 001a B0F88630 		ldrh	r3, [r0, #134]
 297 001e A4F84230 		strh	r3, [r4, #66]	@ movhi
 298 0022 037A     		ldrb	r3, [r0, #8]	@ zero_extendqisi2
 299 0024 2372     		strb	r3, [r4, #8]
 300 0026 4368     		ldr	r3, [r0, #4]
 301 0028 6360     		str	r3, [r4, #4]
 302 002a B0F88230 		ldrh	r3, [r0, #130]
 303 002e A4F84030 		strh	r3, [r4, #64]	@ movhi
 304 0032 B0F89C30 		ldrh	r3, [r0, #156]
 305 0036 A4F84430 		strh	r3, [r4, #68]	@ movhi
 306 003a 8378     		ldrb	r3, [r0, #2]	@ zero_extendqisi2
 307 003c 2370     		strb	r3, [r4]
 308 003e 0C23     		movs	r3, #12
 309 0040 A372     		strb	r3, [r4, #10]
 310 0042 B0F87E30 		ldrh	r3, [r0, #126]
 311 0046 A387     		strh	r3, [r4, #60]	@ movhi
 312 0048 90F88030 		ldrb	r3, [r0, #128]	@ zero_extendqisi2
 313 004c 84F83E30 		strb	r3, [r4, #62]
 314 0050 AC22     		movs	r2, #172
 315 0052 0146     		mov	r1, r0
 316 0054 05F1C000 		add	r0, r5, #192
 317 0058 FFF7FEFF 		bl	memcpy
 318 005c D6F81080 		ldr	r8, [r6, #16]
 319 0060 B8F1000F 		cmp	r8, #0
 320 0064 0FD0     		beq	.L59
 321 0066 0026     		movs	r6, #0
 322 0068 18E0     		b	.L49
 323              	.L50:
 324 006a 18AA     		add	r2, sp, #96
 325 006c 02EBC302 		add	r2, r2, r3, lsl #3
 326 0070 0020     		movs	r0, #0
 327 0072 0021     		movs	r1, #0
 328 0074 42E91801 		strd	r0, [r2, #-96]
 329 0078 0133     		adds	r3, r3, #1
 330 007a DBB2     		uxtb	r3, r3
 331              	.L48:
 332 007c A27A     		ldrb	r2, [r4, #10]	@ zero_extendqisi2
 333 007e 9A42     		cmp	r2, r3
 334 0080 F3D8     		bhi	.L50
 335              	.L55:
 336 0082 0021     		movs	r1, #0
 337 0084 3DE0     		b	.L51
 338              	.L59:
 339 0086 0023     		movs	r3, #0
 340 0088 F8E7     		b	.L48
 341              	.L52:
 342 008a 0020     		movs	r0, #0
 343 008c 0021     		movs	r1, #0
 344 008e 18AB     		add	r3, sp, #96
 345 0090 03EBC603 		add	r3, r3, r6, lsl #3
 346 0094 43E91801 		strd	r0, [r3, #-96]
 347              	.L53:
 348 0098 0136     		adds	r6, r6, #1
 349 009a F6B2     		uxtb	r6, r6
 350              	.L49:
 351 009c A37A     		ldrb	r3, [r4, #10]	@ zero_extendqisi2
ARM GAS  C:\Temp\ccVpTaJH.s 			page 7


 352 009e B342     		cmp	r3, r6
 353 00a0 EFD9     		bls	.L55
 354 00a2 FB7A     		ldrb	r3, [r7, #11]	@ zero_extendqisi2
 355 00a4 3344     		add	r3, r3, r6
 356 00a6 DBB2     		uxtb	r3, r3
 357 00a8 0633     		adds	r3, r3, #6
 358 00aa 57F82300 		ldr	r0, [r7, r3, lsl #2]
 359 00ae 0028     		cmp	r0, #0
 360 00b0 EBDD     		ble	.L52
 361 00b2 8115     		asrs	r1, r0, #22
 362 00b4 8002     		lsls	r0, r0, #10
 363 00b6 18AB     		add	r3, sp, #96
 364 00b8 03EBC609 		add	r9, r3, r6, lsl #3
 365 00bc 49F8600C 		str	r0, [r9, #-96]
 366 00c0 49F85C1C 		str	r1, [r9, #-92]
 367 00c4 08EBD872 		add	r2, r8, r8, lsr #31
 368 00c8 4FEA620C 		asr	ip, r2, #1
 369 00cc 10EB0C00 		adds	r0, r0, ip
 370 00d0 41EBE271 		adc	r1, r1, r2, asr #31
 371 00d4 49F8600C 		str	r0, [r9, #-96]
 372 00d8 49F85C1C 		str	r1, [r9, #-92]
 373 00dc 4246     		mov	r2, r8
 374 00de 4FEAE873 		asr	r3, r8, #31
 375 00e2 FFF7FEFF 		bl	__aeabi_uldivmod
 376 00e6 49E91801 		strd	r0, [r9, #-96]
 377 00ea D5E7     		b	.L53
 378              	.L56:
 379 00ec 18AB     		add	r3, sp, #96
 380 00ee 03EBC103 		add	r3, r3, r1, lsl #3
 381 00f2 53F8602C 		ldr	r2, [r3, #-96]
 382 00f6 8B1C     		adds	r3, r1, #2
 383 00f8 04EB8303 		add	r3, r4, r3, lsl #2
 384 00fc 5A60     		str	r2, [r3, #4]
 385 00fe 0131     		adds	r1, r1, #1
 386 0100 C9B2     		uxtb	r1, r1
 387              	.L51:
 388 0102 0B29     		cmp	r1, #11
 389 0104 F2D9     		bls	.L56
 390 0106 0021     		movs	r1, #0
 391              	.L57:
 392 0108 A37A     		ldrb	r3, [r4, #10]	@ zero_extendqisi2
 393 010a 8B42     		cmp	r3, r1
 394 010c 0AD9     		bls	.L61
 395 010e 8B1C     		adds	r3, r1, #2
 396 0110 04EB8303 		add	r3, r4, r3, lsl #2
 397 0114 5A68     		ldr	r2, [r3, #4]
 398 0116 01F15C03 		add	r3, r1, #92
 399 011a 45F82320 		str	r2, [r5, r3, lsl #2]
 400 011e 0131     		adds	r1, r1, #1
 401 0120 C9B2     		uxtb	r1, r1
 402 0122 F1E7     		b	.L57
 403              	.L61:
 404 0124 0020     		movs	r0, #0
 405 0126 19B0     		add	sp, sp, #100
 406              		@ sp needed
 407 0128 BDE8F083 		pop	{r4, r5, r6, r7, r8, r9, pc}
 409              		.section	.text.VL53L1_f_040,"ax",%progbits
ARM GAS  C:\Temp\ccVpTaJH.s 			page 8


 410              		.align	1
 411              		.global	VL53L1_f_040
 412              		.syntax unified
 413              		.thumb
 414              		.thumb_func
 416              	VL53L1_f_040:
 417              		@ args = 20, pretend = 0, frame = 8
 418              		@ frame_needed = 0, uses_anonymous_args = 0
 419 0000 2DE9F04F 		push	{r4, r5, r6, r7, r8, r9, r10, fp, lr}
 420 0004 83B0     		sub	sp, sp, #12
 421 0006 0546     		mov	r5, r0
 422 0008 0F46     		mov	r7, r1
 423 000a 1646     		mov	r6, r2
 424 000c 9946     		mov	r9, r3
 425 000e 9DF83C40 		ldrb	r4, [sp, #60]	@ zero_extendqisi2
 426 0012 0023     		movs	r3, #0
 427 0014 8DF80730 		strb	r3, [sp, #7]
 428 0018 8DF80630 		strb	r3, [sp, #6]
 429 001c 0DF10602 		add	r2, sp, #6
 430 0020 0DF10701 		add	r1, sp, #7
 431 0024 9DF83800 		ldrb	r0, [sp, #56]	@ zero_extendqisi2
 432 0028 FFF7FEFF 		bl	VL53L1_decode_row_col
 433 002c 14F0100F 		tst	r4, #16
 434 0030 00F09E80 		beq	.L63
 435 0034 9DF806C0 		ldrb	ip, [sp, #6]	@ zero_extendqisi2
 436 0038 ACEB541C 		sub	ip, ip, r4, lsr #5
 437 003c 0CF1FF3C 		add	ip, ip, #-1
 438              	.L64:
 439 0040 9DF80630 		ldrb	r3, [sp, #6]	@ zero_extendqisi2
 440 0044 03EB5413 		add	r3, r3, r4, lsr #5
 441 0048 14F0010F 		tst	r4, #1
 442 004c 00F09580 		beq	.L65
 443 0050 C4F34202 		ubfx	r2, r4, #1, #3
 444 0054 9DF80780 		ldrb	r8, [sp, #7]	@ zero_extendqisi2
 445 0058 A8EB0208 		sub	r8, r8, r2
 446 005c 08F1FF38 		add	r8, r8, #-1
 447              	.L66:
 448 0060 C4F34202 		ubfx	r2, r4, #1, #3
 449 0064 9DF80740 		ldrb	r4, [sp, #7]	@ zero_extendqisi2
 450 0068 1444     		add	r4, r4, r2
 451 006a 1FFA89F9 		uxth	r9, r9
 452 006e CC44     		add	ip, ip, r9
 453 0070 4FEA4C0C 		lsl	ip, ip, #1
 454 0074 ACF10F0C 		sub	ip, ip, #15
 455 0078 0FFA8CFE 		sxth	lr, ip
 456 007c 4B44     		add	r3, r3, r9
 457 007e 5B00     		lsls	r3, r3, #1
 458 0080 0F3B     		subs	r3, r3, #15
 459 0082 1AB2     		sxth	r2, r3
 460 0084 9DF93010 		ldrsb	r1, [sp, #48]
 461 0088 89B2     		uxth	r1, r1
 462 008a 0C44     		add	r4, r4, r1
 463 008c 6400     		lsls	r4, r4, #1
 464 008e 0F3C     		subs	r4, r4, #15
 465 0090 20B2     		sxth	r0, r4
 466 0092 4144     		add	r1, r1, r8
 467 0094 4900     		lsls	r1, r1, #1
ARM GAS  C:\Temp\ccVpTaJH.s 			page 9


 468 0096 0F39     		subs	r1, r1, #15
 469 0098 0FFA81FA 		sxth	r10, r1
 470 009c 4CF3C03C 		sbfx	ip, ip, #15, #1
 471 00a0 4FEAE779 		asr	r9, r7, #31
 472 00a4 0EFB09F8 		mul	r8, lr, r9
 473 00a8 07FB0C8C 		mla	ip, r7, ip, r8
 474 00ac AEFB07E8 		umull	lr, r8, lr, r7
 475 00b0 C444     		add	ip, ip, r8
 476 00b2 41F3C031 		sbfx	r1, r1, #15, #1
 477 00b6 4FEAE678 		asr	r8, r6, #31
 478 00ba 0AFB08FB 		mul	fp, r10, r8
 479 00be 06FB01B1 		mla	r1, r6, r1, fp
 480 00c2 AAFB06BA 		umull	fp, r10, r10, r6
 481 00c6 8A44     		add	r10, r10, r1
 482 00c8 1EEB0B01 		adds	r1, lr, fp
 483 00cc 4CEB0A0C 		adc	ip, ip, r10
 484 00d0 0131     		adds	r1, r1, #1
 485 00d2 4CF1000C 		adc	ip, ip, #0
 486 00d6 4FEADC7E 		lsr	lr, ip, #31
 487 00da 1EEB010E 		adds	lr, lr, r1
 488 00de 4CF1000C 		adc	ip, ip, #0
 489 00e2 4FEA5E0E 		lsr	lr, lr, #1
 490 00e6 4EEACC7E 		orr	lr, lr, ip, lsl #31
 491 00ea A90F     		lsrs	r1, r5, #30
 492 00ec AD00     		lsls	r5, r5, #2
 493 00ee 15EB0E0E 		adds	lr, r5, lr
 494 00f2 41EB6C0C 		adc	ip, r1, ip, asr #1
 495 00f6 43F3C033 		sbfx	r3, r3, #15, #1
 496 00fa 07FB03F3 		mul	r3, r7, r3
 497 00fe 02FB0933 		mla	r3, r2, r9, r3
 498 0102 A7FB0227 		umull	r2, r7, r7, r2
 499 0106 3B44     		add	r3, r3, r7
 500 0108 44F3C034 		sbfx	r4, r4, #15, #1
 501 010c 06FB04F4 		mul	r4, r6, r4
 502 0110 00FB0844 		mla	r4, r0, r8, r4
 503 0114 A6FB0060 		umull	r6, r0, r6, r0
 504 0118 2044     		add	r0, r0, r4
 505 011a 9219     		adds	r2, r2, r6
 506 011c 43EB0003 		adc	r3, r3, r0
 507 0120 501C     		adds	r0, r2, #1
 508 0122 43F10003 		adc	r3, r3, #0
 509 0126 DA0F     		lsrs	r2, r3, #31
 510 0128 1218     		adds	r2, r2, r0
 511 012a 43F10003 		adc	r3, r3, #0
 512 012e 5208     		lsrs	r2, r2, #1
 513 0130 42EAC372 		orr	r2, r2, r3, lsl #31
 514 0134 AD18     		adds	r5, r5, r2
 515 0136 41EB6301 		adc	r1, r1, r3, asr #1
 516 013a 1EEB050E 		adds	lr, lr, r5
 517 013e 4CEB010C 		adc	ip, ip, r1
 518 0142 1EF10101 		adds	r1, lr, #1
 519 0146 4CF10002 		adc	r2, ip, #0
 520 014a D30F     		lsrs	r3, r2, #31
 521 014c 5B18     		adds	r3, r3, r1
 522 014e 42F10002 		adc	r2, r2, #0
 523 0152 5B08     		lsrs	r3, r3, #1
 524 0154 43EAC273 		orr	r3, r3, r2, lsl #31
ARM GAS  C:\Temp\ccVpTaJH.s 			page 10


 525 0158 1EF1020F 		cmn	lr, #2
 526 015c 5CF1000C 		adcs	ip, ip, #0
 527 0160 00DA     		bge	.L67
 528 0162 0023     		movs	r3, #0
 529              	.L67:
 530 0164 109A     		ldr	r2, [sp, #64]
 531 0166 1360     		str	r3, [r2]
 532 0168 0020     		movs	r0, #0
 533 016a 03B0     		add	sp, sp, #12
 534              		@ sp needed
 535 016c BDE8F08F 		pop	{r4, r5, r6, r7, r8, r9, r10, fp, pc}
 536              	.L63:
 537 0170 9DF806C0 		ldrb	ip, [sp, #6]	@ zero_extendqisi2
 538 0174 ACEB541C 		sub	ip, ip, r4, lsr #5
 539 0178 62E7     		b	.L64
 540              	.L65:
 541 017a C4F34202 		ubfx	r2, r4, #1, #3
 542 017e 9DF80780 		ldrb	r8, [sp, #7]	@ zero_extendqisi2
 543 0182 A8EB0208 		sub	r8, r8, r2
 544 0186 6BE7     		b	.L66
 546              		.section	.text.VL53L1_f_041,"ax",%progbits
 547              		.align	1
 548              		.global	VL53L1_f_041
 549              		.syntax unified
 550              		.thumb
 551              		.thumb_func
 553              	VL53L1_f_041:
 554              		@ args = 0, pretend = 0, frame = 0
 555              		@ frame_needed = 0, uses_anonymous_args = 0
 556 0000 70B5     		push	{r4, r5, r6, lr}
 557 0002 0646     		mov	r6, r0
 558 0004 0C46     		mov	r4, r1
 559 0006 1D46     		mov	r5, r3
 560 0008 D0F88C10 		ldr	r1, [r0, #140]
 561 000c A2FB0121 		umull	r2, r1, r2, r1
 562 0010 12F5FA70 		adds	r0, r2, #500
 563 0014 4FF47A72 		mov	r2, #1000
 564 0018 4FF00003 		mov	r3, #0
 565 001c 41F10001 		adc	r1, r1, #0
 566 0020 FFF7FEFF 		bl	__aeabi_uldivmod
 567 0024 0346     		mov	r3, r0
 568 0026 B6F87C00 		ldrh	r0, [r6, #124]
 569 002a A0FB0332 		umull	r3, r2, r0, r3
 570 002e 00FB0122 		mla	r2, r0, r1, r2
 571 0032 1B0A     		lsrs	r3, r3, #8
 572 0034 43EA0263 		orr	r3, r3, r2, lsl #24
 573 0038 120A     		lsrs	r2, r2, #8
 574 003a 13F58063 		adds	r3, r3, #1024
 575 003e 42F10002 		adc	r2, r2, #0
 576 0042 D90A     		lsrs	r1, r3, #11
 577 0044 41EA4251 		orr	r1, r1, r2, lsl #21
 578 0048 4FEAD22E 		lsr	lr, r2, #11
 579 004c 4FF0FF30 		mov	r0, #-1
 580 0050 9842     		cmp	r0, r3
 581 0052 40F2FF73 		movw	r3, #2047
 582 0056 9341     		sbcs	r3, r3, r2
 583 0058 02D2     		bcs	.L71
ARM GAS  C:\Temp\ccVpTaJH.s 			page 11


 584 005a 0146     		mov	r1, r0
 585 005c 4FF0000E 		mov	lr, #0
 586              	.L71:
 587 0060 0020     		movs	r0, #0
 588 0062 13E0     		b	.L72
 589              	.L73:
 590 0064 831C     		adds	r3, r0, #2
 591 0066 04EB8303 		add	r3, r4, r3, lsl #2
 592 006a 5B68     		ldr	r3, [r3, #4]
 593 006c A3FB012C 		umull	r2, ip, r3, r1
 594 0070 03FB0ECC 		mla	ip, r3, lr, ip
 595 0074 12F50072 		adds	r2, r2, #512
 596 0078 4CF1000C 		adc	ip, ip, #0
 597 007c 920A     		lsrs	r2, r2, #10
 598 007e 42EA8C52 		orr	r2, r2, ip, lsl #22
 599 0082 831D     		adds	r3, r0, #6
 600 0084 45F82320 		str	r2, [r5, r3, lsl #2]
 601 0088 0130     		adds	r0, r0, #1
 602 008a C0B2     		uxtb	r0, r0
 603              	.L72:
 604 008c A37A     		ldrb	r3, [r4, #10]	@ zero_extendqisi2
 605 008e 8342     		cmp	r3, r0
 606 0090 E8D8     		bhi	.L73
 607 0092 0020     		movs	r0, #0
 608 0094 70BD     		pop	{r4, r5, r6, pc}
 610              		.section	.text.VL53L1_f_055,"ax",%progbits
 611              		.align	1
 612              		.global	VL53L1_f_055
 613              		.syntax unified
 614              		.thumb
 615              		.thumb_func
 617              	VL53L1_f_055:
 618              		@ args = 0, pretend = 0, frame = 0
 619              		@ frame_needed = 0, uses_anonymous_args = 0
 620 0000 30B5     		push	{r4, r5, lr}
 621 0002 1346     		mov	r3, r2
 622 0004 05E0     		b	.L77
 623              	.L78:
 624 0006 0CF1060C 		add	ip, ip, #6
 625 000a 40F82C40 		str	r4, [r0, ip, lsl #2]
 626 000e 0133     		adds	r3, r3, #1
 627 0010 DBB2     		uxtb	r3, r3
 628              	.L77:
 629 0012 8C7A     		ldrb	r4, [r1, #10]	@ zero_extendqisi2
 630 0014 9C42     		cmp	r4, r3
 631 0016 0DD9     		bls	.L82
 632 0018 9C46     		mov	ip, r3
 633 001a 9C1D     		adds	r4, r3, #6
 634 001c 50F82440 		ldr	r4, [r0, r4, lsl #2]
 635 0020 A3EB020E 		sub	lr, r3, r2
 636 0024 0EF1060E 		add	lr, lr, #6
 637 0028 51F82E50 		ldr	r5, [r1, lr, lsl #2]
 638 002c 641B     		subs	r4, r4, r5
 639 002e EAD5     		bpl	.L78
 640 0030 0024     		movs	r4, #0
 641 0032 E8E7     		b	.L78
 642              	.L82:
ARM GAS  C:\Temp\ccVpTaJH.s 			page 12


 643 0034 0020     		movs	r0, #0
 644 0036 30BD     		pop	{r4, r5, pc}
 646              		.section	.text.VL53L1_f_054,"ax",%progbits
 647              		.align	1
 648              		.global	VL53L1_f_054
 649              		.syntax unified
 650              		.thumb
 651              		.thumb_func
 653              	VL53L1_f_054:
 654              		@ args = 8, pretend = 0, frame = 8
 655              		@ frame_needed = 0, uses_anonymous_args = 0
 656 0000 2DE9F041 		push	{r4, r5, r6, r7, r8, lr}
 657 0004 88B0     		sub	sp, sp, #32
 658 0006 0446     		mov	r4, r0
 659 0008 0E46     		mov	r6, r1
 660 000a 9046     		mov	r8, r2
 661 000c 1D46     		mov	r5, r3
 662 000e 0027     		movs	r7, #0
 663 0010 0797     		str	r7, [sp, #28]
 664 0012 AC22     		movs	r2, #172
 665 0014 1946     		mov	r1, r3
 666 0016 0E98     		ldr	r0, [sp, #56]
 667 0018 FFF7FEFF 		bl	memcpy
 668 001c 07AB     		add	r3, sp, #28
 669 001e 0493     		str	r3, [sp, #16]
 670 0020 337C     		ldrb	r3, [r6, #16]	@ zero_extendqisi2
 671 0022 0393     		str	r3, [sp, #12]
 672 0024 F37B     		ldrb	r3, [r6, #15]	@ zero_extendqisi2
 673 0026 0293     		str	r3, [sp, #8]
 674 0028 B5F87C30 		ldrh	r3, [r5, #124]
 675 002c 0193     		str	r3, [sp, #4]
 676 002e 0097     		str	r7, [sp]
 677 0030 3B46     		mov	r3, r7
 678 0032 B4F90E20 		ldrsh	r2, [r4, #14]
 679 0036 B4F90C10 		ldrsh	r1, [r4, #12]
 680 003a 6089     		ldrh	r0, [r4, #10]
 681 003c FFF7FEFF 		bl	VL53L1_f_040
 682 0040 10B1     		cbz	r0, .L86
 683              	.L84:
 684 0042 08B0     		add	sp, sp, #32
 685              		@ sp needed
 686 0044 BDE8F081 		pop	{r4, r5, r6, r7, r8, pc}
 687              	.L86:
 688 0048 0F9B     		ldr	r3, [sp, #60]
 689 004a 079A     		ldr	r2, [sp, #28]
 690 004c 4146     		mov	r1, r8
 691 004e 2846     		mov	r0, r5
 692 0050 FFF7FEFF 		bl	VL53L1_f_041
 693 0054 0028     		cmp	r0, #0
 694 0056 F4D1     		bne	.L84
 695 0058 EA7A     		ldrb	r2, [r5, #11]	@ zero_extendqisi2
 696 005a 0F99     		ldr	r1, [sp, #60]
 697 005c 0E98     		ldr	r0, [sp, #56]
 698 005e FFF7FEFF 		bl	VL53L1_f_055
 699 0062 EEE7     		b	.L84
 701              		.section	.text.VL53L1_f_052,"ax",%progbits
 702              		.align	1
ARM GAS  C:\Temp\ccVpTaJH.s 			page 13


 703              		.global	VL53L1_f_052
 704              		.syntax unified
 705              		.thumb
 706              		.thumb_func
 708              	VL53L1_f_052:
 709              		@ args = 0, pretend = 0, frame = 96
 710              		@ frame_needed = 0, uses_anonymous_args = 0
 711 0000 2DE9F041 		push	{r4, r5, r6, r7, r8, lr}
 712 0004 98B0     		sub	sp, sp, #96
 713 0006 0546     		mov	r5, r0
 714 0008 0E46     		mov	r6, r1
 715 000a 1746     		mov	r7, r2
 716 000c 9846     		mov	r8, r3
 717 000e 4FF0000C 		mov	ip, #0
 718 0012 09E0     		b	.L88
 719              	.L89:
 720 0014 18AB     		add	r3, sp, #96
 721 0016 03EB8C0E 		add	lr, r3, ip, lsl #2
 722 001a 0024     		movs	r4, #0
 723 001c 4EF8604C 		str	r4, [lr, #-96]
 724 0020 0CF1010C 		add	ip, ip, #1
 725 0024 5FFA8CFC 		uxtb	ip, ip
 726              	.L88:
 727 0028 BCF1170F 		cmp	ip, #23
 728 002c F2D9     		bls	.L89
 729 002e 2846     		mov	r0, r5
 730 0030 FFF7FEFF 		bl	VL53L1_hist_remove_ambient_bins
 731 0034 AB7A     		ldrb	r3, [r5, #10]	@ zero_extendqisi2
 732 0036 B7FBF3F2 		udiv	r2, r7, r3
 733 003a 03FB1277 		mls	r7, r3, r2, r7
 734 003e FFB2     		uxtb	r7, r7
 735 0040 B8FBF3F2 		udiv	r2, r8, r3
 736 0044 03FB1288 		mls	r8, r3, r2, r8
 737 0048 5FFA88F8 		uxtb	r8, r8
 738 004c 7A1C     		adds	r2, r7, #1
 739 004e 92FBF3F1 		sdiv	r1, r2, r3
 740 0052 03FB1122 		mls	r2, r3, r1, r2
 741 0056 D2B2     		uxtb	r2, r2
 742 0058 9045     		cmp	r8, r2
 743 005a 18D2     		bcs	.L103
 744 005c 9A1A     		subs	r2, r3, r2
 745 005e D0B2     		uxtb	r0, r2
 746 0060 0744     		add	r7, r7, r0
 747 0062 97FBF3F2 		sdiv	r2, r7, r3
 748 0066 03FB1277 		mls	r7, r3, r2, r7
 749 006a FFB2     		uxtb	r7, r7
 750 006c 8044     		add	r8, r8, r0
 751 006e 98FBF3F2 		sdiv	r2, r8, r3
 752 0072 03FB1288 		mls	r8, r3, r2, r8
 753 0076 5FFA88F8 		uxtb	r8, r8
 754 007a B5F89C20 		ldrh	r2, [r5, #156]
 755 007e 02EBC022 		add	r2, r2, r0, lsl #11
 756 0082 A5F89C20 		strh	r2, [r5, #156]	@ movhi
 757              	.L90:
 758 0086 90B9     		cbnz	r0, .L104
 759              	.L92:
 760 0088 4FF0000C 		mov	ip, #0
ARM GAS  C:\Temp\ccVpTaJH.s 			page 14


 761 008c 2EE0     		b	.L101
 762              	.L103:
 763 008e 0020     		movs	r0, #0
 764 0090 F9E7     		b	.L90
 765              	.L93:
 766 0092 8A1D     		adds	r2, r1, #6
 767 0094 55F82240 		ldr	r4, [r5, r2, lsl #2]
 768 0098 18AA     		add	r2, sp, #96
 769 009a 02EB8102 		add	r2, r2, r1, lsl #2
 770 009e 42F8604C 		str	r4, [r2, #-96]
 771 00a2 0131     		adds	r1, r1, #1
 772 00a4 C9B2     		uxtb	r1, r1
 773              	.L91:
 774 00a6 8B42     		cmp	r3, r1
 775 00a8 F3D8     		bhi	.L93
 776 00aa 0022     		movs	r2, #0
 777 00ac 12E0     		b	.L94
 778              	.L104:
 779 00ae 0021     		movs	r1, #0
 780 00b0 F9E7     		b	.L91
 781              	.L95:
 782 00b2 1C1A     		subs	r4, r3, r0
 783 00b4 1444     		add	r4, r4, r2
 784 00b6 94FBF3F1 		sdiv	r1, r4, r3
 785 00ba 03FB1144 		mls	r4, r3, r1, r4
 786 00be E4B2     		uxtb	r4, r4
 787 00c0 18A9     		add	r1, sp, #96
 788 00c2 01EB8404 		add	r4, r1, r4, lsl #2
 789 00c6 54F8604C 		ldr	r4, [r4, #-96]
 790 00ca 911D     		adds	r1, r2, #6
 791 00cc 45F82140 		str	r4, [r5, r1, lsl #2]
 792 00d0 0132     		adds	r2, r2, #1
 793 00d2 D2B2     		uxtb	r2, r2
 794              	.L94:
 795 00d4 9342     		cmp	r3, r2
 796 00d6 ECD8     		bhi	.L95
 797 00d8 D6E7     		b	.L92
 798              	.L97:
 799 00da 0CF10602 		add	r2, ip, #6
 800 00de 0021     		movs	r1, #0
 801 00e0 45F82210 		str	r1, [r5, r2, lsl #2]
 802              	.L98:
 803 00e4 0CF1010C 		add	ip, ip, #1
 804 00e8 5FFA8CFC 		uxtb	ip, ip
 805              	.L101:
 806 00ec 6345     		cmp	r3, ip
 807 00ee 27D9     		bls	.L106
 808 00f0 4745     		cmp	r7, r8
 809 00f2 0FD8     		bhi	.L96
 810 00f4 BC45     		cmp	ip, r7
 811 00f6 F0D3     		bcc	.L97
 812 00f8 C445     		cmp	ip, r8
 813 00fa EED8     		bhi	.L97
 814 00fc 0CF10602 		add	r2, ip, #6
 815 0100 55F82220 		ldr	r2, [r5, r2, lsl #2]
 816 0104 B242     		cmp	r2, r6
 817 0106 EDDA     		bge	.L98
ARM GAS  C:\Temp\ccVpTaJH.s 			page 15


 818 0108 0CF10602 		add	r2, ip, #6
 819 010c 0021     		movs	r1, #0
 820 010e 45F82210 		str	r1, [r5, r2, lsl #2]
 821 0112 E7E7     		b	.L98
 822              	.L96:
 823 0114 BC45     		cmp	ip, r7
 824 0116 01D2     		bcs	.L99
 825 0118 C445     		cmp	ip, r8
 826 011a 0BD8     		bhi	.L100
 827              	.L99:
 828 011c 0CF10602 		add	r2, ip, #6
 829 0120 55F82220 		ldr	r2, [r5, r2, lsl #2]
 830 0124 B242     		cmp	r2, r6
 831 0126 DDDA     		bge	.L98
 832 0128 0CF10602 		add	r2, ip, #6
 833 012c 0021     		movs	r1, #0
 834 012e 45F82210 		str	r1, [r5, r2, lsl #2]
 835 0132 D7E7     		b	.L98
 836              	.L100:
 837 0134 0CF10602 		add	r2, ip, #6
 838 0138 0021     		movs	r1, #0
 839 013a 45F82210 		str	r1, [r5, r2, lsl #2]
 840 013e D1E7     		b	.L98
 841              	.L106:
 842 0140 0020     		movs	r0, #0
 843 0142 18B0     		add	sp, sp, #96
 844              		@ sp needed
 845 0144 BDE8F081 		pop	{r4, r5, r6, r7, r8, pc}
 847              		.section	.text.VL53L1_f_051,"ax",%progbits
 848              		.align	1
 849              		.global	VL53L1_f_051
 850              		.syntax unified
 851              		.thumb
 852              		.thumb_func
 854              	VL53L1_f_051:
 855              		@ args = 0, pretend = 0, frame = 0
 856              		@ frame_needed = 0, uses_anonymous_args = 0
 857 0000 38B5     		push	{r3, r4, r5, lr}
 858 0002 0546     		mov	r5, r0
 859 0004 1446     		mov	r4, r2
 860 0006 081E     		subs	r0, r1, #0
 861 0008 07DD     		ble	.L111
 862              	.L108:
 863 000a FFF7FEFF 		bl	VL53L1_isqrt
 864 000e 2060     		str	r0, [r4]
 865 0010 05FB00F0 		mul	r0, r5, r0
 866 0014 2060     		str	r0, [r4]
 867 0016 0020     		movs	r0, #0
 868 0018 38BD     		pop	{r3, r4, r5, pc}
 869              	.L111:
 870 001a 0120     		movs	r0, #1
 871 001c F5E7     		b	.L108
 873              		.section	.text.VL53L1_f_049,"ax",%progbits
 874              		.align	1
 875              		.global	VL53L1_f_049
 876              		.syntax unified
 877              		.thumb
ARM GAS  C:\Temp\ccVpTaJH.s 			page 16


 878              		.thumb_func
 880              	VL53L1_f_049:
 881              		@ args = 8, pretend = 0, frame = 8
 882              		@ frame_needed = 0, uses_anonymous_args = 0
 883 0000 F0B5     		push	{r4, r5, r6, r7, lr}
 884 0002 83B0     		sub	sp, sp, #12
 885 0004 0446     		mov	r4, r0
 886 0006 0F46     		mov	r7, r1
 887 0008 1646     		mov	r6, r2
 888 000a 1D46     		mov	r5, r3
 889 000c 0023     		movs	r3, #0
 890 000e 0193     		str	r3, [sp, #4]
 891 0010 D0F8A410 		ldr	r1, [r0, #164]
 892 0014 FFF7FEFF 		bl	VL53L1_f_037
 893 0018 01AA     		add	r2, sp, #4
 894 001a D4F8A410 		ldr	r1, [r4, #164]
 895 001e 0620     		movs	r0, #6
 896 0020 FFF7FEFF 		bl	VL53L1_f_051
 897 0024 9DF82030 		ldrb	r3, [sp, #32]	@ zero_extendqisi2
 898 0028 2A46     		mov	r2, r5
 899 002a 0199     		ldr	r1, [sp, #4]
 900 002c 2046     		mov	r0, r4
 901 002e FFF7FEFF 		bl	VL53L1_f_052
 902 0032 08B1     		cbz	r0, .L115
 903              	.L113:
 904 0034 03B0     		add	sp, sp, #12
 905              		@ sp needed
 906 0036 F0BD     		pop	{r4, r5, r6, r7, pc}
 907              	.L115:
 908 0038 099B     		ldr	r3, [sp, #36]
 909 003a 3A46     		mov	r2, r7
 910 003c 3146     		mov	r1, r6
 911 003e 2046     		mov	r0, r4
 912 0040 FFF7FEFF 		bl	VL53L1_f_053
 913 0044 F6E7     		b	.L113
 915              		.section	.text.VL53L1_xtalk_calibration_process_data,"ax",%progbits
 916              		.align	1
 917              		.global	VL53L1_xtalk_calibration_process_data
 918              		.syntax unified
 919              		.thumb
 920              		.thumb_func
 922              	VL53L1_xtalk_calibration_process_data:
 923              		@ args = 0, pretend = 0, frame = 592
 924              		@ frame_needed = 0, uses_anonymous_args = 0
 925 0000 F0B5     		push	{r4, r5, r6, r7, lr}
 926 0002 ADF5177D 		sub	sp, sp, #604
 927 0006 0446     		mov	r4, r0
 928 0008 0E46     		mov	r6, r1
 929 000a 1546     		mov	r5, r2
 930 000c AC22     		movs	r2, #172
 931 000e 00F5B471 		add	r1, r0, #360
 932 0012 03A8     		add	r0, sp, #12
 933 0014 FFF7FEFF 		bl	memcpy
 934 0018 33AA     		add	r2, sp, #204
 935 001a 0021     		movs	r1, #0
 936 001c 0846     		mov	r0, r1
 937 001e FFF7FEFF 		bl	VL53L1_init_histogram_bin_data_struct
ARM GAS  C:\Temp\ccVpTaJH.s 			page 17


 938 0022 5EAA     		add	r2, sp, #376
 939 0024 0021     		movs	r1, #0
 940 0026 0846     		mov	r0, r1
 941 0028 FFF7FEFF 		bl	VL53L1_init_histogram_bin_data_struct
 942 002c AB1D     		adds	r3, r5, #6
 943 002e 2A1D     		adds	r2, r5, #4
 944 0030 2EA9     		add	r1, sp, #184
 945 0032 2046     		mov	r0, r4
 946 0034 FFF7FEFF 		bl	VL53L1_f_047
 947 0038 38B9     		cbnz	r0, .L117
 948 003a 04F19807 		add	r7, r4, #152
 949 003e 94F89830 		ldrb	r3, [r4, #152]	@ zero_extendqisi2
 950 0042 2BB9     		cbnz	r3, .L120
 951 0044 0023     		movs	r3, #0
 952 0046 2B60     		str	r3, [r5]
 953 0048 8993     		str	r3, [sp, #548]
 954              	.L117:
 955 004a 0DF5177D 		add	sp, sp, #604
 956              		@ sp needed
 957 004e F0BD     		pop	{r4, r5, r6, r7, pc}
 958              	.L120:
 959 0050 AC22     		movs	r2, #172
 960 0052 03A9     		add	r1, sp, #12
 961 0054 33A8     		add	r0, sp, #204
 962 0056 FFF7FEFF 		bl	memcpy
 963 005a 2A46     		mov	r2, r5
 964 005c 2EA9     		add	r1, sp, #184
 965 005e 3846     		mov	r0, r7
 966 0060 FFF7FEFF 		bl	VL53L1_f_048
 967 0064 0028     		cmp	r0, #0
 968 0066 F0D1     		bne	.L117
 969 0068 0196     		str	r6, [sp, #4]
 970 006a 94F81532 		ldrb	r3, [r4, #533]	@ zero_extendqisi2
 971 006e 0093     		str	r3, [sp]
 972 0070 94F81432 		ldrb	r3, [r4, #532]	@ zero_extendqisi2
 973 0074 3A46     		mov	r2, r7
 974 0076 2EA9     		add	r1, sp, #184
 975 0078 03A8     		add	r0, sp, #12
 976 007a FFF7FEFF 		bl	VL53L1_f_049
 977 007e E4E7     		b	.L117
 979              		.ident	"GCC: (xPack GNU Arm Embedded GCC x86_64) 12.3.1 20230626"
ARM GAS  C:\Temp\ccVpTaJH.s 			page 18


DEFINED SYMBOLS
                            *ABS*:00000000 vl53l1_xtalk.c
  C:\Temp\ccVpTaJH.s:18     .text.VL53L1_f_050:00000000 $t
  C:\Temp\ccVpTaJH.s:24     .text.VL53L1_f_050:00000000 VL53L1_f_050
  C:\Temp\ccVpTaJH.s:64     .text.VL53L1_generate_dual_reflectance_xtalk_samples:00000000 $t
  C:\Temp\ccVpTaJH.s:70     .text.VL53L1_generate_dual_reflectance_xtalk_samples:00000000 VL53L1_generate_dual_reflectance_xtalk_samples
  C:\Temp\ccVpTaJH.s:126    .text.VL53L1_f_047:00000000 $t
  C:\Temp\ccVpTaJH.s:132    .text.VL53L1_f_047:00000000 VL53L1_f_047
  C:\Temp\ccVpTaJH.s:234    .text.VL53L1_f_047:000000d8 $d
  C:\Temp\ccVpTaJH.s:237    .text.VL53L1_f_048:00000000 $t
  C:\Temp\ccVpTaJH.s:243    .text.VL53L1_f_048:00000000 VL53L1_f_048
  C:\Temp\ccVpTaJH.s:272    .text.VL53L1_f_048:0000002c $d
  C:\Temp\ccVpTaJH.s:277    .text.VL53L1_f_053:00000000 $t
  C:\Temp\ccVpTaJH.s:283    .text.VL53L1_f_053:00000000 VL53L1_f_053
  C:\Temp\ccVpTaJH.s:410    .text.VL53L1_f_040:00000000 $t
  C:\Temp\ccVpTaJH.s:416    .text.VL53L1_f_040:00000000 VL53L1_f_040
  C:\Temp\ccVpTaJH.s:547    .text.VL53L1_f_041:00000000 $t
  C:\Temp\ccVpTaJH.s:553    .text.VL53L1_f_041:00000000 VL53L1_f_041
  C:\Temp\ccVpTaJH.s:611    .text.VL53L1_f_055:00000000 $t
  C:\Temp\ccVpTaJH.s:617    .text.VL53L1_f_055:00000000 VL53L1_f_055
  C:\Temp\ccVpTaJH.s:647    .text.VL53L1_f_054:00000000 $t
  C:\Temp\ccVpTaJH.s:653    .text.VL53L1_f_054:00000000 VL53L1_f_054
  C:\Temp\ccVpTaJH.s:702    .text.VL53L1_f_052:00000000 $t
  C:\Temp\ccVpTaJH.s:708    .text.VL53L1_f_052:00000000 VL53L1_f_052
  C:\Temp\ccVpTaJH.s:848    .text.VL53L1_f_051:00000000 $t
  C:\Temp\ccVpTaJH.s:854    .text.VL53L1_f_051:00000000 VL53L1_f_051
  C:\Temp\ccVpTaJH.s:874    .text.VL53L1_f_049:00000000 $t
  C:\Temp\ccVpTaJH.s:880    .text.VL53L1_f_049:00000000 VL53L1_f_049
  C:\Temp\ccVpTaJH.s:916    .text.VL53L1_xtalk_calibration_process_data:00000000 $t
  C:\Temp\ccVpTaJH.s:922    .text.VL53L1_xtalk_calibration_process_data:00000000 VL53L1_xtalk_calibration_process_data

UNDEFINED SYMBOLS
VL53L1_f_004
VL53L1_f_037
VL53L1_init_histogram_bin_data_struct
__aeabi_uldivmod
memcpy
VL53L1_decode_row_col
VL53L1_hist_remove_ambient_bins
VL53L1_isqrt
