ARM GAS  C:\Temp\ccEfkMnj.s 			page 1


   1              		.cpu cortex-m4
   2              		.arch armv7e-m
   3              		.fpu fpv4-sp-d16
   4              		.eabi_attribute 27, 1
   5              		.eabi_attribute 28, 1
   6              		.eabi_attribute 20, 1
   7              		.eabi_attribute 21, 1
   8              		.eabi_attribute 23, 3
   9              		.eabi_attribute 24, 1
  10              		.eabi_attribute 25, 1
  11              		.eabi_attribute 26, 1
  12              		.eabi_attribute 30, 1
  13              		.eabi_attribute 34, 1
  14              		.eabi_attribute 18, 4
  15              		.file	"vl53l1_hist_algos_gen3.c"
  16              		.text
  17              		.section	.text.VL53L1_f_016,"ax",%progbits
  18              		.align	1
  19              		.global	VL53L1_f_016
  20              		.syntax unified
  21              		.thumb
  22              		.thumb_func
  24              	VL53L1_f_016:
  25              		@ args = 0, pretend = 0, frame = 0
  26              		@ frame_needed = 0, uses_anonymous_args = 0
  27 0000 38B5     		push	{r3, r4, r5, lr}
  28 0002 0446     		mov	r4, r0
  29 0004 1823     		movs	r3, #24
  30 0006 4370     		strb	r3, [r0, #1]
  31 0008 0023     		movs	r3, #0
  32 000a 0370     		strb	r3, [r0]
  33 000c 8370     		strb	r3, [r0, #2]
  34 000e 0371     		strb	r3, [r0, #4]
  35 0010 8360     		str	r3, [r0, #8]
  36 0012 C360     		str	r3, [r0, #12]
  37 0014 10E0     		b	.L2
  38              	.L3:
  39 0016 E118     		adds	r1, r4, r3
  40 0018 0022     		movs	r2, #0
  41 001a 0A74     		strb	r2, [r1, #16]
  42 001c 81F82820 		strb	r2, [r1, #40]
  43 0020 81F84020 		strb	r2, [r1, #64]
  44 0024 03F12E01 		add	r1, r3, #46
  45 0028 44F82120 		str	r2, [r4, r1, lsl #2]
  46 002c 03F14601 		add	r1, r3, #70
  47 0030 44F82120 		str	r2, [r4, r1, lsl #2]
  48 0034 0133     		adds	r3, r3, #1
  49 0036 DBB2     		uxtb	r3, r3
  50              	.L2:
  51 0038 172B     		cmp	r3, #23
  52 003a ECD9     		bls	.L3
  53 003c 0025     		movs	r5, #0
  54 003e 84F87851 		strb	r5, [r4, #376]
  55 0042 0823     		movs	r3, #8
  56 0044 84F87931 		strb	r3, [r4, #377]
  57 0048 84F87A51 		strb	r5, [r4, #378]
  58 004c 04F52772 		add	r2, r4, #668
ARM GAS  C:\Temp\ccEfkMnj.s 			page 2


  59 0050 1821     		movs	r1, #24
  60 0052 2846     		mov	r0, r5
  61 0054 FFF7FEFF 		bl	VL53L1_init_histogram_bin_data_struct
  62 0058 04F55272 		add	r2, r4, #840
  63 005c 1821     		movs	r1, #24
  64 005e 2846     		mov	r0, r5
  65 0060 FFF7FEFF 		bl	VL53L1_init_histogram_bin_data_struct
  66 0064 04F57D72 		add	r2, r4, #1012
  67 0068 1821     		movs	r1, #24
  68 006a 2846     		mov	r0, r5
  69 006c FFF7FEFF 		bl	VL53L1_init_histogram_bin_data_struct
  70 0070 04F59462 		add	r2, r4, #1184
  71 0074 1821     		movs	r1, #24
  72 0076 2846     		mov	r0, r5
  73 0078 FFF7FEFF 		bl	VL53L1_init_histogram_bin_data_struct
  74 007c 04F24C52 		addw	r2, r4, #1356
  75 0080 1821     		movs	r1, #24
  76 0082 2846     		mov	r0, r5
  77 0084 FFF7FEFF 		bl	VL53L1_init_histogram_bin_data_struct
  78 0088 38BD     		pop	{r3, r4, r5, pc}
  80              		.section	.text.VL53L1_f_018,"ax",%progbits
  81              		.align	1
  82              		.global	VL53L1_f_018
  83              		.syntax unified
  84              		.thumb
  85              		.thumb_func
  87              	VL53L1_f_018:
  88              		@ args = 12, pretend = 0, frame = 8
  89              		@ frame_needed = 0, uses_anonymous_args = 0
  90 0000 2DE9F04F 		push	{r4, r5, r6, r7, r8, r9, r10, fp, lr}
  91 0004 83B0     		sub	sp, sp, #12
  92 0006 0446     		mov	r4, r0
  93 0008 8A46     		mov	r10, r1
  94 000a 9146     		mov	r9, r2
  95 000c 0193     		str	r3, [sp, #4]
  96 000e 0C9D     		ldr	r5, [sp, #48]
  97 0010 DDF834B0 		ldr	fp, [sp, #52]
  98 0014 0E9E     		ldr	r6, [sp, #56]
  99 0016 6B7A     		ldrb	r3, [r5, #9]	@ zero_extendqisi2
 100 0018 7370     		strb	r3, [r6, #1]
 101 001a 2B7A     		ldrb	r3, [r5, #8]	@ zero_extendqisi2
 102 001c 3370     		strb	r3, [r6]
 103 001e AB7A     		ldrb	r3, [r5, #10]	@ zero_extendqisi2
 104 0020 B370     		strb	r3, [r6, #2]
 105 0022 D5F8A430 		ldr	r3, [r5, #164]
 106 0026 B360     		str	r3, [r6, #8]
 107 0028 95F88400 		ldrb	r0, [r5, #132]	@ zero_extendqisi2
 108 002c FFF7FEFF 		bl	VL53L1_decode_vcsel_period
 109 0030 F070     		strb	r0, [r6, #3]
 110 0032 D5F8A430 		ldr	r3, [r5, #164]
 111 0036 D917     		asrs	r1, r3, #31
 112 0038 A4FB0332 		umull	r3, r2, r4, r3
 113 003c 04FB0122 		mla	r2, r4, r1, r2
 114 0040 13F50063 		adds	r3, r3, #2048
 115 0044 42F10002 		adc	r2, r2, #0
 116 0048 1146     		mov	r1, r2
 117 004a 002A     		cmp	r2, #0
ARM GAS  C:\Temp\ccEfkMnj.s 			page 3


 118 004c 04DB     		blt	.L20
 119              	.L6:
 120 004e 1B0B     		lsrs	r3, r3, #12
 121 0050 43EA0158 		orr	r8, r3, r1, lsl #20
 122 0054 0024     		movs	r4, #0
 123 0056 1DE0     		b	.L7
 124              	.L20:
 125 0058 40F6FF71 		movw	r1, #4095
 126 005c 5B18     		adds	r3, r3, r1
 127 005e 42F10001 		adc	r1, r2, #0
 128 0062 F4E7     		b	.L6
 129              	.L9:
 130 0064 07FB08F0 		mul	r0, r7, r8
 131              	.L10:
 132 0068 FFF7FEFF 		bl	VL53L1_isqrt
 133 006c 00EB5703 		add	r3, r0, r7, lsr #1
 134 0070 93FBF7F3 		sdiv	r3, r3, r7
 135 0074 0AFB03F3 		mul	r3, r10, r3
 136 0078 0833     		adds	r3, r3, #8
 137 007a 21D4     		bmi	.L21
 138              	.L11:
 139 007c 08EB2313 		add	r3, r8, r3, asr #4
 140 0080 4B45     		cmp	r3, r9
 141 0082 00DA     		bge	.L12
 142 0084 4B46     		mov	r3, r9
 143              	.L12:
 144 0086 04F11602 		add	r2, r4, #22
 145 008a 46F82230 		str	r3, [r6, r2, lsl #2]
 146 008e F360     		str	r3, [r6, #12]
 147              	.L8:
 148 0090 0134     		adds	r4, r4, #1
 149 0092 E4B2     		uxtb	r4, r4
 150              	.L7:
 151 0094 AB7A     		ldrb	r3, [r5, #10]	@ zero_extendqisi2
 152 0096 A342     		cmp	r3, r4
 153 0098 14D9     		bls	.L22
 154 009a 05EB9403 		add	r3, r5, r4, lsr #2
 155 009e 9F7C     		ldrb	r7, [r3, #18]	@ zero_extendqisi2
 156 00a0 002F     		cmp	r7, #0
 157 00a2 F5D0     		beq	.L8
 158 00a4 9BF80A30 		ldrb	r3, [fp, #10]	@ zero_extendqisi2
 159 00a8 A342     		cmp	r3, r4
 160 00aa DBD9     		bls	.L9
 161 00ac 019B     		ldr	r3, [sp, #4]
 162 00ae 002B     		cmp	r3, #0
 163 00b0 D8D0     		beq	.L9
 164 00b2 A31D     		adds	r3, r4, #6
 165 00b4 5BF82300 		ldr	r0, [fp, r3, lsl #2]
 166 00b8 4044     		add	r0, r0, r8
 167 00ba 07FB00F0 		mul	r0, r7, r0
 168 00be D3E7     		b	.L10
 169              	.L21:
 170 00c0 0F33     		adds	r3, r3, #15
 171 00c2 DBE7     		b	.L11
 172              	.L22:
 173 00c4 0023     		movs	r3, #0
 174 00c6 3371     		strb	r3, [r6, #4]
ARM GAS  C:\Temp\ccEfkMnj.s 			page 4


 175 00c8 2B7A     		ldrb	r3, [r5, #8]	@ zero_extendqisi2
 176 00ca 06E0     		b	.L14
 177              	.L15:
 178 00cc F218     		adds	r2, r6, r3
 179 00ce 0021     		movs	r1, #0
 180 00d0 1174     		strb	r1, [r2, #16]
 181 00d2 82F82810 		strb	r1, [r2, #40]
 182              	.L16:
 183 00d6 0133     		adds	r3, r3, #1
 184 00d8 DBB2     		uxtb	r3, r3
 185              	.L14:
 186 00da AA7A     		ldrb	r2, [r5, #10]	@ zero_extendqisi2
 187 00dc 9A42     		cmp	r2, r3
 188 00de 11D9     		bls	.L23
 189 00e0 9A1D     		adds	r2, r3, #6
 190 00e2 55F82210 		ldr	r1, [r5, r2, lsl #2]
 191 00e6 03F11602 		add	r2, r3, #22
 192 00ea 56F82220 		ldr	r2, [r6, r2, lsl #2]
 193 00ee 9142     		cmp	r1, r2
 194 00f0 ECDD     		ble	.L15
 195 00f2 F218     		adds	r2, r6, r3
 196 00f4 0121     		movs	r1, #1
 197 00f6 1174     		strb	r1, [r2, #16]
 198 00f8 82F82810 		strb	r1, [r2, #40]
 199 00fc 3279     		ldrb	r2, [r6, #4]	@ zero_extendqisi2
 200 00fe 0A44     		add	r2, r2, r1
 201 0100 3271     		strb	r2, [r6, #4]
 202 0102 E8E7     		b	.L16
 203              	.L23:
 204 0104 0020     		movs	r0, #0
 205 0106 03B0     		add	sp, sp, #12
 206              		@ sp needed
 207 0108 BDE8F08F 		pop	{r4, r5, r6, r7, r8, r9, r10, fp, pc}
 209              		.section	.text.VL53L1_f_019,"ax",%progbits
 210              		.align	1
 211              		.global	VL53L1_f_019
 212              		.syntax unified
 213              		.thumb
 214              		.thumb_func
 216              	VL53L1_f_019:
 217              		@ args = 0, pretend = 0, frame = 0
 218              		@ frame_needed = 0, uses_anonymous_args = 0
 219 0000 10B5     		push	{r4, lr}
 220 0002 0023     		movs	r3, #0
 221 0004 80F87831 		strb	r3, [r0, #376]
 222 0008 1C46     		mov	r4, r3
 223 000a 01E0     		b	.L25
 224              	.L26:
 225 000c 0133     		adds	r3, r3, #1
 226 000e DBB2     		uxtb	r3, r3
 227              	.L25:
 228 0010 C178     		ldrb	r1, [r0, #3]	@ zero_extendqisi2
 229 0012 9942     		cmp	r1, r3
 230 0014 1DD9     		bls	.L29
 231 0016 9E46     		mov	lr, r3
 232 0018 5A1C     		adds	r2, r3, #1
 233 001a 92FBF1FC 		sdiv	ip, r2, r1
ARM GAS  C:\Temp\ccEfkMnj.s 			page 5


 234 001e 01FB1C22 		mls	r2, r1, ip, r2
 235 0022 5FFA82FC 		uxtb	ip, r2
 236 0026 8178     		ldrb	r1, [r0, #2]	@ zero_extendqisi2
 237 0028 9942     		cmp	r1, r3
 238 002a EFD9     		bls	.L26
 239 002c 6145     		cmp	r1, ip
 240 002e EDD9     		bls	.L26
 241 0030 8644     		add	lr, lr, r0
 242 0032 9EF82810 		ldrb	r1, [lr, #40]	@ zero_extendqisi2
 243 0036 0029     		cmp	r1, #0
 244 0038 E8D1     		bne	.L26
 245 003a 50FA82F2 		uxtab	r2, r0, r2
 246 003e 92F82820 		ldrb	r2, [r2, #40]	@ zero_extendqisi2
 247 0042 012A     		cmp	r2, #1
 248 0044 E2D1     		bne	.L26
 249 0046 002C     		cmp	r4, #0
 250 0048 E0D1     		bne	.L26
 251 004a 80F87831 		strb	r3, [r0, #376]
 252 004e 1446     		mov	r4, r2
 253 0050 DCE7     		b	.L26
 254              	.L29:
 255 0052 0020     		movs	r0, #0
 256 0054 10BD     		pop	{r4, pc}
 258              		.section	.text.VL53L1_f_020,"ax",%progbits
 259              		.align	1
 260              		.global	VL53L1_f_020
 261              		.syntax unified
 262              		.thumb
 263              		.thumb_func
 265              	VL53L1_f_020:
 266              		@ args = 0, pretend = 0, frame = 0
 267              		@ frame_needed = 0, uses_anonymous_args = 0
 268 0000 10B5     		push	{r4, lr}
 269 0002 90F878E1 		ldrb	lr, [r0, #376]	@ zero_extendqisi2
 270 0006 7346     		mov	r3, lr
 271 0008 0FE0     		b	.L31
 272              	.L33:
 273 000a 90F87AC1 		ldrb	ip, [r0, #378]	@ zero_extendqisi2
 274 000e 90F87941 		ldrb	r4, [r0, #377]	@ zero_extendqisi2
 275 0012 A445     		cmp	ip, r4
 276 0014 01D9     		bls	.L34
 277 0016 80F87A41 		strb	r4, [r0, #378]
 278              	.L34:
 279 001a 71B3     		cbz	r1, .L35
 280 001c 90F87A11 		ldrb	r1, [r0, #378]	@ zero_extendqisi2
 281 0020 0244     		add	r2, r2, r0
 282 0022 82F84010 		strb	r1, [r2, #64]
 283              	.L32:
 284 0026 0133     		adds	r3, r3, #1
 285 0028 DBB2     		uxtb	r3, r3
 286              	.L31:
 287 002a C178     		ldrb	r1, [r0, #3]	@ zero_extendqisi2
 288 002c 0EEB0102 		add	r2, lr, r1
 289 0030 9342     		cmp	r3, r2
 290 0032 27DA     		bge	.L38
 291 0034 B3FBF1F2 		udiv	r2, r3, r1
 292 0038 01FB1232 		mls	r2, r1, r2, r3
ARM GAS  C:\Temp\ccEfkMnj.s 			page 6


 293 003c D2B2     		uxtb	r2, r2
 294 003e 03F1010C 		add	ip, r3, #1
 295 0042 9CFBF1F4 		sdiv	r4, ip, r1
 296 0046 01FB14CC 		mls	ip, r1, r4, ip
 297 004a 5FFA8CF4 		uxtb	r4, ip
 298 004e 8178     		ldrb	r1, [r0, #2]	@ zero_extendqisi2
 299 0050 9142     		cmp	r1, r2
 300 0052 E8D9     		bls	.L32
 301 0054 A142     		cmp	r1, r4
 302 0056 E6D9     		bls	.L32
 303 0058 8118     		adds	r1, r0, r2
 304 005a 91F82810 		ldrb	r1, [r1, #40]	@ zero_extendqisi2
 305 005e 0029     		cmp	r1, #0
 306 0060 D3D1     		bne	.L33
 307 0062 50FA8CFC 		uxtab	ip, r0, ip
 308 0066 9CF82840 		ldrb	r4, [ip, #40]	@ zero_extendqisi2
 309 006a 012C     		cmp	r4, #1
 310 006c CDD1     		bne	.L33
 311 006e 90F87A41 		ldrb	r4, [r0, #378]	@ zero_extendqisi2
 312 0072 0134     		adds	r4, r4, #1
 313 0074 80F87A41 		strb	r4, [r0, #378]
 314 0078 C7E7     		b	.L33
 315              	.L35:
 316 007a 0244     		add	r2, r2, r0
 317 007c 0021     		movs	r1, #0
 318 007e 82F84010 		strb	r1, [r2, #64]
 319 0082 D0E7     		b	.L32
 320              	.L38:
 321 0084 0020     		movs	r0, #0
 322 0086 10BD     		pop	{r4, pc}
 324              		.section	.text.VL53L1_f_021,"ax",%progbits
 325              		.align	1
 326              		.global	VL53L1_f_021
 327              		.syntax unified
 328              		.thumb
 329              		.thumb_func
 331              	VL53L1_f_021:
 332              		@ args = 0, pretend = 0, frame = 0
 333              		@ frame_needed = 0, uses_anonymous_args = 0
 334 0000 F0B5     		push	{r4, r5, r6, r7, lr}
 335 0002 90F803E0 		ldrb	lr, [r0, #3]	@ zero_extendqisi2
 336 0006 0EF1FF35 		add	r5, lr, #-1
 337 000a C5F34605 		ubfx	r5, r5, #1, #7
 338 000e 90F87841 		ldrb	r4, [r0, #376]	@ zero_extendqisi2
 339 0012 2346     		mov	r3, r4
 340 0014 01E0     		b	.L40
 341              	.L41:
 342 0016 0133     		adds	r3, r3, #1
 343 0018 DBB2     		uxtb	r3, r3
 344              	.L40:
 345 001a 04EB0E02 		add	r2, r4, lr
 346 001e 9342     		cmp	r3, r2
 347 0020 5CDA     		bge	.L45
 348 0022 B3FBFEF2 		udiv	r2, r3, lr
 349 0026 0EFB1232 		mls	r2, lr, r2, r3
 350 002a D2B2     		uxtb	r2, r2
 351 002c 591C     		adds	r1, r3, #1
ARM GAS  C:\Temp\ccEfkMnj.s 			page 7


 352 002e 91FBFEFC 		sdiv	ip, r1, lr
 353 0032 0EFB1C11 		mls	r1, lr, ip, r1
 354 0036 CEB2     		uxtb	r6, r1
 355 0038 90F802C0 		ldrb	ip, [r0, #2]	@ zero_extendqisi2
 356 003c 9445     		cmp	ip, r2
 357 003e EAD9     		bls	.L41
 358 0040 B445     		cmp	ip, r6
 359 0042 E8D9     		bls	.L41
 360 0044 0244     		add	r2, r2, r0
 361 0046 92F84020 		ldrb	r2, [r2, #64]	@ zero_extendqisi2
 362 004a DAB9     		cbnz	r2, .L42
 363 004c 50FA81F6 		uxtab	r6, r0, r1
 364 0050 96F84060 		ldrb	r6, [r6, #64]	@ zero_extendqisi2
 365 0054 B6B1     		cbz	r6, .L42
 366 0056 013E     		subs	r6, r6, #1
 367 0058 F6B2     		uxtb	r6, r6
 368 005a 90F879C1 		ldrb	ip, [r0, #377]	@ zero_extendqisi2
 369 005e B445     		cmp	ip, r6
 370 0060 10D9     		bls	.L42
 371 0062 06EBC60C 		add	ip, r6, r6, lsl #3
 372 0066 00EB8C0C 		add	ip, r0, ip, lsl #2
 373 006a 8CF87C31 		strb	r3, [ip, #380]
 374 006e 5F1C     		adds	r7, r3, #1
 375 0070 8CF87D71 		strb	r7, [ip, #381]
 376 0074 FF27     		movs	r7, #255
 377 0076 8CF87E71 		strb	r7, [ip, #382]
 378 007a 0027     		movs	r7, #0
 379 007c 8CF87F71 		strb	r7, [ip, #383]
 380 0080 8CF88071 		strb	r7, [ip, #384]
 381              	.L42:
 382 0084 002A     		cmp	r2, #0
 383 0086 C6D0     		beq	.L41
 384 0088 50FA81F1 		uxtab	r1, r0, r1
 385 008c 91F84010 		ldrb	r1, [r1, #64]	@ zero_extendqisi2
 386 0090 0029     		cmp	r1, #0
 387 0092 C0D1     		bne	.L41
 388 0094 013A     		subs	r2, r2, #1
 389 0096 D2B2     		uxtb	r2, r2
 390 0098 90F87911 		ldrb	r1, [r0, #377]	@ zero_extendqisi2
 391 009c 9142     		cmp	r1, r2
 392 009e BAD9     		bls	.L41
 393 00a0 02EBC206 		add	r6, r2, r2, lsl #3
 394 00a4 00EB8606 		add	r6, r0, r6, lsl #2
 395 00a8 86F87F31 		strb	r3, [r6, #383]
 396 00ac 591C     		adds	r1, r3, #1
 397 00ae C9B2     		uxtb	r1, r1
 398 00b0 86F88011 		strb	r1, [r6, #384]
 399 00b4 96F87DC1 		ldrb	ip, [r6, #381]	@ zero_extendqisi2
 400 00b8 A3EB0C0C 		sub	ip, r3, ip
 401 00bc 0CF1010C 		add	ip, ip, #1
 402 00c0 86F881C1 		strb	ip, [r6, #385]
 403 00c4 96F87C71 		ldrb	r7, [r6, #380]	@ zero_extendqisi2
 404 00c8 C91B     		subs	r1, r1, r7
 405 00ca 0131     		adds	r1, r1, #1
 406 00cc C9B2     		uxtb	r1, r1
 407 00ce 86F88211 		strb	r1, [r6, #386]
 408 00d2 A942     		cmp	r1, r5
ARM GAS  C:\Temp\ccEfkMnj.s 			page 8


 409 00d4 9FD9     		bls	.L41
 410 00d6 86F88251 		strb	r5, [r6, #386]
 411 00da 9CE7     		b	.L41
 412              	.L45:
 413 00dc 0020     		movs	r0, #0
 414 00de F0BD     		pop	{r4, r5, r6, r7, pc}
 416              		.section	.text.VL53L1_f_028,"ax",%progbits
 417              		.align	1
 418              		.global	VL53L1_f_028
 419              		.syntax unified
 420              		.thumb
 421              		.thumb_func
 423              	VL53L1_f_028:
 424              		@ args = 0, pretend = 0, frame = 40
 425              		@ frame_needed = 0, uses_anonymous_args = 0
 426 0000 91F87A31 		ldrb	r3, [r1, #378]	@ zero_extendqisi2
 427 0004 012B     		cmp	r3, #1
 428 0006 40F2D480 		bls	.L61
 429 000a 2DE9F04F 		push	{r4, r5, r6, r7, r8, r9, r10, fp, lr}
 430 000e 8BB0     		sub	sp, sp, #44
 431 0010 0546     		mov	r5, r0
 432 0012 0C46     		mov	r4, r1
 433 0014 0126     		movs	r6, #1
 434 0016 C4E0     		b	.L48
 435              	.L65:
 436 0018 02EBC202 		add	r2, r2, r2, lsl #3
 437 001c 04EB8202 		add	r2, r4, r2, lsl #2
 438 0020 D2F88C21 		ldr	r2, [r2, #396]
 439 0024 0EEBCE03 		add	r3, lr, lr, lsl #3
 440 0028 04EB8303 		add	r3, r4, r3, lsl #2
 441 002c D3F88C31 		ldr	r3, [r3, #396]
 442 0030 9A42     		cmp	r2, r3
 443 0032 80F28480 		bge	.L50
 444 0036 B846     		mov	r8, r7
 445 0038 0DF1040A 		add	r10, sp, #4
 446 003c 07F1200B 		add	fp, r7, #32
 447              	.L51:
 448 0040 D146     		mov	r9, r10
 449 0042 D8F80000 		ldr	r0, [r8]	@ unaligned
 450 0046 D8F80410 		ldr	r1, [r8, #4]	@ unaligned
 451 004a D8F80820 		ldr	r2, [r8, #8]	@ unaligned
 452 004e D8F80C30 		ldr	r3, [r8, #12]	@ unaligned
 453 0052 A9E80F00 		stmia	r9!, {r0, r1, r2, r3}
 454 0056 08F11008 		add	r8, r8, #16
 455 005a CA46     		mov	r10, r9
 456 005c D845     		cmp	r8, fp
 457 005e EFD1     		bne	.L51
 458 0060 D8F80000 		ldr	r0, [r8]	@ unaligned
 459 0064 C9F80000 		str	r0, [r9]
 460 0068 6246     		mov	r2, ip
 461 006a 3B46     		mov	r3, r7
 462 006c 0CF12009 		add	r9, ip, #32
 463              	.L52:
 464 0070 D2F80080 		ldr	r8, [r2]	@ unaligned
 465 0074 5768     		ldr	r7, [r2, #4]	@ unaligned
 466 0076 9068     		ldr	r0, [r2, #8]	@ unaligned
 467 0078 D168     		ldr	r1, [r2, #12]	@ unaligned
ARM GAS  C:\Temp\ccEfkMnj.s 			page 9


 468 007a C3F80080 		str	r8, [r3]	@ unaligned
 469 007e 5F60     		str	r7, [r3, #4]	@ unaligned
 470 0080 9860     		str	r0, [r3, #8]	@ unaligned
 471 0082 D960     		str	r1, [r3, #12]	@ unaligned
 472 0084 1032     		adds	r2, r2, #16
 473 0086 1033     		adds	r3, r3, #16
 474 0088 4A45     		cmp	r2, r9
 475 008a F1D1     		bne	.L52
 476 008c 1268     		ldr	r2, [r2]	@ unaligned
 477 008e 1A60     		str	r2, [r3]	@ unaligned
 478 0090 0DF10408 		add	r8, sp, #4
 479 0094 0DF12409 		add	r9, sp, #36
 480              	.L53:
 481 0098 4746     		mov	r7, r8
 482 009a 0FCF     		ldmia	r7!, {r0, r1, r2, r3}
 483 009c CCF80000 		str	r0, [ip]	@ unaligned
 484 00a0 CCF80410 		str	r1, [ip, #4]	@ unaligned
 485 00a4 CCF80820 		str	r2, [ip, #8]	@ unaligned
 486 00a8 CCF80C30 		str	r3, [ip, #12]	@ unaligned
 487 00ac B846     		mov	r8, r7
 488 00ae 0CF1100C 		add	ip, ip, #16
 489 00b2 4F45     		cmp	r7, r9
 490 00b4 F0D1     		bne	.L53
 491 00b6 3868     		ldr	r0, [r7]
 492 00b8 CCF80000 		str	r0, [ip]	@ unaligned
 493 00bc 3146     		mov	r1, r6
 494 00be 3EE0     		b	.L50
 495              	.L54:
 496 00c0 D146     		mov	r9, r10
 497 00c2 D8F80000 		ldr	r0, [r8]	@ unaligned
 498 00c6 D8F80410 		ldr	r1, [r8, #4]	@ unaligned
 499 00ca D8F80820 		ldr	r2, [r8, #8]	@ unaligned
 500 00ce D8F80C30 		ldr	r3, [r8, #12]	@ unaligned
 501 00d2 A9E80F00 		stmia	r9!, {r0, r1, r2, r3}
 502 00d6 08F11008 		add	r8, r8, #16
 503 00da CA46     		mov	r10, r9
 504 00dc D845     		cmp	r8, fp
 505 00de EFD1     		bne	.L54
 506 00e0 D8F80000 		ldr	r0, [r8]	@ unaligned
 507 00e4 C9F80000 		str	r0, [r9]
 508 00e8 6246     		mov	r2, ip
 509 00ea 3B46     		mov	r3, r7
 510 00ec 0CF12009 		add	r9, ip, #32
 511              	.L55:
 512 00f0 D2F80080 		ldr	r8, [r2]	@ unaligned
 513 00f4 5768     		ldr	r7, [r2, #4]	@ unaligned
 514 00f6 9068     		ldr	r0, [r2, #8]	@ unaligned
 515 00f8 D168     		ldr	r1, [r2, #12]	@ unaligned
 516 00fa C3F80080 		str	r8, [r3]	@ unaligned
 517 00fe 5F60     		str	r7, [r3, #4]	@ unaligned
 518 0100 9860     		str	r0, [r3, #8]	@ unaligned
 519 0102 D960     		str	r1, [r3, #12]	@ unaligned
 520 0104 1032     		adds	r2, r2, #16
 521 0106 1033     		adds	r3, r3, #16
 522 0108 4A45     		cmp	r2, r9
 523 010a F1D1     		bne	.L55
 524 010c 1268     		ldr	r2, [r2]	@ unaligned
ARM GAS  C:\Temp\ccEfkMnj.s 			page 10


 525 010e 1A60     		str	r2, [r3]	@ unaligned
 526 0110 0DF10408 		add	r8, sp, #4
 527 0114 0DF12409 		add	r9, sp, #36
 528              	.L56:
 529 0118 4746     		mov	r7, r8
 530 011a 0FCF     		ldmia	r7!, {r0, r1, r2, r3}
 531 011c CCF80000 		str	r0, [ip]	@ unaligned
 532 0120 CCF80410 		str	r1, [ip, #4]	@ unaligned
 533 0124 CCF80820 		str	r2, [ip, #8]	@ unaligned
 534 0128 CCF80C30 		str	r3, [ip, #12]	@ unaligned
 535 012c B846     		mov	r8, r7
 536 012e 0CF1100C 		add	ip, ip, #16
 537 0132 4F45     		cmp	r7, r9
 538 0134 F0D1     		bne	.L56
 539 0136 3868     		ldr	r0, [r7]
 540 0138 CCF80000 		str	r0, [ip]	@ unaligned
 541 013c 3146     		mov	r1, r6
 542              	.L50:
 543 013e 0EF1010E 		add	lr, lr, #1
 544 0142 5FFA8EFE 		uxtb	lr, lr
 545              	.L58:
 546 0146 94F87A31 		ldrb	r3, [r4, #378]	@ zero_extendqisi2
 547 014a 7345     		cmp	r3, lr
 548 014c 28D9     		bls	.L64
 549 014e 0EF1FF32 		add	r2, lr, #-1
 550 0152 02EBC20C 		add	ip, r2, r2, lsl #3
 551 0156 4FEA8C0C 		lsl	ip, ip, #2
 552 015a 0CF5BC7C 		add	ip, ip, #376
 553 015e A444     		add	ip, ip, r4
 554 0160 0CF1040C 		add	ip, ip, #4
 555 0164 0EEBCE03 		add	r3, lr, lr, lsl #3
 556 0168 9B00     		lsls	r3, r3, #2
 557 016a 03F5BC73 		add	r3, r3, #376
 558 016e 2344     		add	r3, r3, r4
 559 0170 1F1D     		adds	r7, r3, #4
 560 0172 022D     		cmp	r5, #2
 561 0174 3FF450AF 		beq	.L65
 562 0178 02EBC202 		add	r2, r2, r2, lsl #3
 563 017c 04EB8202 		add	r2, r4, r2, lsl #2
 564 0180 D2F89421 		ldr	r2, [r2, #404]
 565 0184 0EEBCE03 		add	r3, lr, lr, lsl #3
 566 0188 04EB8303 		add	r3, r4, r3, lsl #2
 567 018c D3F89431 		ldr	r3, [r3, #404]
 568 0190 9A42     		cmp	r2, r3
 569 0192 D4D9     		bls	.L50
 570 0194 B846     		mov	r8, r7
 571 0196 0DF1040A 		add	r10, sp, #4
 572 019a 07F1200B 		add	fp, r7, #32
 573 019e 8FE7     		b	.L54
 574              	.L64:
 575 01a0 0E46     		mov	r6, r1
 576              	.L48:
 577 01a2 16B1     		cbz	r6, .L66
 578 01a4 B646     		mov	lr, r6
 579 01a6 0021     		movs	r1, #0
 580 01a8 CDE7     		b	.L58
 581              	.L66:
ARM GAS  C:\Temp\ccEfkMnj.s 			page 11


 582              	.L47:
 583 01aa 0020     		movs	r0, #0
 584 01ac 0BB0     		add	sp, sp, #44
 585              		@ sp needed
 586 01ae BDE8F08F 		pop	{r4, r5, r6, r7, r8, r9, r10, fp, pc}
 587              	.L61:
 588 01b2 0020     		movs	r0, #0
 589 01b4 7047     		bx	lr
 591              		.section	.text.VL53L1_f_022,"ax",%progbits
 592              		.align	1
 593              		.global	VL53L1_f_022
 594              		.syntax unified
 595              		.thumb
 596              		.thumb_func
 598              	VL53L1_f_022:
 599              		@ args = 0, pretend = 0, frame = 0
 600              		@ frame_needed = 0, uses_anonymous_args = 0
 601 0000 10B5     		push	{r4, lr}
 602 0002 00EBC003 		add	r3, r0, r0, lsl #3
 603 0006 02EB8303 		add	r3, r2, r3, lsl #2
 604 000a 0024     		movs	r4, #0
 605 000c C3F88841 		str	r4, [r3, #392]
 606 0010 C3F88441 		str	r4, [r3, #388]
 607 0014 93F87CC1 		ldrb	ip, [r3, #380]	@ zero_extendqisi2
 608 0018 1CE0     		b	.L68
 609              	.L69:
 610 001a 92F803E0 		ldrb	lr, [r2, #3]	@ zero_extendqisi2
 611 001e BCFBFEF3 		udiv	r3, ip, lr
 612 0022 0EFB13C3 		mls	r3, lr, r3, ip
 613 0026 DBB2     		uxtb	r3, r3
 614 0028 00EBC00E 		add	lr, r0, r0, lsl #3
 615 002c 02EB8E0E 		add	lr, r2, lr, lsl #2
 616 0030 0633     		adds	r3, r3, #6
 617 0032 51F82330 		ldr	r3, [r1, r3, lsl #2]
 618 0036 DEF88841 		ldr	r4, [lr, #392]
 619 003a 2344     		add	r3, r3, r4
 620 003c CEF88831 		str	r3, [lr, #392]
 621 0040 DEF88431 		ldr	r3, [lr, #388]
 622 0044 9468     		ldr	r4, [r2, #8]
 623 0046 2344     		add	r3, r3, r4
 624 0048 CEF88431 		str	r3, [lr, #388]
 625 004c 0CF1010C 		add	ip, ip, #1
 626 0050 5FFA8CFC 		uxtb	ip, ip
 627              	.L68:
 628 0054 00EBC003 		add	r3, r0, r0, lsl #3
 629 0058 02EB8303 		add	r3, r2, r3, lsl #2
 630 005c 93F88031 		ldrb	r3, [r3, #384]	@ zero_extendqisi2
 631 0060 6345     		cmp	r3, ip
 632 0062 DAD2     		bcs	.L69
 633 0064 00EBC003 		add	r3, r0, r0, lsl #3
 634 0068 02EB8303 		add	r3, r2, r3, lsl #2
 635 006c D3F88811 		ldr	r1, [r3, #392]
 636 0070 D3F88431 		ldr	r3, [r3, #388]
 637 0074 CB1A     		subs	r3, r1, r3
 638 0076 00EBC000 		add	r0, r0, r0, lsl #3
 639 007a 02EB8002 		add	r2, r2, r0, lsl #2
 640 007e C2F88C31 		str	r3, [r2, #396]
ARM GAS  C:\Temp\ccEfkMnj.s 			page 12


 641 0082 0020     		movs	r0, #0
 642 0084 10BD     		pop	{r4, pc}
 644              		.global	__aeabi_ldivmod
 645              		.section	.text.VL53L1_f_030,"ax",%progbits
 646              		.align	1
 647              		.global	VL53L1_f_030
 648              		.syntax unified
 649              		.thumb
 650              		.thumb_func
 652              	VL53L1_f_030:
 653              		@ args = 8, pretend = 0, frame = 0
 654              		@ frame_needed = 0, uses_anonymous_args = 0
 655 0000 2DE9F84F 		push	{r3, r4, r5, r6, r7, r8, r9, r10, fp, lr}
 656 0004 1C46     		mov	r4, r3
 657 0006 0A9F     		ldr	r7, [sp, #40]
 658 0008 DDF82C80 		ldr	r8, [sp, #44]
 659 000c 4FF6FF73 		movw	r3, #65535
 660 0010 C8F80030 		str	r3, [r8]
 661 0014 002A     		cmp	r2, #0
 662 0016 49D1     		bne	.L80
 663              	.L73:
 664 0018 0020     		movs	r0, #0
 665 001a BDE8F88F 		pop	{r3, r4, r5, r6, r7, r8, r9, r10, fp, pc}
 666              	.L85:
 667 001e 05EB000C 		add	ip, r5, r0
 668 0022 0FFA8CFC 		sxth	ip, ip
 669 0026 27E0     		b	.L75
 670              	.L77:
 671 0028 19EB0202 		adds	r2, r9, r2
 672 002c 4AEB0303 		adc	r3, r10, r3
 673 0030 4FEAE07B 		asr	fp, r0, #31
 674 0034 4FEACB2B 		lsl	fp, fp, #11
 675 0038 4BEA505B 		orr	fp, fp, r0, lsr #21
 676 003c 4FEAC02C 		lsl	ip, r0, #11
 677 0040 1CF5806C 		adds	ip, ip, #1024
 678 0044 4BF1000B 		adc	fp, fp, #0
 679 0048 0CFB0AFA 		mul	r10, ip, r10
 680 004c 09FB0BAA 		mla	r10, r9, fp, r10
 681 0050 ACFB09C9 		umull	ip, r9, ip, r9
 682 0054 CA44     		add	r10, r10, r9
 683 0056 1CEB0E0C 		adds	ip, ip, lr
 684 005a E646     		mov	lr, ip
 685 005c 4AEB0606 		adc	r6, r10, r6
 686              	.L76:
 687 0060 0130     		adds	r0, r0, #1
 688 0062 00B2     		sxth	r0, r0
 689              	.L72:
 690 0064 8842     		cmp	r0, r1
 691 0066 28DC     		bgt	.L84
 692 0068 0028     		cmp	r0, #0
 693 006a D8DB     		blt	.L85
 694 006c 90FBF5FC 		sdiv	ip, r0, r5
 695 0070 05FB1C0C 		mls	ip, r5, ip, r0
 696 0074 0FFA8CFC 		sxth	ip, ip
 697              	.L75:
 698 0078 1FFA8CF9 		uxth	r9, ip
 699 007c B9F1170F 		cmp	r9, #23
ARM GAS  C:\Temp\ccEfkMnj.s 			page 13


 700 0080 EED8     		bhi	.L76
 701 0082 0CF1060C 		add	ip, ip, #6
 702 0086 57F82C90 		ldr	r9, [r7, ip, lsl #2]
 703 008a 4FEAE97A 		asr	r10, r9, #31
 704 008e D7F8A4C0 		ldr	ip, [r7, #164]
 705 0092 B9EB0C09 		subs	r9, r9, ip
 706 0096 6AEBEC7A 		sbc	r10, r10, ip, asr #31
 707 009a 002C     		cmp	r4, #0
 708 009c C4D0     		beq	.L77
 709 009e BAF1000F 		cmp	r10, #0
 710 00a2 C1DA     		bge	.L77
 711 00a4 4FF00009 		mov	r9, #0
 712 00a8 CA46     		mov	r10, r9
 713 00aa BDE7     		b	.L77
 714              	.L80:
 715 00ac 1546     		mov	r5, r2
 716 00ae 4FF0000E 		mov	lr, #0
 717 00b2 7646     		mov	r6, lr
 718 00b4 7246     		mov	r2, lr
 719 00b6 7346     		mov	r3, lr
 720 00b8 D4E7     		b	.L72
 721              	.L84:
 722 00ba 012A     		cmp	r2, #1
 723 00bc 73F10001 		sbcs	r1, r3, #0
 724 00c0 AADB     		blt	.L73
 725 00c2 D80F     		lsrs	r0, r3, #31
 726 00c4 8018     		adds	r0, r0, r2
 727 00c6 43F10001 		adc	r1, r3, #0
 728 00ca 4008     		lsrs	r0, r0, #1
 729 00cc 40EAC170 		orr	r0, r0, r1, lsl #31
 730 00d0 10EB0E00 		adds	r0, r0, lr
 731 00d4 46EB6101 		adc	r1, r6, r1, asr #1
 732 00d8 FFF7FEFF 		bl	__aeabi_ldivmod
 733 00dc 0029     		cmp	r1, #0
 734 00de 02DB     		blt	.L86
 735              	.L79:
 736 00e0 C8F80000 		str	r0, [r8]
 737 00e4 98E7     		b	.L73
 738              	.L86:
 739 00e6 0020     		movs	r0, #0
 740 00e8 FAE7     		b	.L79
 742              		.section	.text.VL53L1_f_027,"ax",%progbits
 743              		.align	1
 744              		.global	VL53L1_f_027
 745              		.syntax unified
 746              		.thumb
 747              		.thumb_func
 749              	VL53L1_f_027:
 750              		@ args = 0, pretend = 0, frame = 0
 751              		@ frame_needed = 0, uses_anonymous_args = 0
 752 0000 2DE9F047 		push	{r4, r5, r6, r7, r8, r9, r10, lr}
 753 0004 82B0     		sub	sp, sp, #8
 754 0006 0446     		mov	r4, r0
 755 0008 0F46     		mov	r7, r1
 756 000a 9046     		mov	r8, r2
 757 000c 1D46     		mov	r5, r3
 758 000e 00EBC003 		add	r3, r0, r0, lsl #3
ARM GAS  C:\Temp\ccEfkMnj.s 			page 14


 759 0012 05EB8303 		add	r3, r5, r3, lsl #2
 760 0016 93F87E31 		ldrb	r3, [r3, #382]	@ zero_extendqisi2
 761 001a FF2B     		cmp	r3, #255
 762 001c 67D0     		beq	.L96
 763              	.L88:
 764 001e 04EBC40E 		add	lr, r4, r4, lsl #3
 765 0022 05EB8E0E 		add	lr, r5, lr, lsl #2
 766 0026 9EF87EC1 		ldrb	ip, [lr, #382]	@ zero_extendqisi2
 767 002a EA78     		ldrb	r2, [r5, #3]	@ zero_extendqisi2
 768 002c BCFBF2F6 		udiv	r6, ip, r2
 769 0030 02FB16C6 		mls	r6, r2, r6, ip
 770 0034 F6B2     		uxtb	r6, r6
 771 0036 9EF87C31 		ldrb	r3, [lr, #380]	@ zero_extendqisi2
 772 003a 3344     		add	r3, r3, r6
 773 003c A3EB0C00 		sub	r0, r3, ip
 774 0040 81B2     		uxth	r1, r0
 775 0042 9EF880E1 		ldrb	lr, [lr, #384]	@ zero_extendqisi2
 776 0046 7644     		add	r6, r6, lr
 777 0048 A6EB0C06 		sub	r6, r6, ip
 778 004c 1FFA86F9 		uxth	r9, r6
 779 0050 ACEB030C 		sub	ip, ip, r3
 780 0054 CC44     		add	ip, ip, r9
 781 0056 0FFA8CFC 		sxth	ip, ip
 782 005a BCF1030F 		cmp	ip, #3
 783 005e 01DD     		ble	.L89
 784 0060 4FF0030C 		mov	ip, #3
 785              	.L89:
 786 0064 1FFA8CFA 		uxth	r10, ip
 787 0068 5144     		add	r1, r1, r10
 788 006a 04EBC403 		add	r3, r4, r4, lsl #3
 789 006e 9B00     		lsls	r3, r3, #2
 790 0070 03F5C473 		add	r3, r3, #392
 791 0074 2B44     		add	r3, r3, r5
 792 0076 0833     		adds	r3, r3, #8
 793 0078 0193     		str	r3, [sp, #4]
 794 007a CDF80080 		str	r8, [sp]
 795 007e 3B46     		mov	r3, r7
 796 0080 09B2     		sxth	r1, r1
 797 0082 FFF7FEFF 		bl	VL53L1_f_030
 798 0086 D0B3     		cbz	r0, .L97
 799              	.L90:
 800 0088 04EBC403 		add	r3, r4, r4, lsl #3
 801 008c 05EB8303 		add	r3, r5, r3, lsl #2
 802 0090 D3F89021 		ldr	r2, [r3, #400]
 803 0094 D3F89811 		ldr	r1, [r3, #408]
 804 0098 8A42     		cmp	r2, r1
 805 009a 07D9     		bls	.L91
 806 009c 04EBC403 		add	r3, r4, r4, lsl #3
 807 00a0 05EB8303 		add	r3, r5, r3, lsl #2
 808 00a4 C3F89011 		str	r1, [r3, #400]
 809 00a8 C3F89821 		str	r2, [r3, #408]
 810              	.L91:
 811 00ac 04EBC403 		add	r3, r4, r4, lsl #3
 812 00b0 05EB8303 		add	r3, r5, r3, lsl #2
 813 00b4 D3F89421 		ldr	r2, [r3, #404]
 814 00b8 D3F89031 		ldr	r3, [r3, #400]
 815 00bc 9A42     		cmp	r2, r3
ARM GAS  C:\Temp\ccEfkMnj.s 			page 15


 816 00be 05D2     		bcs	.L92
 817 00c0 04EBC403 		add	r3, r4, r4, lsl #3
 818 00c4 05EB8303 		add	r3, r5, r3, lsl #2
 819 00c8 C3F89021 		str	r2, [r3, #400]
 820              	.L92:
 821 00cc 04EBC403 		add	r3, r4, r4, lsl #3
 822 00d0 05EB8303 		add	r3, r5, r3, lsl #2
 823 00d4 D3F89831 		ldr	r3, [r3, #408]
 824 00d8 9A42     		cmp	r2, r3
 825 00da 05D9     		bls	.L93
 826 00dc 04EBC404 		add	r4, r4, r4, lsl #3
 827 00e0 05EB8405 		add	r5, r5, r4, lsl #2
 828 00e4 C5F89821 		str	r2, [r5, #408]
 829              	.L93:
 830 00e8 02B0     		add	sp, sp, #8
 831              		@ sp needed
 832 00ea BDE8F087 		pop	{r4, r5, r6, r7, r8, r9, r10, pc}
 833              	.L96:
 834 00ee 00EBC003 		add	r3, r0, r0, lsl #3
 835 00f2 05EB8303 		add	r3, r5, r3, lsl #2
 836 00f6 0122     		movs	r2, #1
 837 00f8 83F87E21 		strb	r2, [r3, #382]
 838 00fc 8FE7     		b	.L88
 839              	.L97:
 840 00fe A9EB0A00 		sub	r0, r9, r10
 841 0102 04EBC403 		add	r3, r4, r4, lsl #3
 842 0106 9B00     		lsls	r3, r3, #2
 843 0108 03F5C873 		add	r3, r3, #400
 844 010c 2B44     		add	r3, r3, r5
 845 010e 0833     		adds	r3, r3, #8
 846 0110 0193     		str	r3, [sp, #4]
 847 0112 CDF80080 		str	r8, [sp]
 848 0116 3B46     		mov	r3, r7
 849 0118 EA78     		ldrb	r2, [r5, #3]	@ zero_extendqisi2
 850 011a 3146     		mov	r1, r6
 851 011c 00B2     		sxth	r0, r0
 852 011e FFF7FEFF 		bl	VL53L1_f_030
 853 0122 B1E7     		b	.L90
 855              		.section	.text.VL53L1_f_023,"ax",%progbits
 856              		.align	1
 857              		.global	VL53L1_f_023
 858              		.syntax unified
 859              		.thumb
 860              		.thumb_func
 862              	VL53L1_f_023:
 863              		@ args = 4, pretend = 0, frame = 0
 864              		@ frame_needed = 0, uses_anonymous_args = 0
 865 0000 F8B5     		push	{r3, r4, r5, r6, r7, lr}
 866 0002 0546     		mov	r5, r0
 867 0004 1446     		mov	r4, r2
 868 0006 1F46     		mov	r7, r3
 869 0008 069E     		ldr	r6, [sp, #24]
 870 000a AC22     		movs	r2, #172
 871 000c 3046     		mov	r0, r6
 872 000e FFF7FEFF 		bl	memcpy
 873 0012 94F87811 		ldrb	r1, [r4, #376]	@ zero_extendqisi2
 874 0016 0EE0     		b	.L99
ARM GAS  C:\Temp\ccEfkMnj.s 			page 16


 875              	.L100:
 876 0018 B1FBF2FC 		udiv	ip, r1, r2
 877 001c 02FB1C1C 		mls	ip, r2, ip, r1
 878 0020 5FFA8CFC 		uxtb	ip, ip
 879 0024 B37A     		ldrb	r3, [r6, #10]	@ zero_extendqisi2
 880 0026 6345     		cmp	r3, ip
 881 0028 03D9     		bls	.L101
 882 002a 0CF1060C 		add	ip, ip, #6
 883 002e 46F82C70 		str	r7, [r6, ip, lsl #2]
 884              	.L101:
 885 0032 0131     		adds	r1, r1, #1
 886 0034 C9B2     		uxtb	r1, r1
 887              	.L99:
 888 0036 94F87831 		ldrb	r3, [r4, #376]	@ zero_extendqisi2
 889 003a E278     		ldrb	r2, [r4, #3]	@ zero_extendqisi2
 890 003c 1344     		add	r3, r3, r2
 891 003e 9942     		cmp	r1, r3
 892 0040 10DA     		bge	.L104
 893 0042 05EBC503 		add	r3, r5, r5, lsl #3
 894 0046 04EB8303 		add	r3, r4, r3, lsl #2
 895 004a 93F87C31 		ldrb	r3, [r3, #380]	@ zero_extendqisi2
 896 004e 8B42     		cmp	r3, r1
 897 0050 E2D8     		bhi	.L100
 898 0052 05EBC503 		add	r3, r5, r5, lsl #3
 899 0056 04EB8303 		add	r3, r4, r3, lsl #2
 900 005a 93F88031 		ldrb	r3, [r3, #384]	@ zero_extendqisi2
 901 005e 8B42     		cmp	r3, r1
 902 0060 E7D2     		bcs	.L101
 903 0062 D9E7     		b	.L100
 904              	.L104:
 905 0064 0020     		movs	r0, #0
 906 0066 F8BD     		pop	{r3, r4, r5, r6, r7, pc}
 908              		.section	.text.VL53L1_f_026,"ax",%progbits
 909              		.align	1
 910              		.global	VL53L1_f_026
 911              		.syntax unified
 912              		.thumb
 913              		.thumb_func
 915              	VL53L1_f_026:
 916              		@ args = 20, pretend = 0, frame = 32
 917              		@ frame_needed = 0, uses_anonymous_args = 0
 918 0000 2DE9F047 		push	{r4, r5, r6, r7, r8, r9, r10, lr}
 919 0004 90B0     		sub	sp, sp, #64
 920 0006 9DF860A0 		ldrb	r10, [sp, #96]	@ zero_extendqisi2
 921 000a DDF86490 		ldr	r9, [sp, #100]
 922 000e 1C9F     		ldr	r7, [sp, #112]
 923 0010 0025     		movs	r5, #0
 924 0012 0F95     		str	r5, [sp, #60]
 925 0014 0E95     		str	r5, [sp, #56]
 926 0016 0D95     		str	r5, [sp, #52]
 927 0018 0C95     		str	r5, [sp, #48]
 928 001a 0B95     		str	r5, [sp, #44]
 929 001c 0A95     		str	r5, [sp, #40]
 930 001e 0995     		str	r5, [sp, #36]
 931 0020 0895     		str	r5, [sp, #32]
 932 0022 002A     		cmp	r2, #0
 933 0024 3BD0     		beq	.L111
ARM GAS  C:\Temp\ccEfkMnj.s 			page 17


 934 0026 8846     		mov	r8, r1
 935 0028 1E46     		mov	r6, r3
 936 002a 1346     		mov	r3, r2
 937 002c B0FBF2F2 		udiv	r2, r0, r2
 938 0030 03FB1204 		mls	r4, r3, r2, r0
 939 0034 E4B2     		uxtb	r4, r4
 940 0036 0BAB     		add	r3, sp, #44
 941 0038 0193     		str	r3, [sp, #4]
 942 003a 0EAD     		add	r5, sp, #56
 943 003c 0095     		str	r5, [sp]
 944 003e 0CAB     		add	r3, sp, #48
 945 0040 1A9A     		ldr	r2, [sp, #104]
 946 0042 3146     		mov	r1, r6
 947 0044 2046     		mov	r0, r4
 948 0046 FFF7FEFF 		bl	VL53L1_f_013
 949 004a 0DAB     		add	r3, sp, #52
 950 004c 0193     		str	r3, [sp, #4]
 951 004e 0095     		str	r5, [sp]
 952 0050 0FAB     		add	r3, sp, #60
 953 0052 4A46     		mov	r2, r9
 954 0054 3146     		mov	r1, r6
 955 0056 2046     		mov	r0, r4
 956 0058 FFF7FEFF 		bl	VL53L1_f_013
 957 005c BAF1000F 		cmp	r10, #0
 958 0060 23D1     		bne	.L112
 959              	.L108:
 960 0062 D9F8A430 		ldr	r3, [r9, #164]
 961 0066 0797     		str	r7, [sp, #28]
 962 0068 B9F88620 		ldrh	r2, [r9, #134]
 963 006c 0692     		str	r2, [sp, #24]
 964 006e 0593     		str	r3, [sp, #20]
 965 0070 089B     		ldr	r3, [sp, #32]
 966 0072 0493     		str	r3, [sp, #16]
 967 0074 0A9B     		ldr	r3, [sp, #40]
 968 0076 0393     		str	r3, [sp, #12]
 969 0078 099B     		ldr	r3, [sp, #36]
 970 007a 0293     		str	r3, [sp, #8]
 971 007c 0B9B     		ldr	r3, [sp, #44]
 972 007e 0193     		str	r3, [sp, #4]
 973 0080 0C9B     		ldr	r3, [sp, #48]
 974 0082 0093     		str	r3, [sp]
 975 0084 0D9B     		ldr	r3, [sp, #52]
 976 0086 0E9A     		ldr	r2, [sp, #56]
 977 0088 0F99     		ldr	r1, [sp, #60]
 978 008a 4046     		mov	r0, r8
 979 008c FFF7FEFF 		bl	VL53L1_f_014
 980 0090 10F10F0F 		cmn	r0, #15
 981 0094 14D0     		beq	.L113
 982 0096 0020     		movs	r0, #0
 983              	.L107:
 984 0098 10B0     		add	sp, sp, #64
 985              		@ sp needed
 986 009a BDE8F087 		pop	{r4, r5, r6, r7, r8, r9, r10, pc}
 987              	.L111:
 988 009e 4FF6FF73 		movw	r3, #65535
 989 00a2 3B80     		strh	r3, [r7]	@ movhi
 990 00a4 6FF00E00 		mvn	r0, #14
ARM GAS  C:\Temp\ccEfkMnj.s 			page 18


 991 00a8 F6E7     		b	.L107
 992              	.L112:
 993 00aa 08AB     		add	r3, sp, #32
 994 00ac 0193     		str	r3, [sp, #4]
 995 00ae 09AB     		add	r3, sp, #36
 996 00b0 0093     		str	r3, [sp]
 997 00b2 0AAB     		add	r3, sp, #40
 998 00b4 1B9A     		ldr	r2, [sp, #108]
 999 00b6 3146     		mov	r1, r6
 1000 00b8 2046     		mov	r0, r4
 1001 00ba FFF7FEFF 		bl	VL53L1_f_013
 1002 00be D0E7     		b	.L108
 1003              	.L113:
 1004 00c0 4FF6FF73 		movw	r3, #65535
 1005 00c4 3B80     		strh	r3, [r7]	@ movhi
 1006 00c6 0020     		movs	r0, #0
 1007 00c8 E6E7     		b	.L107
 1009              		.section	.text.VL53L1_f_029,"ax",%progbits
 1010              		.align	1
 1011              		.global	VL53L1_f_029
 1012              		.syntax unified
 1013              		.thumb
 1014              		.thumb_func
 1016              	VL53L1_f_029:
 1017              		@ args = 12, pretend = 0, frame = 0
 1018              		@ frame_needed = 0, uses_anonymous_args = 0
 1019 0000 F0B5     		push	{r4, r5, r6, r7, lr}
 1020 0002 059E     		ldr	r6, [sp, #20]
 1021 0004 069D     		ldr	r5, [sp, #24]
 1022 0006 079C     		ldr	r4, [sp, #28]
 1023 0008 2070     		strb	r0, [r4]
 1024 000a 0020     		movs	r0, #0
 1025 000c 6060     		str	r0, [r4, #4]
 1026 000e 2878     		ldrb	r0, [r5]	@ zero_extendqisi2
 1027 0010 2072     		strb	r0, [r4, #8]
 1028 0012 6878     		ldrb	r0, [r5, #1]	@ zero_extendqisi2
 1029 0014 6072     		strb	r0, [r4, #9]
 1030 0016 A878     		ldrb	r0, [r5, #2]	@ zero_extendqisi2
 1031 0018 A072     		strb	r0, [r4, #10]
 1032 001a E878     		ldrb	r0, [r5, #3]	@ zero_extendqisi2
 1033 001c E072     		strb	r0, [r4, #11]
 1034 001e 2879     		ldrb	r0, [r5, #4]	@ zero_extendqisi2
 1035 0020 2073     		strb	r0, [r4, #12]
 1036 0022 6879     		ldrb	r0, [r5, #5]	@ zero_extendqisi2
 1037 0024 6073     		strb	r0, [r4, #13]
 1038 0026 2879     		ldrb	r0, [r5, #4]	@ zero_extendqisi2
 1039 0028 95F800C0 		ldrb	ip, [r5]	@ zero_extendqisi2
 1040 002c A0EB0C00 		sub	r0, r0, ip
 1041 0030 0130     		adds	r0, r0, #1
 1042 0032 2074     		strb	r0, [r4, #16]
 1043 0034 B6F89C00 		ldrh	r0, [r6, #156]
 1044 0038 A082     		strh	r0, [r4, #20]	@ movhi
 1045 003a B5F820C0 		ldrh	ip, [r5, #32]
 1046 003e A4F83CC0 		strh	ip, [r4, #60]	@ movhi
 1047 0042 B5F814C0 		ldrh	ip, [r5, #20]
 1048 0046 A4F83EC0 		strh	ip, [r4, #62]	@ movhi
 1049 004a B5F818C0 		ldrh	ip, [r5, #24]
ARM GAS  C:\Temp\ccEfkMnj.s 			page 19


 1050 004e A4F840C0 		strh	ip, [r4, #64]	@ movhi
 1051 0052 B5F81CE0 		ldrh	lr, [r5, #28]
 1052 0056 A4F842E0 		strh	lr, [r4, #66]	@ movhi
 1053 005a EF68     		ldr	r7, [r5, #12]
 1054 005c A762     		str	r7, [r4, #40]
 1055 005e 2F69     		ldr	r7, [r5, #16]
 1056 0060 E762     		str	r7, [r4, #44]
 1057 0062 AF68     		ldr	r7, [r5, #8]
 1058 0064 6762     		str	r7, [r4, #36]
 1059 0066 D6F88870 		ldr	r7, [r6, #136]
 1060 006a A761     		str	r7, [r4, #24]
 1061 006c 4FF0130E 		mov	lr, #19
 1062 0070 84F84AE0 		strb	lr, [r4, #74]
 1063 0074 3BB1     		cbz	r3, .L115
 1064 0076 9E46     		mov	lr, r3
 1065 0078 2B8C     		ldrh	r3, [r5, #32]
 1066 007a B3EB4E1F 		cmp	r3, lr, lsl #5
 1067 007e 02D9     		bls	.L115
 1068 0080 0623     		movs	r3, #6
 1069 0082 84F84A30 		strb	r3, [r4, #74]
 1070              	.L115:
 1071 0086 0B02     		lsls	r3, r1, #8
 1072 0088 B0EB012F 		cmp	r0, r1, lsl #8
 1073 008c 0ED9     		bls	.L119
 1074 008e C01A     		subs	r0, r0, r3
 1075 0090 80B2     		uxth	r0, r0
 1076              	.L116:
 1077 0092 B6F89C30 		ldrh	r3, [r6, #156]
 1078 0096 03EB0223 		add	r3, r3, r2, lsl #8
 1079 009a 9BB2     		uxth	r3, r3
 1080 009c 8445     		cmp	ip, r0
 1081 009e 01D3     		bcc	.L117
 1082 00a0 9C45     		cmp	ip, r3
 1083 00a2 02D9     		bls	.L114
 1084              	.L117:
 1085 00a4 0523     		movs	r3, #5
 1086 00a6 84F84A30 		strb	r3, [r4, #74]
 1087              	.L114:
 1088 00aa F0BD     		pop	{r4, r5, r6, r7, pc}
 1089              	.L119:
 1090 00ac 0020     		movs	r0, #0
 1091 00ae F0E7     		b	.L116
 1093              		.ident	"GCC: (xPack GNU Arm Embedded GCC x86_64) 12.3.1 20230626"
ARM GAS  C:\Temp\ccEfkMnj.s 			page 20


DEFINED SYMBOLS
                            *ABS*:00000000 vl53l1_hist_algos_gen3.c
  C:\Temp\ccEfkMnj.s:18     .text.VL53L1_f_016:00000000 $t
  C:\Temp\ccEfkMnj.s:24     .text.VL53L1_f_016:00000000 VL53L1_f_016
  C:\Temp\ccEfkMnj.s:81     .text.VL53L1_f_018:00000000 $t
  C:\Temp\ccEfkMnj.s:87     .text.VL53L1_f_018:00000000 VL53L1_f_018
  C:\Temp\ccEfkMnj.s:210    .text.VL53L1_f_019:00000000 $t
  C:\Temp\ccEfkMnj.s:216    .text.VL53L1_f_019:00000000 VL53L1_f_019
  C:\Temp\ccEfkMnj.s:259    .text.VL53L1_f_020:00000000 $t
  C:\Temp\ccEfkMnj.s:265    .text.VL53L1_f_020:00000000 VL53L1_f_020
  C:\Temp\ccEfkMnj.s:325    .text.VL53L1_f_021:00000000 $t
  C:\Temp\ccEfkMnj.s:331    .text.VL53L1_f_021:00000000 VL53L1_f_021
  C:\Temp\ccEfkMnj.s:417    .text.VL53L1_f_028:00000000 $t
  C:\Temp\ccEfkMnj.s:423    .text.VL53L1_f_028:00000000 VL53L1_f_028
  C:\Temp\ccEfkMnj.s:592    .text.VL53L1_f_022:00000000 $t
  C:\Temp\ccEfkMnj.s:598    .text.VL53L1_f_022:00000000 VL53L1_f_022
  C:\Temp\ccEfkMnj.s:646    .text.VL53L1_f_030:00000000 $t
  C:\Temp\ccEfkMnj.s:652    .text.VL53L1_f_030:00000000 VL53L1_f_030
  C:\Temp\ccEfkMnj.s:743    .text.VL53L1_f_027:00000000 $t
  C:\Temp\ccEfkMnj.s:749    .text.VL53L1_f_027:00000000 VL53L1_f_027
  C:\Temp\ccEfkMnj.s:856    .text.VL53L1_f_023:00000000 $t
  C:\Temp\ccEfkMnj.s:862    .text.VL53L1_f_023:00000000 VL53L1_f_023
  C:\Temp\ccEfkMnj.s:909    .text.VL53L1_f_026:00000000 $t
  C:\Temp\ccEfkMnj.s:915    .text.VL53L1_f_026:00000000 VL53L1_f_026
  C:\Temp\ccEfkMnj.s:1010   .text.VL53L1_f_029:00000000 $t
  C:\Temp\ccEfkMnj.s:1016   .text.VL53L1_f_029:00000000 VL53L1_f_029

UNDEFINED SYMBOLS
VL53L1_init_histogram_bin_data_struct
VL53L1_decode_vcsel_period
VL53L1_isqrt
__aeabi_ldivmod
memcpy
VL53L1_f_013
VL53L1_f_014
