ARM GAS  C:\Temp\ccHeXzbC.s 			page 1


   1              		.cpu cortex-m4
   2              		.arch armv7e-m
   3              		.fpu fpv4-sp-d16
   4              		.eabi_attribute 27, 1
   5              		.eabi_attribute 28, 1
   6              		.eabi_attribute 20, 1
   7              		.eabi_attribute 21, 1
   8              		.eabi_attribute 23, 3
   9              		.eabi_attribute 24, 1
  10              		.eabi_attribute 25, 1
  11              		.eabi_attribute 26, 1
  12              		.eabi_attribute 30, 1
  13              		.eabi_attribute 34, 1
  14              		.eabi_attribute 18, 4
  15              		.file	"stm32f4xx_hal_pwr_ex.c"
  16              		.text
  17              		.section	.text.HAL_PWREx_EnableBkUpReg,"ax",%progbits
  18              		.align	1
  19              		.global	HAL_PWREx_EnableBkUpReg
  20              		.syntax unified
  21              		.thumb
  22              		.thumb_func
  24              	HAL_PWREx_EnableBkUpReg:
  25              		@ args = 0, pretend = 0, frame = 0
  26              		@ frame_needed = 0, uses_anonymous_args = 0
  27 0000 10B5     		push	{r4, lr}
  28 0002 0B4B     		ldr	r3, .L8
  29 0004 0122     		movs	r2, #1
  30 0006 C3F8A420 		str	r2, [r3, #164]
  31 000a FFF7FEFF 		bl	HAL_GetTick
  32 000e 0446     		mov	r4, r0
  33              	.L2:
  34 0010 084B     		ldr	r3, .L8+4
  35 0012 5B68     		ldr	r3, [r3, #4]
  36 0014 13F0080F 		tst	r3, #8
  37 0018 07D1     		bne	.L7
  38 001a FFF7FEFF 		bl	HAL_GetTick
  39 001e 001B     		subs	r0, r0, r4
  40 0020 B0F57A7F 		cmp	r0, #1000
  41 0024 F4D9     		bls	.L2
  42 0026 0320     		movs	r0, #3
  43 0028 00E0     		b	.L3
  44              	.L7:
  45 002a 0020     		movs	r0, #0
  46              	.L3:
  47 002c 10BD     		pop	{r4, pc}
  48              	.L9:
  49 002e 00BF     		.align	2
  50              	.L8:
  51 0030 00000E42 		.word	1108213760
  52 0034 00700040 		.word	1073770496
  54              		.section	.text.HAL_PWREx_DisableBkUpReg,"ax",%progbits
  55              		.align	1
  56              		.global	HAL_PWREx_DisableBkUpReg
  57              		.syntax unified
  58              		.thumb
  59              		.thumb_func
ARM GAS  C:\Temp\ccHeXzbC.s 			page 2


  61              	HAL_PWREx_DisableBkUpReg:
  62              		@ args = 0, pretend = 0, frame = 0
  63              		@ frame_needed = 0, uses_anonymous_args = 0
  64 0000 10B5     		push	{r4, lr}
  65 0002 0B4B     		ldr	r3, .L17
  66 0004 0022     		movs	r2, #0
  67 0006 C3F8A420 		str	r2, [r3, #164]
  68 000a FFF7FEFF 		bl	HAL_GetTick
  69 000e 0446     		mov	r4, r0
  70              	.L11:
  71 0010 084B     		ldr	r3, .L17+4
  72 0012 5B68     		ldr	r3, [r3, #4]
  73 0014 13F0080F 		tst	r3, #8
  74 0018 07D0     		beq	.L16
  75 001a FFF7FEFF 		bl	HAL_GetTick
  76 001e 001B     		subs	r0, r0, r4
  77 0020 B0F57A7F 		cmp	r0, #1000
  78 0024 F4D9     		bls	.L11
  79 0026 0320     		movs	r0, #3
  80 0028 00E0     		b	.L12
  81              	.L16:
  82 002a 0020     		movs	r0, #0
  83              	.L12:
  84 002c 10BD     		pop	{r4, pc}
  85              	.L18:
  86 002e 00BF     		.align	2
  87              	.L17:
  88 0030 00000E42 		.word	1108213760
  89 0034 00700040 		.word	1073770496
  91              		.section	.text.HAL_PWREx_EnableFlashPowerDown,"ax",%progbits
  92              		.align	1
  93              		.global	HAL_PWREx_EnableFlashPowerDown
  94              		.syntax unified
  95              		.thumb
  96              		.thumb_func
  98              	HAL_PWREx_EnableFlashPowerDown:
  99              		@ args = 0, pretend = 0, frame = 0
 100              		@ frame_needed = 0, uses_anonymous_args = 0
 101              		@ link register save eliminated.
 102 0000 014B     		ldr	r3, .L20
 103 0002 0122     		movs	r2, #1
 104 0004 5A62     		str	r2, [r3, #36]
 105 0006 7047     		bx	lr
 106              	.L21:
 107              		.align	2
 108              	.L20:
 109 0008 00000E42 		.word	1108213760
 111              		.section	.text.HAL_PWREx_DisableFlashPowerDown,"ax",%progbits
 112              		.align	1
 113              		.global	HAL_PWREx_DisableFlashPowerDown
 114              		.syntax unified
 115              		.thumb
 116              		.thumb_func
 118              	HAL_PWREx_DisableFlashPowerDown:
 119              		@ args = 0, pretend = 0, frame = 0
 120              		@ frame_needed = 0, uses_anonymous_args = 0
 121              		@ link register save eliminated.
ARM GAS  C:\Temp\ccHeXzbC.s 			page 3


 122 0000 014B     		ldr	r3, .L23
 123 0002 0022     		movs	r2, #0
 124 0004 5A62     		str	r2, [r3, #36]
 125 0006 7047     		bx	lr
 126              	.L24:
 127              		.align	2
 128              	.L23:
 129 0008 00000E42 		.word	1108213760
 131              		.section	.text.HAL_PWREx_GetVoltageRange,"ax",%progbits
 132              		.align	1
 133              		.global	HAL_PWREx_GetVoltageRange
 134              		.syntax unified
 135              		.thumb
 136              		.thumb_func
 138              	HAL_PWREx_GetVoltageRange:
 139              		@ args = 0, pretend = 0, frame = 0
 140              		@ frame_needed = 0, uses_anonymous_args = 0
 141              		@ link register save eliminated.
 142 0000 024B     		ldr	r3, .L26
 143 0002 1868     		ldr	r0, [r3]
 144 0004 00F44040 		and	r0, r0, #49152
 145 0008 7047     		bx	lr
 146              	.L27:
 147 000a 00BF     		.align	2
 148              	.L26:
 149 000c 00700040 		.word	1073770496
 151              		.section	.rodata.HAL_PWREx_ControlVoltageScaling.str1.4,"aMS",%progbits,1
 152              		.align	2
 153              	.LC0:
 154 0000 44726976 		.ascii	"Drivers/STM32F4xx_HAL_Driver/Src/stm32f4xx_hal_pwr_"
 154      6572732F 
 154      53544D33 
 154      32463478 
 154      785F4841 
 155 0033 65782E63 		.ascii	"ex.c\000"
 155      00
 156              		.section	.text.HAL_PWREx_ControlVoltageScaling,"ax",%progbits
 157              		.align	1
 158              		.global	HAL_PWREx_ControlVoltageScaling
 159              		.syntax unified
 160              		.thumb
 161              		.thumb_func
 163              	HAL_PWREx_ControlVoltageScaling:
 164              		@ args = 0, pretend = 0, frame = 8
 165              		@ frame_needed = 0, uses_anonymous_args = 0
 166 0000 30B5     		push	{r4, r5, lr}
 167 0002 83B0     		sub	sp, sp, #12
 168 0004 0546     		mov	r5, r0
 169 0006 B0F5404F 		cmp	r0, #49152
 170 000a 05D0     		beq	.L29
 171 000c B0F5004F 		cmp	r0, #32768
 172 0010 02D0     		beq	.L29
 173 0012 B0F5804F 		cmp	r0, #16384
 174 0016 22D1     		bne	.L42
 175              	.L29:
 176 0018 0023     		movs	r3, #0
 177 001a 0093     		str	r3, [sp]
ARM GAS  C:\Temp\ccHeXzbC.s 			page 4


 178 001c 2D4B     		ldr	r3, .L46
 179 001e 1A6C     		ldr	r2, [r3, #64]
 180 0020 42F08052 		orr	r2, r2, #268435456
 181 0024 1A64     		str	r2, [r3, #64]
 182 0026 1A6C     		ldr	r2, [r3, #64]
 183 0028 02F08052 		and	r2, r2, #268435456
 184 002c 0092     		str	r2, [sp]
 185 002e 009A     		ldr	r2, [sp]
 186 0030 9B68     		ldr	r3, [r3, #8]
 187 0032 03F00C03 		and	r3, r3, #12
 188 0036 082B     		cmp	r3, #8
 189 0038 48D0     		beq	.L37
 190 003a 274B     		ldr	r3, .L46+4
 191 003c 0022     		movs	r2, #0
 192 003e 1A66     		str	r2, [r3, #96]
 193 0040 FFF7FEFF 		bl	HAL_GetTick
 194 0044 0446     		mov	r4, r0
 195              	.L31:
 196 0046 234B     		ldr	r3, .L46
 197 0048 1B68     		ldr	r3, [r3]
 198 004a 13F0007F 		tst	r3, #33554432
 199 004e 0CD0     		beq	.L43
 200 0050 FFF7FEFF 		bl	HAL_GetTick
 201 0054 031B     		subs	r3, r0, r4
 202 0056 022B     		cmp	r3, #2
 203 0058 F5D9     		bls	.L31
 204 005a 0320     		movs	r0, #3
 205 005c 37E0     		b	.L30
 206              	.L42:
 207 005e 4FF49271 		mov	r1, #292
 208 0062 1E48     		ldr	r0, .L46+8
 209 0064 FFF7FEFF 		bl	assert_failed
 210 0068 D6E7     		b	.L29
 211              	.L43:
 212 006a 0023     		movs	r3, #0
 213 006c 0193     		str	r3, [sp, #4]
 214 006e 1C4A     		ldr	r2, .L46+12
 215 0070 1368     		ldr	r3, [r2]
 216 0072 23F44043 		bic	r3, r3, #49152
 217 0076 2B43     		orrs	r3, r3, r5
 218 0078 1360     		str	r3, [r2]
 219 007a 1368     		ldr	r3, [r2]
 220 007c 03F44043 		and	r3, r3, #49152
 221 0080 0193     		str	r3, [sp, #4]
 222 0082 019B     		ldr	r3, [sp, #4]
 223 0084 144B     		ldr	r3, .L46+4
 224 0086 0122     		movs	r2, #1
 225 0088 1A66     		str	r2, [r3, #96]
 226 008a FFF7FEFF 		bl	HAL_GetTick
 227 008e 0446     		mov	r4, r0
 228              	.L33:
 229 0090 104B     		ldr	r3, .L46
 230 0092 1B68     		ldr	r3, [r3]
 231 0094 13F0007F 		tst	r3, #33554432
 232 0098 06D1     		bne	.L44
 233 009a FFF7FEFF 		bl	HAL_GetTick
 234 009e 001B     		subs	r0, r0, r4
ARM GAS  C:\Temp\ccHeXzbC.s 			page 5


 235 00a0 0228     		cmp	r0, #2
 236 00a2 F5D9     		bls	.L33
 237 00a4 0320     		movs	r0, #3
 238 00a6 12E0     		b	.L30
 239              	.L44:
 240 00a8 FFF7FEFF 		bl	HAL_GetTick
 241 00ac 0446     		mov	r4, r0
 242              	.L35:
 243 00ae 0C4B     		ldr	r3, .L46+12
 244 00b0 5B68     		ldr	r3, [r3, #4]
 245 00b2 13F4804F 		tst	r3, #16384
 246 00b6 07D1     		bne	.L45
 247 00b8 FFF7FEFF 		bl	HAL_GetTick
 248 00bc 001B     		subs	r0, r0, r4
 249 00be B0F57A7F 		cmp	r0, #1000
 250 00c2 F4D9     		bls	.L35
 251 00c4 0320     		movs	r0, #3
 252 00c6 02E0     		b	.L30
 253              	.L45:
 254 00c8 0020     		movs	r0, #0
 255 00ca 00E0     		b	.L30
 256              	.L37:
 257 00cc 0120     		movs	r0, #1
 258              	.L30:
 259 00ce 03B0     		add	sp, sp, #12
 260              		@ sp needed
 261 00d0 30BD     		pop	{r4, r5, pc}
 262              	.L47:
 263 00d2 00BF     		.align	2
 264              	.L46:
 265 00d4 00380240 		.word	1073887232
 266 00d8 00004742 		.word	1111949312
 267 00dc 00000000 		.word	.LC0
 268 00e0 00700040 		.word	1073770496
 270              		.section	.text.HAL_PWREx_EnableMainRegulatorLowVoltage,"ax",%progbits
 271              		.align	1
 272              		.global	HAL_PWREx_EnableMainRegulatorLowVoltage
 273              		.syntax unified
 274              		.thumb
 275              		.thumb_func
 277              	HAL_PWREx_EnableMainRegulatorLowVoltage:
 278              		@ args = 0, pretend = 0, frame = 0
 279              		@ frame_needed = 0, uses_anonymous_args = 0
 280              		@ link register save eliminated.
 281 0000 014B     		ldr	r3, .L49
 282 0002 0122     		movs	r2, #1
 283 0004 DA62     		str	r2, [r3, #44]
 284 0006 7047     		bx	lr
 285              	.L50:
 286              		.align	2
 287              	.L49:
 288 0008 00000E42 		.word	1108213760
 290              		.section	.text.HAL_PWREx_DisableMainRegulatorLowVoltage,"ax",%progbits
 291              		.align	1
 292              		.global	HAL_PWREx_DisableMainRegulatorLowVoltage
 293              		.syntax unified
 294              		.thumb
ARM GAS  C:\Temp\ccHeXzbC.s 			page 6


 295              		.thumb_func
 297              	HAL_PWREx_DisableMainRegulatorLowVoltage:
 298              		@ args = 0, pretend = 0, frame = 0
 299              		@ frame_needed = 0, uses_anonymous_args = 0
 300              		@ link register save eliminated.
 301 0000 014B     		ldr	r3, .L52
 302 0002 0022     		movs	r2, #0
 303 0004 DA62     		str	r2, [r3, #44]
 304 0006 7047     		bx	lr
 305              	.L53:
 306              		.align	2
 307              	.L52:
 308 0008 00000E42 		.word	1108213760
 310              		.section	.text.HAL_PWREx_EnableLowRegulatorLowVoltage,"ax",%progbits
 311              		.align	1
 312              		.global	HAL_PWREx_EnableLowRegulatorLowVoltage
 313              		.syntax unified
 314              		.thumb
 315              		.thumb_func
 317              	HAL_PWREx_EnableLowRegulatorLowVoltage:
 318              		@ args = 0, pretend = 0, frame = 0
 319              		@ frame_needed = 0, uses_anonymous_args = 0
 320              		@ link register save eliminated.
 321 0000 014B     		ldr	r3, .L55
 322 0002 0122     		movs	r2, #1
 323 0004 9A62     		str	r2, [r3, #40]
 324 0006 7047     		bx	lr
 325              	.L56:
 326              		.align	2
 327              	.L55:
 328 0008 00000E42 		.word	1108213760
 330              		.section	.text.HAL_PWREx_DisableLowRegulatorLowVoltage,"ax",%progbits
 331              		.align	1
 332              		.global	HAL_PWREx_DisableLowRegulatorLowVoltage
 333              		.syntax unified
 334              		.thumb
 335              		.thumb_func
 337              	HAL_PWREx_DisableLowRegulatorLowVoltage:
 338              		@ args = 0, pretend = 0, frame = 0
 339              		@ frame_needed = 0, uses_anonymous_args = 0
 340              		@ link register save eliminated.
 341 0000 014B     		ldr	r3, .L58
 342 0002 0022     		movs	r2, #0
 343 0004 9A62     		str	r2, [r3, #40]
 344 0006 7047     		bx	lr
 345              	.L59:
 346              		.align	2
 347              	.L58:
 348 0008 00000E42 		.word	1108213760
 350              		.ident	"GCC: (xPack GNU Arm Embedded GCC x86_64) 12.3.1 20230626"
ARM GAS  C:\Temp\ccHeXzbC.s 			page 7


DEFINED SYMBOLS
                            *ABS*:00000000 stm32f4xx_hal_pwr_ex.c
  C:\Temp\ccHeXzbC.s:18     .text.HAL_PWREx_EnableBkUpReg:00000000 $t
  C:\Temp\ccHeXzbC.s:24     .text.HAL_PWREx_EnableBkUpReg:00000000 HAL_PWREx_EnableBkUpReg
  C:\Temp\ccHeXzbC.s:51     .text.HAL_PWREx_EnableBkUpReg:00000030 $d
  C:\Temp\ccHeXzbC.s:55     .text.HAL_PWREx_DisableBkUpReg:00000000 $t
  C:\Temp\ccHeXzbC.s:61     .text.HAL_PWREx_DisableBkUpReg:00000000 HAL_PWREx_DisableBkUpReg
  C:\Temp\ccHeXzbC.s:88     .text.HAL_PWREx_DisableBkUpReg:00000030 $d
  C:\Temp\ccHeXzbC.s:92     .text.HAL_PWREx_EnableFlashPowerDown:00000000 $t
  C:\Temp\ccHeXzbC.s:98     .text.HAL_PWREx_EnableFlashPowerDown:00000000 HAL_PWREx_EnableFlashPowerDown
  C:\Temp\ccHeXzbC.s:109    .text.HAL_PWREx_EnableFlashPowerDown:00000008 $d
  C:\Temp\ccHeXzbC.s:112    .text.HAL_PWREx_DisableFlashPowerDown:00000000 $t
  C:\Temp\ccHeXzbC.s:118    .text.HAL_PWREx_DisableFlashPowerDown:00000000 HAL_PWREx_DisableFlashPowerDown
  C:\Temp\ccHeXzbC.s:129    .text.HAL_PWREx_DisableFlashPowerDown:00000008 $d
  C:\Temp\ccHeXzbC.s:132    .text.HAL_PWREx_GetVoltageRange:00000000 $t
  C:\Temp\ccHeXzbC.s:138    .text.HAL_PWREx_GetVoltageRange:00000000 HAL_PWREx_GetVoltageRange
  C:\Temp\ccHeXzbC.s:149    .text.HAL_PWREx_GetVoltageRange:0000000c $d
  C:\Temp\ccHeXzbC.s:152    .rodata.HAL_PWREx_ControlVoltageScaling.str1.4:00000000 $d
  C:\Temp\ccHeXzbC.s:157    .text.HAL_PWREx_ControlVoltageScaling:00000000 $t
  C:\Temp\ccHeXzbC.s:163    .text.HAL_PWREx_ControlVoltageScaling:00000000 HAL_PWREx_ControlVoltageScaling
  C:\Temp\ccHeXzbC.s:265    .text.HAL_PWREx_ControlVoltageScaling:000000d4 $d
  C:\Temp\ccHeXzbC.s:271    .text.HAL_PWREx_EnableMainRegulatorLowVoltage:00000000 $t
  C:\Temp\ccHeXzbC.s:277    .text.HAL_PWREx_EnableMainRegulatorLowVoltage:00000000 HAL_PWREx_EnableMainRegulatorLowVoltage
  C:\Temp\ccHeXzbC.s:288    .text.HAL_PWREx_EnableMainRegulatorLowVoltage:00000008 $d
  C:\Temp\ccHeXzbC.s:291    .text.HAL_PWREx_DisableMainRegulatorLowVoltage:00000000 $t
  C:\Temp\ccHeXzbC.s:297    .text.HAL_PWREx_DisableMainRegulatorLowVoltage:00000000 HAL_PWREx_DisableMainRegulatorLowVoltage
  C:\Temp\ccHeXzbC.s:308    .text.HAL_PWREx_DisableMainRegulatorLowVoltage:00000008 $d
  C:\Temp\ccHeXzbC.s:311    .text.HAL_PWREx_EnableLowRegulatorLowVoltage:00000000 $t
  C:\Temp\ccHeXzbC.s:317    .text.HAL_PWREx_EnableLowRegulatorLowVoltage:00000000 HAL_PWREx_EnableLowRegulatorLowVoltage
  C:\Temp\ccHeXzbC.s:328    .text.HAL_PWREx_EnableLowRegulatorLowVoltage:00000008 $d
  C:\Temp\ccHeXzbC.s:331    .text.HAL_PWREx_DisableLowRegulatorLowVoltage:00000000 $t
  C:\Temp\ccHeXzbC.s:337    .text.HAL_PWREx_DisableLowRegulatorLowVoltage:00000000 HAL_PWREx_DisableLowRegulatorLowVoltage
  C:\Temp\ccHeXzbC.s:348    .text.HAL_PWREx_DisableLowRegulatorLowVoltage:00000008 $d

UNDEFINED SYMBOLS
HAL_GetTick
assert_failed
