ARM GAS  C:\Temp\ccEp9NXc.s 			page 1


   1              		.cpu cortex-m4
   2              		.arch armv7e-m
   3              		.fpu fpv4-sp-d16
   4              		.eabi_attribute 27, 1
   5              		.eabi_attribute 28, 1
   6              		.eabi_attribute 20, 1
   7              		.eabi_attribute 21, 1
   8              		.eabi_attribute 23, 3
   9              		.eabi_attribute 24, 1
  10              		.eabi_attribute 25, 1
  11              		.eabi_attribute 26, 1
  12              		.eabi_attribute 30, 1
  13              		.eabi_attribute 34, 1
  14              		.eabi_attribute 18, 4
  15              		.file	"stm32f4xx_hal_msp.c"
  16              		.text
  17              		.section	.text.HAL_MspInit,"ax",%progbits
  18              		.align	1
  19              		.global	HAL_MspInit
  20              		.syntax unified
  21              		.thumb
  22              		.thumb_func
  24              	HAL_MspInit:
  25              		@ args = 0, pretend = 0, frame = 8
  26              		@ frame_needed = 0, uses_anonymous_args = 0
  27 0000 00B5     		push	{lr}
  28 0002 83B0     		sub	sp, sp, #12
  29 0004 0021     		movs	r1, #0
  30 0006 0091     		str	r1, [sp]
  31 0008 0C4B     		ldr	r3, .L3
  32 000a 5A6C     		ldr	r2, [r3, #68]
  33 000c 42F48042 		orr	r2, r2, #16384
  34 0010 5A64     		str	r2, [r3, #68]
  35 0012 5A6C     		ldr	r2, [r3, #68]
  36 0014 02F48042 		and	r2, r2, #16384
  37 0018 0092     		str	r2, [sp]
  38 001a 009A     		ldr	r2, [sp]
  39 001c 0191     		str	r1, [sp, #4]
  40 001e 1A6C     		ldr	r2, [r3, #64]
  41 0020 42F08052 		orr	r2, r2, #268435456
  42 0024 1A64     		str	r2, [r3, #64]
  43 0026 1B6C     		ldr	r3, [r3, #64]
  44 0028 03F08053 		and	r3, r3, #268435456
  45 002c 0193     		str	r3, [sp, #4]
  46 002e 019B     		ldr	r3, [sp, #4]
  47 0030 0720     		movs	r0, #7
  48 0032 FFF7FEFF 		bl	HAL_NVIC_SetPriorityGrouping
  49 0036 03B0     		add	sp, sp, #12
  50              		@ sp needed
  51 0038 5DF804FB 		ldr	pc, [sp], #4
  52              	.L4:
  53              		.align	2
  54              	.L3:
  55 003c 00380240 		.word	1073887232
  57              		.section	.text.HAL_TIM_Base_MspInit,"ax",%progbits
  58              		.align	1
  59              		.global	HAL_TIM_Base_MspInit
ARM GAS  C:\Temp\ccEp9NXc.s 			page 2


  60              		.syntax unified
  61              		.thumb
  62              		.thumb_func
  64              	HAL_TIM_Base_MspInit:
  65              		@ args = 0, pretend = 0, frame = 8
  66              		@ frame_needed = 0, uses_anonymous_args = 0
  67 0000 00B5     		push	{lr}
  68 0002 83B0     		sub	sp, sp, #12
  69 0004 0368     		ldr	r3, [r0]
  70 0006 B3F1804F 		cmp	r3, #1073741824
  71 000a 05D0     		beq	.L9
  72 000c 174A     		ldr	r2, .L11
  73 000e 9342     		cmp	r3, r2
  74 0010 17D0     		beq	.L10
  75              	.L5:
  76 0012 03B0     		add	sp, sp, #12
  77              		@ sp needed
  78 0014 5DF804FB 		ldr	pc, [sp], #4
  79              	.L9:
  80 0018 0021     		movs	r1, #0
  81 001a 0091     		str	r1, [sp]
  82 001c 03F50E33 		add	r3, r3, #145408
  83 0020 1A6C     		ldr	r2, [r3, #64]
  84 0022 42F00102 		orr	r2, r2, #1
  85 0026 1A64     		str	r2, [r3, #64]
  86 0028 1B6C     		ldr	r3, [r3, #64]
  87 002a 03F00103 		and	r3, r3, #1
  88 002e 0093     		str	r3, [sp]
  89 0030 009B     		ldr	r3, [sp]
  90 0032 0A46     		mov	r2, r1
  91 0034 1C20     		movs	r0, #28
  92 0036 FFF7FEFF 		bl	HAL_NVIC_SetPriority
  93 003a 1C20     		movs	r0, #28
  94 003c FFF7FEFF 		bl	HAL_NVIC_EnableIRQ
  95 0040 E7E7     		b	.L5
  96              	.L10:
  97 0042 0021     		movs	r1, #0
  98 0044 0191     		str	r1, [sp, #4]
  99 0046 0A4B     		ldr	r3, .L11+4
 100 0048 1A6C     		ldr	r2, [r3, #64]
 101 004a 42F00202 		orr	r2, r2, #2
 102 004e 1A64     		str	r2, [r3, #64]
 103 0050 1B6C     		ldr	r3, [r3, #64]
 104 0052 03F00203 		and	r3, r3, #2
 105 0056 0193     		str	r3, [sp, #4]
 106 0058 019B     		ldr	r3, [sp, #4]
 107 005a 0A46     		mov	r2, r1
 108 005c 1D20     		movs	r0, #29
 109 005e FFF7FEFF 		bl	HAL_NVIC_SetPriority
 110 0062 1D20     		movs	r0, #29
 111 0064 FFF7FEFF 		bl	HAL_NVIC_EnableIRQ
 112 0068 D3E7     		b	.L5
 113              	.L12:
 114 006a 00BF     		.align	2
 115              	.L11:
 116 006c 00040040 		.word	1073742848
 117 0070 00380240 		.word	1073887232
ARM GAS  C:\Temp\ccEp9NXc.s 			page 3


 119              		.section	.text.HAL_TIM_Base_MspDeInit,"ax",%progbits
 120              		.align	1
 121              		.global	HAL_TIM_Base_MspDeInit
 122              		.syntax unified
 123              		.thumb
 124              		.thumb_func
 126              	HAL_TIM_Base_MspDeInit:
 127              		@ args = 0, pretend = 0, frame = 0
 128              		@ frame_needed = 0, uses_anonymous_args = 0
 129 0000 08B5     		push	{r3, lr}
 130 0002 0368     		ldr	r3, [r0]
 131 0004 B3F1804F 		cmp	r3, #1073741824
 132 0008 03D0     		beq	.L17
 133 000a 0B4A     		ldr	r2, .L19
 134 000c 9342     		cmp	r3, r2
 135 000e 09D0     		beq	.L18
 136              	.L13:
 137 0010 08BD     		pop	{r3, pc}
 138              	.L17:
 139 0012 0A4A     		ldr	r2, .L19+4
 140 0014 136C     		ldr	r3, [r2, #64]
 141 0016 23F00103 		bic	r3, r3, #1
 142 001a 1364     		str	r3, [r2, #64]
 143 001c 1C20     		movs	r0, #28
 144 001e FFF7FEFF 		bl	HAL_NVIC_DisableIRQ
 145 0022 F5E7     		b	.L13
 146              	.L18:
 147 0024 02F50D32 		add	r2, r2, #144384
 148 0028 136C     		ldr	r3, [r2, #64]
 149 002a 23F00203 		bic	r3, r3, #2
 150 002e 1364     		str	r3, [r2, #64]
 151 0030 1D20     		movs	r0, #29
 152 0032 FFF7FEFF 		bl	HAL_NVIC_DisableIRQ
 153 0036 EBE7     		b	.L13
 154              	.L20:
 155              		.align	2
 156              	.L19:
 157 0038 00040040 		.word	1073742848
 158 003c 00380240 		.word	1073887232
 160              		.section	.text.HAL_UART_MspInit,"ax",%progbits
 161              		.align	1
 162              		.global	HAL_UART_MspInit
 163              		.syntax unified
 164              		.thumb
 165              		.thumb_func
 167              	HAL_UART_MspInit:
 168              		@ args = 0, pretend = 0, frame = 32
 169              		@ frame_needed = 0, uses_anonymous_args = 0
 170 0000 00B5     		push	{lr}
 171 0002 89B0     		sub	sp, sp, #36
 172 0004 0023     		movs	r3, #0
 173 0006 0393     		str	r3, [sp, #12]
 174 0008 0493     		str	r3, [sp, #16]
 175 000a 0593     		str	r3, [sp, #20]
 176 000c 0693     		str	r3, [sp, #24]
 177 000e 0793     		str	r3, [sp, #28]
 178 0010 0268     		ldr	r2, [r0]
ARM GAS  C:\Temp\ccEp9NXc.s 			page 4


 179 0012 154B     		ldr	r3, .L25
 180 0014 9A42     		cmp	r2, r3
 181 0016 02D0     		beq	.L24
 182              	.L21:
 183 0018 09B0     		add	sp, sp, #36
 184              		@ sp needed
 185 001a 5DF804FB 		ldr	pc, [sp], #4
 186              	.L24:
 187 001e 0021     		movs	r1, #0
 188 0020 0191     		str	r1, [sp, #4]
 189 0022 03F5FA33 		add	r3, r3, #128000
 190 0026 1A6C     		ldr	r2, [r3, #64]
 191 0028 42F40032 		orr	r2, r2, #131072
 192 002c 1A64     		str	r2, [r3, #64]
 193 002e 1A6C     		ldr	r2, [r3, #64]
 194 0030 02F40032 		and	r2, r2, #131072
 195 0034 0192     		str	r2, [sp, #4]
 196 0036 019A     		ldr	r2, [sp, #4]
 197 0038 0291     		str	r1, [sp, #8]
 198 003a 1A6B     		ldr	r2, [r3, #48]
 199 003c 42F00102 		orr	r2, r2, #1
 200 0040 1A63     		str	r2, [r3, #48]
 201 0042 1B6B     		ldr	r3, [r3, #48]
 202 0044 03F00103 		and	r3, r3, #1
 203 0048 0293     		str	r3, [sp, #8]
 204 004a 029B     		ldr	r3, [sp, #8]
 205 004c 0C23     		movs	r3, #12
 206 004e 0393     		str	r3, [sp, #12]
 207 0050 0223     		movs	r3, #2
 208 0052 0493     		str	r3, [sp, #16]
 209 0054 0323     		movs	r3, #3
 210 0056 0693     		str	r3, [sp, #24]
 211 0058 0723     		movs	r3, #7
 212 005a 0793     		str	r3, [sp, #28]
 213 005c 03A9     		add	r1, sp, #12
 214 005e 0348     		ldr	r0, .L25+4
 215 0060 FFF7FEFF 		bl	HAL_GPIO_Init
 216 0064 D8E7     		b	.L21
 217              	.L26:
 218 0066 00BF     		.align	2
 219              	.L25:
 220 0068 00440040 		.word	1073759232
 221 006c 00000240 		.word	1073872896
 223              		.section	.text.HAL_UART_MspDeInit,"ax",%progbits
 224              		.align	1
 225              		.global	HAL_UART_MspDeInit
 226              		.syntax unified
 227              		.thumb
 228              		.thumb_func
 230              	HAL_UART_MspDeInit:
 231              		@ args = 0, pretend = 0, frame = 0
 232              		@ frame_needed = 0, uses_anonymous_args = 0
 233 0000 08B5     		push	{r3, lr}
 234 0002 0268     		ldr	r2, [r0]
 235 0004 064B     		ldr	r3, .L31
 236 0006 9A42     		cmp	r2, r3
 237 0008 00D0     		beq	.L30
ARM GAS  C:\Temp\ccEp9NXc.s 			page 5


 238              	.L27:
 239 000a 08BD     		pop	{r3, pc}
 240              	.L30:
 241 000c 054A     		ldr	r2, .L31+4
 242 000e 136C     		ldr	r3, [r2, #64]
 243 0010 23F40033 		bic	r3, r3, #131072
 244 0014 1364     		str	r3, [r2, #64]
 245 0016 0C21     		movs	r1, #12
 246 0018 0348     		ldr	r0, .L31+8
 247 001a FFF7FEFF 		bl	HAL_GPIO_DeInit
 248 001e F4E7     		b	.L27
 249              	.L32:
 250              		.align	2
 251              	.L31:
 252 0020 00440040 		.word	1073759232
 253 0024 00380240 		.word	1073887232
 254 0028 00000240 		.word	1073872896
 256              		.ident	"GCC: (xPack GNU Arm Embedded GCC x86_64) 12.3.1 20230626"
ARM GAS  C:\Temp\ccEp9NXc.s 			page 6


DEFINED SYMBOLS
                            *ABS*:00000000 stm32f4xx_hal_msp.c
  C:\Temp\ccEp9NXc.s:18     .text.HAL_MspInit:00000000 $t
  C:\Temp\ccEp9NXc.s:24     .text.HAL_MspInit:00000000 HAL_MspInit
  C:\Temp\ccEp9NXc.s:55     .text.HAL_MspInit:0000003c $d
  C:\Temp\ccEp9NXc.s:58     .text.HAL_TIM_Base_MspInit:00000000 $t
  C:\Temp\ccEp9NXc.s:64     .text.HAL_TIM_Base_MspInit:00000000 HAL_TIM_Base_MspInit
  C:\Temp\ccEp9NXc.s:116    .text.HAL_TIM_Base_MspInit:0000006c $d
  C:\Temp\ccEp9NXc.s:120    .text.HAL_TIM_Base_MspDeInit:00000000 $t
  C:\Temp\ccEp9NXc.s:126    .text.HAL_TIM_Base_MspDeInit:00000000 HAL_TIM_Base_MspDeInit
  C:\Temp\ccEp9NXc.s:157    .text.HAL_TIM_Base_MspDeInit:00000038 $d
  C:\Temp\ccEp9NXc.s:161    .text.HAL_UART_MspInit:00000000 $t
  C:\Temp\ccEp9NXc.s:167    .text.HAL_UART_MspInit:00000000 HAL_UART_MspInit
  C:\Temp\ccEp9NXc.s:220    .text.HAL_UART_MspInit:00000068 $d
  C:\Temp\ccEp9NXc.s:224    .text.HAL_UART_MspDeInit:00000000 $t
  C:\Temp\ccEp9NXc.s:230    .text.HAL_UART_MspDeInit:00000000 HAL_UART_MspDeInit
  C:\Temp\ccEp9NXc.s:252    .text.HAL_UART_MspDeInit:00000020 $d

UNDEFINED SYMBOLS
HAL_NVIC_SetPriorityGrouping
HAL_NVIC_SetPriority
HAL_NVIC_EnableIRQ
HAL_NVIC_DisableIRQ
HAL_GPIO_Init
HAL_GPIO_DeInit
