ARM GAS  C:\Temp\cczvpSXd.s 			page 1


   1              		.cpu cortex-m4
   2              		.arch armv7e-m
   3              		.fpu fpv4-sp-d16
   4              		.eabi_attribute 27, 1
   5              		.eabi_attribute 28, 1
   6              		.eabi_attribute 20, 1
   7              		.eabi_attribute 21, 1
   8              		.eabi_attribute 23, 3
   9              		.eabi_attribute 24, 1
  10              		.eabi_attribute 25, 1
  11              		.eabi_attribute 26, 1
  12              		.eabi_attribute 30, 1
  13              		.eabi_attribute 34, 1
  14              		.eabi_attribute 18, 4
  15              		.file	"stm32f4xx_it.c"
  16              		.text
  17              		.section	.text.NMI_Handler,"ax",%progbits
  18              		.align	1
  19              		.global	NMI_Handler
  20              		.syntax unified
  21              		.thumb
  22              		.thumb_func
  24              	NMI_Handler:
  25              		@ Volatile: function does not return.
  26              		@ args = 0, pretend = 0, frame = 0
  27              		@ frame_needed = 0, uses_anonymous_args = 0
  28              		@ link register save eliminated.
  29              	.L2:
  30 0000 FEE7     		b	.L2
  32              		.section	.text.HardFault_Handler,"ax",%progbits
  33              		.align	1
  34              		.global	HardFault_Handler
  35              		.syntax unified
  36              		.thumb
  37              		.thumb_func
  39              	HardFault_Handler:
  40              		@ Volatile: function does not return.
  41              		@ args = 0, pretend = 0, frame = 0
  42              		@ frame_needed = 0, uses_anonymous_args = 0
  43              		@ link register save eliminated.
  44              	.L4:
  45 0000 FEE7     		b	.L4
  47              		.section	.text.MemManage_Handler,"ax",%progbits
  48              		.align	1
  49              		.global	MemManage_Handler
  50              		.syntax unified
  51              		.thumb
  52              		.thumb_func
  54              	MemManage_Handler:
  55              		@ Volatile: function does not return.
  56              		@ args = 0, pretend = 0, frame = 0
  57              		@ frame_needed = 0, uses_anonymous_args = 0
  58              		@ link register save eliminated.
  59              	.L6:
  60 0000 FEE7     		b	.L6
  62              		.section	.text.BusFault_Handler,"ax",%progbits
  63              		.align	1
ARM GAS  C:\Temp\cczvpSXd.s 			page 2


  64              		.global	BusFault_Handler
  65              		.syntax unified
  66              		.thumb
  67              		.thumb_func
  69              	BusFault_Handler:
  70              		@ Volatile: function does not return.
  71              		@ args = 0, pretend = 0, frame = 0
  72              		@ frame_needed = 0, uses_anonymous_args = 0
  73              		@ link register save eliminated.
  74              	.L8:
  75 0000 FEE7     		b	.L8
  77              		.section	.text.UsageFault_Handler,"ax",%progbits
  78              		.align	1
  79              		.global	UsageFault_Handler
  80              		.syntax unified
  81              		.thumb
  82              		.thumb_func
  84              	UsageFault_Handler:
  85              		@ Volatile: function does not return.
  86              		@ args = 0, pretend = 0, frame = 0
  87              		@ frame_needed = 0, uses_anonymous_args = 0
  88              		@ link register save eliminated.
  89              	.L10:
  90 0000 FEE7     		b	.L10
  92              		.section	.text.SVC_Handler,"ax",%progbits
  93              		.align	1
  94              		.global	SVC_Handler
  95              		.syntax unified
  96              		.thumb
  97              		.thumb_func
  99              	SVC_Handler:
 100              		@ args = 0, pretend = 0, frame = 0
 101              		@ frame_needed = 0, uses_anonymous_args = 0
 102              		@ link register save eliminated.
 103 0000 7047     		bx	lr
 105              		.section	.text.DebugMon_Handler,"ax",%progbits
 106              		.align	1
 107              		.global	DebugMon_Handler
 108              		.syntax unified
 109              		.thumb
 110              		.thumb_func
 112              	DebugMon_Handler:
 113              		@ args = 0, pretend = 0, frame = 0
 114              		@ frame_needed = 0, uses_anonymous_args = 0
 115              		@ link register save eliminated.
 116 0000 7047     		bx	lr
 118              		.section	.text.PendSV_Handler,"ax",%progbits
 119              		.align	1
 120              		.global	PendSV_Handler
 121              		.syntax unified
 122              		.thumb
 123              		.thumb_func
 125              	PendSV_Handler:
 126              		@ args = 0, pretend = 0, frame = 0
 127              		@ frame_needed = 0, uses_anonymous_args = 0
 128              		@ link register save eliminated.
 129 0000 7047     		bx	lr
ARM GAS  C:\Temp\cczvpSXd.s 			page 3


 131              		.section	.text.SysTick_Handler,"ax",%progbits
 132              		.align	1
 133              		.global	SysTick_Handler
 134              		.syntax unified
 135              		.thumb
 136              		.thumb_func
 138              	SysTick_Handler:
 139              		@ args = 0, pretend = 0, frame = 0
 140              		@ frame_needed = 0, uses_anonymous_args = 0
 141              		@ link register save eliminated.
 142 0000 7047     		bx	lr
 144              		.section	.text.EXTI4_IRQHandler,"ax",%progbits
 145              		.align	1
 146              		.global	EXTI4_IRQHandler
 147              		.syntax unified
 148              		.thumb
 149              		.thumb_func
 151              	EXTI4_IRQHandler:
 152              		@ args = 0, pretend = 0, frame = 0
 153              		@ frame_needed = 0, uses_anonymous_args = 0
 154 0000 08B5     		push	{r3, lr}
 155 0002 1020     		movs	r0, #16
 156 0004 FFF7FEFF 		bl	HAL_GPIO_EXTI_IRQHandler
 157 0008 08BD     		pop	{r3, pc}
 159              		.section	.text.TIM1_UP_TIM10_IRQHandler,"ax",%progbits
 160              		.align	1
 161              		.global	TIM1_UP_TIM10_IRQHandler
 162              		.syntax unified
 163              		.thumb
 164              		.thumb_func
 166              	TIM1_UP_TIM10_IRQHandler:
 167              		@ args = 0, pretend = 0, frame = 0
 168              		@ frame_needed = 0, uses_anonymous_args = 0
 169 0000 08B5     		push	{r3, lr}
 170 0002 0248     		ldr	r0, .L19
 171 0004 FFF7FEFF 		bl	HAL_TIM_IRQHandler
 172 0008 08BD     		pop	{r3, pc}
 173              	.L20:
 174 000a 00BF     		.align	2
 175              	.L19:
 176 000c 00000000 		.word	htim1
 178              		.section	.text.TIM2_IRQHandler,"ax",%progbits
 179              		.align	1
 180              		.global	TIM2_IRQHandler
 181              		.syntax unified
 182              		.thumb
 183              		.thumb_func
 185              	TIM2_IRQHandler:
 186              		@ args = 0, pretend = 0, frame = 0
 187              		@ frame_needed = 0, uses_anonymous_args = 0
 188 0000 10B5     		push	{r4, lr}
 189 0002 094C     		ldr	r4, .L23
 190 0004 0123     		movs	r3, #1
 191 0006 2370     		strb	r3, [r4]
 192 0008 084A     		ldr	r2, .L23+4
 193 000a 1368     		ldr	r3, [r2]
 194 000c 0133     		adds	r3, r3, #1
ARM GAS  C:\Temp\cczvpSXd.s 			page 4


 195 000e 1360     		str	r3, [r2]
 196 0010 2021     		movs	r1, #32
 197 0012 0748     		ldr	r0, .L23+8
 198 0014 FFF7FEFF 		bl	HAL_GPIO_TogglePin
 199 0018 FFF7FEFF 		bl	sendToSimulink
 200 001c 0023     		movs	r3, #0
 201 001e 2370     		strb	r3, [r4]
 202 0020 0448     		ldr	r0, .L23+12
 203 0022 FFF7FEFF 		bl	HAL_TIM_IRQHandler
 204 0026 10BD     		pop	{r4, pc}
 205              	.L24:
 206              		.align	2
 207              	.L23:
 208 0028 00000000 		.word	clearToSend
 209 002c 00000000 		.word	counter
 210 0030 00000240 		.word	1073872896
 211 0034 00000000 		.word	htim2
 213              		.section	.text.TIM3_IRQHandler,"ax",%progbits
 214              		.align	1
 215              		.global	TIM3_IRQHandler
 216              		.syntax unified
 217              		.thumb
 218              		.thumb_func
 220              	TIM3_IRQHandler:
 221              		@ args = 0, pretend = 0, frame = 0
 222              		@ frame_needed = 0, uses_anonymous_args = 0
 223 0000 08B5     		push	{r3, lr}
 224 0002 034B     		ldr	r3, .L27
 225 0004 0122     		movs	r2, #1
 226 0006 1A70     		strb	r2, [r3]
 227 0008 0248     		ldr	r0, .L27+4
 228 000a FFF7FEFF 		bl	HAL_TIM_IRQHandler
 229 000e 08BD     		pop	{r3, pc}
 230              	.L28:
 231              		.align	2
 232              	.L27:
 233 0010 00000000 		.word	clearToGetL8
 234 0014 00000000 		.word	htim3
 236              		.section	.text.EXTI15_10_IRQHandler,"ax",%progbits
 237              		.align	1
 238              		.global	EXTI15_10_IRQHandler
 239              		.syntax unified
 240              		.thumb
 241              		.thumb_func
 243              	EXTI15_10_IRQHandler:
 244              		@ args = 0, pretend = 0, frame = 0
 245              		@ frame_needed = 0, uses_anonymous_args = 0
 246 0000 08B5     		push	{r3, lr}
 247 0002 4FF40050 		mov	r0, #8192
 248 0006 FFF7FEFF 		bl	HAL_GPIO_EXTI_IRQHandler
 249 000a 08BD     		pop	{r3, pc}
 251              		.ident	"GCC: (xPack GNU Arm Embedded GCC x86_64) 12.3.1 20230626"
ARM GAS  C:\Temp\cczvpSXd.s 			page 5


DEFINED SYMBOLS
                            *ABS*:00000000 stm32f4xx_it.c
  C:\Temp\cczvpSXd.s:18     .text.NMI_Handler:00000000 $t
  C:\Temp\cczvpSXd.s:24     .text.NMI_Handler:00000000 NMI_Handler
  C:\Temp\cczvpSXd.s:33     .text.HardFault_Handler:00000000 $t
  C:\Temp\cczvpSXd.s:39     .text.HardFault_Handler:00000000 HardFault_Handler
  C:\Temp\cczvpSXd.s:48     .text.MemManage_Handler:00000000 $t
  C:\Temp\cczvpSXd.s:54     .text.MemManage_Handler:00000000 MemManage_Handler
  C:\Temp\cczvpSXd.s:63     .text.BusFault_Handler:00000000 $t
  C:\Temp\cczvpSXd.s:69     .text.BusFault_Handler:00000000 BusFault_Handler
  C:\Temp\cczvpSXd.s:78     .text.UsageFault_Handler:00000000 $t
  C:\Temp\cczvpSXd.s:84     .text.UsageFault_Handler:00000000 UsageFault_Handler
  C:\Temp\cczvpSXd.s:93     .text.SVC_Handler:00000000 $t
  C:\Temp\cczvpSXd.s:99     .text.SVC_Handler:00000000 SVC_Handler
  C:\Temp\cczvpSXd.s:106    .text.DebugMon_Handler:00000000 $t
  C:\Temp\cczvpSXd.s:112    .text.DebugMon_Handler:00000000 DebugMon_Handler
  C:\Temp\cczvpSXd.s:119    .text.PendSV_Handler:00000000 $t
  C:\Temp\cczvpSXd.s:125    .text.PendSV_Handler:00000000 PendSV_Handler
  C:\Temp\cczvpSXd.s:132    .text.SysTick_Handler:00000000 $t
  C:\Temp\cczvpSXd.s:138    .text.SysTick_Handler:00000000 SysTick_Handler
  C:\Temp\cczvpSXd.s:145    .text.EXTI4_IRQHandler:00000000 $t
  C:\Temp\cczvpSXd.s:151    .text.EXTI4_IRQHandler:00000000 EXTI4_IRQHandler
  C:\Temp\cczvpSXd.s:160    .text.TIM1_UP_TIM10_IRQHandler:00000000 $t
  C:\Temp\cczvpSXd.s:166    .text.TIM1_UP_TIM10_IRQHandler:00000000 TIM1_UP_TIM10_IRQHandler
  C:\Temp\cczvpSXd.s:176    .text.TIM1_UP_TIM10_IRQHandler:0000000c $d
  C:\Temp\cczvpSXd.s:179    .text.TIM2_IRQHandler:00000000 $t
  C:\Temp\cczvpSXd.s:185    .text.TIM2_IRQHandler:00000000 TIM2_IRQHandler
  C:\Temp\cczvpSXd.s:208    .text.TIM2_IRQHandler:00000028 $d
  C:\Temp\cczvpSXd.s:214    .text.TIM3_IRQHandler:00000000 $t
  C:\Temp\cczvpSXd.s:220    .text.TIM3_IRQHandler:00000000 TIM3_IRQHandler
  C:\Temp\cczvpSXd.s:233    .text.TIM3_IRQHandler:00000010 $d
  C:\Temp\cczvpSXd.s:237    .text.EXTI15_10_IRQHandler:00000000 $t
  C:\Temp\cczvpSXd.s:243    .text.EXTI15_10_IRQHandler:00000000 EXTI15_10_IRQHandler

UNDEFINED SYMBOLS
HAL_GPIO_EXTI_IRQHandler
HAL_TIM_IRQHandler
htim1
HAL_GPIO_TogglePin
sendToSimulink
clearToSend
counter
htim2
clearToGetL8
htim3
