ARM GAS  C:\Temp\cceEa6Sk.s 			page 1


   1              		.cpu cortex-m4
   2              		.arch armv7e-m
   3              		.fpu fpv4-sp-d16
   4              		.eabi_attribute 27, 1
   5              		.eabi_attribute 28, 1
   6              		.eabi_attribute 20, 1
   7              		.eabi_attribute 21, 1
   8              		.eabi_attribute 23, 3
   9              		.eabi_attribute 24, 1
  10              		.eabi_attribute 25, 1
  11              		.eabi_attribute 26, 1
  12              		.eabi_attribute 30, 1
  13              		.eabi_attribute 34, 1
  14              		.eabi_attribute 18, 4
  15              		.file	"stm32f4xx_hal_gpio.c"
  16              		.text
  17              		.section	.rodata.HAL_GPIO_Init.str1.4,"aMS",%progbits,1
  18              		.align	2
  19              	.LC0:
  20 0000 44726976 		.ascii	"Drivers/STM32F4xx_HAL_Driver/Src/stm32f4xx_hal_gpio"
  20      6572732F 
  20      53544D33 
  20      32463478 
  20      785F4841 
  21 0033 2E6300   		.ascii	".c\000"
  22              		.section	.text.HAL_GPIO_Init,"ax",%progbits
  23              		.align	1
  24              		.global	HAL_GPIO_Init
  25              		.syntax unified
  26              		.thumb
  27              		.thumb_func
  29              	HAL_GPIO_Init:
  30              		@ args = 0, pretend = 0, frame = 8
  31              		@ frame_needed = 0, uses_anonymous_args = 0
  32 0000 2DE9F041 		push	{r4, r5, r6, r7, r8, lr}
  33 0004 82B0     		sub	sp, sp, #8
  34 0006 0746     		mov	r7, r0
  35 0008 0E46     		mov	r6, r1
  36 000a 9B4B     		ldr	r3, .L39
  37 000c 9842     		cmp	r0, r3
  38 000e 17D0     		beq	.L2
  39 0010 03F58063 		add	r3, r3, #1024
  40 0014 9842     		cmp	r0, r3
  41 0016 13D0     		beq	.L2
  42 0018 03F58063 		add	r3, r3, #1024
  43 001c 9842     		cmp	r0, r3
  44 001e 0FD0     		beq	.L2
  45 0020 03F58063 		add	r3, r3, #1024
  46 0024 9842     		cmp	r0, r3
  47 0026 0BD0     		beq	.L2
  48 0028 03F58063 		add	r3, r3, #1024
  49 002c 9842     		cmp	r0, r3
  50 002e 07D0     		beq	.L2
  51 0030 03F54063 		add	r3, r3, #3072
  52 0034 9842     		cmp	r0, r3
  53 0036 03D0     		beq	.L2
  54 0038 AC21     		movs	r1, #172
ARM GAS  C:\Temp\cceEa6Sk.s 			page 2


  55 003a 9048     		ldr	r0, .L39+4
  56 003c FFF7FEFF 		bl	assert_failed
  57              	.L2:
  58 0040 3368     		ldr	r3, [r6]
  59 0042 9AB2     		uxth	r2, r3
  60 0044 12B1     		cbz	r2, .L3
  61 0046 B3F5803F 		cmp	r3, #65536
  62 004a 03D3     		bcc	.L4
  63              	.L3:
  64 004c AD21     		movs	r1, #173
  65 004e 8B48     		ldr	r0, .L39+4
  66 0050 FFF7FEFF 		bl	assert_failed
  67              	.L4:
  68 0054 7368     		ldr	r3, [r6, #4]
  69 0056 012B     		cmp	r3, #1
  70 0058 10D9     		bls	.L5
  71 005a B3F5041F 		cmp	r3, #2162688
  72 005e 0DD0     		beq	.L5
  73 0060 11D8     		bhi	.L6
  74 0062 B3F5881F 		cmp	r3, #1114112
  75 0066 09D0     		beq	.L5
  76 0068 03D9     		bls	.L31
  77 006a B3F5901F 		cmp	r3, #1179648
  78 006e 05D0     		beq	.L5
  79 0070 12E0     		b	.L9
  80              	.L31:
  81 0072 032B     		cmp	r3, #3
  82 0074 04D9     		bls	.L32
  83 0076 113B     		subs	r3, r3, #17
  84 0078 012B     		cmp	r3, #1
  85 007a 0DD8     		bhi	.L9
  86              	.L5:
  87 007c 0024     		movs	r4, #0
  88 007e 8AE0     		b	.L23
  89              	.L32:
  90 0080 022B     		cmp	r3, #2
  91 0082 09D3     		bcc	.L9
  92 0084 FAE7     		b	.L5
  93              	.L6:
  94 0086 B3F5441F 		cmp	r3, #3211264
  95 008a F7D0     		beq	.L5
  96 008c B3F5481F 		cmp	r3, #3276800
  97 0090 F4D0     		beq	.L5
  98 0092 B3F5081F 		cmp	r3, #2228224
  99 0096 F1D0     		beq	.L5
 100              	.L9:
 101 0098 AE21     		movs	r1, #174
 102 009a 7848     		ldr	r0, .L39+4
 103 009c FFF7FEFF 		bl	assert_failed
 104 00a0 ECE7     		b	.L5
 105              	.L35:
 106 00a2 F368     		ldr	r3, [r6, #12]
 107 00a4 032B     		cmp	r3, #3
 108 00a6 13D8     		bhi	.L33
 109              	.L12:
 110 00a8 BA68     		ldr	r2, [r7, #8]
 111 00aa 6100     		lsls	r1, r4, #1
ARM GAS  C:\Temp\cceEa6Sk.s 			page 3


 112 00ac 0323     		movs	r3, #3
 113 00ae 8B40     		lsls	r3, r3, r1
 114 00b0 22EA0302 		bic	r2, r2, r3
 115 00b4 F368     		ldr	r3, [r6, #12]
 116 00b6 8B40     		lsls	r3, r3, r1
 117 00b8 1343     		orrs	r3, r3, r2
 118 00ba BB60     		str	r3, [r7, #8]
 119 00bc 7A68     		ldr	r2, [r7, #4]
 120 00be 22EA0502 		bic	r2, r2, r5
 121 00c2 7368     		ldr	r3, [r6, #4]
 122 00c4 C3F30013 		ubfx	r3, r3, #4, #1
 123 00c8 A340     		lsls	r3, r3, r4
 124 00ca 1343     		orrs	r3, r3, r2
 125 00cc 7B60     		str	r3, [r7, #4]
 126 00ce 73E0     		b	.L11
 127              	.L33:
 128 00d0 C021     		movs	r1, #192
 129 00d2 6A48     		ldr	r0, .L39+4
 130 00d4 FFF7FEFF 		bl	assert_failed
 131 00d8 E6E7     		b	.L12
 132              	.L36:
 133 00da D121     		movs	r1, #209
 134 00dc 6748     		ldr	r0, .L39+4
 135 00de FFF7FEFF 		bl	assert_failed
 136 00e2 71E0     		b	.L14
 137              	.L37:
 138 00e4 3369     		ldr	r3, [r6, #16]
 139 00e6 43B1     		cbz	r3, .L16
 140 00e8 0F2B     		cmp	r3, #15
 141 00ea 17D8     		bhi	.L17
 142 00ec 49F2F672 		movw	r2, #38902
 143 00f0 22FA03F3 		lsr	r3, r2, r3
 144 00f4 13F0010F 		tst	r3, #1
 145 00f8 10D0     		beq	.L17
 146              	.L16:
 147 00fa E208     		lsrs	r2, r4, #3
 148 00fc 0832     		adds	r2, r2, #8
 149 00fe 57F82200 		ldr	r0, [r7, r2, lsl #2]
 150 0102 04F00701 		and	r1, r4, #7
 151 0106 8900     		lsls	r1, r1, #2
 152 0108 0F23     		movs	r3, #15
 153 010a 8B40     		lsls	r3, r3, r1
 154 010c 20EA0300 		bic	r0, r0, r3
 155 0110 3369     		ldr	r3, [r6, #16]
 156 0112 8B40     		lsls	r3, r3, r1
 157 0114 0343     		orrs	r3, r3, r0
 158 0116 47F82230 		str	r3, [r7, r2, lsl #2]
 159 011a 65E0     		b	.L15
 160              	.L17:
 161 011c DE21     		movs	r1, #222
 162 011e 5748     		ldr	r0, .L39+4
 163 0120 FFF7FEFF 		bl	assert_failed
 164 0124 E9E7     		b	.L16
 165              	.L38:
 166 0126 0423     		movs	r3, #4
 167 0128 00E0     		b	.L18
 168              	.L25:
ARM GAS  C:\Temp\cceEa6Sk.s 			page 4


 169 012a 0023     		movs	r3, #0
 170              	.L18:
 171 012c 8B40     		lsls	r3, r3, r1
 172 012e 0343     		orrs	r3, r3, r0
 173 0130 0232     		adds	r2, r2, #2
 174 0132 5349     		ldr	r1, .L39+8
 175 0134 41F82230 		str	r3, [r1, r2, lsl #2]
 176 0138 524B     		ldr	r3, .L39+12
 177 013a 9A68     		ldr	r2, [r3, #8]
 178 013c 6FEA0803 		mvn	r3, r8
 179 0140 22EA0801 		bic	r1, r2, r8
 180 0144 7068     		ldr	r0, [r6, #4]
 181 0146 10F4801F 		tst	r0, #1048576
 182 014a 01D0     		beq	.L19
 183 014c 48EA0201 		orr	r1, r8, r2
 184              	.L19:
 185 0150 4C4A     		ldr	r2, .L39+12
 186 0152 9160     		str	r1, [r2, #8]
 187 0154 D268     		ldr	r2, [r2, #12]
 188 0156 03EA0201 		and	r1, r3, r2
 189 015a 7068     		ldr	r0, [r6, #4]
 190 015c 10F4001F 		tst	r0, #2097152
 191 0160 01D0     		beq	.L20
 192 0162 48EA0201 		orr	r1, r8, r2
 193              	.L20:
 194 0166 474A     		ldr	r2, .L39+12
 195 0168 D160     		str	r1, [r2, #12]
 196 016a 5268     		ldr	r2, [r2, #4]
 197 016c 03EA0201 		and	r1, r3, r2
 198 0170 7068     		ldr	r0, [r6, #4]
 199 0172 10F4003F 		tst	r0, #131072
 200 0176 01D0     		beq	.L21
 201 0178 48EA0201 		orr	r1, r8, r2
 202              	.L21:
 203 017c 414A     		ldr	r2, .L39+12
 204 017e 5160     		str	r1, [r2, #4]
 205 0180 1268     		ldr	r2, [r2]
 206 0182 1340     		ands	r3, r3, r2
 207 0184 7168     		ldr	r1, [r6, #4]
 208 0186 11F4803F 		tst	r1, #65536
 209 018a 01D0     		beq	.L22
 210 018c 48EA0203 		orr	r3, r8, r2
 211              	.L22:
 212 0190 3C4A     		ldr	r2, .L39+12
 213 0192 1360     		str	r3, [r2]
 214              	.L10:
 215 0194 0134     		adds	r4, r4, #1
 216              	.L23:
 217 0196 0F2C     		cmp	r4, #15
 218 0198 6BD8     		bhi	.L34
 219 019a 0125     		movs	r5, #1
 220 019c A540     		lsls	r5, r5, r4
 221 019e 3368     		ldr	r3, [r6]
 222 01a0 03EA0508 		and	r8, r3, r5
 223 01a4 35EA0303 		bics	r3, r5, r3
 224 01a8 F4D1     		bne	.L10
 225 01aa 7368     		ldr	r3, [r6, #4]
ARM GAS  C:\Temp\cceEa6Sk.s 			page 5


 226 01ac 03F00303 		and	r3, r3, #3
 227 01b0 013B     		subs	r3, r3, #1
 228 01b2 012B     		cmp	r3, #1
 229 01b4 7FF675AF 		bls	.L35
 230              	.L11:
 231 01b8 7368     		ldr	r3, [r6, #4]
 232 01ba 03F00303 		and	r3, r3, #3
 233 01be 032B     		cmp	r3, #3
 234 01c0 0CD0     		beq	.L13
 235 01c2 B368     		ldr	r3, [r6, #8]
 236 01c4 022B     		cmp	r3, #2
 237 01c6 88D8     		bhi	.L36
 238              	.L14:
 239 01c8 FA68     		ldr	r2, [r7, #12]
 240 01ca 6100     		lsls	r1, r4, #1
 241 01cc 0323     		movs	r3, #3
 242 01ce 8B40     		lsls	r3, r3, r1
 243 01d0 22EA0302 		bic	r2, r2, r3
 244 01d4 B368     		ldr	r3, [r6, #8]
 245 01d6 8B40     		lsls	r3, r3, r1
 246 01d8 1343     		orrs	r3, r3, r2
 247 01da FB60     		str	r3, [r7, #12]
 248              	.L13:
 249 01dc 7368     		ldr	r3, [r6, #4]
 250 01de 03F00303 		and	r3, r3, #3
 251 01e2 022B     		cmp	r3, #2
 252 01e4 3FF47EAF 		beq	.L37
 253              	.L15:
 254 01e8 3A68     		ldr	r2, [r7]
 255 01ea 6100     		lsls	r1, r4, #1
 256 01ec 0323     		movs	r3, #3
 257 01ee 8B40     		lsls	r3, r3, r1
 258 01f0 22EA0302 		bic	r2, r2, r3
 259 01f4 7368     		ldr	r3, [r6, #4]
 260 01f6 03F00303 		and	r3, r3, #3
 261 01fa 8B40     		lsls	r3, r3, r1
 262 01fc 1343     		orrs	r3, r3, r2
 263 01fe 3B60     		str	r3, [r7]
 264 0200 7368     		ldr	r3, [r6, #4]
 265 0202 13F4403F 		tst	r3, #196608
 266 0206 C5D0     		beq	.L10
 267 0208 0023     		movs	r3, #0
 268 020a 0193     		str	r3, [sp, #4]
 269 020c 1E4B     		ldr	r3, .L39+16
 270 020e 5A6C     		ldr	r2, [r3, #68]
 271 0210 42F48042 		orr	r2, r2, #16384
 272 0214 5A64     		str	r2, [r3, #68]
 273 0216 5B6C     		ldr	r3, [r3, #68]
 274 0218 03F48043 		and	r3, r3, #16384
 275 021c 0193     		str	r3, [sp, #4]
 276 021e 019B     		ldr	r3, [sp, #4]
 277 0220 A208     		lsrs	r2, r4, #2
 278 0222 911C     		adds	r1, r2, #2
 279 0224 164B     		ldr	r3, .L39+8
 280 0226 53F82100 		ldr	r0, [r3, r1, lsl #2]
 281 022a 04F00301 		and	r1, r4, #3
 282 022e 8900     		lsls	r1, r1, #2
ARM GAS  C:\Temp\cceEa6Sk.s 			page 6


 283 0230 0F23     		movs	r3, #15
 284 0232 8B40     		lsls	r3, r3, r1
 285 0234 20EA0300 		bic	r0, r0, r3
 286 0238 0F4B     		ldr	r3, .L39
 287 023a 9F42     		cmp	r7, r3
 288 023c 3FF475AF 		beq	.L25
 289 0240 03F58063 		add	r3, r3, #1024
 290 0244 9F42     		cmp	r7, r3
 291 0246 0ED0     		beq	.L26
 292 0248 03F58063 		add	r3, r3, #1024
 293 024c 9F42     		cmp	r7, r3
 294 024e 0CD0     		beq	.L27
 295 0250 03F58063 		add	r3, r3, #1024
 296 0254 9F42     		cmp	r7, r3
 297 0256 0AD0     		beq	.L28
 298 0258 03F58063 		add	r3, r3, #1024
 299 025c 9F42     		cmp	r7, r3
 300 025e 3FF462AF 		beq	.L38
 301 0262 0723     		movs	r3, #7
 302 0264 62E7     		b	.L18
 303              	.L26:
 304 0266 0123     		movs	r3, #1
 305 0268 60E7     		b	.L18
 306              	.L27:
 307 026a 0223     		movs	r3, #2
 308 026c 5EE7     		b	.L18
 309              	.L28:
 310 026e 0323     		movs	r3, #3
 311 0270 5CE7     		b	.L18
 312              	.L34:
 313 0272 02B0     		add	sp, sp, #8
 314              		@ sp needed
 315 0274 BDE8F081 		pop	{r4, r5, r6, r7, r8, pc}
 316              	.L40:
 317              		.align	2
 318              	.L39:
 319 0278 00000240 		.word	1073872896
 320 027c 00000000 		.word	.LC0
 321 0280 00380140 		.word	1073821696
 322 0284 003C0140 		.word	1073822720
 323 0288 00380240 		.word	1073887232
 325              		.section	.text.HAL_GPIO_DeInit,"ax",%progbits
 326              		.align	1
 327              		.global	HAL_GPIO_DeInit
 328              		.syntax unified
 329              		.thumb
 330              		.thumb_func
 332              	HAL_GPIO_DeInit:
 333              		@ args = 0, pretend = 0, frame = 0
 334              		@ frame_needed = 0, uses_anonymous_args = 0
 335 0000 F8B5     		push	{r3, r4, r5, r6, r7, lr}
 336 0002 0446     		mov	r4, r0
 337 0004 0D46     		mov	r5, r1
 338 0006 4B4B     		ldr	r3, .L57
 339 0008 9842     		cmp	r0, r3
 340 000a 18D0     		beq	.L42
 341 000c 03F58063 		add	r3, r3, #1024
ARM GAS  C:\Temp\cceEa6Sk.s 			page 7


 342 0010 9842     		cmp	r0, r3
 343 0012 14D0     		beq	.L42
 344 0014 03F58063 		add	r3, r3, #1024
 345 0018 9842     		cmp	r0, r3
 346 001a 10D0     		beq	.L42
 347 001c 03F58063 		add	r3, r3, #1024
 348 0020 9842     		cmp	r0, r3
 349 0022 0CD0     		beq	.L42
 350 0024 03F58063 		add	r3, r3, #1024
 351 0028 9842     		cmp	r0, r3
 352 002a 08D0     		beq	.L42
 353 002c 03F54063 		add	r3, r3, #3072
 354 0030 9842     		cmp	r0, r3
 355 0032 04D0     		beq	.L42
 356 0034 4FF49771 		mov	r1, #302
 357 0038 3F48     		ldr	r0, .L57+4
 358 003a FFF7FEFF 		bl	assert_failed
 359              	.L42:
 360 003e 0023     		movs	r3, #0
 361 0040 2AE0     		b	.L43
 362              	.L56:
 363 0042 0426     		movs	r6, #4
 364 0044 00E0     		b	.L45
 365              	.L48:
 366 0046 0026     		movs	r6, #0
 367              	.L45:
 368 0048 06FA01F1 		lsl	r1, r6, r1
 369 004c 8142     		cmp	r1, r0
 370 004e 55D0     		beq	.L54
 371              	.L46:
 372 0050 2068     		ldr	r0, [r4]
 373 0052 5E00     		lsls	r6, r3, #1
 374 0054 0321     		movs	r1, #3
 375 0056 B140     		lsls	r1, r1, r6
 376 0058 20EA0100 		bic	r0, r0, r1
 377 005c 2060     		str	r0, [r4]
 378 005e D808     		lsrs	r0, r3, #3
 379 0060 0830     		adds	r0, r0, #8
 380 0062 54F82060 		ldr	r6, [r4, r0, lsl #2]
 381 0066 03F0070E 		and	lr, r3, #7
 382 006a 4FEA8E0E 		lsl	lr, lr, #2
 383 006e 4FF00F0C 		mov	ip, #15
 384 0072 0CFA0EFC 		lsl	ip, ip, lr
 385 0076 26EA0C06 		bic	r6, r6, ip
 386 007a 44F82060 		str	r6, [r4, r0, lsl #2]
 387 007e E068     		ldr	r0, [r4, #12]
 388 0080 20EA0100 		bic	r0, r0, r1
 389 0084 E060     		str	r0, [r4, #12]
 390 0086 6068     		ldr	r0, [r4, #4]
 391 0088 20EA0202 		bic	r2, r0, r2
 392 008c 6260     		str	r2, [r4, #4]
 393 008e A268     		ldr	r2, [r4, #8]
 394 0090 22EA0102 		bic	r2, r2, r1
 395 0094 A260     		str	r2, [r4, #8]
 396              	.L44:
 397 0096 0133     		adds	r3, r3, #1
 398              	.L43:
ARM GAS  C:\Temp\cceEa6Sk.s 			page 8


 399 0098 0F2B     		cmp	r3, #15
 400 009a 4AD8     		bhi	.L55
 401 009c 0122     		movs	r2, #1
 402 009e 9A40     		lsls	r2, r2, r3
 403 00a0 02EA050C 		and	ip, r2, r5
 404 00a4 32EA0501 		bics	r1, r2, r5
 405 00a8 F5D1     		bne	.L44
 406 00aa 4FEA930E 		lsr	lr, r3, #2
 407 00ae 0EF10200 		add	r0, lr, #2
 408 00b2 2249     		ldr	r1, .L57+8
 409 00b4 51F82000 		ldr	r0, [r1, r0, lsl #2]
 410 00b8 03F00301 		and	r1, r3, #3
 411 00bc 8900     		lsls	r1, r1, #2
 412 00be 0F26     		movs	r6, #15
 413 00c0 06FA01F7 		lsl	r7, r6, r1
 414 00c4 3840     		ands	r0, r0, r7
 415 00c6 1B4E     		ldr	r6, .L57
 416 00c8 B442     		cmp	r4, r6
 417 00ca BCD0     		beq	.L48
 418 00cc 06F58066 		add	r6, r6, #1024
 419 00d0 B442     		cmp	r4, r6
 420 00d2 0DD0     		beq	.L49
 421 00d4 06F58066 		add	r6, r6, #1024
 422 00d8 B442     		cmp	r4, r6
 423 00da 0BD0     		beq	.L50
 424 00dc 06F58066 		add	r6, r6, #1024
 425 00e0 B442     		cmp	r4, r6
 426 00e2 09D0     		beq	.L51
 427 00e4 06F58066 		add	r6, r6, #1024
 428 00e8 B442     		cmp	r4, r6
 429 00ea AAD0     		beq	.L56
 430 00ec 0726     		movs	r6, #7
 431 00ee ABE7     		b	.L45
 432              	.L49:
 433 00f0 0126     		movs	r6, #1
 434 00f2 A9E7     		b	.L45
 435              	.L50:
 436 00f4 0226     		movs	r6, #2
 437 00f6 A7E7     		b	.L45
 438              	.L51:
 439 00f8 0326     		movs	r6, #3
 440 00fa A5E7     		b	.L45
 441              	.L54:
 442 00fc 1049     		ldr	r1, .L57+12
 443 00fe 0868     		ldr	r0, [r1]
 444 0100 20EA0C00 		bic	r0, r0, ip
 445 0104 0860     		str	r0, [r1]
 446 0106 4868     		ldr	r0, [r1, #4]
 447 0108 20EA0C00 		bic	r0, r0, ip
 448 010c 4860     		str	r0, [r1, #4]
 449 010e C868     		ldr	r0, [r1, #12]
 450 0110 20EA0C00 		bic	r0, r0, ip
 451 0114 C860     		str	r0, [r1, #12]
 452 0116 8868     		ldr	r0, [r1, #8]
 453 0118 20EA0C00 		bic	r0, r0, ip
 454 011c 8860     		str	r0, [r1, #8]
 455 011e 074E     		ldr	r6, .L57+8
ARM GAS  C:\Temp\cceEa6Sk.s 			page 9


 456 0120 0EF10201 		add	r1, lr, #2
 457 0124 56F82100 		ldr	r0, [r6, r1, lsl #2]
 458 0128 20EA0700 		bic	r0, r0, r7
 459 012c 46F82100 		str	r0, [r6, r1, lsl #2]
 460 0130 8EE7     		b	.L46
 461              	.L55:
 462 0132 F8BD     		pop	{r3, r4, r5, r6, r7, pc}
 463              	.L58:
 464              		.align	2
 465              	.L57:
 466 0134 00000240 		.word	1073872896
 467 0138 00000000 		.word	.LC0
 468 013c 00380140 		.word	1073821696
 469 0140 003C0140 		.word	1073822720
 471              		.section	.text.HAL_GPIO_ReadPin,"ax",%progbits
 472              		.align	1
 473              		.global	HAL_GPIO_ReadPin
 474              		.syntax unified
 475              		.thumb
 476              		.thumb_func
 478              	HAL_GPIO_ReadPin:
 479              		@ args = 0, pretend = 0, frame = 0
 480              		@ frame_needed = 0, uses_anonymous_args = 0
 481 0000 38B5     		push	{r3, r4, r5, lr}
 482 0002 0446     		mov	r4, r0
 483 0004 0D46     		mov	r5, r1
 484 0006 21B1     		cbz	r1, .L64
 485              	.L60:
 486 0008 2369     		ldr	r3, [r4, #16]
 487 000a 1D42     		tst	r5, r3
 488 000c 07D0     		beq	.L62
 489 000e 0120     		movs	r0, #1
 490              	.L61:
 491 0010 38BD     		pop	{r3, r4, r5, pc}
 492              	.L64:
 493 0012 4FF4BE71 		mov	r1, #380
 494 0016 0348     		ldr	r0, .L65
 495 0018 FFF7FEFF 		bl	assert_failed
 496 001c F4E7     		b	.L60
 497              	.L62:
 498 001e 0020     		movs	r0, #0
 499 0020 F6E7     		b	.L61
 500              	.L66:
 501 0022 00BF     		.align	2
 502              	.L65:
 503 0024 00000000 		.word	.LC0
 505              		.section	.text.HAL_GPIO_WritePin,"ax",%progbits
 506              		.align	1
 507              		.global	HAL_GPIO_WritePin
 508              		.syntax unified
 509              		.thumb
 510              		.thumb_func
 512              	HAL_GPIO_WritePin:
 513              		@ args = 0, pretend = 0, frame = 0
 514              		@ frame_needed = 0, uses_anonymous_args = 0
 515 0000 70B5     		push	{r4, r5, r6, lr}
 516 0002 0546     		mov	r5, r0
ARM GAS  C:\Temp\cceEa6Sk.s 			page 10


 517 0004 1446     		mov	r4, r2
 518 0006 0E46     		mov	r6, r1
 519 0008 21B1     		cbz	r1, .L73
 520              	.L68:
 521 000a 012C     		cmp	r4, #1
 522 000c 08D8     		bhi	.L74
 523              	.L69:
 524 000e 6CB1     		cbz	r4, .L70
 525 0010 AE61     		str	r6, [r5, #24]
 526              	.L67:
 527 0012 70BD     		pop	{r4, r5, r6, pc}
 528              	.L73:
 529 0014 40F29D11 		movw	r1, #413
 530 0018 0648     		ldr	r0, .L75
 531 001a FFF7FEFF 		bl	assert_failed
 532 001e F4E7     		b	.L68
 533              	.L74:
 534 0020 4FF4CF71 		mov	r1, #414
 535 0024 0348     		ldr	r0, .L75
 536 0026 FFF7FEFF 		bl	assert_failed
 537 002a F0E7     		b	.L69
 538              	.L70:
 539 002c 3604     		lsls	r6, r6, #16
 540 002e AE61     		str	r6, [r5, #24]
 541 0030 EFE7     		b	.L67
 542              	.L76:
 543 0032 00BF     		.align	2
 544              	.L75:
 545 0034 00000000 		.word	.LC0
 547              		.section	.text.HAL_GPIO_TogglePin,"ax",%progbits
 548              		.align	1
 549              		.global	HAL_GPIO_TogglePin
 550              		.syntax unified
 551              		.thumb
 552              		.thumb_func
 554              	HAL_GPIO_TogglePin:
 555              		@ args = 0, pretend = 0, frame = 0
 556              		@ frame_needed = 0, uses_anonymous_args = 0
 557 0000 38B5     		push	{r3, r4, r5, lr}
 558 0002 0546     		mov	r5, r0
 559 0004 0C46     		mov	r4, r1
 560 0006 41B1     		cbz	r1, .L80
 561              	.L78:
 562 0008 6B69     		ldr	r3, [r5, #20]
 563 000a 04EA0302 		and	r2, r4, r3
 564 000e 24EA0304 		bic	r4, r4, r3
 565 0012 44EA0244 		orr	r4, r4, r2, lsl #16
 566 0016 AC61     		str	r4, [r5, #24]
 567 0018 38BD     		pop	{r3, r4, r5, pc}
 568              	.L80:
 569 001a 4FF4DB71 		mov	r1, #438
 570 001e 0248     		ldr	r0, .L81
 571 0020 FFF7FEFF 		bl	assert_failed
 572 0024 F0E7     		b	.L78
 573              	.L82:
 574 0026 00BF     		.align	2
 575              	.L81:
ARM GAS  C:\Temp\cceEa6Sk.s 			page 11


 576 0028 00000000 		.word	.LC0
 578              		.section	.text.HAL_GPIO_LockPin,"ax",%progbits
 579              		.align	1
 580              		.global	HAL_GPIO_LockPin
 581              		.syntax unified
 582              		.thumb
 583              		.thumb_func
 585              	HAL_GPIO_LockPin:
 586              		@ args = 0, pretend = 0, frame = 8
 587              		@ frame_needed = 0, uses_anonymous_args = 0
 588 0000 30B5     		push	{r4, r5, lr}
 589 0002 83B0     		sub	sp, sp, #12
 590 0004 0446     		mov	r4, r0
 591 0006 4FF48033 		mov	r3, #65536
 592 000a 0193     		str	r3, [sp, #4]
 593 000c 0D46     		mov	r5, r1
 594 000e 81B1     		cbz	r1, .L88
 595              	.L84:
 596 0010 019B     		ldr	r3, [sp, #4]
 597 0012 2B43     		orrs	r3, r3, r5
 598 0014 0193     		str	r3, [sp, #4]
 599 0016 019B     		ldr	r3, [sp, #4]
 600 0018 E361     		str	r3, [r4, #28]
 601 001a E561     		str	r5, [r4, #28]
 602 001c 019B     		ldr	r3, [sp, #4]
 603 001e E361     		str	r3, [r4, #28]
 604 0020 E369     		ldr	r3, [r4, #28]
 605 0022 0193     		str	r3, [sp, #4]
 606 0024 E369     		ldr	r3, [r4, #28]
 607 0026 13F4803F 		tst	r3, #65536
 608 002a 08D0     		beq	.L86
 609 002c 0020     		movs	r0, #0
 610              	.L85:
 611 002e 03B0     		add	sp, sp, #12
 612              		@ sp needed
 613 0030 30BD     		pop	{r4, r5, pc}
 614              	.L88:
 615 0032 40F2CF11 		movw	r1, #463
 616 0036 0348     		ldr	r0, .L89
 617 0038 FFF7FEFF 		bl	assert_failed
 618 003c E8E7     		b	.L84
 619              	.L86:
 620 003e 0120     		movs	r0, #1
 621 0040 F5E7     		b	.L85
 622              	.L90:
 623 0042 00BF     		.align	2
 624              	.L89:
 625 0044 00000000 		.word	.LC0
 627              		.section	.text.HAL_GPIO_EXTI_Callback,"ax",%progbits
 628              		.align	1
 629              		.weak	HAL_GPIO_EXTI_Callback
 630              		.syntax unified
 631              		.thumb
 632              		.thumb_func
 634              	HAL_GPIO_EXTI_Callback:
 635              		@ args = 0, pretend = 0, frame = 0
 636              		@ frame_needed = 0, uses_anonymous_args = 0
ARM GAS  C:\Temp\cceEa6Sk.s 			page 12


 637              		@ link register save eliminated.
 638 0000 7047     		bx	lr
 640              		.section	.text.HAL_GPIO_EXTI_IRQHandler,"ax",%progbits
 641              		.align	1
 642              		.global	HAL_GPIO_EXTI_IRQHandler
 643              		.syntax unified
 644              		.thumb
 645              		.thumb_func
 647              	HAL_GPIO_EXTI_IRQHandler:
 648              		@ args = 0, pretend = 0, frame = 0
 649              		@ frame_needed = 0, uses_anonymous_args = 0
 650 0000 08B5     		push	{r3, lr}
 651 0002 054B     		ldr	r3, .L96
 652 0004 5B69     		ldr	r3, [r3, #20]
 653 0006 0342     		tst	r3, r0
 654 0008 00D1     		bne	.L95
 655              	.L92:
 656 000a 08BD     		pop	{r3, pc}
 657              	.L95:
 658 000c 024B     		ldr	r3, .L96
 659 000e 5861     		str	r0, [r3, #20]
 660 0010 FFF7FEFF 		bl	HAL_GPIO_EXTI_Callback
 661 0014 F9E7     		b	.L92
 662              	.L97:
 663 0016 00BF     		.align	2
 664              	.L96:
 665 0018 003C0140 		.word	1073822720
 667              		.ident	"GCC: (xPack GNU Arm Embedded GCC x86_64) 12.3.1 20230626"
ARM GAS  C:\Temp\cceEa6Sk.s 			page 13


DEFINED SYMBOLS
                            *ABS*:00000000 stm32f4xx_hal_gpio.c
  C:\Temp\cceEa6Sk.s:18     .rodata.HAL_GPIO_Init.str1.4:00000000 $d
  C:\Temp\cceEa6Sk.s:23     .text.HAL_GPIO_Init:00000000 $t
  C:\Temp\cceEa6Sk.s:29     .text.HAL_GPIO_Init:00000000 HAL_GPIO_Init
  C:\Temp\cceEa6Sk.s:319    .text.HAL_GPIO_Init:00000278 $d
  C:\Temp\cceEa6Sk.s:326    .text.HAL_GPIO_DeInit:00000000 $t
  C:\Temp\cceEa6Sk.s:332    .text.HAL_GPIO_DeInit:00000000 HAL_GPIO_DeInit
  C:\Temp\cceEa6Sk.s:466    .text.HAL_GPIO_DeInit:00000134 $d
  C:\Temp\cceEa6Sk.s:472    .text.HAL_GPIO_ReadPin:00000000 $t
  C:\Temp\cceEa6Sk.s:478    .text.HAL_GPIO_ReadPin:00000000 HAL_GPIO_ReadPin
  C:\Temp\cceEa6Sk.s:503    .text.HAL_GPIO_ReadPin:00000024 $d
  C:\Temp\cceEa6Sk.s:506    .text.HAL_GPIO_WritePin:00000000 $t
  C:\Temp\cceEa6Sk.s:512    .text.HAL_GPIO_WritePin:00000000 HAL_GPIO_WritePin
  C:\Temp\cceEa6Sk.s:545    .text.HAL_GPIO_WritePin:00000034 $d
  C:\Temp\cceEa6Sk.s:548    .text.HAL_GPIO_TogglePin:00000000 $t
  C:\Temp\cceEa6Sk.s:554    .text.HAL_GPIO_TogglePin:00000000 HAL_GPIO_TogglePin
  C:\Temp\cceEa6Sk.s:576    .text.HAL_GPIO_TogglePin:00000028 $d
  C:\Temp\cceEa6Sk.s:579    .text.HAL_GPIO_LockPin:00000000 $t
  C:\Temp\cceEa6Sk.s:585    .text.HAL_GPIO_LockPin:00000000 HAL_GPIO_LockPin
  C:\Temp\cceEa6Sk.s:625    .text.HAL_GPIO_LockPin:00000044 $d
  C:\Temp\cceEa6Sk.s:628    .text.HAL_GPIO_EXTI_Callback:00000000 $t
  C:\Temp\cceEa6Sk.s:634    .text.HAL_GPIO_EXTI_Callback:00000000 HAL_GPIO_EXTI_Callback
  C:\Temp\cceEa6Sk.s:641    .text.HAL_GPIO_EXTI_IRQHandler:00000000 $t
  C:\Temp\cceEa6Sk.s:647    .text.HAL_GPIO_EXTI_IRQHandler:00000000 HAL_GPIO_EXTI_IRQHandler
  C:\Temp\cceEa6Sk.s:665    .text.HAL_GPIO_EXTI_IRQHandler:00000018 $d

UNDEFINED SYMBOLS
assert_failed
