ARM GAS  C:\Temp\ccUBFT4j.s 			page 1


   1              		.cpu cortex-m4
   2              		.arch armv7e-m
   3              		.fpu fpv4-sp-d16
   4              		.eabi_attribute 27, 1
   5              		.eabi_attribute 28, 1
   6              		.eabi_attribute 20, 1
   7              		.eabi_attribute 21, 1
   8              		.eabi_attribute 23, 3
   9              		.eabi_attribute 24, 1
  10              		.eabi_attribute 25, 1
  11              		.eabi_attribute 26, 1
  12              		.eabi_attribute 30, 1
  13              		.eabi_attribute 34, 1
  14              		.eabi_attribute 18, 4
  15              		.file	"vl53l8cx_plugin_motion_indicator.c"
  16              		.text
  17              		.section	.text.vl53l8cx_motion_indicator_set_distance_motion,"ax",%progbits
  18              		.align	1
  19              		.global	vl53l8cx_motion_indicator_set_distance_motion
  20              		.syntax unified
  21              		.thumb
  22              		.thumb_func
  24              	vl53l8cx_motion_indicator_set_distance_motion:
  25              		@ args = 0, pretend = 0, frame = 0
  26              		@ frame_needed = 0, uses_anonymous_args = 0
  27 0000 08B5     		push	{r3, lr}
  28 0002 A3EB020E 		sub	lr, r3, r2
  29 0006 40F2DC5C 		movw	ip, #1500
  30 000a E645     		cmp	lr, ip
  31 000c 3CDC     		bgt	.L3
  32 000e B2F5C87F 		cmp	r2, #400
  33 0012 3BD3     		bcc	.L4
  34 0014 B3F57A6F 		cmp	r3, #4000
  35 0018 01D9     		bls	.L7
  36 001a 7F20     		movs	r0, #127
  37 001c 35E0     		b	.L2
  38              	.L7:
  39 001e 07EE902A 		vmov	s15, r2	@ int
  40 0022 F8EE677A 		vcvt.f32.u32	s15, s15
  41 0026 DFED1A6A 		vldr.32	s13, .L8
  42 002a 87EEA67A 		vdiv.f32	s14, s15, s13
  43 002e F1EE006A 		vmov.f32	s13, #4.0e+0
  44 0032 37EE667A 		vsub.f32	s14, s14, s13
  45 0036 DFED176A 		vldr.32	s13, .L8+4
  46 003a 27EE267A 		vmul.f32	s14, s14, s13
  47 003e BDEEC77A 		vcvt.s32.f32	s14, s14
  48 0042 81ED007A 		vstr.32	s14, [r1]	@ int
  49 0046 07EE103A 		vmov	s14, r3	@ int
  50 004a B8EE477A 		vcvt.f32.u32	s14, s14
  51 004e 77EE677A 		vsub.f32	s15, s14, s15
  52 0052 F2EE046A 		vmov.f32	s13, #1.0e+1
  53 0056 87EEA67A 		vdiv.f32	s14, s15, s13
  54 005a DFED0F7A 		vldr.32	s15, .L8+8
  55 005e 37EE277A 		vadd.f32	s14, s14, s15
  56 0062 DFED0E6A 		vldr.32	s13, .L8+12
  57 0066 C7EE267A 		vdiv.f32	s15, s14, s13
  58 006a B6EE007A 		vmov.f32	s14, #5.0e-1
ARM GAS  C:\Temp\ccUBFT4j.s 			page 2


  59 006e 77EE877A 		vadd.f32	s15, s15, s14
  60 0072 FCEEE77A 		vcvt.u32.f32	s15, s15
  61 0076 17EE903A 		vmov	r3, s15	@ int
  62 007a CB74     		strb	r3, [r1, #19]
  63 007c 9C23     		movs	r3, #156
  64 007e 4BF6AC72 		movw	r2, #49068
  65 0082 FFF7FEFF 		bl	vl53l8cx_dci_write_data
  66 0086 00E0     		b	.L2
  67              	.L3:
  68 0088 7F20     		movs	r0, #127
  69              	.L2:
  70 008a 08BD     		pop	{r3, pc}
  71              	.L4:
  72 008c 7F20     		movs	r0, #127
  73 008e FCE7     		b	.L2
  74              	.L9:
  75              		.align	2
  76              	.L8:
  77 0090 A3231642 		.word	1108747171
  78 0094 00080045 		.word	1157629952
  79 0098 0439F041 		.word	1106262276
  80 009c 04397041 		.word	1097873668
  82              		.section	.text.vl53l8cx_motion_indicator_set_resolution,"ax",%progbits
  83              		.align	1
  84              		.global	vl53l8cx_motion_indicator_set_resolution
  85              		.syntax unified
  86              		.thumb
  87              		.thumb_func
  89              	vl53l8cx_motion_indicator_set_resolution:
  90              		@ args = 0, pretend = 0, frame = 0
  91              		@ frame_needed = 0, uses_anonymous_args = 0
  92 0000 38B5     		push	{r3, r4, r5, lr}
  93 0002 0546     		mov	r5, r0
  94 0004 0C46     		mov	r4, r1
  95 0006 102A     		cmp	r2, #16
  96 0008 18D0     		beq	.L18
  97 000a 402A     		cmp	r2, #64
  98 000c 33D0     		beq	.L19
  99 000e FF20     		movs	r0, #255
 100 0010 13E0     		b	.L13
 101              	.L14:
 102 0012 E218     		adds	r2, r4, r3
 103 0014 1377     		strb	r3, [r2, #28]
 104 0016 0133     		adds	r3, r3, #1
 105 0018 DBB2     		uxtb	r3, r3
 106              	.L11:
 107 001a 0F2B     		cmp	r3, #15
 108 001c F9D9     		bls	.L14
 109 001e 3022     		movs	r2, #48
 110 0020 4FF0FF31 		mov	r1, #-1
 111 0024 04F12C00 		add	r0, r4, #44
 112 0028 FFF7FEFF 		bl	memset
 113              	.L15:
 114 002c 9C23     		movs	r3, #156
 115 002e 4BF6AC72 		movw	r2, #49068
 116 0032 2146     		mov	r1, r4
 117 0034 2846     		mov	r0, r5
ARM GAS  C:\Temp\ccUBFT4j.s 			page 3


 118 0036 FFF7FEFF 		bl	vl53l8cx_dci_write_data
 119              	.L13:
 120 003a 38BD     		pop	{r3, r4, r5, pc}
 121              	.L18:
 122 003c 0023     		movs	r3, #0
 123 003e ECE7     		b	.L11
 124              	.L16:
 125 0040 1211     		asrs	r2, r2, #4
 126 0042 9200     		lsls	r2, r2, #2
 127 0044 D2B2     		uxtb	r2, r2
 128 0046 5842     		rsbs	r0, r3, #0
 129 0048 03F00703 		and	r3, r3, #7
 130 004c 00F00700 		and	r0, r0, #7
 131 0050 58BF     		it	pl
 132 0052 4342     		rsbpl	r3, r0, #0
 133 0054 03EBD373 		add	r3, r3, r3, lsr #31
 134 0058 02EB6302 		add	r2, r2, r3, asr #1
 135 005c 6318     		adds	r3, r4, r1
 136 005e 1A77     		strb	r2, [r3, #28]
 137 0060 0131     		adds	r1, r1, #1
 138 0062 C9B2     		uxtb	r1, r1
 139              	.L12:
 140 0064 3F29     		cmp	r1, #63
 141 0066 E1D8     		bhi	.L15
 142 0068 4BB2     		sxtb	r3, r1
 143 006a 1A46     		mov	r2, r3
 144 006c 002B     		cmp	r3, #0
 145 006e E7DA     		bge	.L16
 146 0070 03F10F02 		add	r2, r3, #15
 147 0074 E4E7     		b	.L16
 148              	.L19:
 149 0076 0021     		movs	r1, #0
 150 0078 F4E7     		b	.L12
 152              		.section	.text.vl53l8cx_motion_indicator_init,"ax",%progbits
 153              		.align	1
 154              		.global	vl53l8cx_motion_indicator_init
 155              		.syntax unified
 156              		.thumb
 157              		.thumb_func
 159              	vl53l8cx_motion_indicator_init:
 160              		@ args = 0, pretend = 0, frame = 0
 161              		@ frame_needed = 0, uses_anonymous_args = 0
 162 0000 70B5     		push	{r4, r5, r6, lr}
 163 0002 0546     		mov	r5, r0
 164 0004 0C46     		mov	r4, r1
 165 0006 1646     		mov	r6, r2
 166 0008 9C22     		movs	r2, #156
 167 000a 0021     		movs	r1, #0
 168 000c 2046     		mov	r0, r4
 169 000e FFF7FEFF 		bl	memset
 170 0012 43F24153 		movw	r3, #13633
 171 0016 2360     		str	r3, [r4]
 172 0018 4FF43013 		mov	r3, #2883584
 173 001c 6360     		str	r3, [r4, #4]
 174 001e 0623     		movs	r3, #6
 175 0020 2374     		strb	r3, [r4, #16]
 176 0022 0223     		movs	r3, #2
ARM GAS  C:\Temp\ccUBFT4j.s 			page 4


 177 0024 6374     		strb	r3, [r4, #17]
 178 0026 0423     		movs	r3, #4
 179 0028 A374     		strb	r3, [r4, #18]
 180 002a 0923     		movs	r3, #9
 181 002c E374     		strb	r3, [r4, #19]
 182 002e 1023     		movs	r3, #16
 183 0030 2375     		strb	r3, [r4, #20]
 184 0032 6375     		strb	r3, [r4, #21]
 185 0034 0123     		movs	r3, #1
 186 0036 A375     		strb	r3, [r4, #22]
 187 0038 0823     		movs	r3, #8
 188 003a E375     		strb	r3, [r4, #23]
 189 003c 3246     		mov	r2, r6
 190 003e 2146     		mov	r1, r4
 191 0040 2846     		mov	r0, r5
 192 0042 FFF7FEFF 		bl	vl53l8cx_motion_indicator_set_resolution
 193 0046 70BD     		pop	{r4, r5, r6, pc}
 195              		.ident	"GCC: (xPack GNU Arm Embedded GCC x86_64) 12.3.1 20230626"
ARM GAS  C:\Temp\ccUBFT4j.s 			page 5


DEFINED SYMBOLS
                            *ABS*:00000000 vl53l8cx_plugin_motion_indicator.c
  C:\Temp\ccUBFT4j.s:18     .text.vl53l8cx_motion_indicator_set_distance_motion:00000000 $t
  C:\Temp\ccUBFT4j.s:24     .text.vl53l8cx_motion_indicator_set_distance_motion:00000000 vl53l8cx_motion_indicator_set_distance_motion
  C:\Temp\ccUBFT4j.s:77     .text.vl53l8cx_motion_indicator_set_distance_motion:00000090 $d
  C:\Temp\ccUBFT4j.s:83     .text.vl53l8cx_motion_indicator_set_resolution:00000000 $t
  C:\Temp\ccUBFT4j.s:89     .text.vl53l8cx_motion_indicator_set_resolution:00000000 vl53l8cx_motion_indicator_set_resolution
  C:\Temp\ccUBFT4j.s:153    .text.vl53l8cx_motion_indicator_init:00000000 $t
  C:\Temp\ccUBFT4j.s:159    .text.vl53l8cx_motion_indicator_init:00000000 vl53l8cx_motion_indicator_init

UNDEFINED SYMBOLS
vl53l8cx_dci_write_data
memset
