ARM GAS  C:\Temp\cchCWmDb.s 			page 1


   1              		.cpu cortex-m4
   2              		.arch armv7e-m
   3              		.fpu fpv4-sp-d16
   4              		.eabi_attribute 27, 1
   5              		.eabi_attribute 28, 1
   6              		.eabi_attribute 20, 1
   7              		.eabi_attribute 21, 1
   8              		.eabi_attribute 23, 3
   9              		.eabi_attribute 24, 1
  10              		.eabi_attribute 25, 1
  11              		.eabi_attribute 26, 1
  12              		.eabi_attribute 30, 1
  13              		.eabi_attribute 34, 1
  14              		.eabi_attribute 18, 4
  15              		.file	"VL53L8A1_Simulink.c"
  16              		.text
  17              		.section	.rodata.initVL53L8A1.str1.4,"aMS",%progbits,1
  18              		.align	2
  19              	.LC0:
  20 0000 564C3533 		.ascii	"VL53L8A1_RANGING_SENSOR_Init failed\000"
  20      4C384131 
  20      5F52414E 
  20      47494E47 
  20      5F53454E 
  21              		.section	.text.initVL53L8A1,"ax",%progbits
  22              		.align	1
  23              		.global	initVL53L8A1
  24              		.syntax unified
  25              		.thumb
  26              		.thumb_func
  28              	initVL53L8A1:
  29              		@ args = 0, pretend = 0, frame = 0
  30              		@ frame_needed = 0, uses_anonymous_args = 0
  31 0000 10B5     		push	{r4, lr}
  32 0002 224C     		ldr	r4, .L5
  33 0004 0022     		movs	r2, #0
  34 0006 8021     		movs	r1, #128
  35 0008 2046     		mov	r0, r4
  36 000a FFF7FEFF 		bl	HAL_GPIO_WritePin
  37 000e 0220     		movs	r0, #2
  38 0010 FFF7FEFF 		bl	HAL_Delay
  39 0014 0122     		movs	r2, #1
  40 0016 8021     		movs	r1, #128
  41 0018 2046     		mov	r0, r4
  42 001a FFF7FEFF 		bl	HAL_GPIO_WritePin
  43 001e 0220     		movs	r0, #2
  44 0020 FFF7FEFF 		bl	HAL_Delay
  45 0024 04F58064 		add	r4, r4, #1024
  46 0028 0022     		movs	r2, #0
  47 002a 0121     		movs	r1, #1
  48 002c 2046     		mov	r0, r4
  49 002e FFF7FEFF 		bl	HAL_GPIO_WritePin
  50 0032 0220     		movs	r0, #2
  51 0034 FFF7FEFF 		bl	HAL_Delay
  52 0038 0122     		movs	r2, #1
  53 003a 1146     		mov	r1, r2
  54 003c 2046     		mov	r0, r4
ARM GAS  C:\Temp\cchCWmDb.s 			page 2


  55 003e FFF7FEFF 		bl	HAL_GPIO_WritePin
  56 0042 0220     		movs	r0, #2
  57 0044 FFF7FEFF 		bl	HAL_Delay
  58 0048 0120     		movs	r0, #1
  59 004a FFF7FEFF 		bl	VL53L8A1_RANGING_SENSOR_Init
  60 004e 104B     		ldr	r3, .L5+4
  61 0050 1860     		str	r0, [r3]
  62 0052 18B1     		cbz	r0, .L2
  63 0054 0F48     		ldr	r0, .L5+8
  64 0056 FFF7FEFF 		bl	puts
  65              	.L3:
  66 005a FEE7     		b	.L3
  67              	.L2:
  68 005c 0E49     		ldr	r1, .L5+12
  69 005e 0120     		movs	r0, #1
  70 0060 FFF7FEFF 		bl	VL53L8A1_RANGING_SENSOR_ReadID
  71 0064 0D49     		ldr	r1, .L5+16
  72 0066 0120     		movs	r0, #1
  73 0068 FFF7FEFF 		bl	VL53L8A1_RANGING_SENSOR_GetCapabilities
  74 006c 0C49     		ldr	r1, .L5+20
  75 006e 0324     		movs	r4, #3
  76 0070 0C60     		str	r4, [r1]
  77 0072 1023     		movs	r3, #16
  78 0074 4B60     		str	r3, [r1, #4]
  79 0076 0023     		movs	r3, #0
  80 0078 CB60     		str	r3, [r1, #12]
  81 007a 0B61     		str	r3, [r1, #16]
  82 007c 0120     		movs	r0, #1
  83 007e FFF7FEFF 		bl	VL53L8A1_RANGING_SENSOR_ConfigProfile
  84 0082 2146     		mov	r1, r4
  85 0084 0120     		movs	r0, #1
  86 0086 FFF7FEFF 		bl	VL53L8A1_RANGING_SENSOR_Start
  87 008a 10BD     		pop	{r4, pc}
  88              	.L6:
  89              		.align	2
  90              	.L5:
  91 008c 00000240 		.word	1073872896
  92 0090 00000000 		.word	status
  93 0094 00000000 		.word	.LC0
  94 0098 00000000 		.word	Id
  95 009c 00000000 		.word	Cap
  96 00a0 00000000 		.word	Profile
  98              		.section	.text.getVL53L8A1,"ax",%progbits
  99              		.align	1
 100              		.global	getVL53L8A1
 101              		.syntax unified
 102              		.thumb
 103              		.thumb_func
 105              	getVL53L8A1:
 106              		@ args = 0, pretend = 0, frame = 0
 107              		@ frame_needed = 0, uses_anonymous_args = 0
 108 0000 08B5     		push	{r3, lr}
 109 0002 0249     		ldr	r1, .L9
 110 0004 0120     		movs	r0, #1
 111 0006 FFF7FEFF 		bl	VL53L8A1_RANGING_SENSOR_GetDistance
 112 000a 08BD     		pop	{r3, pc}
 113              	.L10:
ARM GAS  C:\Temp\cchCWmDb.s 			page 3


 114              		.align	2
 115              	.L9:
 116 000c 00000000 		.word	TOF_centre
 118              		.section	.text.calibrateVL53L8A1,"ax",%progbits
 119              		.align	1
 120              		.global	calibrateVL53L8A1
 121              		.syntax unified
 122              		.thumb
 123              		.thumb_func
 125              	calibrateVL53L8A1:
 126              		@ args = 0, pretend = 0, frame = 0
 127              		@ frame_needed = 0, uses_anonymous_args = 0
 128              		@ link register save eliminated.
 129 0000 054B     		ldr	r3, .L12
 130 0002 0322     		movs	r2, #3
 131 0004 1A60     		str	r2, [r3]
 132 0006 054A     		ldr	r2, .L12+4
 133 0008 D2ED007A 		vldr.32	s15, [r2]
 134 000c FCEEE77A 		vcvt.u32.f32	s15, s15
 135 0010 C3ED027A 		vstr.32	s15, [r3, #8]	@ int
 136 0014 7047     		bx	lr
 137              	.L13:
 138 0016 00BF     		.align	2
 139              	.L12:
 140 0018 00000000 		.word	Profile
 141 001c 00000000 		.word	tof_odr
 143              		.global	Id
 144              		.section	.bss.Id,"aw",%nobits
 145              		.align	2
 148              	Id:
 149 0000 00000000 		.space	4
 150              		.global	tof_odr
 151              		.section	.bss.tof_odr,"aw",%nobits
 152              		.align	2
 155              	tof_odr:
 156 0000 00000000 		.space	4
 157              		.global	tof_fsr
 158              		.section	.bss.tof_fsr,"aw",%nobits
 159              		.align	2
 162              	tof_fsr:
 163 0000 00000000 		.space	4
 164              		.global	cal_distance
 165              		.section	.data.cal_distance,"aw"
 166              		.align	1
 169              	cal_distance:
 170 0000 5802     		.short	600
 171              		.global	reflectance
 172              		.section	.data.reflectance,"aw"
 173              		.align	1
 176              	reflectance:
 177 0000 1000     		.short	16
 178              		.global	Profile
 179              		.section	.bss.Profile,"aw",%nobits
 180              		.align	2
 183              	Profile:
 184 0000 00000000 		.space	20
 184      00000000 
ARM GAS  C:\Temp\cchCWmDb.s 			page 4


 184      00000000 
 184      00000000 
 184      00000000 
 185              		.section	.bss.status,"aw",%nobits
 186              		.align	2
 189              	status:
 190 0000 00000000 		.space	4
 191              		.section	.bss.Cap,"aw",%nobits
 192              		.align	2
 195              	Cap:
 196 0000 00000000 		.space	16
 196      00000000 
 196      00000000 
 196      00000000 
 197              		.ident	"GCC: (xPack GNU Arm Embedded GCC x86_64) 12.3.1 20230626"
ARM GAS  C:\Temp\cchCWmDb.s 			page 5


DEFINED SYMBOLS
                            *ABS*:00000000 VL53L8A1_Simulink.c
  C:\Temp\cchCWmDb.s:18     .rodata.initVL53L8A1.str1.4:00000000 $d
  C:\Temp\cchCWmDb.s:22     .text.initVL53L8A1:00000000 $t
  C:\Temp\cchCWmDb.s:28     .text.initVL53L8A1:00000000 initVL53L8A1
  C:\Temp\cchCWmDb.s:91     .text.initVL53L8A1:0000008c $d
  C:\Temp\cchCWmDb.s:189    .bss.status:00000000 status
  C:\Temp\cchCWmDb.s:148    .bss.Id:00000000 Id
  C:\Temp\cchCWmDb.s:195    .bss.Cap:00000000 Cap
  C:\Temp\cchCWmDb.s:183    .bss.Profile:00000000 Profile
  C:\Temp\cchCWmDb.s:99     .text.getVL53L8A1:00000000 $t
  C:\Temp\cchCWmDb.s:105    .text.getVL53L8A1:00000000 getVL53L8A1
  C:\Temp\cchCWmDb.s:116    .text.getVL53L8A1:0000000c $d
  C:\Temp\cchCWmDb.s:119    .text.calibrateVL53L8A1:00000000 $t
  C:\Temp\cchCWmDb.s:125    .text.calibrateVL53L8A1:00000000 calibrateVL53L8A1
  C:\Temp\cchCWmDb.s:140    .text.calibrateVL53L8A1:00000018 $d
  C:\Temp\cchCWmDb.s:155    .bss.tof_odr:00000000 tof_odr
  C:\Temp\cchCWmDb.s:145    .bss.Id:00000000 $d
  C:\Temp\cchCWmDb.s:152    .bss.tof_odr:00000000 $d
  C:\Temp\cchCWmDb.s:162    .bss.tof_fsr:00000000 tof_fsr
  C:\Temp\cchCWmDb.s:159    .bss.tof_fsr:00000000 $d
  C:\Temp\cchCWmDb.s:169    .data.cal_distance:00000000 cal_distance
  C:\Temp\cchCWmDb.s:166    .data.cal_distance:00000000 $d
  C:\Temp\cchCWmDb.s:176    .data.reflectance:00000000 reflectance
  C:\Temp\cchCWmDb.s:173    .data.reflectance:00000000 $d
  C:\Temp\cchCWmDb.s:180    .bss.Profile:00000000 $d
  C:\Temp\cchCWmDb.s:186    .bss.status:00000000 $d
  C:\Temp\cchCWmDb.s:192    .bss.Cap:00000000 $d

UNDEFINED SYMBOLS
HAL_GPIO_WritePin
HAL_Delay
VL53L8A1_RANGING_SENSOR_Init
puts
VL53L8A1_RANGING_SENSOR_ReadID
VL53L8A1_RANGING_SENSOR_GetCapabilities
VL53L8A1_RANGING_SENSOR_ConfigProfile
VL53L8A1_RANGING_SENSOR_Start
VL53L8A1_RANGING_SENSOR_GetDistance
TOF_centre
