ARM GAS  C:\Temp\ccAZAaeT.s 			page 1


   1              		.cpu cortex-m4
   2              		.arch armv7e-m
   3              		.fpu fpv4-sp-d16
   4              		.eabi_attribute 27, 1
   5              		.eabi_attribute 28, 1
   6              		.eabi_attribute 20, 1
   7              		.eabi_attribute 21, 1
   8              		.eabi_attribute 23, 3
   9              		.eabi_attribute 24, 1
  10              		.eabi_attribute 25, 1
  11              		.eabi_attribute 26, 1
  12              		.eabi_attribute 30, 1
  13              		.eabi_attribute 34, 1
  14              		.eabi_attribute 18, 4
  15              		.file	"vl53l8cx_plugin_motion_indicator.c"
  16              		.text
  17              	.Ltext0:
  18              		.cfi_sections	.debug_frame
  19              		.file 1 "Drivers/BSP/Components/vl53l8cx/modules/vl53l8cx_plugin_motion_indicator.c"
  20              		.section	.text.vl53l8cx_motion_indicator_set_distance_motion,"ax",%progbits
  21              		.align	1
  22              		.global	vl53l8cx_motion_indicator_set_distance_motion
  23              		.syntax unified
  24              		.thumb
  25              		.thumb_func
  27              	vl53l8cx_motion_indicator_set_distance_motion:
  28              	.LVL0:
  29              	.LFB1:
   1:Drivers/BSP/Components/vl53l8cx/modules/vl53l8cx_plugin_motion_indicator.c **** /**
   2:Drivers/BSP/Components/vl53l8cx/modules/vl53l8cx_plugin_motion_indicator.c ****   *
   3:Drivers/BSP/Components/vl53l8cx/modules/vl53l8cx_plugin_motion_indicator.c ****   * Copyright (c) 2021 STMicroelectronics.
   4:Drivers/BSP/Components/vl53l8cx/modules/vl53l8cx_plugin_motion_indicator.c ****   * All rights reserved.
   5:Drivers/BSP/Components/vl53l8cx/modules/vl53l8cx_plugin_motion_indicator.c ****   *
   6:Drivers/BSP/Components/vl53l8cx/modules/vl53l8cx_plugin_motion_indicator.c ****   * This software is licensed under terms that can be found in the LICENSE file
   7:Drivers/BSP/Components/vl53l8cx/modules/vl53l8cx_plugin_motion_indicator.c ****   * in the root directory of this software component.
   8:Drivers/BSP/Components/vl53l8cx/modules/vl53l8cx_plugin_motion_indicator.c ****   * If no LICENSE file comes with this software, it is provided AS-IS.
   9:Drivers/BSP/Components/vl53l8cx/modules/vl53l8cx_plugin_motion_indicator.c ****   *
  10:Drivers/BSP/Components/vl53l8cx/modules/vl53l8cx_plugin_motion_indicator.c ****   ******************************************************************************
  11:Drivers/BSP/Components/vl53l8cx/modules/vl53l8cx_plugin_motion_indicator.c ****   */
  12:Drivers/BSP/Components/vl53l8cx/modules/vl53l8cx_plugin_motion_indicator.c **** 
  13:Drivers/BSP/Components/vl53l8cx/modules/vl53l8cx_plugin_motion_indicator.c **** #include <math.h> 
  14:Drivers/BSP/Components/vl53l8cx/modules/vl53l8cx_plugin_motion_indicator.c **** #include "vl53l8cx_plugin_motion_indicator.h"
  15:Drivers/BSP/Components/vl53l8cx/modules/vl53l8cx_plugin_motion_indicator.c **** 
  16:Drivers/BSP/Components/vl53l8cx/modules/vl53l8cx_plugin_motion_indicator.c **** uint8_t vl53l8cx_motion_indicator_init(
  17:Drivers/BSP/Components/vl53l8cx/modules/vl53l8cx_plugin_motion_indicator.c **** 		VL53L8CX_Configuration		*p_dev,
  18:Drivers/BSP/Components/vl53l8cx/modules/vl53l8cx_plugin_motion_indicator.c **** 		VL53L8CX_Motion_Configuration	*p_motion_config,
  19:Drivers/BSP/Components/vl53l8cx/modules/vl53l8cx_plugin_motion_indicator.c **** 		uint8_t				resolution)
  20:Drivers/BSP/Components/vl53l8cx/modules/vl53l8cx_plugin_motion_indicator.c **** {
  21:Drivers/BSP/Components/vl53l8cx/modules/vl53l8cx_plugin_motion_indicator.c **** 	uint8_t status = VL53L8CX_STATUS_OK;
  22:Drivers/BSP/Components/vl53l8cx/modules/vl53l8cx_plugin_motion_indicator.c **** 
  23:Drivers/BSP/Components/vl53l8cx/modules/vl53l8cx_plugin_motion_indicator.c **** 	(void)memset(p_motion_config, 0, sizeof(VL53L8CX_Motion_Configuration));
  24:Drivers/BSP/Components/vl53l8cx/modules/vl53l8cx_plugin_motion_indicator.c **** 
  25:Drivers/BSP/Components/vl53l8cx/modules/vl53l8cx_plugin_motion_indicator.c **** 	p_motion_config->ref_bin_offset = 13633;
  26:Drivers/BSP/Components/vl53l8cx/modules/vl53l8cx_plugin_motion_indicator.c **** 	p_motion_config->detection_threshold = 2883584;
  27:Drivers/BSP/Components/vl53l8cx/modules/vl53l8cx_plugin_motion_indicator.c **** 	p_motion_config->extra_noise_sigma = 0;
  28:Drivers/BSP/Components/vl53l8cx/modules/vl53l8cx_plugin_motion_indicator.c **** 	p_motion_config->null_den_clip_value = 0;
  29:Drivers/BSP/Components/vl53l8cx/modules/vl53l8cx_plugin_motion_indicator.c **** 	p_motion_config->mem_update_mode = 6;
ARM GAS  C:\Temp\ccAZAaeT.s 			page 2


  30:Drivers/BSP/Components/vl53l8cx/modules/vl53l8cx_plugin_motion_indicator.c **** 	p_motion_config->mem_update_choice = 2;
  31:Drivers/BSP/Components/vl53l8cx/modules/vl53l8cx_plugin_motion_indicator.c **** 	p_motion_config->sum_span = 4;
  32:Drivers/BSP/Components/vl53l8cx/modules/vl53l8cx_plugin_motion_indicator.c **** 	p_motion_config->feature_length = 9;
  33:Drivers/BSP/Components/vl53l8cx/modules/vl53l8cx_plugin_motion_indicator.c **** 	p_motion_config->nb_of_aggregates = 16;
  34:Drivers/BSP/Components/vl53l8cx/modules/vl53l8cx_plugin_motion_indicator.c **** 	p_motion_config->nb_of_temporal_accumulations = 16;
  35:Drivers/BSP/Components/vl53l8cx/modules/vl53l8cx_plugin_motion_indicator.c **** 	p_motion_config->min_nb_for_global_detection = 1;
  36:Drivers/BSP/Components/vl53l8cx/modules/vl53l8cx_plugin_motion_indicator.c **** 	p_motion_config->global_indicator_format_1 = 8;
  37:Drivers/BSP/Components/vl53l8cx/modules/vl53l8cx_plugin_motion_indicator.c **** 	p_motion_config->global_indicator_format_2 = 0;
  38:Drivers/BSP/Components/vl53l8cx/modules/vl53l8cx_plugin_motion_indicator.c **** 	p_motion_config->spare_1 = 0;
  39:Drivers/BSP/Components/vl53l8cx/modules/vl53l8cx_plugin_motion_indicator.c **** 	p_motion_config->spare_2 = 0;
  40:Drivers/BSP/Components/vl53l8cx/modules/vl53l8cx_plugin_motion_indicator.c **** 	p_motion_config->spare_3 = 0;
  41:Drivers/BSP/Components/vl53l8cx/modules/vl53l8cx_plugin_motion_indicator.c **** 
  42:Drivers/BSP/Components/vl53l8cx/modules/vl53l8cx_plugin_motion_indicator.c **** 	status |= vl53l8cx_motion_indicator_set_resolution(p_dev,
  43:Drivers/BSP/Components/vl53l8cx/modules/vl53l8cx_plugin_motion_indicator.c **** 			p_motion_config, resolution);
  44:Drivers/BSP/Components/vl53l8cx/modules/vl53l8cx_plugin_motion_indicator.c **** 
  45:Drivers/BSP/Components/vl53l8cx/modules/vl53l8cx_plugin_motion_indicator.c **** 	return status;
  46:Drivers/BSP/Components/vl53l8cx/modules/vl53l8cx_plugin_motion_indicator.c **** }
  47:Drivers/BSP/Components/vl53l8cx/modules/vl53l8cx_plugin_motion_indicator.c **** 
  48:Drivers/BSP/Components/vl53l8cx/modules/vl53l8cx_plugin_motion_indicator.c **** uint8_t vl53l8cx_motion_indicator_set_distance_motion(
  49:Drivers/BSP/Components/vl53l8cx/modules/vl53l8cx_plugin_motion_indicator.c **** 		VL53L8CX_Configuration		*p_dev,
  50:Drivers/BSP/Components/vl53l8cx/modules/vl53l8cx_plugin_motion_indicator.c **** 		VL53L8CX_Motion_Configuration	*p_motion_config,
  51:Drivers/BSP/Components/vl53l8cx/modules/vl53l8cx_plugin_motion_indicator.c **** 		uint16_t			distance_min_mm,
  52:Drivers/BSP/Components/vl53l8cx/modules/vl53l8cx_plugin_motion_indicator.c **** 		uint16_t			distance_max_mm)
  53:Drivers/BSP/Components/vl53l8cx/modules/vl53l8cx_plugin_motion_indicator.c **** {
  30              		.loc 1 53 1 view -0
  31              		.cfi_startproc
  32              		@ args = 0, pretend = 0, frame = 0
  33              		@ frame_needed = 0, uses_anonymous_args = 0
  34              		.loc 1 53 1 is_stmt 0 view .LVU1
  35 0000 08B5     		push	{r3, lr}
  36              		.cfi_def_cfa_offset 8
  37              		.cfi_offset 3, -8
  38              		.cfi_offset 14, -4
  54:Drivers/BSP/Components/vl53l8cx/modules/vl53l8cx_plugin_motion_indicator.c **** 	uint8_t status = VL53L8CX_STATUS_OK;
  39              		.loc 1 54 2 is_stmt 1 view .LVU2
  40              	.LVL1:
  55:Drivers/BSP/Components/vl53l8cx/modules/vl53l8cx_plugin_motion_indicator.c **** 	float_t tmp;
  41              		.loc 1 55 2 view .LVU3
  56:Drivers/BSP/Components/vl53l8cx/modules/vl53l8cx_plugin_motion_indicator.c **** 
  57:Drivers/BSP/Components/vl53l8cx/modules/vl53l8cx_plugin_motion_indicator.c **** 	if(((distance_max_mm - distance_min_mm) > (uint16_t)1500)
  42              		.loc 1 57 2 view .LVU4
  43              		.loc 1 57 23 is_stmt 0 view .LVU5
  44 0002 A3EB020E 		sub	lr, r3, r2
  45              		.loc 1 57 4 view .LVU6
  46 0006 40F2DC5C 		movw	ip, #1500
  47 000a E645     		cmp	lr, ip
  48 000c 3CDC     		bgt	.L3
  58:Drivers/BSP/Components/vl53l8cx/modules/vl53l8cx_plugin_motion_indicator.c **** 			|| (distance_min_mm < (uint16_t)400)
  49              		.loc 1 58 4 view .LVU7
  50 000e B2F5C87F 		cmp	r2, #400
  51 0012 3BD3     		bcc	.L4
  59:Drivers/BSP/Components/vl53l8cx/modules/vl53l8cx_plugin_motion_indicator.c ****                         || (distance_max_mm > (uint16_t)4000))
  52              		.loc 1 59 25 view .LVU8
  53 0014 B3F57A6F 		cmp	r3, #4000
  54 0018 01D9     		bls	.L7
  60:Drivers/BSP/Components/vl53l8cx/modules/vl53l8cx_plugin_motion_indicator.c **** 	{
  61:Drivers/BSP/Components/vl53l8cx/modules/vl53l8cx_plugin_motion_indicator.c **** 		status |= VL53L8CX_STATUS_INVALID_PARAM;
ARM GAS  C:\Temp\ccAZAaeT.s 			page 3


  55              		.loc 1 61 10 view .LVU9
  56 001a 7F20     		movs	r0, #127
  57              	.LVL2:
  58              		.loc 1 61 10 view .LVU10
  59 001c 35E0     		b	.L2
  60              	.LVL3:
  61              	.L7:
  62:Drivers/BSP/Components/vl53l8cx/modules/vl53l8cx_plugin_motion_indicator.c **** 	}
  63:Drivers/BSP/Components/vl53l8cx/modules/vl53l8cx_plugin_motion_indicator.c **** 	else
  64:Drivers/BSP/Components/vl53l8cx/modules/vl53l8cx_plugin_motion_indicator.c **** 	{           
  65:Drivers/BSP/Components/vl53l8cx/modules/vl53l8cx_plugin_motion_indicator.c **** 		tmp = (float_t)((((float_t)distance_min_mm/(float_t)37.5348)
  62              		.loc 1 65 3 is_stmt 1 view .LVU11
  63              		.loc 1 65 21 is_stmt 0 view .LVU12
  64 001e 07EE902A 		vmov	s15, r2	@ int
  65 0022 F8EE677A 		vcvt.f32.u32	s15, s15
  66              		.loc 1 65 45 view .LVU13
  67 0026 DFED1A6A 		vldr.32	s13, .L8
  68 002a 87EEA67A 		vdiv.f32	s14, s15, s13
  66:Drivers/BSP/Components/vl53l8cx/modules/vl53l8cx_plugin_motion_indicator.c ****                                -(float_t)4.0)*(float_t)2048.5);
  69              		.loc 1 66 32 view .LVU14
  70 002e F1EE006A 		vmov.f32	s13, #4.0e+0
  71 0032 37EE667A 		vsub.f32	s14, s14, s13
  65:Drivers/BSP/Components/vl53l8cx/modules/vl53l8cx_plugin_motion_indicator.c ****                                -(float_t)4.0)*(float_t)2048.5);
  72              		.loc 1 65 7 view .LVU15
  73 0036 DFED176A 		vldr.32	s13, .L8+4
  74 003a 27EE267A 		vmul.f32	s14, s14, s13
  75              	.LVL4:
  67:Drivers/BSP/Components/vl53l8cx/modules/vl53l8cx_plugin_motion_indicator.c ****                 p_motion_config->ref_bin_offset = (int32_t)tmp;
  76              		.loc 1 67 17 is_stmt 1 view .LVU16
  77              		.loc 1 67 51 is_stmt 0 view .LVU17
  78 003e BDEEC77A 		vcvt.s32.f32	s14, s14
  79              	.LVL5:
  80              		.loc 1 67 49 view .LVU18
  81 0042 81ED007A 		vstr.32	s14, [r1]	@ int
  68:Drivers/BSP/Components/vl53l8cx/modules/vl53l8cx_plugin_motion_indicator.c ****                 
  69:Drivers/BSP/Components/vl53l8cx/modules/vl53l8cx_plugin_motion_indicator.c ****                 tmp = (float_t)((((((float_t)distance_max_mm-
  82              		.loc 1 69 17 is_stmt 1 view .LVU19
  83              		.loc 1 69 37 is_stmt 0 view .LVU20
  84 0046 07EE103A 		vmov	s14, r3	@ int
  85 004a B8EE477A 		vcvt.f32.u32	s14, s14
  86              		.loc 1 69 61 view .LVU21
  87 004e 77EE677A 		vsub.f32	s15, s14, s15
  88              	.LVL6:
  70:Drivers/BSP/Components/vl53l8cx/modules/vl53l8cx_plugin_motion_indicator.c **** 			(float_t)distance_min_mm)/(float_t)10.0)+(float_t)30.02784)
  89              		.loc 1 70 29 view .LVU22
  90 0052 F2EE046A 		vmov.f32	s13, #1.0e+1
  91              	.LVL7:
  92              		.loc 1 70 29 view .LVU23
  93 0056 87EEA67A 		vdiv.f32	s14, s15, s13
  94              		.loc 1 70 44 view .LVU24
  95 005a DFED0F7A 		vldr.32	s15, .L8+8
  96 005e 37EE277A 		vadd.f32	s14, s14, s15
  71:Drivers/BSP/Components/vl53l8cx/modules/vl53l8cx_plugin_motion_indicator.c **** 			/((float_t)15.01392))+(float_t)0.5);
  97              		.loc 1 71 4 view .LVU25
  98 0062 DFED0E6A 		vldr.32	s13, .L8+12
  99 0066 C7EE267A 		vdiv.f32	s15, s14, s13
  69:Drivers/BSP/Components/vl53l8cx/modules/vl53l8cx_plugin_motion_indicator.c **** 			(float_t)distance_min_mm)/(float_t)10.0)+(float_t)30.02784)
ARM GAS  C:\Temp\ccAZAaeT.s 			page 4


 100              		.loc 1 69 21 view .LVU26
 101 006a B6EE007A 		vmov.f32	s14, #5.0e-1
 102 006e 77EE877A 		vadd.f32	s15, s15, s14
 103              	.LVL8:
  72:Drivers/BSP/Components/vl53l8cx/modules/vl53l8cx_plugin_motion_indicator.c **** 		p_motion_config->feature_length = (uint8_t)tmp;
 104              		.loc 1 72 3 is_stmt 1 view .LVU27
 105              		.loc 1 72 37 is_stmt 0 view .LVU28
 106 0072 FCEEE77A 		vcvt.u32.f32	s15, s15
 107              	.LVL9:
 108              		.loc 1 72 37 view .LVU29
 109 0076 17EE903A 		vmov	r3, s15	@ int
 110              	.LVL10:
 111              		.loc 1 72 35 view .LVU30
 112 007a CB74     		strb	r3, [r1, #19]
  73:Drivers/BSP/Components/vl53l8cx/modules/vl53l8cx_plugin_motion_indicator.c **** 
  74:Drivers/BSP/Components/vl53l8cx/modules/vl53l8cx_plugin_motion_indicator.c **** 		status |= vl53l8cx_dci_write_data(p_dev,
 113              		.loc 1 74 3 is_stmt 1 view .LVU31
 114              		.loc 1 74 13 is_stmt 0 view .LVU32
 115 007c 9C23     		movs	r3, #156
 116 007e 4BF6AC72 		movw	r2, #49068
 117              	.LVL11:
 118              		.loc 1 74 13 view .LVU33
 119 0082 FFF7FEFF 		bl	vl53l8cx_dci_write_data
 120              	.LVL12:
 121              		.loc 1 74 13 view .LVU34
 122 0086 00E0     		b	.L2
 123              	.LVL13:
 124              	.L3:
  61:Drivers/BSP/Components/vl53l8cx/modules/vl53l8cx_plugin_motion_indicator.c **** 	}
 125              		.loc 1 61 10 view .LVU35
 126 0088 7F20     		movs	r0, #127
 127              	.LVL14:
 128              	.L2:
  75:Drivers/BSP/Components/vl53l8cx/modules/vl53l8cx_plugin_motion_indicator.c **** 			(uint8_t*)(p_motion_config),
  76:Drivers/BSP/Components/vl53l8cx/modules/vl53l8cx_plugin_motion_indicator.c **** 			VL53L8CX_DCI_MOTION_DETECTOR_CFG,
  77:Drivers/BSP/Components/vl53l8cx/modules/vl53l8cx_plugin_motion_indicator.c ****                         (uint16_t)sizeof(*p_motion_config));
  78:Drivers/BSP/Components/vl53l8cx/modules/vl53l8cx_plugin_motion_indicator.c **** 	}
  79:Drivers/BSP/Components/vl53l8cx/modules/vl53l8cx_plugin_motion_indicator.c **** 
  80:Drivers/BSP/Components/vl53l8cx/modules/vl53l8cx_plugin_motion_indicator.c **** 	return status;
 129              		.loc 1 80 2 is_stmt 1 view .LVU36
  81:Drivers/BSP/Components/vl53l8cx/modules/vl53l8cx_plugin_motion_indicator.c **** }
 130              		.loc 1 81 1 is_stmt 0 view .LVU37
 131 008a 08BD     		pop	{r3, pc}
 132              	.LVL15:
 133              	.L4:
  61:Drivers/BSP/Components/vl53l8cx/modules/vl53l8cx_plugin_motion_indicator.c **** 	}
 134              		.loc 1 61 10 view .LVU38
 135 008c 7F20     		movs	r0, #127
 136              	.LVL16:
  61:Drivers/BSP/Components/vl53l8cx/modules/vl53l8cx_plugin_motion_indicator.c **** 	}
 137              		.loc 1 61 10 view .LVU39
 138 008e FCE7     		b	.L2
 139              	.L9:
 140              		.align	2
 141              	.L8:
 142 0090 A3231642 		.word	1108747171
 143 0094 00080045 		.word	1157629952
ARM GAS  C:\Temp\ccAZAaeT.s 			page 5


 144 0098 0439F041 		.word	1106262276
 145 009c 04397041 		.word	1097873668
 146              		.cfi_endproc
 147              	.LFE1:
 149              		.section	.text.vl53l8cx_motion_indicator_set_resolution,"ax",%progbits
 150              		.align	1
 151              		.global	vl53l8cx_motion_indicator_set_resolution
 152              		.syntax unified
 153              		.thumb
 154              		.thumb_func
 156              	vl53l8cx_motion_indicator_set_resolution:
 157              	.LVL17:
 158              	.LFB2:
  82:Drivers/BSP/Components/vl53l8cx/modules/vl53l8cx_plugin_motion_indicator.c **** 
  83:Drivers/BSP/Components/vl53l8cx/modules/vl53l8cx_plugin_motion_indicator.c **** uint8_t vl53l8cx_motion_indicator_set_resolution(
  84:Drivers/BSP/Components/vl53l8cx/modules/vl53l8cx_plugin_motion_indicator.c **** 		VL53L8CX_Configuration		*p_dev,
  85:Drivers/BSP/Components/vl53l8cx/modules/vl53l8cx_plugin_motion_indicator.c **** 		VL53L8CX_Motion_Configuration	*p_motion_config,
  86:Drivers/BSP/Components/vl53l8cx/modules/vl53l8cx_plugin_motion_indicator.c **** 		uint8_t				resolution)
  87:Drivers/BSP/Components/vl53l8cx/modules/vl53l8cx_plugin_motion_indicator.c **** {
 159              		.loc 1 87 1 is_stmt 1 view -0
 160              		.cfi_startproc
 161              		@ args = 0, pretend = 0, frame = 0
 162              		@ frame_needed = 0, uses_anonymous_args = 0
 163              		.loc 1 87 1 is_stmt 0 view .LVU41
 164 0000 38B5     		push	{r3, r4, r5, lr}
 165              		.cfi_def_cfa_offset 16
 166              		.cfi_offset 3, -16
 167              		.cfi_offset 4, -12
 168              		.cfi_offset 5, -8
 169              		.cfi_offset 14, -4
 170 0002 0546     		mov	r5, r0
 171 0004 0C46     		mov	r4, r1
  88:Drivers/BSP/Components/vl53l8cx/modules/vl53l8cx_plugin_motion_indicator.c **** 	uint8_t i, status = VL53L8CX_STATUS_OK;
 172              		.loc 1 88 2 is_stmt 1 view .LVU42
 173              	.LVL18:
  89:Drivers/BSP/Components/vl53l8cx/modules/vl53l8cx_plugin_motion_indicator.c **** 
  90:Drivers/BSP/Components/vl53l8cx/modules/vl53l8cx_plugin_motion_indicator.c **** 	switch(resolution)
 174              		.loc 1 90 2 view .LVU43
 175 0006 102A     		cmp	r2, #16
 176 0008 18D0     		beq	.L18
 177 000a 402A     		cmp	r2, #64
 178 000c 33D0     		beq	.L19
 179 000e FF20     		movs	r0, #255
 180              	.LVL19:
 181              		.loc 1 90 2 is_stmt 0 view .LVU44
 182 0010 13E0     		b	.L13
 183              	.LVL20:
 184              	.L14:
  91:Drivers/BSP/Components/vl53l8cx/modules/vl53l8cx_plugin_motion_indicator.c **** 	{
  92:Drivers/BSP/Components/vl53l8cx/modules/vl53l8cx_plugin_motion_indicator.c **** 		case VL53L8CX_RESOLUTION_4X4:
  93:Drivers/BSP/Components/vl53l8cx/modules/vl53l8cx_plugin_motion_indicator.c **** 			for(i = 0; i < (uint8_t)VL53L8CX_RESOLUTION_4X4; i++)
  94:Drivers/BSP/Components/vl53l8cx/modules/vl53l8cx_plugin_motion_indicator.c **** 			{
  95:Drivers/BSP/Components/vl53l8cx/modules/vl53l8cx_plugin_motion_indicator.c **** 				p_motion_config->map_id[i] = (int8_t)i;
 185              		.loc 1 95 5 is_stmt 1 discriminator 3 view .LVU45
 186              		.loc 1 95 32 is_stmt 0 discriminator 3 view .LVU46
 187 0012 E218     		adds	r2, r4, r3
 188 0014 1377     		strb	r3, [r2, #28]
ARM GAS  C:\Temp\ccAZAaeT.s 			page 6


  93:Drivers/BSP/Components/vl53l8cx/modules/vl53l8cx_plugin_motion_indicator.c **** 			{
 189              		.loc 1 93 54 is_stmt 1 discriminator 3 view .LVU47
 190 0016 0133     		adds	r3, r3, #1
 191              	.LVL21:
  93:Drivers/BSP/Components/vl53l8cx/modules/vl53l8cx_plugin_motion_indicator.c **** 			{
 192              		.loc 1 93 54 is_stmt 0 discriminator 3 view .LVU48
 193 0018 DBB2     		uxtb	r3, r3
 194              	.LVL22:
 195              	.L11:
  93:Drivers/BSP/Components/vl53l8cx/modules/vl53l8cx_plugin_motion_indicator.c **** 			{
 196              		.loc 1 93 17 is_stmt 1 discriminator 1 view .LVU49
 197 001a 0F2B     		cmp	r3, #15
 198 001c F9D9     		bls	.L14
  96:Drivers/BSP/Components/vl53l8cx/modules/vl53l8cx_plugin_motion_indicator.c **** 			}
  97:Drivers/BSP/Components/vl53l8cx/modules/vl53l8cx_plugin_motion_indicator.c **** 		(void)memset(p_motion_config->map_id + 16, -1, 48);
 199              		.loc 1 97 3 view .LVU50
 200              		.loc 1 97 9 is_stmt 0 view .LVU51
 201 001e 3022     		movs	r2, #48
 202 0020 4FF0FF31 		mov	r1, #-1
 203              	.LVL23:
 204              		.loc 1 97 9 view .LVU52
 205 0024 04F12C00 		add	r0, r4, #44
 206              	.LVL24:
 207              		.loc 1 97 9 view .LVU53
 208 0028 FFF7FEFF 		bl	memset
 209              	.LVL25:
  98:Drivers/BSP/Components/vl53l8cx/modules/vl53l8cx_plugin_motion_indicator.c **** 		break;
 210              		.loc 1 98 3 is_stmt 1 view .LVU54
  99:Drivers/BSP/Components/vl53l8cx/modules/vl53l8cx_plugin_motion_indicator.c **** 
 100:Drivers/BSP/Components/vl53l8cx/modules/vl53l8cx_plugin_motion_indicator.c **** 		case VL53L8CX_RESOLUTION_8X8:
 101:Drivers/BSP/Components/vl53l8cx/modules/vl53l8cx_plugin_motion_indicator.c **** 			for(i = 0; i < (uint8_t)VL53L8CX_RESOLUTION_8X8; i++)
 102:Drivers/BSP/Components/vl53l8cx/modules/vl53l8cx_plugin_motion_indicator.c **** 			{
 103:Drivers/BSP/Components/vl53l8cx/modules/vl53l8cx_plugin_motion_indicator.c ****                                p_motion_config->map_id[i] = (int8_t)((((int8_t)
 104:Drivers/BSP/Components/vl53l8cx/modules/vl53l8cx_plugin_motion_indicator.c ****                                i % 8)/2) + (4*((int8_t)i/16)));
 105:Drivers/BSP/Components/vl53l8cx/modules/vl53l8cx_plugin_motion_indicator.c **** 			}
 106:Drivers/BSP/Components/vl53l8cx/modules/vl53l8cx_plugin_motion_indicator.c **** 		break;
 107:Drivers/BSP/Components/vl53l8cx/modules/vl53l8cx_plugin_motion_indicator.c **** 
 108:Drivers/BSP/Components/vl53l8cx/modules/vl53l8cx_plugin_motion_indicator.c **** 		default:
 109:Drivers/BSP/Components/vl53l8cx/modules/vl53l8cx_plugin_motion_indicator.c **** 			status |= VL53L8CX_STATUS_ERROR;
 110:Drivers/BSP/Components/vl53l8cx/modules/vl53l8cx_plugin_motion_indicator.c **** 		break;
 111:Drivers/BSP/Components/vl53l8cx/modules/vl53l8cx_plugin_motion_indicator.c **** 	}
 112:Drivers/BSP/Components/vl53l8cx/modules/vl53l8cx_plugin_motion_indicator.c **** 
 113:Drivers/BSP/Components/vl53l8cx/modules/vl53l8cx_plugin_motion_indicator.c **** 	if(status == VL53L8CX_STATUS_OK)
 211              		.loc 1 113 2 view .LVU55
 212              	.L15:
 114:Drivers/BSP/Components/vl53l8cx/modules/vl53l8cx_plugin_motion_indicator.c **** 	{
 115:Drivers/BSP/Components/vl53l8cx/modules/vl53l8cx_plugin_motion_indicator.c **** 		status |= vl53l8cx_dci_write_data(p_dev,
 213              		.loc 1 115 3 view .LVU56
 214              		.loc 1 115 13 is_stmt 0 view .LVU57
 215 002c 9C23     		movs	r3, #156
 216 002e 4BF6AC72 		movw	r2, #49068
 217 0032 2146     		mov	r1, r4
 218 0034 2846     		mov	r0, r5
 219 0036 FFF7FEFF 		bl	vl53l8cx_dci_write_data
 220              	.LVL26:
 221              	.L13:
 116:Drivers/BSP/Components/vl53l8cx/modules/vl53l8cx_plugin_motion_indicator.c **** 				(uint8_t*)(p_motion_config),
ARM GAS  C:\Temp\ccAZAaeT.s 			page 7


 117:Drivers/BSP/Components/vl53l8cx/modules/vl53l8cx_plugin_motion_indicator.c **** 				VL53L8CX_DCI_MOTION_DETECTOR_CFG,
 118:Drivers/BSP/Components/vl53l8cx/modules/vl53l8cx_plugin_motion_indicator.c ****                                 (uint16_t)sizeof(*p_motion_config));
 119:Drivers/BSP/Components/vl53l8cx/modules/vl53l8cx_plugin_motion_indicator.c **** 	}
 120:Drivers/BSP/Components/vl53l8cx/modules/vl53l8cx_plugin_motion_indicator.c **** 
 121:Drivers/BSP/Components/vl53l8cx/modules/vl53l8cx_plugin_motion_indicator.c **** 	return status;
 222              		.loc 1 121 2 is_stmt 1 view .LVU58
 122:Drivers/BSP/Components/vl53l8cx/modules/vl53l8cx_plugin_motion_indicator.c **** }
 223              		.loc 1 122 1 is_stmt 0 view .LVU59
 224 003a 38BD     		pop	{r3, r4, r5, pc}
 225              	.LVL27:
 226              	.L18:
  90:Drivers/BSP/Components/vl53l8cx/modules/vl53l8cx_plugin_motion_indicator.c **** 	{
 227              		.loc 1 90 2 view .LVU60
 228 003c 0023     		movs	r3, #0
 229 003e ECE7     		b	.L11
 230              	.LVL28:
 231              	.L16:
 104:Drivers/BSP/Components/vl53l8cx/modules/vl53l8cx_plugin_motion_indicator.c **** 			}
 232              		.loc 1 104 46 discriminator 3 view .LVU61
 233 0040 1211     		asrs	r2, r2, #4
 234 0042 9200     		lsls	r2, r2, #2
 235 0044 D2B2     		uxtb	r2, r2
 104:Drivers/BSP/Components/vl53l8cx/modules/vl53l8cx_plugin_motion_indicator.c **** 			}
 236              		.loc 1 104 42 discriminator 3 view .LVU62
 237 0046 5842     		rsbs	r0, r3, #0
 238 0048 03F00703 		and	r3, r3, #7
 239 004c 00F00700 		and	r0, r0, #7
 240 0050 58BF     		it	pl
 241 0052 4342     		rsbpl	r3, r0, #0
 242 0054 03EBD373 		add	r3, r3, r3, lsr #31
 243 0058 02EB6302 		add	r2, r2, r3, asr #1
 103:Drivers/BSP/Components/vl53l8cx/modules/vl53l8cx_plugin_motion_indicator.c ****                                i % 8)/2) + (4*((int8_t)i/16)));
 244              		.loc 1 103 59 discriminator 3 view .LVU63
 245 005c 6318     		adds	r3, r4, r1
 246 005e 1A77     		strb	r2, [r3, #28]
 101:Drivers/BSP/Components/vl53l8cx/modules/vl53l8cx_plugin_motion_indicator.c **** 			{
 247              		.loc 1 101 54 is_stmt 1 discriminator 3 view .LVU64
 248 0060 0131     		adds	r1, r1, #1
 249              	.LVL29:
 101:Drivers/BSP/Components/vl53l8cx/modules/vl53l8cx_plugin_motion_indicator.c **** 			{
 250              		.loc 1 101 54 is_stmt 0 discriminator 3 view .LVU65
 251 0062 C9B2     		uxtb	r1, r1
 252              	.LVL30:
 253              	.L12:
 101:Drivers/BSP/Components/vl53l8cx/modules/vl53l8cx_plugin_motion_indicator.c **** 			{
 254              		.loc 1 101 17 is_stmt 1 discriminator 1 view .LVU66
 255 0064 3F29     		cmp	r1, #63
 256 0066 E1D8     		bhi	.L15
 103:Drivers/BSP/Components/vl53l8cx/modules/vl53l8cx_plugin_motion_indicator.c ****                                i % 8)/2) + (4*((int8_t)i/16)));
 257              		.loc 1 103 32 discriminator 3 view .LVU67
 103:Drivers/BSP/Components/vl53l8cx/modules/vl53l8cx_plugin_motion_indicator.c ****                                i % 8)/2) + (4*((int8_t)i/16)));
 258              		.loc 1 103 72 is_stmt 0 discriminator 3 view .LVU68
 259 0068 4BB2     		sxtb	r3, r1
 104:Drivers/BSP/Components/vl53l8cx/modules/vl53l8cx_plugin_motion_indicator.c **** 			}
 260              		.loc 1 104 46 discriminator 3 view .LVU69
 261 006a 1A46     		mov	r2, r3
 262 006c 002B     		cmp	r3, #0
ARM GAS  C:\Temp\ccAZAaeT.s 			page 8


 263 006e E7DA     		bge	.L16
 264 0070 03F10F02 		add	r2, r3, #15
 265 0074 E4E7     		b	.L16
 266              	.LVL31:
 267              	.L19:
  90:Drivers/BSP/Components/vl53l8cx/modules/vl53l8cx_plugin_motion_indicator.c **** 	{
 268              		.loc 1 90 2 view .LVU70
 269 0076 0021     		movs	r1, #0
 270              	.LVL32:
  90:Drivers/BSP/Components/vl53l8cx/modules/vl53l8cx_plugin_motion_indicator.c **** 	{
 271              		.loc 1 90 2 view .LVU71
 272 0078 F4E7     		b	.L12
 273              		.cfi_endproc
 274              	.LFE2:
 276              		.section	.text.vl53l8cx_motion_indicator_init,"ax",%progbits
 277              		.align	1
 278              		.global	vl53l8cx_motion_indicator_init
 279              		.syntax unified
 280              		.thumb
 281              		.thumb_func
 283              	vl53l8cx_motion_indicator_init:
 284              	.LVL33:
 285              	.LFB0:
  20:Drivers/BSP/Components/vl53l8cx/modules/vl53l8cx_plugin_motion_indicator.c **** 	uint8_t status = VL53L8CX_STATUS_OK;
 286              		.loc 1 20 1 is_stmt 1 view -0
 287              		.cfi_startproc
 288              		@ args = 0, pretend = 0, frame = 0
 289              		@ frame_needed = 0, uses_anonymous_args = 0
  20:Drivers/BSP/Components/vl53l8cx/modules/vl53l8cx_plugin_motion_indicator.c **** 	uint8_t status = VL53L8CX_STATUS_OK;
 290              		.loc 1 20 1 is_stmt 0 view .LVU73
 291 0000 70B5     		push	{r4, r5, r6, lr}
 292              		.cfi_def_cfa_offset 16
 293              		.cfi_offset 4, -16
 294              		.cfi_offset 5, -12
 295              		.cfi_offset 6, -8
 296              		.cfi_offset 14, -4
 297 0002 0546     		mov	r5, r0
 298 0004 0C46     		mov	r4, r1
 299 0006 1646     		mov	r6, r2
  21:Drivers/BSP/Components/vl53l8cx/modules/vl53l8cx_plugin_motion_indicator.c **** 
 300              		.loc 1 21 2 is_stmt 1 view .LVU74
 301              	.LVL34:
  23:Drivers/BSP/Components/vl53l8cx/modules/vl53l8cx_plugin_motion_indicator.c **** 
 302              		.loc 1 23 2 view .LVU75
  23:Drivers/BSP/Components/vl53l8cx/modules/vl53l8cx_plugin_motion_indicator.c **** 
 303              		.loc 1 23 8 is_stmt 0 view .LVU76
 304 0008 9C22     		movs	r2, #156
 305              	.LVL35:
  23:Drivers/BSP/Components/vl53l8cx/modules/vl53l8cx_plugin_motion_indicator.c **** 
 306              		.loc 1 23 8 view .LVU77
 307 000a 0021     		movs	r1, #0
 308              	.LVL36:
  23:Drivers/BSP/Components/vl53l8cx/modules/vl53l8cx_plugin_motion_indicator.c **** 
 309              		.loc 1 23 8 view .LVU78
 310 000c 2046     		mov	r0, r4
 311              	.LVL37:
  23:Drivers/BSP/Components/vl53l8cx/modules/vl53l8cx_plugin_motion_indicator.c **** 
ARM GAS  C:\Temp\ccAZAaeT.s 			page 9


 312              		.loc 1 23 8 view .LVU79
 313 000e FFF7FEFF 		bl	memset
 314              	.LVL38:
  25:Drivers/BSP/Components/vl53l8cx/modules/vl53l8cx_plugin_motion_indicator.c **** 	p_motion_config->detection_threshold = 2883584;
 315              		.loc 1 25 2 is_stmt 1 view .LVU80
  25:Drivers/BSP/Components/vl53l8cx/modules/vl53l8cx_plugin_motion_indicator.c **** 	p_motion_config->detection_threshold = 2883584;
 316              		.loc 1 25 34 is_stmt 0 view .LVU81
 317 0012 43F24153 		movw	r3, #13633
 318 0016 2360     		str	r3, [r4]
  26:Drivers/BSP/Components/vl53l8cx/modules/vl53l8cx_plugin_motion_indicator.c **** 	p_motion_config->extra_noise_sigma = 0;
 319              		.loc 1 26 2 is_stmt 1 view .LVU82
  26:Drivers/BSP/Components/vl53l8cx/modules/vl53l8cx_plugin_motion_indicator.c **** 	p_motion_config->extra_noise_sigma = 0;
 320              		.loc 1 26 39 is_stmt 0 view .LVU83
 321 0018 4FF43013 		mov	r3, #2883584
 322 001c 6360     		str	r3, [r4, #4]
  27:Drivers/BSP/Components/vl53l8cx/modules/vl53l8cx_plugin_motion_indicator.c **** 	p_motion_config->null_den_clip_value = 0;
 323              		.loc 1 27 2 is_stmt 1 view .LVU84
  28:Drivers/BSP/Components/vl53l8cx/modules/vl53l8cx_plugin_motion_indicator.c **** 	p_motion_config->mem_update_mode = 6;
 324              		.loc 1 28 2 view .LVU85
  29:Drivers/BSP/Components/vl53l8cx/modules/vl53l8cx_plugin_motion_indicator.c **** 	p_motion_config->mem_update_choice = 2;
 325              		.loc 1 29 2 view .LVU86
  29:Drivers/BSP/Components/vl53l8cx/modules/vl53l8cx_plugin_motion_indicator.c **** 	p_motion_config->mem_update_choice = 2;
 326              		.loc 1 29 35 is_stmt 0 view .LVU87
 327 001e 0623     		movs	r3, #6
 328 0020 2374     		strb	r3, [r4, #16]
  30:Drivers/BSP/Components/vl53l8cx/modules/vl53l8cx_plugin_motion_indicator.c **** 	p_motion_config->sum_span = 4;
 329              		.loc 1 30 2 is_stmt 1 view .LVU88
  30:Drivers/BSP/Components/vl53l8cx/modules/vl53l8cx_plugin_motion_indicator.c **** 	p_motion_config->sum_span = 4;
 330              		.loc 1 30 37 is_stmt 0 view .LVU89
 331 0022 0223     		movs	r3, #2
 332 0024 6374     		strb	r3, [r4, #17]
  31:Drivers/BSP/Components/vl53l8cx/modules/vl53l8cx_plugin_motion_indicator.c **** 	p_motion_config->feature_length = 9;
 333              		.loc 1 31 2 is_stmt 1 view .LVU90
  31:Drivers/BSP/Components/vl53l8cx/modules/vl53l8cx_plugin_motion_indicator.c **** 	p_motion_config->feature_length = 9;
 334              		.loc 1 31 28 is_stmt 0 view .LVU91
 335 0026 0423     		movs	r3, #4
 336 0028 A374     		strb	r3, [r4, #18]
  32:Drivers/BSP/Components/vl53l8cx/modules/vl53l8cx_plugin_motion_indicator.c **** 	p_motion_config->nb_of_aggregates = 16;
 337              		.loc 1 32 2 is_stmt 1 view .LVU92
  32:Drivers/BSP/Components/vl53l8cx/modules/vl53l8cx_plugin_motion_indicator.c **** 	p_motion_config->nb_of_aggregates = 16;
 338              		.loc 1 32 34 is_stmt 0 view .LVU93
 339 002a 0923     		movs	r3, #9
 340 002c E374     		strb	r3, [r4, #19]
  33:Drivers/BSP/Components/vl53l8cx/modules/vl53l8cx_plugin_motion_indicator.c **** 	p_motion_config->nb_of_temporal_accumulations = 16;
 341              		.loc 1 33 2 is_stmt 1 view .LVU94
  33:Drivers/BSP/Components/vl53l8cx/modules/vl53l8cx_plugin_motion_indicator.c **** 	p_motion_config->nb_of_temporal_accumulations = 16;
 342              		.loc 1 33 36 is_stmt 0 view .LVU95
 343 002e 1023     		movs	r3, #16
 344 0030 2375     		strb	r3, [r4, #20]
  34:Drivers/BSP/Components/vl53l8cx/modules/vl53l8cx_plugin_motion_indicator.c **** 	p_motion_config->min_nb_for_global_detection = 1;
 345              		.loc 1 34 2 is_stmt 1 view .LVU96
  34:Drivers/BSP/Components/vl53l8cx/modules/vl53l8cx_plugin_motion_indicator.c **** 	p_motion_config->min_nb_for_global_detection = 1;
 346              		.loc 1 34 48 is_stmt 0 view .LVU97
 347 0032 6375     		strb	r3, [r4, #21]
  35:Drivers/BSP/Components/vl53l8cx/modules/vl53l8cx_plugin_motion_indicator.c **** 	p_motion_config->global_indicator_format_1 = 8;
 348              		.loc 1 35 2 is_stmt 1 view .LVU98
  35:Drivers/BSP/Components/vl53l8cx/modules/vl53l8cx_plugin_motion_indicator.c **** 	p_motion_config->global_indicator_format_1 = 8;
ARM GAS  C:\Temp\ccAZAaeT.s 			page 10


 349              		.loc 1 35 47 is_stmt 0 view .LVU99
 350 0034 0123     		movs	r3, #1
 351 0036 A375     		strb	r3, [r4, #22]
  36:Drivers/BSP/Components/vl53l8cx/modules/vl53l8cx_plugin_motion_indicator.c **** 	p_motion_config->global_indicator_format_2 = 0;
 352              		.loc 1 36 2 is_stmt 1 view .LVU100
  36:Drivers/BSP/Components/vl53l8cx/modules/vl53l8cx_plugin_motion_indicator.c **** 	p_motion_config->global_indicator_format_2 = 0;
 353              		.loc 1 36 45 is_stmt 0 view .LVU101
 354 0038 0823     		movs	r3, #8
 355 003a E375     		strb	r3, [r4, #23]
  37:Drivers/BSP/Components/vl53l8cx/modules/vl53l8cx_plugin_motion_indicator.c **** 	p_motion_config->spare_1 = 0;
 356              		.loc 1 37 2 is_stmt 1 view .LVU102
  38:Drivers/BSP/Components/vl53l8cx/modules/vl53l8cx_plugin_motion_indicator.c **** 	p_motion_config->spare_2 = 0;
 357              		.loc 1 38 2 view .LVU103
  39:Drivers/BSP/Components/vl53l8cx/modules/vl53l8cx_plugin_motion_indicator.c **** 	p_motion_config->spare_3 = 0;
 358              		.loc 1 39 2 view .LVU104
  40:Drivers/BSP/Components/vl53l8cx/modules/vl53l8cx_plugin_motion_indicator.c **** 
 359              		.loc 1 40 2 view .LVU105
  42:Drivers/BSP/Components/vl53l8cx/modules/vl53l8cx_plugin_motion_indicator.c **** 			p_motion_config, resolution);
 360              		.loc 1 42 2 view .LVU106
  42:Drivers/BSP/Components/vl53l8cx/modules/vl53l8cx_plugin_motion_indicator.c **** 			p_motion_config, resolution);
 361              		.loc 1 42 12 is_stmt 0 view .LVU107
 362 003c 3246     		mov	r2, r6
 363 003e 2146     		mov	r1, r4
 364 0040 2846     		mov	r0, r5
 365 0042 FFF7FEFF 		bl	vl53l8cx_motion_indicator_set_resolution
 366              	.LVL39:
  45:Drivers/BSP/Components/vl53l8cx/modules/vl53l8cx_plugin_motion_indicator.c **** }
 367              		.loc 1 45 2 is_stmt 1 view .LVU108
  46:Drivers/BSP/Components/vl53l8cx/modules/vl53l8cx_plugin_motion_indicator.c **** 
 368              		.loc 1 46 1 is_stmt 0 view .LVU109
 369 0046 70BD     		pop	{r4, r5, r6, pc}
  46:Drivers/BSP/Components/vl53l8cx/modules/vl53l8cx_plugin_motion_indicator.c **** 
 370              		.loc 1 46 1 view .LVU110
 371              		.cfi_endproc
 372              	.LFE0:
 374              		.text
 375              	.Letext0:
 376              		.file 2 "c:\\users\\jessejabezarendse\\appdata\\roaming\\code\\user\\globalstorage\\bmd.stm32-for-
 377              		.file 3 "c:\\users\\jessejabezarendse\\appdata\\roaming\\code\\user\\globalstorage\\bmd.stm32-for-
 378              		.file 4 "c:\\users\\jessejabezarendse\\appdata\\roaming\\code\\user\\globalstorage\\bmd.stm32-for-
 379              		.file 5 "c:\\users\\jessejabezarendse\\appdata\\roaming\\code\\user\\globalstorage\\bmd.stm32-for-
 380              		.file 6 "Drivers/BSP/Components/vl53l8cx/porting/platform.h"
 381              		.file 7 "Drivers/BSP/Components/vl53l8cx/modules/vl53l8cx_api.h"
 382              		.file 8 "Drivers/BSP/Components/vl53l8cx/modules/vl53l8cx_plugin_motion_indicator.h"
 383              		.file 9 "c:\\users\\jessejabezarendse\\appdata\\roaming\\code\\user\\globalstorage\\bmd.stm32-for-
 384              		.file 10 "<built-in>"
ARM GAS  C:\Temp\ccAZAaeT.s 			page 11


DEFINED SYMBOLS
                            *ABS*:00000000 vl53l8cx_plugin_motion_indicator.c
  C:\Temp\ccAZAaeT.s:21     .text.vl53l8cx_motion_indicator_set_distance_motion:00000000 $t
  C:\Temp\ccAZAaeT.s:27     .text.vl53l8cx_motion_indicator_set_distance_motion:00000000 vl53l8cx_motion_indicator_set_distance_motion
  C:\Temp\ccAZAaeT.s:142    .text.vl53l8cx_motion_indicator_set_distance_motion:00000090 $d
  C:\Temp\ccAZAaeT.s:150    .text.vl53l8cx_motion_indicator_set_resolution:00000000 $t
  C:\Temp\ccAZAaeT.s:156    .text.vl53l8cx_motion_indicator_set_resolution:00000000 vl53l8cx_motion_indicator_set_resolution
  C:\Temp\ccAZAaeT.s:277    .text.vl53l8cx_motion_indicator_init:00000000 $t
  C:\Temp\ccAZAaeT.s:283    .text.vl53l8cx_motion_indicator_init:00000000 vl53l8cx_motion_indicator_init

UNDEFINED SYMBOLS
vl53l8cx_dci_write_data
memset
